nohup: ignoring input
P_{vo hole} = 
mom1_h_vo += -1.0*einsum('ia,ji->aj', L1, F.oo)
mom1_h_vo += 1.0*einsum('Iia,I->ai', LU11old, G)
mom1_h_vo += -1.0*einsum('Iia,Iji->aj', LU11old, g_boscre.oo)
mom1_h_vo += 1.0*einsum('ijab,ai->bj', L2, F.vo)
mom1_h_vo += -0.5*einsum('ijab,kaji->bk', L2, I.ovoo)
mom1_h_vo += -1.0*einsum('ia,jb,bi->aj', L1, F.ov, T1)
mom1_h_vo += -1.0*einsum('ia,Iji,I->aj', L1, g.oo, S1)
mom1_h_vo += 1.0*einsum('Iia,IJ,J->ai', LU11old, w, S1)
mom1_h_vo += -1.0*einsum('ia,Ijb,Ibi->aj', L1, g.ov, U11)
mom1_h_vo += -1.0*einsum('ia,jkib,bk->aj', L1, I.ooov, T1)
mom1_h_vo += -1.0*einsum('Iia,jb,Ibi->aj', LU11old, F.ov, U11)
mom1_h_vo += -1.0*einsum('Iia,Ijb,bi->aj', LU11old, g_boscre.ov, T1)
mom1_h_vo += 1.0*einsum('Iia,jb,Ibj->ai', LU11old, F.ov, U11)
mom1_h_vo += 1.0*einsum('Iia,Ijb,bj->ai', LU11old, g_boscre.ov, T1)
mom1_h_vo += 1.0*einsum('ijab,Iai,I->bj', L2, g.vo, S1)
mom1_h_vo += -1.0*einsum('ijab,ki,ak->bj', L2, F.oo, T1)
mom1_h_vo += -1.0*einsum('ijab,I,Iaj->bi', L2, G, U11)
mom1_h_vo += -1.0*einsum('ijab,ac,cj->bi', L2, F.vv, T1)
mom1_h_vo += -0.5*einsum('ia,jkbc,cbki->aj', L1, I.oovv, T2)
mom1_h_vo += -1.0*einsum('Iia,jkib,Ibk->aj', LU11old, I.ooov, U11)
mom1_h_vo += 0.5*einsum('ijab,kc,acji->bk', L2, F.ov, T2)
mom1_h_vo += 1.0*einsum('ijab,Iki,Iaj->bk', L2, g.oo, U11)
mom1_h_vo += 1.0*einsum('ijab,kaic,cj->bk', L2, I.ovov, T1)
mom1_h_vo += 0.5*einsum('ijab,klji,al->bk', L2, I.oooo, T1)
mom1_h_vo += -1.0*einsum('ijab,kaic,ck->bj', L2, I.ovov, T1)
mom1_h_vo += -1.0*einsum('ijab,Iki,Iak->bj', L2, g.oo, U11)
mom1_h_vo += 1.0*einsum('ijab,kc,ackj->bi', L2, F.ov, T2)
mom1_h_vo += -1.0*einsum('ijab,Iac,Icj->bi', L2, g.vv, U11)
mom1_h_vo += -1.0*einsum('ijab,klic,aclj->bk', L2, I.ooov, T2)
mom1_h_vo += 0.25*einsum('ijab,kacd,dcji->bk', L2, I.ovvv, T2)
mom1_h_vo += 0.5*einsum('ijab,klic,aclk->bj', L2, I.ooov, T2)
mom1_h_vo += 0.5*einsum('ijab,kacd,dckj->bi', L2, I.ovvv, T2)
mom1_h_vo += -1.0*einsum('ia,Ijb,bi,I->aj', L1, g.ov, T1, S1)
mom1_h_vo += 1.0*einsum('ia,jkbc,ci,bk->aj', L1, I.oovv, T1, T1)
mom1_h_vo += -1.0*einsum('Iia,Jjb,J,Ibi->aj', LU11old, g.ov, S1, U11)
mom1_h_vo += 1.0*einsum('Iia,Jjb,J,Ibj->ai', LU11old, g.ov, S1, U11)
mom1_h_vo += -1.0*einsum('ijab,Iki,ak,I->bj', L2, g.oo, T1, S1)
mom1_h_vo += 1.0*einsum('ijab,kc,cj,ak->bi', L2, F.ov, T1, T1)
mom1_h_vo += -1.0*einsum('ijab,Iac,cj,I->bi', L2, g.vv, T1, S1)
mom1_h_vo += 1.0*einsum('Iia,jkbc,ci,Ibk->aj', LU11old, I.oovv, T1, U11)
mom1_h_vo += -1.0*einsum('Iia,jkbc,ck,Ibi->aj', LU11old, I.oovv, T1, U11)
mom1_h_vo += -1.0*einsum('Iia,jkbc,cj,Ibk->ai', LU11old, I.oovv, T1, U11)
mom1_h_vo += 1.0*einsum('ijab,Ikc,ci,Iaj->bk', L2, g.ov, T1, U11)
mom1_h_vo += 0.5*einsum('ijab,Ikc,acji,I->bk', L2, g.ov, T2, S1)
mom1_h_vo += -1.0*einsum('ijab,klic,cj,al->bk', L2, I.ooov, T1, T1)
mom1_h_vo += -0.5*einsum('ijab,kacd,di,cj->bk', L2, I.ovvv, T1, T1)
mom1_h_vo += -1.0*einsum('ijab,klic,ak,cl->bj', L2, I.ooov, T1, T1)
mom1_h_vo += 1.0*einsum('ijab,Ikc,ak,Icj->bi', L2, g.ov, T1, U11)
mom1_h_vo += 1.0*einsum('ijab,Ikc,cj,Iak->bi', L2, g.ov, T1, U11)
mom1_h_vo += -1.0*einsum('ijab,Ikc,ck,Iaj->bi', L2, g.ov, T1, U11)
mom1_h_vo += 1.0*einsum('ijab,Ikc,ackj,I->bi', L2, g.ov, T2, S1)
mom1_h_vo += -1.0*einsum('ijab,kacd,dj,ck->bi', L2, I.ovvv, T1, T1)
mom1_h_vo += -0.25*einsum('ijab,klcd,al,dcji->bk', L2, I.oovv, T1, T2)
mom1_h_vo += 1.0*einsum('ijab,klcd,di,aclj->bk', L2, I.oovv, T1, T2)
mom1_h_vo += 0.5*einsum('ijab,klcd,dl,acji->bk', L2, I.oovv, T1, T2)
mom1_h_vo += 0.5*einsum('ijab,klcd,ak,dclj->bi', L2, I.oovv, T1, T2)
mom1_h_vo += 0.5*einsum('ijab,klcd,dj,aclk->bi', L2, I.oovv, T1, T2)
mom1_h_vo += -1.0*einsum('ijab,klcd,dk,aclj->bi', L2, I.oovv, T1, T2)
mom1_h_vo += 1.0*einsum('ijab,Ikc,cj,ak,I->bi', L2, g.ov, T1, T1, S1)
mom1_h_vo += 0.5*einsum('ijab,klcd,di,cj,al->bk', L2, I.oovv, T1, T1, T1)
mom1_h_vo += -1.0*einsum('ijab,klcd,dj,ak,cl->bi', L2, I.oovv, T1, T1, T1)

***
P_{vv hole} = 
mom1_h_vv += 1.0*einsum('ia,I,Ibi->ab', L1, G, U11)
mom1_h_vv += -1.0*einsum('ia,ji,bj->ab', L1, F.oo, T1)
mom1_h_vv += 1.0*einsum('Iia,I,bi->ab', LU11old, G, T1)
mom1_h_vv += 1.0*einsum('ia,jb,bcji->ac', L1, F.ov, T2)
mom1_h_vv += -1.0*einsum('ia,Iji,Ibj->ab', L1, g.oo, U11)
mom1_h_vv += -1.0*einsum('Iia,ji,Ibj->ab', LU11old, F.oo, U11)
mom1_h_vv += 1.0*einsum('Iia,IJ,Jbi->ab', LU11old, w, U11)
mom1_h_vv += -1.0*einsum('Iia,Iji,bj->ab', LU11old, g_boscre.oo, T1)
mom1_h_vv += 1.0*einsum('ijab,ai,cj->bc', L2, F.vo, T1)
mom1_h_vv += -0.5*einsum('ia,jkib,bckj->ac', L1, I.ooov, T2)
mom1_h_vv += 1.0*einsum('Iia,Ijb,bcji->ac', LU11old, g_boscre.ov, T2)
mom1_h_vv += -1.0*einsum('ijab,ki,ackj->bc', L2, F.oo, T2)
mom1_h_vv += -0.5*einsum('ijab,ac,cdji->bd', L2, F.vv, T2)
mom1_h_vv += 1.0*einsum('ijab,Iai,Icj->bc', L2, g.vo, U11)
mom1_h_vv += -0.5*einsum('ijab,kaji,ck->bc', L2, I.ovoo, T1)
mom1_h_vv += 0.25*einsum('ijab,klji,aclk->bc', L2, I.oooo, T2)
mom1_h_vv += -1.0*einsum('ijab,kaic,cdkj->bd', L2, I.ovov, T2)
mom1_h_vv += -1.0*einsum('ia,jb,bi,cj->ac', L1, F.ov, T1, T1)
mom1_h_vv += -1.0*einsum('ia,Iji,bj,I->ab', L1, g.oo, T1, S1)
mom1_h_vv += 1.0*einsum('Iia,IJ,bi,J->ab', LU11old, w, T1, S1)
mom1_h_vv += -1.0*einsum('ia,Ijb,bi,Icj->ac', L1, g.ov, T1, U11)
mom1_h_vv += 1.0*einsum('ia,Ijb,bj,Ici->ac', L1, g.ov, T1, U11)
mom1_h_vv += -1.0*einsum('ia,Ijb,cj,Ibi->ac', L1, g.ov, T1, U11)
mom1_h_vv += 1.0*einsum('ia,Ijb,bcji,I->ac', L1, g.ov, T2, S1)
mom1_h_vv += 1.0*einsum('ia,jkib,bj,ck->ac', L1, I.ooov, T1, T1)
mom1_h_vv += -1.0*einsum('Iia,jb,bi,Icj->ac', LU11old, F.ov, T1, U11)
mom1_h_vv += 1.0*einsum('Iia,jb,ci,Ibj->ac', LU11old, F.ov, T1, U11)
mom1_h_vv += -1.0*einsum('Iia,jb,cj,Ibi->ac', LU11old, F.ov, T1, U11)
mom1_h_vv += -1.0*einsum('Iia,Jji,J,Ibj->ab', LU11old, g.oo, S1, U11)
mom1_h_vv += -1.0*einsum('Iia,Ijb,bi,cj->ac', LU11old, g_boscre.ov, T1, T1)
mom1_h_vv += 1.0*einsum('Iia,Ijb,ci,bj->ac', LU11old, g_boscre.ov, T1, T1)
mom1_h_vv += -1.0*einsum('ijab,I,ci,Iaj->bc', L2, G, T1, U11)
mom1_h_vv += -1.0*einsum('ijab,ki,cj,ak->bc', L2, F.oo, T1, T1)
mom1_h_vv += 1.0*einsum('ijab,ac,ci,dj->bd', L2, F.vv, T1, T1)
mom1_h_vv += 1.0*einsum('ijab,Iai,cj,I->bc', L2, g.vo, T1, S1)
mom1_h_vv += 0.5*einsum('ia,jkbc,ci,bdkj->ad', L1, I.oovv, T1, T2)
mom1_h_vv += -1.0*einsum('ia,jkbc,cj,bdki->ad', L1, I.oovv, T1, T2)
mom1_h_vv += -0.5*einsum('ia,jkbc,dj,cbki->ad', L1, I.oovv, T1, T2)
mom1_h_vv += -1.0*einsum('Iia,Jjb,Ibi,Jcj->ac', LU11old, g.ov, U11, U11)
mom1_h_vv += 1.0*einsum('Iia,Jjb,Ibj,Jci->ac', LU11old, g.ov, U11, U11)
mom1_h_vv += -1.0*einsum('Iia,Jjb,Icj,Jbi->ac', LU11old, g.ov, U11, U11)
mom1_h_vv += 1.0*einsum('Iia,jkib,bj,Ick->ac', LU11old, I.ooov, T1, U11)
mom1_h_vv += -1.0*einsum('Iia,jkib,cj,Ibk->ac', LU11old, I.ooov, T1, U11)
mom1_h_vv += 0.5*einsum('ijab,kc,ak,cdji->bd', L2, F.ov, T1, T2)
mom1_h_vv += -1.0*einsum('ijab,kc,ci,adkj->bd', L2, F.ov, T1, T2)
mom1_h_vv += 1.0*einsum('ijab,kc,di,ackj->bd', L2, F.ov, T1, T2)
mom1_h_vv += 0.5*einsum('ijab,kc,dk,acji->bd', L2, F.ov, T1, T2)
mom1_h_vv += -1.0*einsum('ijab,Iki,ak,Icj->bc', L2, g.oo, T1, U11)
mom1_h_vv += -1.0*einsum('ijab,Iki,cj,Iak->bc', L2, g.oo, T1, U11)
mom1_h_vv += 1.0*einsum('ijab,Iki,ck,Iaj->bc', L2, g.oo, T1, U11)
mom1_h_vv += -1.0*einsum('ijab,Iki,ackj,I->bc', L2, g.oo, T2, S1)
mom1_h_vv += 1.0*einsum('ijab,Iac,ci,Idj->bd', L2, g.vv, T1, U11)
mom1_h_vv += -1.0*einsum('ijab,Iac,di,Icj->bd', L2, g.vv, T1, U11)
mom1_h_vv += -0.5*einsum('ijab,Iac,cdji,I->bd', L2, g.vv, T2, S1)
mom1_h_vv += -0.5*einsum('ijab,klji,ak,cl->bc', L2, I.oooo, T1, T1)
mom1_h_vv += 1.0*einsum('ijab,kaic,cj,dk->bd', L2, I.ovov, T1, T1)
mom1_h_vv += -1.0*einsum('ijab,kaic,dj,ck->bd', L2, I.ovov, T1, T1)
mom1_h_vv += 0.5*einsum('Iia,jkbc,cbji,Idk->ad', LU11old, I.oovv, T2, U11)
mom1_h_vv += -1.0*einsum('Iia,jkbc,cdji,Ibk->ad', LU11old, I.oovv, T2, U11)
mom1_h_vv += -0.5*einsum('Iia,jkbc,cdkj,Ibi->ad', LU11old, I.oovv, T2, U11)
mom1_h_vv += 0.5*einsum('ijab,Ikc,acji,Idk->bd', L2, g.ov, T2, U11)
mom1_h_vv += -1.0*einsum('ijab,Ikc,acki,Idj->bd', L2, g.ov, T2, U11)
mom1_h_vv += 1.0*einsum('ijab,Ikc,adki,Icj->bd', L2, g.ov, T2, U11)
mom1_h_vv += 0.5*einsum('ijab,Ikc,cdji,Iak->bd', L2, g.ov, T2, U11)
mom1_h_vv += -1.0*einsum('ijab,Ikc,cdki,Iaj->bd', L2, g.ov, T2, U11)
mom1_h_vv += -1.0*einsum('ijab,klic,ak,cdlj->bd', L2, I.ooov, T1, T2)
mom1_h_vv += -0.5*einsum('ijab,klic,cj,adlk->bd', L2, I.ooov, T1, T2)
mom1_h_vv += 1.0*einsum('ijab,klic,ck,adlj->bd', L2, I.ooov, T1, T2)
mom1_h_vv += 0.5*einsum('ijab,klic,dj,aclk->bd', L2, I.ooov, T1, T2)
mom1_h_vv += -1.0*einsum('ijab,klic,dk,aclj->bd', L2, I.ooov, T1, T2)
mom1_h_vv += 1.0*einsum('ijab,kacd,di,cekj->be', L2, I.ovvv, T1, T2)
mom1_h_vv += 0.5*einsum('ijab,kacd,dk,ceji->be', L2, I.ovvv, T1, T2)
mom1_h_vv += 0.5*einsum('ijab,kacd,ei,dckj->be', L2, I.ovvv, T1, T2)
mom1_h_vv += 0.25*einsum('ijab,kacd,ek,dcji->be', L2, I.ovvv, T1, T2)
mom1_h_vv += -0.25*einsum('ijab,klcd,adji,celk->be', L2, I.oovv, T2, T2)
mom1_h_vv += 1.0*einsum('ijab,klcd,adki,celj->be', L2, I.oovv, T2, T2)
mom1_h_vv += 0.5*einsum('ijab,klcd,aeki,dclj->be', L2, I.oovv, T2, T2)
mom1_h_vv += -0.125*einsum('ijab,klcd,dcji,aelk->be', L2, I.oovv, T2, T2)
mom1_h_vv += 0.25*einsum('ijab,klcd,deji,aclk->be', L2, I.oovv, T2, T2)
mom1_h_vv += -1.0*einsum('ia,Ijb,bi,cj,I->ac', L1, g.ov, T1, T1, S1)
mom1_h_vv += -1.0*einsum('ia,jkbc,ci,bj,dk->ad', L1, I.oovv, T1, T1, T1)
mom1_h_vv += -1.0*einsum('Iia,Jjb,bi,J,Icj->ac', LU11old, g.ov, T1, S1, U11)
mom1_h_vv += 1.0*einsum('Iia,Jjb,ci,J,Ibj->ac', LU11old, g.ov, T1, S1, U11)
mom1_h_vv += -1.0*einsum('Iia,Jjb,cj,J,Ibi->ac', LU11old, g.ov, T1, S1, U11)
mom1_h_vv += -1.0*einsum('ijab,kc,ci,dj,ak->bd', L2, F.ov, T1, T1, T1)
mom1_h_vv += -1.0*einsum('ijab,Iki,cj,ak,I->bc', L2, g.oo, T1, T1, S1)
mom1_h_vv += 1.0*einsum('ijab,Iac,ci,dj,I->bd', L2, g.vv, T1, T1, S1)
mom1_h_vv += -1.0*einsum('Iia,jkbc,ci,bj,Idk->ad', LU11old, I.oovv, T1, T1, U11)
mom1_h_vv += 1.0*einsum('Iia,jkbc,ci,dj,Ibk->ad', LU11old, I.oovv, T1, T1, U11)
mom1_h_vv += 1.0*einsum('Iia,jkbc,cj,dk,Ibi->ad', LU11old, I.oovv, T1, T1, U11)
mom1_h_vv += -1.0*einsum('Iia,jkbc,di,cj,Ibk->ad', LU11old, I.oovv, T1, T1, U11)
mom1_h_vv += 0.5*einsum('ijab,Ikc,ak,cdji,I->bd', L2, g.ov, T1, T2, S1)
mom1_h_vv += -1.0*einsum('ijab,Ikc,ci,ak,Idj->bd', L2, g.ov, T1, T1, U11)
mom1_h_vv += -1.0*einsum('ijab,Ikc,ci,dj,Iak->bd', L2, g.ov, T1, T1, U11)
mom1_h_vv += 1.0*einsum('ijab,Ikc,ci,dk,Iaj->bd', L2, g.ov, T1, T1, U11)
mom1_h_vv += -1.0*einsum('ijab,Ikc,ci,adkj,I->bd', L2, g.ov, T1, T2, S1)
mom1_h_vv += 1.0*einsum('ijab,Ikc,di,ak,Icj->bd', L2, g.ov, T1, T1, U11)
mom1_h_vv += -1.0*einsum('ijab,Ikc,di,ck,Iaj->bd', L2, g.ov, T1, T1, U11)
mom1_h_vv += 1.0*einsum('ijab,Ikc,di,ackj,I->bd', L2, g.ov, T1, T2, S1)
mom1_h_vv += 0.5*einsum('ijab,Ikc,dk,acji,I->bd', L2, g.ov, T1, T2, S1)
mom1_h_vv += 1.0*einsum('ijab,klic,cj,ak,dl->bd', L2, I.ooov, T1, T1, T1)
mom1_h_vv += -1.0*einsum('ijab,klic,dj,ak,cl->bd', L2, I.ooov, T1, T1, T1)
mom1_h_vv += -0.5*einsum('ijab,kacd,di,cj,ek->be', L2, I.ovvv, T1, T1, T1)
mom1_h_vv += 1.0*einsum('ijab,kacd,di,ej,ck->be', L2, I.ovvv, T1, T1, T1)
mom1_h_vv += 0.5*einsum('ijab,klcd,ak,dl,ceji->be', L2, I.oovv, T1, T1, T2)
mom1_h_vv += 0.25*einsum('ijab,klcd,ak,el,dcji->be', L2, I.oovv, T1, T1, T2)
mom1_h_vv += 1.0*einsum('ijab,klcd,di,ak,celj->be', L2, I.oovv, T1, T1, T2)
mom1_h_vv += 0.25*einsum('ijab,klcd,di,cj,aelk->be', L2, I.oovv, T1, T1, T2)
mom1_h_vv += -1.0*einsum('ijab,klcd,di,ck,aelj->be', L2, I.oovv, T1, T1, T2)
mom1_h_vv += -0.5*einsum('ijab,klcd,di,ej,aclk->be', L2, I.oovv, T1, T1, T2)
mom1_h_vv += 1.0*einsum('ijab,klcd,di,ek,aclj->be', L2, I.oovv, T1, T1, T2)
mom1_h_vv += -0.5*einsum('ijab,klcd,dk,el,acji->be', L2, I.oovv, T1, T1, T2)
mom1_h_vv += 0.5*einsum('ijab,klcd,ei,ak,dclj->be', L2, I.oovv, T1, T1, T2)
mom1_h_vv += -1.0*einsum('ijab,klcd,ei,dk,aclj->be', L2, I.oovv, T1, T1, T2)
mom1_h_vv += -1.0*einsum('ijab,Ikc,ci,dj,ak,I->bd', L2, g.ov, T1, T1, T1, S1)
mom1_h_vv += -0.5*einsum('ijab,klcd,di,cj,ak,el->be', L2, I.oovv, T1, T1, T1, T1)
mom1_h_vv += 1.0*einsum('ijab,klcd,di,ej,ak,cl->be', L2, I.oovv, T1, T1, T1, T1)

***
P_{oo hole} = 
mom1_h_oo += -1.0*einsum('ji->ij', F.oo)
mom1_h_oo += -1.0*einsum('ja,ai->ij', F.ov, T1)
mom1_h_oo += -1.0*einsum('Iji,I->ij', g.oo, S1)
mom1_h_oo += -1.0*einsum('I,Iji->ij', LS1old, g_boscre.oo)
mom1_h_oo += -1.0*einsum('ia,aj->ji', L1, F.vo)
mom1_h_oo += -1.0*einsum('Ija,Iai->ij', g.ov, U11)
mom1_h_oo += -1.0*einsum('jkia,ak->ij', I.ooov, T1)
mom1_h_oo += -1.0*einsum('ia,kaji->jk', L1, I.ovoo)
mom1_h_oo += -1.0*einsum('Iia,Iaj->ji', LU11old, g_boscre.vo)
mom1_h_oo += -0.5*einsum('jkab,baki->ij', I.oovv, T2)
mom1_h_oo += -0.5*einsum('ijab,baki->kj', L2, I.vvoo)
mom1_h_oo += 1.0*einsum('I,I,ij->ij', LS1old, G, delta)
mom1_h_oo += -1.0*einsum('Ija,ai,I->ij', g.ov, T1, S1)
mom1_h_oo += -1.0*einsum('I,ja,Iai->ij', LS1old, F.ov, U11)
mom1_h_oo += -1.0*einsum('I,Ija,ai->ij', LS1old, g_boscre.ov, T1)
mom1_h_oo += 1.0*einsum('ia,ki,aj->jk', L1, F.oo, T1)
mom1_h_oo += 1.0*einsum('ia,ai,jk->jk', L1, F.vo, delta)
mom1_h_oo += -1.0*einsum('ia,I,Iaj->ji', L1, G, U11)
mom1_h_oo += -1.0*einsum('ia,ab,bj->ji', L1, F.vv, T1)
mom1_h_oo += -1.0*einsum('ia,Iaj,I->ji', L1, g.vo, S1)
mom1_h_oo += 1.0*einsum('ia,kj,ak->ji', L1, F.oo, T1)
mom1_h_oo += -1.0*einsum('Iia,I,aj->ji', LU11old, G, T1)
mom1_h_oo += 1.0*einsum('jkab,bi,ak->ij', I.oovv, T1, T1)
mom1_h_oo += -1.0*einsum('I,jkia,Iak->ij', LS1old, I.ooov, U11)
mom1_h_oo += 1.0*einsum('ia,kb,abji->jk', L1, F.ov, T2)
mom1_h_oo += 1.0*einsum('ia,Iki,Iaj->jk', L1, g.oo, U11)
mom1_h_oo += -1.0*einsum('ia,Ikj,Iai->jk', L1, g.oo, U11)
mom1_h_oo += 1.0*einsum('ia,kaib,bj->jk', L1, I.ovov, T1)
mom1_h_oo += -1.0*einsum('ia,kajb,bi->jk', L1, I.ovov, T1)
mom1_h_oo += 1.0*einsum('ia,klji,al->jk', L1, I.oooo, T1)
mom1_h_oo += -1.0*einsum('ia,Iab,Ibj->ji', L1, g.vv, U11)
mom1_h_oo += 1.0*einsum('ia,kb,abkj->ji', L1, F.ov, T2)
mom1_h_oo += 1.0*einsum('ia,Ikj,Iak->ji', L1, g.oo, U11)
mom1_h_oo += 1.0*einsum('ia,kajb,bk->ji', L1, I.ovov, T1)
mom1_h_oo += 1.0*einsum('Iia,ki,Iaj->jk', LU11old, F.oo, U11)
mom1_h_oo += 1.0*einsum('Iia,Iki,aj->jk', LU11old, g_boscre.oo, T1)
mom1_h_oo += 1.0*einsum('Iia,Iai,jk->jk', LU11old, g_boscre.vo, delta)
mom1_h_oo += -1.0*einsum('Iia,ab,Ibj->ji', LU11old, F.vv, U11)
mom1_h_oo += -1.0*einsum('Iia,IJ,Jaj->ji', LU11old, w, U11)
mom1_h_oo += -1.0*einsum('Iia,Iab,bj->ji', LU11old, g_boscre.vv, T1)
mom1_h_oo += 1.0*einsum('Iia,kj,Iak->ji', LU11old, F.oo, U11)
mom1_h_oo += 1.0*einsum('Iia,Ikj,ak->ji', LU11old, g_boscre.oo, T1)
mom1_h_oo += 1.0*einsum('ijab,bi,ak->kj', L2, F.vo, T1)
mom1_h_oo += -1.0*einsum('ia,klib,ablj->jk', L1, I.ooov, T2)
mom1_h_oo += 1.0*einsum('ia,kljb,abli->jk', L1, I.ooov, T2)
mom1_h_oo += 0.5*einsum('ia,kabc,cbji->jk', L1, I.ovvv, T2)
mom1_h_oo += -0.5*einsum('ia,kljb,ablk->ji', L1, I.ooov, T2)
mom1_h_oo += 0.5*einsum('ia,kabc,cbkj->ji', L1, I.ovvv, T2)
mom1_h_oo += 1.0*einsum('Iia,Ikb,abji->jk', LU11old, g_boscre.ov, T2)
mom1_h_oo += 1.0*einsum('Iia,kaib,Ibj->jk', LU11old, I.ovov, U11)
mom1_h_oo += -1.0*einsum('Iia,kajb,Ibi->jk', LU11old, I.ovov, U11)
mom1_h_oo += 1.0*einsum('Iia,klji,Ial->jk', LU11old, I.oooo, U11)
mom1_h_oo += 1.0*einsum('Iia,Ikb,abkj->ji', LU11old, g_boscre.ov, T2)
mom1_h_oo += 1.0*einsum('Iia,kajb,Ibk->ji', LU11old, I.ovov, U11)
mom1_h_oo += -0.5*einsum('ijab,li,bakj->kl', L2, F.oo, T2)
mom1_h_oo += -0.5*einsum('ijab,lbji,ak->kl', L2, I.ovoo, T1)
mom1_h_oo += 0.25*einsum('ijab,baji,kl->kl', L2, I.vvoo, delta)
mom1_h_oo += 1.0*einsum('ijab,Ibi,Iak->kj', L2, g.vo, U11)
mom1_h_oo += -0.5*einsum('ijab,li,balk->kj', L2, F.oo, T2)
mom1_h_oo += -1.0*einsum('ijab,lbki,al->kj', L2, I.ovoo, T1)
mom1_h_oo += 0.5*einsum('ijab,baic,ck->kj', L2, I.vvov, T1)
mom1_h_oo += -1.0*einsum('ijab,bc,ackj->ki', L2, F.vv, T2)
mom1_h_oo += 1.0*einsum('ijab,Ibk,Iaj->ki', L2, g.vo, U11)
mom1_h_oo += -0.5*einsum('ijab,lk,balj->ki', L2, F.oo, T2)
mom1_h_oo += 0.5*einsum('ijab,bakc,cj->ki', L2, I.vvov, T1)
mom1_h_oo += 1.0*einsum('ijab,lbic,ackj->kl', L2, I.ovov, T2)
mom1_h_oo += 0.5*einsum('ijab,lbkc,acji->kl', L2, I.ovov, T2)
mom1_h_oo += 0.25*einsum('ijab,lmji,bamk->kl', L2, I.oooo, T2)
mom1_h_oo += -0.5*einsum('ijab,lmki,bamj->kl', L2, I.oooo, T2)
mom1_h_oo += 1.0*einsum('ijab,lbic,aclk->kj', L2, I.ovov, T2)
mom1_h_oo += 0.25*einsum('ijab,lmki,baml->kj', L2, I.oooo, T2)
mom1_h_oo += -0.25*einsum('ijab,bacd,dckj->ki', L2, I.vvvv, T2)
mom1_h_oo += 1.0*einsum('ijab,lbkc,aclj->ki', L2, I.ovov, T2)
mom1_h_oo += 1.0*einsum('I,IJ,J,ij->ij', LS1old, w, S1, delta)
mom1_h_oo += 1.0*einsum('I,ja,Iaj,ik->ik', LS1old, F.ov, U11, delta)
mom1_h_oo += 1.0*einsum('I,Ija,aj,ik->ik', LS1old, g_boscre.ov, T1, delta)
mom1_h_oo += -1.0*einsum('I,Jja,J,Iai->ij', LS1old, g.ov, S1, U11)
mom1_h_oo += 1.0*einsum('ia,I,Iai,jk->jk', L1, G, U11, delta)
mom1_h_oo += -1.0*einsum('ia,ki,ak,jl->jl', L1, F.oo, T1, delta)
mom1_h_oo += 1.0*einsum('ia,kb,bi,aj->jk', L1, F.ov, T1, T1)
mom1_h_oo += 1.0*einsum('ia,ab,bi,jk->jk', L1, F.vv, T1, delta)
mom1_h_oo += 1.0*einsum('ia,Iki,aj,I->jk', L1, g.oo, T1, S1)
mom1_h_oo += 1.0*einsum('ia,Iai,I,jk->jk', L1, g.vo, S1, delta)
mom1_h_oo += -1.0*einsum('ia,Iab,bj,I->ji', L1, g.vv, T1, S1)
mom1_h_oo += 1.0*einsum('ia,kb,ak,bj->ji', L1, F.ov, T1, T1)
mom1_h_oo += 1.0*einsum('ia,Ikj,ak,I->ji', L1, g.oo, T1, S1)
mom1_h_oo += -1.0*einsum('Iia,IJ,aj,J->ji', LU11old, w, T1, S1)
mom1_h_oo += 1.0*einsum('I,jkab,bi,Iak->ij', LS1old, I.oovv, T1, U11)
mom1_h_oo += -1.0*einsum('I,jkab,bk,Iai->ij', LS1old, I.oovv, T1, U11)
mom1_h_oo += -1.0*einsum('ia,kb,abki,jl->jl', L1, F.ov, T2, delta)
mom1_h_oo += 1.0*einsum('ia,Iab,Ibi,jk->jk', L1, g.vv, U11, delta)
mom1_h_oo += -1.0*einsum('ia,Iki,Iak,jl->jl', L1, g.oo, U11, delta)
mom1_h_oo += 1.0*einsum('ia,Ikb,aj,Ibi->jk', L1, g.ov, T1, U11)
mom1_h_oo += 1.0*einsum('ia,Ikb,bi,Iaj->jk', L1, g.ov, T1, U11)
mom1_h_oo += -1.0*einsum('ia,Ikb,bj,Iai->jk', L1, g.ov, T1, U11)
mom1_h_oo += 1.0*einsum('ia,Ikb,abji,I->jk', L1, g.ov, T2, S1)
mom1_h_oo += -1.0*einsum('ia,kaib,bk,jl->jl', L1, I.ovov, T1, delta)
mom1_h_oo += 1.0*einsum('ia,klib,aj,bl->jk', L1, I.ooov, T1, T1)
mom1_h_oo += -1.0*einsum('ia,klib,al,bj->jk', L1, I.ooov, T1, T1)
mom1_h_oo += 1.0*einsum('ia,kljb,bi,al->jk', L1, I.ooov, T1, T1)
mom1_h_oo += -1.0*einsum('ia,kabc,ci,bj->jk', L1, I.ovvv, T1, T1)
mom1_h_oo += 1.0*einsum('ia,Ikb,ak,Ibj->ji', L1, g.ov, T1, U11)
mom1_h_oo += 1.0*einsum('ia,Ikb,bj,Iak->ji', L1, g.ov, T1, U11)
mom1_h_oo += -1.0*einsum('ia,Ikb,bk,Iaj->ji', L1, g.ov, T1, U11)
mom1_h_oo += 1.0*einsum('ia,Ikb,abkj,I->ji', L1, g.ov, T2, S1)
mom1_h_oo += 1.0*einsum('ia,kljb,ak,bl->ji', L1, I.ooov, T1, T1)
mom1_h_oo += -1.0*einsum('ia,kabc,cj,bk->ji', L1, I.ovvv, T1, T1)
mom1_h_oo += -1.0*einsum('Iia,ki,Iak,jl->jl', LU11old, F.oo, U11, delta)
mom1_h_oo += 1.0*einsum('Iia,kb,aj,Ibi->jk', LU11old, F.ov, T1, U11)
mom1_h_oo += 1.0*einsum('Iia,kb,bi,Iaj->jk', LU11old, F.ov, T1, U11)
mom1_h_oo += 1.0*einsum('Iia,ab,Ibi,jk->jk', LU11old, F.vv, U11, delta)
mom1_h_oo += 1.0*einsum('Iia,IJ,Jai,jk->jk', LU11old, w, U11, delta)
mom1_h_oo += 1.0*einsum('Iia,Jki,J,Iaj->jk', LU11old, g.oo, S1, U11)
mom1_h_oo += -1.0*einsum('Iia,Iki,ak,jl->jl', LU11old, g_boscre.oo, T1, delta)
mom1_h_oo += 1.0*einsum('Iia,Ikb,bi,aj->jk', LU11old, g_boscre.ov, T1, T1)
mom1_h_oo += 1.0*einsum('Iia,Iab,bi,jk->jk', LU11old, g_boscre.vv, T1, delta)
mom1_h_oo += -1.0*einsum('Iia,Jab,J,Ibj->ji', LU11old, g.vv, S1, U11)
mom1_h_oo += -1.0*einsum('Iia,kb,aj,Ibk->ji', LU11old, F.ov, T1, U11)
mom1_h_oo += 1.0*einsum('Iia,kb,ak,Ibj->ji', LU11old, F.ov, T1, U11)
mom1_h_oo += 1.0*einsum('Iia,kb,bj,Iak->ji', LU11old, F.ov, T1, U11)
mom1_h_oo += -1.0*einsum('Iia,Ikb,aj,bk->ji', LU11old, g_boscre.ov, T1, T1)
mom1_h_oo += 1.0*einsum('Iia,Ikb,ak,bj->ji', LU11old, g_boscre.ov, T1, T1)
mom1_h_oo += 1.0*einsum('Iia,Jkj,J,Iak->ji', LU11old, g.oo, S1, U11)
mom1_h_oo += 1.0*einsum('ijab,Ibi,ak,I->kj', L2, g.vo, T1, S1)
mom1_h_oo += 1.0*einsum('ijab,li,bk,al->kj', L2, F.oo, T1, T1)
mom1_h_oo += 1.0*einsum('ijab,I,bk,Iaj->ki', L2, G, T1, U11)
mom1_h_oo += -1.0*einsum('ijab,bc,cj,ak->ki', L2, F.vv, T1, T1)
mom1_h_oo += 0.5*einsum('ia,klib,ablk,jm->jm', L1, I.ooov, T2, delta)
mom1_h_oo += -0.5*einsum('ia,kabc,cbki,jl->jl', L1, I.ovvv, T2, delta)
mom1_h_oo += 0.5*einsum('ia,klbc,aj,cbli->jk', L1, I.oovv, T1, T2)
mom1_h_oo += -0.5*einsum('ia,klbc,al,cbji->jk', L1, I.oovv, T1, T2)
mom1_h_oo += 1.0*einsum('ia,klbc,ci,ablj->jk', L1, I.oovv, T1, T2)
mom1_h_oo += -1.0*einsum('ia,klbc,cj,abli->jk', L1, I.oovv, T1, T2)
mom1_h_oo += 1.0*einsum('ia,klbc,cl,abji->jk', L1, I.oovv, T1, T2)
mom1_h_oo += 0.5*einsum('ia,klbc,ak,cblj->ji', L1, I.oovv, T1, T2)
mom1_h_oo += 0.5*einsum('ia,klbc,cj,ablk->ji', L1, I.oovv, T1, T2)
mom1_h_oo += -1.0*einsum('ia,klbc,ck,ablj->ji', L1, I.oovv, T1, T2)
mom1_h_oo += 1.0*einsum('Iia,Jkb,Iaj,Jbi->jk', LU11old, g.ov, U11, U11)
mom1_h_oo += 1.0*einsum('Iia,Jkb,Ibi,Jaj->jk', LU11old, g.ov, U11, U11)
mom1_h_oo += -1.0*einsum('Iia,Jkb,Ibj,Jai->jk', LU11old, g.ov, U11, U11)
mom1_h_oo += -1.0*einsum('Iia,Ikb,abki,jl->jl', LU11old, g_boscre.ov, T2, delta)
mom1_h_oo += -1.0*einsum('Iia,kaib,Ibk,jl->jl', LU11old, I.ovov, U11, delta)
mom1_h_oo += 1.0*einsum('Iia,klib,aj,Ibl->jk', LU11old, I.ooov, T1, U11)
mom1_h_oo += -1.0*einsum('Iia,klib,al,Ibj->jk', LU11old, I.ooov, T1, U11)
mom1_h_oo += -1.0*einsum('Iia,klib,bj,Ial->jk', LU11old, I.ooov, T1, U11)
mom1_h_oo += 1.0*einsum('Iia,klib,bl,Iaj->jk', LU11old, I.ooov, T1, U11)
mom1_h_oo += 1.0*einsum('Iia,kljb,al,Ibi->jk', LU11old, I.ooov, T1, U11)
mom1_h_oo += 1.0*einsum('Iia,kljb,bi,Ial->jk', LU11old, I.ooov, T1, U11)
mom1_h_oo += -1.0*einsum('Iia,kabc,ci,Ibj->jk', LU11old, I.ovvv, T1, U11)
mom1_h_oo += 1.0*einsum('Iia,kabc,cj,Ibi->jk', LU11old, I.ovvv, T1, U11)
mom1_h_oo += 1.0*einsum('Iia,Jkb,Iak,Jbj->ji', LU11old, g.ov, U11, U11)
mom1_h_oo += 1.0*einsum('Iia,Jkb,Ibj,Jak->ji', LU11old, g.ov, U11, U11)
mom1_h_oo += -1.0*einsum('Iia,Jkb,Ibk,Jaj->ji', LU11old, g.ov, U11, U11)
mom1_h_oo += 1.0*einsum('Iia,kljb,ak,Ibl->ji', LU11old, I.ooov, T1, U11)
mom1_h_oo += -1.0*einsum('Iia,kljb,bk,Ial->ji', LU11old, I.ooov, T1, U11)
mom1_h_oo += -1.0*einsum('Iia,kabc,cj,Ibk->ji', LU11old, I.ovvv, T1, U11)
mom1_h_oo += 1.0*einsum('Iia,kabc,ck,Ibj->ji', LU11old, I.ovvv, T1, U11)
mom1_h_oo += 0.5*einsum('ijab,li,balj,km->km', L2, F.oo, T2, delta)
mom1_h_oo += -0.5*einsum('ijab,lc,bk,acji->kl', L2, F.ov, T1, T2)
mom1_h_oo += -0.5*einsum('ijab,lc,ci,bakj->kl', L2, F.ov, T1, T2)
mom1_h_oo += -0.5*einsum('ijab,bc,acji,kl->kl', L2, F.vv, T2, delta)
mom1_h_oo += -1.0*einsum('ijab,Ili,bk,Iaj->kl', L2, g.oo, T1, U11)
mom1_h_oo += -0.5*einsum('ijab,Ili,bakj,I->kl', L2, g.oo, T2, S1)
mom1_h_oo += -1.0*einsum('ijab,Ibi,Iaj,kl->kl', L2, g.vo, U11, delta)
mom1_h_oo += 0.5*einsum('ijab,lbji,al,km->km', L2, I.ovoo, T1, delta)
mom1_h_oo += 1.0*einsum('ijab,lbic,cj,ak->kl', L2, I.ovov, T1, T1)
mom1_h_oo += -0.5*einsum('ijab,lmji,bk,am->kl', L2, I.oooo, T1, T1)
mom1_h_oo += -0.5*einsum('ijab,baic,cj,kl->kl', L2, I.vvov, T1, delta)
mom1_h_oo += 1.0*einsum('ijab,Ili,bk,Ial->kj', L2, g.oo, T1, U11)
mom1_h_oo += -1.0*einsum('ijab,Ili,bl,Iak->kj', L2, g.oo, T1, U11)
mom1_h_oo += -0.5*einsum('ijab,Ili,balk,I->kj', L2, g.oo, T2, S1)
mom1_h_oo += -1.0*einsum('ijab,lbic,ak,cl->kj', L2, I.ovov, T1, T1)
mom1_h_oo += 1.0*einsum('ijab,lbic,al,ck->kj', L2, I.ovov, T1, T1)
mom1_h_oo += -0.5*einsum('ijab,lmki,bl,am->kj', L2, I.oooo, T1, T1)
mom1_h_oo += -1.0*einsum('ijab,Ibc,ak,Icj->ki', L2, g.vv, T1, U11)
mom1_h_oo += -1.0*einsum('ijab,Ibc,cj,Iak->ki', L2, g.vv, T1, U11)
mom1_h_oo += 1.0*einsum('ijab,Ibc,ck,Iaj->ki', L2, g.vv, T1, U11)
mom1_h_oo += -1.0*einsum('ijab,Ibc,ackj,I->ki', L2, g.vv, T2, S1)
mom1_h_oo += 0.5*einsum('ijab,bacd,dj,ck->ki', L2, I.vvvv, T1, T1)
mom1_h_oo += -1.0*einsum('ijab,lc,bk,aclj->ki', L2, F.ov, T1, T2)
mom1_h_oo += 1.0*einsum('ijab,lc,bl,ackj->ki', L2, F.ov, T1, T2)
mom1_h_oo += 0.5*einsum('ijab,lc,cj,balk->ki', L2, F.ov, T1, T2)
mom1_h_oo += -0.5*einsum('ijab,lc,ck,balj->ki', L2, F.ov, T1, T2)
mom1_h_oo += -1.0*einsum('ijab,Ilk,bl,Iaj->ki', L2, g.oo, T1, U11)
mom1_h_oo += -0.5*einsum('ijab,Ilk,balj,I->ki', L2, g.oo, T2, S1)
mom1_h_oo += 1.0*einsum('ijab,lbkc,cj,al->ki', L2, I.ovov, T1, T1)
mom1_h_oo += -1.0*einsum('Iia,klbc,acji,Ibl->jk', LU11old, I.oovv, T2, U11)
mom1_h_oo += 1.0*einsum('Iia,klbc,acli,Ibj->jk', LU11old, I.oovv, T2, U11)
mom1_h_oo += -1.0*einsum('Iia,klbc,aclj,Ibi->jk', LU11old, I.oovv, T2, U11)
mom1_h_oo += -0.5*einsum('Iia,klbc,cbji,Ial->jk', LU11old, I.oovv, T2, U11)
mom1_h_oo += 0.5*einsum('Iia,klbc,cbli,Iaj->jk', LU11old, I.oovv, T2, U11)
mom1_h_oo += -1.0*einsum('Iia,klbc,ackj,Ibl->ji', LU11old, I.oovv, T2, U11)
mom1_h_oo += -0.5*einsum('Iia,klbc,aclk,Ibj->ji', LU11old, I.oovv, T2, U11)
mom1_h_oo += -0.5*einsum('Iia,klbc,cbkj,Ial->ji', LU11old, I.oovv, T2, U11)
mom1_h_oo += 0.5*einsum('ijab,Ilc,baki,Icj->kl', L2, g.ov, T2, U11)
mom1_h_oo += 0.5*einsum('ijab,Ilc,bcji,Iak->kl', L2, g.ov, T2, U11)
mom1_h_oo += -1.0*einsum('ijab,Ilc,bcki,Iaj->kl', L2, g.ov, T2, U11)
mom1_h_oo += -0.125*einsum('ijab,lmji,baml,kn->kn', L2, I.oooo, T2, delta)
mom1_h_oo += -1.0*einsum('ijab,lbic,aclj,km->km', L2, I.ovov, T2, delta)
mom1_h_oo += 1.0*einsum('ijab,lmic,bk,acmj->kl', L2, I.ooov, T1, T2)
mom1_h_oo += -1.0*einsum('ijab,lmic,bm,ackj->kl', L2, I.ooov, T1, T2)
mom1_h_oo += -0.5*einsum('ijab,lmic,cj,bamk->kl', L2, I.ooov, T1, T2)
mom1_h_oo += 0.5*einsum('ijab,lmic,ck,bamj->kl', L2, I.ooov, T1, T2)
mom1_h_oo += -0.5*einsum('ijab,lmic,cm,bakj->kl', L2, I.ooov, T1, T2)
mom1_h_oo += -0.5*einsum('ijab,lmkc,bm,acji->kl', L2, I.ooov, T1, T2)
mom1_h_oo += -0.5*einsum('ijab,lmkc,ci,bamj->kl', L2, I.ooov, T1, T2)
mom1_h_oo += 0.25*einsum('ijab,lbcd,ak,dcji->kl', L2, I.ovvv, T1, T2)
mom1_h_oo += -1.0*einsum('ijab,lbcd,di,ackj->kl', L2, I.ovvv, T1, T2)
mom1_h_oo += -0.5*einsum('ijab,lbcd,dk,acji->kl', L2, I.ovvv, T1, T2)
mom1_h_oo += -0.125*einsum('ijab,bacd,dcji,kl->kl', L2, I.vvvv, T2, delta)
mom1_h_oo += -0.5*einsum('ijab,lmic,bk,acml->kj', L2, I.ooov, T1, T2)
mom1_h_oo += 1.0*einsum('ijab,lmic,bl,acmk->kj', L2, I.ooov, T1, T2)
mom1_h_oo += -0.25*einsum('ijab,lmic,ck,baml->kj', L2, I.ooov, T1, T2)
mom1_h_oo += 0.5*einsum('ijab,lmic,cl,bamk->kj', L2, I.ooov, T1, T2)
mom1_h_oo += -0.5*einsum('ijab,Ilc,balj,Ick->ki', L2, g.ov, T2, U11)
mom1_h_oo += 0.5*einsum('ijab,Ilc,balk,Icj->ki', L2, g.ov, T2, U11)
mom1_h_oo += -1.0*einsum('ijab,Ilc,bckj,Ial->ki', L2, g.ov, T2, U11)
mom1_h_oo += 1.0*einsum('ijab,Ilc,bclj,Iak->ki', L2, g.ov, T2, U11)
mom1_h_oo += -1.0*einsum('ijab,Ilc,bclk,Iaj->ki', L2, g.ov, T2, U11)
mom1_h_oo += 1.0*einsum('ijab,lmkc,bl,acmj->ki', L2, I.ooov, T1, T2)
mom1_h_oo += -0.25*einsum('ijab,lmkc,cj,baml->ki', L2, I.ooov, T1, T2)
mom1_h_oo += 0.5*einsum('ijab,lmkc,cl,bamj->ki', L2, I.ooov, T1, T2)
mom1_h_oo += 0.5*einsum('ijab,lbcd,ak,dclj->ki', L2, I.ovvv, T1, T2)
mom1_h_oo += -0.5*einsum('ijab,lbcd,al,dckj->ki', L2, I.ovvv, T1, T2)
mom1_h_oo += 1.0*einsum('ijab,lbcd,dj,aclk->ki', L2, I.ovvv, T1, T2)
mom1_h_oo += -1.0*einsum('ijab,lbcd,dk,aclj->ki', L2, I.ovvv, T1, T2)
mom1_h_oo += 1.0*einsum('ijab,lbcd,dl,ackj->ki', L2, I.ovvv, T1, T2)
mom1_h_oo += 0.25*einsum('ijab,lmcd,baki,dcmj->kl', L2, I.oovv, T2, T2)
mom1_h_oo += -0.25*einsum('ijab,lmcd,bami,dckj->kl', L2, I.oovv, T2, T2)
mom1_h_oo += 0.5*einsum('ijab,lmcd,bdji,acmk->kl', L2, I.oovv, T2, T2)
mom1_h_oo += -1.0*einsum('ijab,lmcd,bdki,acmj->kl', L2, I.oovv, T2, T2)
mom1_h_oo += -0.125*einsum('ijab,lmcd,dcji,bamk->kl', L2, I.oovv, T2, T2)
mom1_h_oo += -0.25*einsum('ijab,lmcd,balj,dcmk->ki', L2, I.oovv, T2, T2)
mom1_h_oo += -0.5*einsum('ijab,lmcd,bdkj,acml->ki', L2, I.oovv, T2, T2)
mom1_h_oo += 1.0*einsum('ijab,lmcd,bdlj,acmk->ki', L2, I.oovv, T2, T2)
mom1_h_oo += 0.125*einsum('ijab,lmcd,dckj,baml->ki', L2, I.oovv, T2, T2)
mom1_h_oo += -0.25*einsum('ijab,lmcd,dclj,bamk->ki', L2, I.oovv, T2, T2)
mom1_h_oo += 1.0*einsum('I,Jja,J,Iaj,ik->ik', LS1old, g.ov, S1, U11, delta)
mom1_h_oo += -1.0*einsum('ia,kb,bi,ak,jl->jl', L1, F.ov, T1, T1, delta)
mom1_h_oo += 1.0*einsum('ia,Iab,bi,I,jk->jk', L1, g.vv, T1, S1, delta)
mom1_h_oo += -1.0*einsum('ia,Iki,ak,I,jl->jl', L1, g.oo, T1, S1, delta)
mom1_h_oo += 1.0*einsum('ia,Ikb,bi,aj,I->jk', L1, g.ov, T1, T1, S1)
mom1_h_oo += 1.0*einsum('ia,Ikb,ak,bj,I->ji', L1, g.ov, T1, T1, S1)
mom1_h_oo += -1.0*einsum('I,jkab,bj,Iak,il->il', LS1old, I.oovv, T1, U11, delta)
mom1_h_oo += -1.0*einsum('ia,Ikb,ak,Ibi,jl->jl', L1, g.ov, T1, U11, delta)
mom1_h_oo += -1.0*einsum('ia,Ikb,bi,Iak,jl->jl', L1, g.ov, T1, U11, delta)
mom1_h_oo += 1.0*einsum('ia,Ikb,bk,Iai,jl->jl', L1, g.ov, T1, U11, delta)
mom1_h_oo += -1.0*einsum('ia,Ikb,abki,I,jl->jl', L1, g.ov, T2, S1, delta)
mom1_h_oo += -1.0*einsum('ia,klib,ak,bl,jm->jm', L1, I.ooov, T1, T1, delta)
mom1_h_oo += 1.0*einsum('ia,kabc,ci,bk,jl->jl', L1, I.ovvv, T1, T1, delta)
mom1_h_oo += -1.0*einsum('ia,klbc,ci,aj,bl->jk', L1, I.oovv, T1, T1, T1)
mom1_h_oo += 1.0*einsum('ia,klbc,ci,al,bj->jk', L1, I.oovv, T1, T1, T1)
mom1_h_oo += -1.0*einsum('ia,klbc,ak,cj,bl->ji', L1, I.oovv, T1, T1, T1)
mom1_h_oo += -1.0*einsum('Iia,kb,ak,Ibi,jl->jl', LU11old, F.ov, T1, U11, delta)
mom1_h_oo += -1.0*einsum('Iia,kb,bi,Iak,jl->jl', LU11old, F.ov, T1, U11, delta)
mom1_h_oo += 1.0*einsum('Iia,Jab,J,Ibi,jk->jk', LU11old, g.vv, S1, U11, delta)
mom1_h_oo += -1.0*einsum('Iia,Jki,J,Iak,jl->jl', LU11old, g.oo, S1, U11, delta)
mom1_h_oo += 1.0*einsum('Iia,Jkb,aj,J,Ibi->jk', LU11old, g.ov, T1, S1, U11)
mom1_h_oo += 1.0*einsum('Iia,Jkb,bi,J,Iaj->jk', LU11old, g.ov, T1, S1, U11)
mom1_h_oo += -1.0*einsum('Iia,Ikb,bi,ak,jl->jl', LU11old, g_boscre.ov, T1, T1, delta)
mom1_h_oo += -1.0*einsum('Iia,Jkb,aj,J,Ibk->ji', LU11old, g.ov, T1, S1, U11)
mom1_h_oo += 1.0*einsum('Iia,Jkb,ak,J,Ibj->ji', LU11old, g.ov, T1, S1, U11)
mom1_h_oo += 1.0*einsum('Iia,Jkb,bj,J,Iak->ji', LU11old, g.ov, T1, S1, U11)
mom1_h_oo += 1.0*einsum('ijab,Ili,bk,al,I->kj', L2, g.oo, T1, T1, S1)
mom1_h_oo += -1.0*einsum('ijab,Ibc,cj,ak,I->ki', L2, g.vv, T1, T1, S1)
mom1_h_oo += -1.0*einsum('ijab,lc,cj,bk,al->ki', L2, F.ov, T1, T1, T1)
mom1_h_oo += -0.5*einsum('ia,klbc,ak,cbli,jm->jm', L1, I.oovv, T1, T2, delta)
mom1_h_oo += -0.5*einsum('ia,klbc,ci,ablk,jm->jm', L1, I.oovv, T1, T2, delta)
mom1_h_oo += 1.0*einsum('ia,klbc,ck,abli,jm->jm', L1, I.oovv, T1, T2, delta)
mom1_h_oo += -1.0*einsum('Iia,Jkb,Iak,Jbi,jl->jl', LU11old, g.ov, U11, U11, delta)
mom1_h_oo += -1.0*einsum('Iia,Jkb,Ibi,Jak,jl->jl', LU11old, g.ov, U11, U11, delta)
mom1_h_oo += 1.0*einsum('Iia,Jkb,Ibk,Jai,jl->jl', LU11old, g.ov, U11, U11, delta)
mom1_h_oo += -1.0*einsum('Iia,klib,ak,Ibl,jm->jm', LU11old, I.ooov, T1, U11, delta)
mom1_h_oo += 1.0*einsum('Iia,klib,bk,Ial,jm->jm', LU11old, I.ooov, T1, U11, delta)
mom1_h_oo += 1.0*einsum('Iia,kabc,ci,Ibk,jl->jl', LU11old, I.ovvv, T1, U11, delta)
mom1_h_oo += -1.0*einsum('Iia,kabc,ck,Ibi,jl->jl', LU11old, I.ovvv, T1, U11, delta)
mom1_h_oo += 1.0*einsum('Iia,klbc,aj,cl,Ibi->jk', LU11old, I.oovv, T1, T1, U11)
mom1_h_oo += -1.0*einsum('Iia,klbc,al,cj,Ibi->jk', LU11old, I.oovv, T1, T1, U11)
mom1_h_oo += -1.0*einsum('Iia,klbc,ci,aj,Ibl->jk', LU11old, I.oovv, T1, T1, U11)
mom1_h_oo += 1.0*einsum('Iia,klbc,ci,al,Ibj->jk', LU11old, I.oovv, T1, T1, U11)
mom1_h_oo += 1.0*einsum('Iia,klbc,ci,bj,Ial->jk', LU11old, I.oovv, T1, T1, U11)
mom1_h_oo += -1.0*einsum('Iia,klbc,ci,bl,Iaj->jk', LU11old, I.oovv, T1, T1, U11)
mom1_h_oo += 1.0*einsum('Iia,klbc,aj,ck,Ibl->ji', LU11old, I.oovv, T1, T1, U11)
mom1_h_oo += -1.0*einsum('Iia,klbc,ak,cj,Ibl->ji', LU11old, I.oovv, T1, T1, U11)
mom1_h_oo += 1.0*einsum('Iia,klbc,ak,cl,Ibj->ji', LU11old, I.oovv, T1, T1, U11)
mom1_h_oo += 1.0*einsum('Iia,klbc,cj,bk,Ial->ji', LU11old, I.oovv, T1, T1, U11)
mom1_h_oo += 0.5*einsum('ijab,lc,bl,acji,km->km', L2, F.ov, T1, T2, delta)
mom1_h_oo += 0.5*einsum('ijab,lc,ci,balj,km->km', L2, F.ov, T1, T2, delta)
mom1_h_oo += -1.0*einsum('ijab,Ibc,ci,Iaj,kl->kl', L2, g.vv, T1, U11, delta)
mom1_h_oo += -0.5*einsum('ijab,Ibc,acji,I,kl->kl', L2, g.vv, T2, S1, delta)
mom1_h_oo += 1.0*einsum('ijab,Ili,bl,Iaj,km->km', L2, g.oo, T1, U11, delta)
mom1_h_oo += 0.5*einsum('ijab,Ili,balj,I,km->km', L2, g.oo, T2, S1, delta)
mom1_h_oo += -0.5*einsum('ijab,Ilc,bk,acji,I->kl', L2, g.ov, T1, T2, S1)
mom1_h_oo += -1.0*einsum('ijab,Ilc,ci,bk,Iaj->kl', L2, g.ov, T1, T1, U11)
mom1_h_oo += -0.5*einsum('ijab,Ilc,ci,bakj,I->kl', L2, g.ov, T1, T2, S1)
mom1_h_oo += 0.25*einsum('ijab,lmji,bl,am,kn->kn', L2, I.oooo, T1, T1, delta)
mom1_h_oo += -1.0*einsum('ijab,lbic,cj,al,km->km', L2, I.ovov, T1, T1, delta)
mom1_h_oo += 1.0*einsum('ijab,lmic,cj,bk,am->kl', L2, I.ooov, T1, T1, T1)
mom1_h_oo += -0.5*einsum('ijab,lbcd,di,cj,ak->kl', L2, I.ovvv, T1, T1, T1)
mom1_h_oo += 0.25*einsum('ijab,bacd,di,cj,kl->kl', L2, I.vvvv, T1, T1, delta)
mom1_h_oo += 1.0*einsum('ijab,lmic,bk,al,cm->kj', L2, I.ooov, T1, T1, T1)
mom1_h_oo += 0.5*einsum('ijab,lmic,bl,am,ck->kj', L2, I.ooov, T1, T1, T1)
mom1_h_oo += -1.0*einsum('ijab,Ilc,bk,al,Icj->ki', L2, g.ov, T1, T1, U11)
mom1_h_oo += 1.0*einsum('ijab,Ilc,bk,cl,Iaj->ki', L2, g.ov, T1, T1, U11)
mom1_h_oo += -1.0*einsum('ijab,Ilc,bk,aclj,I->ki', L2, g.ov, T1, T2, S1)
mom1_h_oo += -1.0*einsum('ijab,Ilc,bl,ck,Iaj->ki', L2, g.ov, T1, T1, U11)
mom1_h_oo += 1.0*einsum('ijab,Ilc,bl,ackj,I->ki', L2, g.ov, T1, T2, S1)
mom1_h_oo += -1.0*einsum('ijab,Ilc,cj,bk,Ial->ki', L2, g.ov, T1, T1, U11)
mom1_h_oo += 1.0*einsum('ijab,Ilc,cj,bl,Iak->ki', L2, g.ov, T1, T1, U11)
mom1_h_oo += 0.5*einsum('ijab,Ilc,cj,balk,I->ki', L2, g.ov, T1, T2, S1)
mom1_h_oo += -0.5*einsum('ijab,Ilc,ck,balj,I->ki', L2, g.ov, T1, T2, S1)
mom1_h_oo += 0.5*einsum('ijab,lmkc,cj,bl,am->ki', L2, I.ooov, T1, T1, T1)
mom1_h_oo += -1.0*einsum('ijab,lbcd,dj,ak,cl->ki', L2, I.ovvv, T1, T1, T1)
mom1_h_oo += 1.0*einsum('ijab,lbcd,dj,al,ck->ki', L2, I.ovvv, T1, T1, T1)
mom1_h_oo += 1.0*einsum('Iia,klbc,acki,Ibl,jm->jm', LU11old, I.oovv, T2, U11, delta)
mom1_h_oo += 0.5*einsum('Iia,klbc,aclk,Ibi,jm->jm', LU11old, I.oovv, T2, U11, delta)
mom1_h_oo += 0.5*einsum('Iia,klbc,cbki,Ial,jm->jm', LU11old, I.oovv, T2, U11, delta)
mom1_h_oo += -0.5*einsum('ijab,Ilc,bali,Icj,km->km', L2, g.ov, T2, U11, delta)
mom1_h_oo += -0.5*einsum('ijab,Ilc,bcji,Ial,km->km', L2, g.ov, T2, U11, delta)
mom1_h_oo += 1.0*einsum('ijab,Ilc,bcli,Iaj,km->km', L2, g.ov, T2, U11, delta)
mom1_h_oo += -1.0*einsum('ijab,lmic,bl,acmj,kn->kn', L2, I.ooov, T1, T2, delta)
mom1_h_oo += 0.25*einsum('ijab,lmic,cj,baml,kn->kn', L2, I.ooov, T1, T2, delta)
mom1_h_oo += -0.5*einsum('ijab,lmic,cl,bamj,kn->kn', L2, I.ooov, T1, T2, delta)
mom1_h_oo += -0.25*einsum('ijab,lbcd,al,dcji,km->km', L2, I.ovvv, T1, T2, delta)
mom1_h_oo += 1.0*einsum('ijab,lbcd,di,aclj,km->km', L2, I.ovvv, T1, T2, delta)
mom1_h_oo += 0.5*einsum('ijab,lbcd,dl,acji,km->km', L2, I.ovvv, T1, T2, delta)
mom1_h_oo += 0.25*einsum('ijab,lmcd,bk,am,dcji->kl', L2, I.oovv, T1, T1, T2)
mom1_h_oo += -0.5*einsum('ijab,lmcd,bk,dm,acji->kl', L2, I.oovv, T1, T1, T2)
mom1_h_oo += 0.5*einsum('ijab,lmcd,bm,dk,acji->kl', L2, I.oovv, T1, T1, T2)
mom1_h_oo += -1.0*einsum('ijab,lmcd,di,bk,acmj->kl', L2, I.oovv, T1, T1, T2)
mom1_h_oo += 1.0*einsum('ijab,lmcd,di,bm,ackj->kl', L2, I.oovv, T1, T1, T2)
mom1_h_oo += 0.25*einsum('ijab,lmcd,di,cj,bamk->kl', L2, I.oovv, T1, T1, T2)
mom1_h_oo += -0.5*einsum('ijab,lmcd,di,ck,bamj->kl', L2, I.oovv, T1, T1, T2)
mom1_h_oo += 0.5*einsum('ijab,lmcd,di,cm,bakj->kl', L2, I.oovv, T1, T1, T2)
mom1_h_oo += -0.5*einsum('ijab,lmcd,bk,al,dcmj->ki', L2, I.oovv, T1, T1, T2)
mom1_h_oo += 1.0*einsum('ijab,lmcd,bk,dl,acmj->ki', L2, I.oovv, T1, T1, T2)
mom1_h_oo += -0.25*einsum('ijab,lmcd,bl,am,dckj->ki', L2, I.oovv, T1, T1, T2)
mom1_h_oo += -1.0*einsum('ijab,lmcd,bl,dk,acmj->ki', L2, I.oovv, T1, T1, T2)
mom1_h_oo += 1.0*einsum('ijab,lmcd,bl,dm,ackj->ki', L2, I.oovv, T1, T1, T2)
mom1_h_oo += -0.5*einsum('ijab,lmcd,dj,bk,acml->ki', L2, I.oovv, T1, T1, T2)
mom1_h_oo += 1.0*einsum('ijab,lmcd,dj,bl,acmk->ki', L2, I.oovv, T1, T1, T2)
mom1_h_oo += -0.25*einsum('ijab,lmcd,dj,ck,baml->ki', L2, I.oovv, T1, T1, T2)
mom1_h_oo += 0.5*einsum('ijab,lmcd,dj,cl,bamk->ki', L2, I.oovv, T1, T1, T2)
mom1_h_oo += -0.5*einsum('ijab,lmcd,dk,cl,bamj->ki', L2, I.oovv, T1, T1, T2)
mom1_h_oo += -0.25*einsum('ijab,lmcd,bali,dcmj,kn->kn', L2, I.oovv, T2, T2, delta)
mom1_h_oo += -0.25*einsum('ijab,lmcd,bdji,acml,kn->kn', L2, I.oovv, T2, T2, delta)
mom1_h_oo += 0.5*einsum('ijab,lmcd,bdli,acmj,kn->kn', L2, I.oovv, T2, T2, delta)
mom1_h_oo += 0.0625*einsum('ijab,lmcd,dcji,baml,kn->kn', L2, I.oovv, T2, T2, delta)
mom1_h_oo += -1.0*einsum('ia,Ikb,bi,ak,I,jl->jl', L1, g.ov, T1, T1, S1, delta)
mom1_h_oo += 1.0*einsum('ia,klbc,ci,ak,bl,jm->jm', L1, I.oovv, T1, T1, T1, delta)
mom1_h_oo += -1.0*einsum('Iia,Jkb,ak,J,Ibi,jl->jl', LU11old, g.ov, T1, S1, U11, delta)
mom1_h_oo += -1.0*einsum('Iia,Jkb,bi,J,Iak,jl->jl', LU11old, g.ov, T1, S1, U11, delta)
mom1_h_oo += -1.0*einsum('ijab,Ilc,cj,bk,al,I->ki', L2, g.ov, T1, T1, T1, S1)
mom1_h_oo += -1.0*einsum('Iia,klbc,ak,cl,Ibi,jm->jm', LU11old, I.oovv, T1, T1, U11, delta)
mom1_h_oo += 1.0*einsum('Iia,klbc,ci,ak,Ibl,jm->jm', LU11old, I.oovv, T1, T1, U11, delta)
mom1_h_oo += -1.0*einsum('Iia,klbc,ci,bk,Ial,jm->jm', LU11old, I.oovv, T1, T1, U11, delta)
mom1_h_oo += 0.5*einsum('ijab,Ilc,bl,acji,I,km->km', L2, g.ov, T1, T2, S1, delta)
mom1_h_oo += 1.0*einsum('ijab,Ilc,ci,bl,Iaj,km->km', L2, g.ov, T1, T1, U11, delta)
mom1_h_oo += 0.5*einsum('ijab,Ilc,ci,balj,I,km->km', L2, g.ov, T1, T2, S1, delta)
mom1_h_oo += -0.5*einsum('ijab,lmic,cj,bl,am,kn->kn', L2, I.ooov, T1, T1, T1, delta)
mom1_h_oo += 0.5*einsum('ijab,lbcd,di,cj,al,km->km', L2, I.ovvv, T1, T1, T1, delta)
mom1_h_oo += -0.5*einsum('ijab,lmcd,di,cj,bk,am->kl', L2, I.oovv, T1, T1, T1, T1)
mom1_h_oo += 1.0*einsum('ijab,lmcd,dj,bk,al,cm->ki', L2, I.oovv, T1, T1, T1, T1)
mom1_h_oo += 0.5*einsum('ijab,lmcd,dj,bl,am,ck->ki', L2, I.oovv, T1, T1, T1, T1)
mom1_h_oo += -0.125*einsum('ijab,lmcd,bl,am,dcji,kn->kn', L2, I.oovv, T1, T1, T2, delta)
mom1_h_oo += 0.5*einsum('ijab,lmcd,bl,dm,acji,kn->kn', L2, I.oovv, T1, T1, T2, delta)
mom1_h_oo += 1.0*einsum('ijab,lmcd,di,bl,acmj,kn->kn', L2, I.oovv, T1, T1, T2, delta)
mom1_h_oo += -0.125*einsum('ijab,lmcd,di,cj,baml,kn->kn', L2, I.oovv, T1, T1, T2, delta)
mom1_h_oo += 0.5*einsum('ijab,lmcd,di,cl,bamj,kn->kn', L2, I.oovv, T1, T1, T2, delta)
mom1_h_oo += 0.25*einsum('ijab,lmcd,di,cj,bl,am,kn->kn', L2, I.oovv, T1, T1, T1, T1, delta)

***
P_{ov hole} = 
mom1_h_ov += 1.0*einsum('I,Iai->ia', G, U11)
mom1_h_ov += -1.0*einsum('ji,aj->ia', F.oo, T1)
mom1_h_ov += 1.0*einsum('ja,abji->ib', F.ov, T2)
mom1_h_ov += -1.0*einsum('Iji,Iaj->ia', g.oo, U11)
mom1_h_ov += -0.5*einsum('jkia,abkj->ib', I.ooov, T2)
mom1_h_ov += 1.0*einsum('I,I,ai->ia', LS1old, G, T1)
mom1_h_ov += -1.0*einsum('ja,ai,bj->ib', F.ov, T1, T1)
mom1_h_ov += -1.0*einsum('Iji,aj,I->ia', g.oo, T1, S1)
mom1_h_ov += -1.0*einsum('I,ji,Iaj->ia', LS1old, F.oo, U11)
mom1_h_ov += -1.0*einsum('I,Iji,aj->ia', LS1old, g_boscre.oo, T1)
mom1_h_ov += 1.0*einsum('I,IJ,Jai->ia', LS1old, w, U11)
mom1_h_ov += 1.0*einsum('ia,ai,bj->jb', L1, F.vo, T1)
mom1_h_ov += -1.0*einsum('ia,aj,bi->jb', L1, F.vo, T1)
mom1_h_ov += -1.0*einsum('Ija,bj,Iai->ib', g.ov, T1, U11)
mom1_h_ov += -1.0*einsum('Ija,ai,Ibj->ib', g.ov, T1, U11)
mom1_h_ov += 1.0*einsum('Ija,aj,Ibi->ib', g.ov, T1, U11)
mom1_h_ov += 1.0*einsum('Ija,abji,I->ib', g.ov, T2, S1)
mom1_h_ov += 1.0*einsum('jkia,aj,bk->ib', I.ooov, T1, T1)
mom1_h_ov += 1.0*einsum('I,Ija,abji->ib', LS1old, g_boscre.ov, T2)
mom1_h_ov += -1.0*einsum('ia,ki,abkj->jb', L1, F.oo, T2)
mom1_h_ov += 1.0*einsum('ia,kj,abki->jb', L1, F.oo, T2)
mom1_h_ov += -1.0*einsum('ia,ab,bcji->jc', L1, F.vv, T2)
mom1_h_ov += 1.0*einsum('ia,Iai,Ibj->jb', L1, g.vo, U11)
mom1_h_ov += -1.0*einsum('ia,Iaj,Ibi->jb', L1, g.vo, U11)
mom1_h_ov += -1.0*einsum('ia,kaji,bk->jb', L1, I.ovoo, T1)
mom1_h_ov += -1.0*einsum('Iia,I,abji->jb', LU11old, G, T2)
mom1_h_ov += 1.0*einsum('Iia,ai,Ibj->jb', LU11old, F.vo, U11)
mom1_h_ov += -1.0*einsum('Iia,aj,Ibi->jb', LU11old, F.vo, U11)
mom1_h_ov += 1.0*einsum('Iia,Iai,bj->jb', LU11old, g_boscre.vo, T1)
mom1_h_ov += -1.0*einsum('Iia,Iaj,bi->jb', LU11old, g_boscre.vo, T1)
mom1_h_ov += -0.5*einsum('jkab,cj,baki->ic', I.oovv, T1, T2)
mom1_h_ov += 0.5*einsum('jkab,bi,ackj->ic', I.oovv, T1, T2)
mom1_h_ov += -1.0*einsum('jkab,bj,acki->ic', I.oovv, T1, T2)
mom1_h_ov += 0.5*einsum('ia,klji,ablk->jb', L1, I.oooo, T2)
mom1_h_ov += -1.0*einsum('ia,kaib,bckj->jc', L1, I.ovov, T2)
mom1_h_ov += 1.0*einsum('ia,kajb,bcki->jc', L1, I.ovov, T2)
mom1_h_ov += -1.0*einsum('Iia,Iki,abkj->jb', LU11old, g_boscre.oo, T2)
mom1_h_ov += 1.0*einsum('Iia,Ikj,abki->jb', LU11old, g_boscre.oo, T2)
mom1_h_ov += -1.0*einsum('Iia,Iab,bcji->jc', LU11old, g_boscre.vv, T2)
mom1_h_ov += -1.0*einsum('Iia,kaji,Ibk->jb', LU11old, I.ovoo, U11)
mom1_h_ov += 1.0*einsum('ijab,bi,ackj->kc', L2, F.vo, T2)
mom1_h_ov += 0.5*einsum('ijab,bk,acji->kc', L2, F.vo, T2)
mom1_h_ov += 0.25*einsum('ijab,baji,ck->kc', L2, I.vvoo, T1)
mom1_h_ov += -0.5*einsum('ijab,baki,cj->kc', L2, I.vvoo, T1)
mom1_h_ov += 0.5*einsum('ijab,lbji,aclk->kc', L2, I.ovoo, T2)
mom1_h_ov += -1.0*einsum('ijab,lbki,aclj->kc', L2, I.ovoo, T2)
mom1_h_ov += 0.5*einsum('ijab,baic,cdkj->kd', L2, I.vvov, T2)
mom1_h_ov += 0.25*einsum('ijab,bakc,cdji->kd', L2, I.vvov, T2)
mom1_h_ov += 1.0*einsum('I,IJ,ai,J->ia', LS1old, w, T1, S1)
mom1_h_ov += -1.0*einsum('Ija,ai,bj,I->ib', g.ov, T1, T1, S1)
mom1_h_ov += 1.0*einsum('I,ja,bi,Iaj->ib', LS1old, F.ov, T1, U11)
mom1_h_ov += -1.0*einsum('I,ja,bj,Iai->ib', LS1old, F.ov, T1, U11)
mom1_h_ov += -1.0*einsum('I,ja,ai,Ibj->ib', LS1old, F.ov, T1, U11)
mom1_h_ov += 1.0*einsum('I,Ija,bi,aj->ib', LS1old, g_boscre.ov, T1, T1)
mom1_h_ov += -1.0*einsum('I,Ija,ai,bj->ib', LS1old, g_boscre.ov, T1, T1)
mom1_h_ov += -1.0*einsum('I,Jji,J,Iaj->ia', LS1old, g.oo, S1, U11)
mom1_h_ov += -1.0*einsum('ia,I,aj,Ibi->jb', L1, G, T1, U11)
mom1_h_ov += -1.0*einsum('ia,I,bi,Iaj->jb', L1, G, T1, U11)
mom1_h_ov += 1.0*einsum('ia,I,bj,Iai->jb', L1, G, T1, U11)
mom1_h_ov += 1.0*einsum('ia,ki,aj,bk->jb', L1, F.oo, T1, T1)
mom1_h_ov += -1.0*einsum('ia,ki,ak,bj->jb', L1, F.oo, T1, T1)
mom1_h_ov += 1.0*einsum('ia,kj,bi,ak->jb', L1, F.oo, T1, T1)
mom1_h_ov += 1.0*einsum('ia,ab,bi,cj->jc', L1, F.vv, T1, T1)
mom1_h_ov += -1.0*einsum('ia,ab,ci,bj->jc', L1, F.vv, T1, T1)
mom1_h_ov += 1.0*einsum('ia,Iai,bj,I->jb', L1, g.vo, T1, S1)
mom1_h_ov += -1.0*einsum('ia,Iaj,bi,I->jb', L1, g.vo, T1, S1)
mom1_h_ov += -1.0*einsum('Iia,I,bi,aj->jb', LU11old, G, T1, T1)
mom1_h_ov += -1.0*einsum('jkab,bi,aj,ck->ic', I.oovv, T1, T1, T1)
mom1_h_ov += -1.0*einsum('I,Jja,Ibj,Jai->ib', LS1old, g.ov, U11, U11)
mom1_h_ov += -1.0*einsum('I,Jja,Iai,Jbj->ib', LS1old, g.ov, U11, U11)
mom1_h_ov += 1.0*einsum('I,Jja,Iaj,Jbi->ib', LS1old, g.ov, U11, U11)
mom1_h_ov += -1.0*einsum('I,jkia,bj,Iak->ib', LS1old, I.ooov, T1, U11)
mom1_h_ov += 1.0*einsum('I,jkia,aj,Ibk->ib', LS1old, I.ooov, T1, U11)
mom1_h_ov += -1.0*einsum('ia,kb,aj,bcki->jc', L1, F.ov, T1, T2)
mom1_h_ov += 1.0*einsum('ia,kb,ak,bcji->jc', L1, F.ov, T1, T2)
mom1_h_ov += 1.0*einsum('ia,kb,ci,abkj->jc', L1, F.ov, T1, T2)
mom1_h_ov += -1.0*einsum('ia,kb,cj,abki->jc', L1, F.ov, T1, T2)
mom1_h_ov += 1.0*einsum('ia,kb,ck,abji->jc', L1, F.ov, T1, T2)
mom1_h_ov += -1.0*einsum('ia,kb,bi,ackj->jc', L1, F.ov, T1, T2)
mom1_h_ov += 1.0*einsum('ia,kb,bj,acki->jc', L1, F.ov, T1, T2)
mom1_h_ov += 1.0*einsum('ia,Iab,bi,Icj->jc', L1, g.vv, T1, U11)
mom1_h_ov += -1.0*einsum('ia,Iab,bj,Ici->jc', L1, g.vv, T1, U11)
mom1_h_ov += -1.0*einsum('ia,Iab,ci,Ibj->jc', L1, g.vv, T1, U11)
mom1_h_ov += 1.0*einsum('ia,Iab,cj,Ibi->jc', L1, g.vv, T1, U11)
mom1_h_ov += -1.0*einsum('ia,Iab,bcji,I->jc', L1, g.vv, T2, S1)
mom1_h_ov += 1.0*einsum('ia,Iki,aj,Ibk->jb', L1, g.oo, T1, U11)
mom1_h_ov += -1.0*einsum('ia,Iki,ak,Ibj->jb', L1, g.oo, T1, U11)
mom1_h_ov += -1.0*einsum('ia,Iki,bj,Iak->jb', L1, g.oo, T1, U11)
mom1_h_ov += 1.0*einsum('ia,Iki,bk,Iaj->jb', L1, g.oo, T1, U11)
mom1_h_ov += -1.0*einsum('ia,Iki,abkj,I->jb', L1, g.oo, T2, S1)
mom1_h_ov += 1.0*einsum('ia,Ikj,ak,Ibi->jb', L1, g.oo, T1, U11)
mom1_h_ov += 1.0*einsum('ia,Ikj,bi,Iak->jb', L1, g.oo, T1, U11)
mom1_h_ov += -1.0*einsum('ia,Ikj,bk,Iai->jb', L1, g.oo, T1, U11)
mom1_h_ov += 1.0*einsum('ia,Ikj,abki,I->jb', L1, g.oo, T2, S1)
mom1_h_ov += -1.0*einsum('ia,klji,ak,bl->jb', L1, I.oooo, T1, T1)
mom1_h_ov += -1.0*einsum('ia,kaib,cj,bk->jc', L1, I.ovov, T1, T1)
mom1_h_ov += 1.0*einsum('ia,kaib,bj,ck->jc', L1, I.ovov, T1, T1)
mom1_h_ov += 1.0*einsum('ia,kajb,ci,bk->jc', L1, I.ovov, T1, T1)
mom1_h_ov += -1.0*einsum('ia,kajb,bi,ck->jc', L1, I.ovov, T1, T1)
mom1_h_ov += -1.0*einsum('Iia,J,Iaj,Jbi->jb', LU11old, G, U11, U11)
mom1_h_ov += -1.0*einsum('Iia,J,Ibi,Jaj->jb', LU11old, G, U11, U11)
mom1_h_ov += 1.0*einsum('Iia,J,Ibj,Jai->jb', LU11old, G, U11, U11)
mom1_h_ov += 1.0*einsum('Iia,ki,aj,Ibk->jb', LU11old, F.oo, T1, U11)
mom1_h_ov += -1.0*einsum('Iia,ki,ak,Ibj->jb', LU11old, F.oo, T1, U11)
mom1_h_ov += -1.0*einsum('Iia,ki,bj,Iak->jb', LU11old, F.oo, T1, U11)
mom1_h_ov += 1.0*einsum('Iia,ki,bk,Iaj->jb', LU11old, F.oo, T1, U11)
mom1_h_ov += 1.0*einsum('Iia,kj,ak,Ibi->jb', LU11old, F.oo, T1, U11)
mom1_h_ov += 1.0*einsum('Iia,kj,bi,Iak->jb', LU11old, F.oo, T1, U11)
mom1_h_ov += 1.0*einsum('Iia,ab,bi,Icj->jc', LU11old, F.vv, T1, U11)
mom1_h_ov += -1.0*einsum('Iia,ab,bj,Ici->jc', LU11old, F.vv, T1, U11)
mom1_h_ov += -1.0*einsum('Iia,ab,ci,Ibj->jc', LU11old, F.vv, T1, U11)
mom1_h_ov += 1.0*einsum('Iia,ab,cj,Ibi->jc', LU11old, F.vv, T1, U11)
mom1_h_ov += -1.0*einsum('Iia,IJ,aj,Jbi->jb', LU11old, w, T1, U11)
mom1_h_ov += -1.0*einsum('Iia,IJ,bi,Jaj->jb', LU11old, w, T1, U11)
mom1_h_ov += 1.0*einsum('Iia,IJ,bj,Jai->jb', LU11old, w, T1, U11)
mom1_h_ov += -1.0*einsum('Iia,IJ,abji,J->jb', LU11old, w, T2, S1)
mom1_h_ov += 1.0*einsum('Iia,Jai,J,Ibj->jb', LU11old, g.vo, S1, U11)
mom1_h_ov += -1.0*einsum('Iia,Jaj,J,Ibi->jb', LU11old, g.vo, S1, U11)
mom1_h_ov += 1.0*einsum('Iia,Iki,aj,bk->jb', LU11old, g_boscre.oo, T1, T1)
mom1_h_ov += -1.0*einsum('Iia,Iki,ak,bj->jb', LU11old, g_boscre.oo, T1, T1)
mom1_h_ov += 1.0*einsum('Iia,Ikj,bi,ak->jb', LU11old, g_boscre.oo, T1, T1)
mom1_h_ov += 1.0*einsum('Iia,Iab,bi,cj->jc', LU11old, g_boscre.vv, T1, T1)
mom1_h_ov += -1.0*einsum('Iia,Iab,ci,bj->jc', LU11old, g_boscre.vv, T1, T1)
mom1_h_ov += 1.0*einsum('ijab,bi,cj,ak->kc', L2, F.vo, T1, T1)
mom1_h_ov += -1.0*einsum('I,jkab,bcji,Iak->ic', LS1old, I.oovv, T2, U11)
mom1_h_ov += -0.5*einsum('I,jkab,bckj,Iai->ic', LS1old, I.oovv, T2, U11)
mom1_h_ov += 0.5*einsum('I,jkab,baji,Ick->ic', LS1old, I.oovv, T2, U11)
mom1_h_ov += 1.0*einsum('ia,Ikb,acki,Ibj->jc', L1, g.ov, T2, U11)
mom1_h_ov += -1.0*einsum('ia,Ikb,ackj,Ibi->jc', L1, g.ov, T2, U11)
mom1_h_ov += 1.0*einsum('ia,Ikb,abji,Ick->jc', L1, g.ov, T2, U11)
mom1_h_ov += -1.0*einsum('ia,Ikb,abki,Icj->jc', L1, g.ov, T2, U11)
mom1_h_ov += 1.0*einsum('ia,Ikb,abkj,Ici->jc', L1, g.ov, T2, U11)
mom1_h_ov += 1.0*einsum('ia,Ikb,bcji,Iak->jc', L1, g.ov, T2, U11)
mom1_h_ov += -1.0*einsum('ia,Ikb,bcki,Iaj->jc', L1, g.ov, T2, U11)
mom1_h_ov += 1.0*einsum('ia,Ikb,bckj,Iai->jc', L1, g.ov, T2, U11)
mom1_h_ov += 0.5*einsum('ia,klib,aj,bclk->jc', L1, I.ooov, T1, T2)
mom1_h_ov += -1.0*einsum('ia,klib,ak,bclj->jc', L1, I.ooov, T1, T2)
mom1_h_ov += 0.5*einsum('ia,klib,cj,ablk->jc', L1, I.ooov, T1, T2)
mom1_h_ov += -1.0*einsum('ia,klib,ck,ablj->jc', L1, I.ooov, T1, T2)
mom1_h_ov += -0.5*einsum('ia,klib,bj,aclk->jc', L1, I.ooov, T1, T2)
mom1_h_ov += 1.0*einsum('ia,klib,bk,aclj->jc', L1, I.ooov, T1, T2)
mom1_h_ov += 1.0*einsum('ia,kljb,ak,bcli->jc', L1, I.ooov, T1, T2)
mom1_h_ov += -0.5*einsum('ia,kljb,ci,ablk->jc', L1, I.ooov, T1, T2)
mom1_h_ov += 1.0*einsum('ia,kljb,ck,abli->jc', L1, I.ooov, T1, T2)
mom1_h_ov += 0.5*einsum('ia,kljb,bi,aclk->jc', L1, I.ooov, T1, T2)
mom1_h_ov += -1.0*einsum('ia,kljb,bk,acli->jc', L1, I.ooov, T1, T2)
mom1_h_ov += 0.5*einsum('ia,kabc,di,cbkj->jd', L1, I.ovvv, T1, T2)
mom1_h_ov += -0.5*einsum('ia,kabc,dj,cbki->jd', L1, I.ovvv, T1, T2)
mom1_h_ov += 0.5*einsum('ia,kabc,dk,cbji->jd', L1, I.ovvv, T1, T2)
mom1_h_ov += 1.0*einsum('ia,kabc,ci,bdkj->jd', L1, I.ovvv, T1, T2)
mom1_h_ov += -1.0*einsum('ia,kabc,cj,bdki->jd', L1, I.ovvv, T1, T2)
mom1_h_ov += 1.0*einsum('ia,kabc,ck,bdji->jd', L1, I.ovvv, T1, T2)
mom1_h_ov += -1.0*einsum('Iia,kb,acji,Ibk->jc', LU11old, F.ov, T2, U11)
mom1_h_ov += 1.0*einsum('Iia,kb,acki,Ibj->jc', LU11old, F.ov, T2, U11)
mom1_h_ov += -1.0*einsum('Iia,kb,ackj,Ibi->jc', LU11old, F.ov, T2, U11)
mom1_h_ov += 1.0*einsum('Iia,kb,abji,Ick->jc', LU11old, F.ov, T2, U11)
mom1_h_ov += -1.0*einsum('Iia,kb,abki,Icj->jc', LU11old, F.ov, T2, U11)
mom1_h_ov += 1.0*einsum('Iia,kb,abkj,Ici->jc', LU11old, F.ov, T2, U11)
mom1_h_ov += 1.0*einsum('Iia,kb,bcji,Iak->jc', LU11old, F.ov, T2, U11)
mom1_h_ov += -1.0*einsum('Iia,kb,bcki,Iaj->jc', LU11old, F.ov, T2, U11)
mom1_h_ov += 1.0*einsum('Iia,Jab,Ibi,Jcj->jc', LU11old, g.vv, U11, U11)
mom1_h_ov += -1.0*einsum('Iia,Jab,Ibj,Jci->jc', LU11old, g.vv, U11, U11)
mom1_h_ov += -1.0*einsum('Iia,Jab,Ici,Jbj->jc', LU11old, g.vv, U11, U11)
mom1_h_ov += 1.0*einsum('Iia,Jab,Icj,Jbi->jc', LU11old, g.vv, U11, U11)
mom1_h_ov += 1.0*einsum('Iia,Jki,Iaj,Jbk->jb', LU11old, g.oo, U11, U11)
mom1_h_ov += -1.0*einsum('Iia,Jki,Iak,Jbj->jb', LU11old, g.oo, U11, U11)
mom1_h_ov += -1.0*einsum('Iia,Jki,Ibj,Jak->jb', LU11old, g.oo, U11, U11)
mom1_h_ov += 1.0*einsum('Iia,Jki,Ibk,Jaj->jb', LU11old, g.oo, U11, U11)
mom1_h_ov += 1.0*einsum('Iia,Jkj,Iak,Jbi->jb', LU11old, g.oo, U11, U11)
mom1_h_ov += 1.0*einsum('Iia,Jkj,Ibi,Jak->jb', LU11old, g.oo, U11, U11)
mom1_h_ov += -1.0*einsum('Iia,Jkj,Ibk,Jai->jb', LU11old, g.oo, U11, U11)
mom1_h_ov += -1.0*einsum('Iia,Ikb,aj,bcki->jc', LU11old, g_boscre.ov, T1, T2)
mom1_h_ov += 1.0*einsum('Iia,Ikb,ak,bcji->jc', LU11old, g_boscre.ov, T1, T2)
mom1_h_ov += 1.0*einsum('Iia,Ikb,ci,abkj->jc', LU11old, g_boscre.ov, T1, T2)
mom1_h_ov += -1.0*einsum('Iia,Ikb,cj,abki->jc', LU11old, g_boscre.ov, T1, T2)
mom1_h_ov += 1.0*einsum('Iia,Ikb,ck,abji->jc', LU11old, g_boscre.ov, T1, T2)
mom1_h_ov += -1.0*einsum('Iia,Ikb,bi,ackj->jc', LU11old, g_boscre.ov, T1, T2)
mom1_h_ov += 1.0*einsum('Iia,Ikb,bj,acki->jc', LU11old, g_boscre.ov, T1, T2)
mom1_h_ov += -1.0*einsum('Iia,Ikb,bk,acji->jc', LU11old, g_boscre.ov, T1, T2)
mom1_h_ov += -1.0*einsum('Iia,klji,ak,Ibl->jb', LU11old, I.oooo, T1, U11)
mom1_h_ov += 1.0*einsum('Iia,klji,bk,Ial->jb', LU11old, I.oooo, T1, U11)
mom1_h_ov += -1.0*einsum('Iia,kaib,cj,Ibk->jc', LU11old, I.ovov, T1, U11)
mom1_h_ov += 1.0*einsum('Iia,kaib,ck,Ibj->jc', LU11old, I.ovov, T1, U11)
mom1_h_ov += 1.0*einsum('Iia,kaib,bj,Ick->jc', LU11old, I.ovov, T1, U11)
mom1_h_ov += -1.0*einsum('Iia,kaib,bk,Icj->jc', LU11old, I.ovov, T1, U11)
mom1_h_ov += 1.0*einsum('Iia,kajb,ci,Ibk->jc', LU11old, I.ovov, T1, U11)
mom1_h_ov += -1.0*einsum('Iia,kajb,ck,Ibi->jc', LU11old, I.ovov, T1, U11)
mom1_h_ov += -1.0*einsum('Iia,kajb,bi,Ick->jc', LU11old, I.ovov, T1, U11)
mom1_h_ov += 1.0*einsum('Iia,kajb,bk,Ici->jc', LU11old, I.ovov, T1, U11)
mom1_h_ov += -0.5*einsum('ijab,I,baki,Icj->kc', L2, G, T2, U11)
mom1_h_ov += -0.5*einsum('ijab,I,bcji,Iak->kc', L2, G, T2, U11)
mom1_h_ov += 1.0*einsum('ijab,I,bcki,Iaj->kc', L2, G, T2, U11)
mom1_h_ov += 1.0*einsum('ijab,li,bk,aclj->kc', L2, F.oo, T1, T2)
mom1_h_ov += -1.0*einsum('ijab,li,bl,ackj->kc', L2, F.oo, T1, T2)
mom1_h_ov += -0.5*einsum('ijab,li,cj,balk->kc', L2, F.oo, T1, T2)
mom1_h_ov += 0.5*einsum('ijab,li,ck,balj->kc', L2, F.oo, T1, T2)
mom1_h_ov += -0.5*einsum('ijab,li,cl,bakj->kc', L2, F.oo, T1, T2)
mom1_h_ov += -0.5*einsum('ijab,lk,bl,acji->kc', L2, F.oo, T1, T2)
mom1_h_ov += -0.5*einsum('ijab,lk,ci,balj->kc', L2, F.oo, T1, T2)
mom1_h_ov += -0.5*einsum('ijab,bc,ak,cdji->kd', L2, F.vv, T1, T2)
mom1_h_ov += 1.0*einsum('ijab,bc,ci,adkj->kd', L2, F.vv, T1, T2)
mom1_h_ov += 0.5*einsum('ijab,bc,ck,adji->kd', L2, F.vv, T1, T2)
mom1_h_ov += -1.0*einsum('ijab,bc,di,ackj->kd', L2, F.vv, T1, T2)
mom1_h_ov += -0.5*einsum('ijab,bc,dk,acji->kd', L2, F.vv, T1, T2)
mom1_h_ov += 1.0*einsum('ijab,Ibi,ak,Icj->kc', L2, g.vo, T1, U11)
mom1_h_ov += 1.0*einsum('ijab,Ibi,cj,Iak->kc', L2, g.vo, T1, U11)
mom1_h_ov += -1.0*einsum('ijab,Ibi,ck,Iaj->kc', L2, g.vo, T1, U11)
mom1_h_ov += 1.0*einsum('ijab,Ibi,ackj,I->kc', L2, g.vo, T2, S1)
mom1_h_ov += 1.0*einsum('ijab,Ibk,ci,Iaj->kc', L2, g.vo, T1, U11)
mom1_h_ov += 0.5*einsum('ijab,Ibk,acji,I->kc', L2, g.vo, T2, S1)
mom1_h_ov += -0.5*einsum('ijab,lbji,ak,cl->kc', L2, I.ovoo, T1, T1)
mom1_h_ov += 0.5*einsum('ijab,lbji,al,ck->kc', L2, I.ovoo, T1, T1)
mom1_h_ov += -1.0*einsum('ijab,lbki,cj,al->kc', L2, I.ovoo, T1, T1)
mom1_h_ov += 0.5*einsum('ijab,baic,dj,ck->kd', L2, I.vvov, T1, T1)
mom1_h_ov += -0.5*einsum('ijab,baic,cj,dk->kd', L2, I.vvov, T1, T1)
mom1_h_ov += -0.5*einsum('ijab,bakc,ci,dj->kd', L2, I.vvov, T1, T1)
mom1_h_ov += 0.5*einsum('ia,klbc,adki,cblj->jd', L1, I.oovv, T2, T2)
mom1_h_ov += -0.5*einsum('ia,klbc,acji,bdlk->jd', L1, I.oovv, T2, T2)
mom1_h_ov += 1.0*einsum('ia,klbc,acki,bdlj->jd', L1, I.oovv, T2, T2)
mom1_h_ov += 0.5*einsum('ia,klbc,cdji,ablk->jd', L1, I.oovv, T2, T2)
mom1_h_ov += -1.0*einsum('ia,klbc,cdki,ablj->jd', L1, I.oovv, T2, T2)
mom1_h_ov += -0.25*einsum('ia,klbc,cbji,adlk->jd', L1, I.oovv, T2, T2)
mom1_h_ov += 0.5*einsum('ia,klbc,cbki,adlj->jd', L1, I.oovv, T2, T2)
mom1_h_ov += -1.0*einsum('Iia,klib,ackj,Ibl->jc', LU11old, I.ooov, T2, U11)
mom1_h_ov += -0.5*einsum('Iia,klib,aclk,Ibj->jc', LU11old, I.ooov, T2, U11)
mom1_h_ov += 1.0*einsum('Iia,klib,abkj,Icl->jc', LU11old, I.ooov, T2, U11)
mom1_h_ov += 0.5*einsum('Iia,klib,ablk,Icj->jc', LU11old, I.ooov, T2, U11)
mom1_h_ov += 1.0*einsum('Iia,klib,bckj,Ial->jc', LU11old, I.ooov, T2, U11)
mom1_h_ov += 0.5*einsum('Iia,klib,bclk,Iaj->jc', LU11old, I.ooov, T2, U11)
mom1_h_ov += 1.0*einsum('Iia,kljb,acki,Ibl->jc', LU11old, I.ooov, T2, U11)
mom1_h_ov += 0.5*einsum('Iia,kljb,aclk,Ibi->jc', LU11old, I.ooov, T2, U11)
mom1_h_ov += -1.0*einsum('Iia,kljb,abki,Icl->jc', LU11old, I.ooov, T2, U11)
mom1_h_ov += -0.5*einsum('Iia,kljb,ablk,Ici->jc', LU11old, I.ooov, T2, U11)
mom1_h_ov += -1.0*einsum('Iia,kljb,bcki,Ial->jc', LU11old, I.ooov, T2, U11)
mom1_h_ov += -1.0*einsum('Iia,kabc,cdji,Ibk->jd', LU11old, I.ovvv, T2, U11)
mom1_h_ov += 1.0*einsum('Iia,kabc,cdki,Ibj->jd', LU11old, I.ovvv, T2, U11)
mom1_h_ov += -1.0*einsum('Iia,kabc,cdkj,Ibi->jd', LU11old, I.ovvv, T2, U11)
mom1_h_ov += 0.5*einsum('Iia,kabc,cbji,Idk->jd', LU11old, I.ovvv, T2, U11)
mom1_h_ov += -0.5*einsum('Iia,kabc,cbki,Idj->jd', LU11old, I.ovvv, T2, U11)
mom1_h_ov += 0.5*einsum('Iia,kabc,cbkj,Idi->jd', LU11old, I.ovvv, T2, U11)
mom1_h_ov += -0.5*einsum('ijab,lc,baki,cdlj->kd', L2, F.ov, T2, T2)
mom1_h_ov += 0.5*einsum('ijab,lc,bali,cdkj->kd', L2, F.ov, T2, T2)
mom1_h_ov += 0.5*einsum('ijab,lc,bdji,aclk->kd', L2, F.ov, T2, T2)
mom1_h_ov += -1.0*einsum('ijab,lc,bdki,aclj->kd', L2, F.ov, T2, T2)
mom1_h_ov += -0.5*einsum('ijab,lc,bcji,adlk->kd', L2, F.ov, T2, T2)
mom1_h_ov += 1.0*einsum('ijab,lc,bcki,adlj->kd', L2, F.ov, T2, T2)
mom1_h_ov += 0.25*einsum('ijab,lc,cdji,balk->kd', L2, F.ov, T2, T2)
mom1_h_ov += -0.5*einsum('ijab,Ibc,acji,Idk->kd', L2, g.vv, T2, U11)
mom1_h_ov += 1.0*einsum('ijab,Ibc,acki,Idj->kd', L2, g.vv, T2, U11)
mom1_h_ov += 0.5*einsum('ijab,Ibc,adji,Ick->kd', L2, g.vv, T2, U11)
mom1_h_ov += -1.0*einsum('ijab,Ibc,adki,Icj->kd', L2, g.vv, T2, U11)
mom1_h_ov += -0.5*einsum('ijab,Ibc,cdji,Iak->kd', L2, g.vv, T2, U11)
mom1_h_ov += 1.0*einsum('ijab,Ibc,cdki,Iaj->kd', L2, g.vv, T2, U11)
mom1_h_ov += -0.5*einsum('ijab,Ili,bakj,Icl->kc', L2, g.oo, T2, U11)
mom1_h_ov += 0.5*einsum('ijab,Ili,balj,Ick->kc', L2, g.oo, T2, U11)
mom1_h_ov += -0.5*einsum('ijab,Ili,balk,Icj->kc', L2, g.oo, T2, U11)
mom1_h_ov += 1.0*einsum('ijab,Ili,bckj,Ial->kc', L2, g.oo, T2, U11)
mom1_h_ov += -1.0*einsum('ijab,Ili,bclj,Iak->kc', L2, g.oo, T2, U11)
mom1_h_ov += 1.0*einsum('ijab,Ili,bclk,Iaj->kc', L2, g.oo, T2, U11)
mom1_h_ov += 0.5*einsum('ijab,Ilk,bali,Icj->kc', L2, g.oo, T2, U11)
mom1_h_ov += 0.5*einsum('ijab,Ilk,bcji,Ial->kc', L2, g.oo, T2, U11)
mom1_h_ov += -1.0*einsum('ijab,Ilk,bcli,Iaj->kc', L2, g.oo, T2, U11)
mom1_h_ov += -0.25*einsum('ijab,lmji,bk,acml->kc', L2, I.oooo, T1, T2)
mom1_h_ov += 0.5*einsum('ijab,lmji,bl,acmk->kc', L2, I.oooo, T1, T2)
mom1_h_ov += -0.125*einsum('ijab,lmji,ck,baml->kc', L2, I.oooo, T1, T2)
mom1_h_ov += 0.25*einsum('ijab,lmji,cl,bamk->kc', L2, I.oooo, T1, T2)
mom1_h_ov += -1.0*einsum('ijab,lmki,bl,acmj->kc', L2, I.oooo, T1, T2)
mom1_h_ov += 0.25*einsum('ijab,lmki,cj,baml->kc', L2, I.oooo, T1, T2)
mom1_h_ov += -0.5*einsum('ijab,lmki,cl,bamj->kc', L2, I.oooo, T1, T2)
mom1_h_ov += -1.0*einsum('ijab,lbic,ak,cdlj->kd', L2, I.ovov, T1, T2)
mom1_h_ov += 1.0*einsum('ijab,lbic,al,cdkj->kd', L2, I.ovov, T1, T2)
mom1_h_ov += 1.0*einsum('ijab,lbic,dj,aclk->kd', L2, I.ovov, T1, T2)
mom1_h_ov += -1.0*einsum('ijab,lbic,dk,aclj->kd', L2, I.ovov, T1, T2)
mom1_h_ov += 1.0*einsum('ijab,lbic,dl,ackj->kd', L2, I.ovov, T1, T2)
mom1_h_ov += -1.0*einsum('ijab,lbic,cj,adlk->kd', L2, I.ovov, T1, T2)
mom1_h_ov += 1.0*einsum('ijab,lbic,ck,adlj->kd', L2, I.ovov, T1, T2)
mom1_h_ov += -1.0*einsum('ijab,lbic,cl,adkj->kd', L2, I.ovov, T1, T2)
mom1_h_ov += 0.5*einsum('ijab,lbkc,al,cdji->kd', L2, I.ovov, T1, T2)
mom1_h_ov += 1.0*einsum('ijab,lbkc,di,aclj->kd', L2, I.ovov, T1, T2)
mom1_h_ov += 0.5*einsum('ijab,lbkc,dl,acji->kd', L2, I.ovov, T1, T2)
mom1_h_ov += -1.0*einsum('ijab,lbkc,ci,adlj->kd', L2, I.ovov, T1, T2)
mom1_h_ov += -0.5*einsum('ijab,lbkc,cl,adji->kd', L2, I.ovov, T1, T2)
mom1_h_ov += -0.5*einsum('ijab,bacd,di,cekj->ke', L2, I.vvvv, T1, T2)
mom1_h_ov += -0.25*einsum('ijab,bacd,dk,ceji->ke', L2, I.vvvv, T1, T2)
mom1_h_ov += -0.25*einsum('ijab,bacd,ei,dckj->ke', L2, I.vvvv, T1, T2)
mom1_h_ov += -0.125*einsum('ijab,bacd,ek,dcji->ke', L2, I.vvvv, T1, T2)
mom1_h_ov += -0.25*einsum('ijab,lmic,bakj,cdml->kd', L2, I.ooov, T2, T2)
mom1_h_ov += 0.5*einsum('ijab,lmic,balj,cdmk->kd', L2, I.ooov, T2, T2)
mom1_h_ov += -0.5*einsum('ijab,lmic,bdkj,acml->kd', L2, I.ooov, T2, T2)
mom1_h_ov += 1.0*einsum('ijab,lmic,bdlj,acmk->kd', L2, I.ooov, T2, T2)
mom1_h_ov += 0.5*einsum('ijab,lmic,bckj,adml->kd', L2, I.ooov, T2, T2)
mom1_h_ov += -1.0*einsum('ijab,lmic,bclj,admk->kd', L2, I.ooov, T2, T2)
mom1_h_ov += -0.25*einsum('ijab,lmic,cdkj,baml->kd', L2, I.ooov, T2, T2)
mom1_h_ov += 0.5*einsum('ijab,lmic,cdlj,bamk->kd', L2, I.ooov, T2, T2)
mom1_h_ov += 0.5*einsum('ijab,lmkc,bali,cdmj->kd', L2, I.ooov, T2, T2)
mom1_h_ov += -0.25*einsum('ijab,lmkc,bdji,acml->kd', L2, I.ooov, T2, T2)
mom1_h_ov += 0.25*einsum('ijab,lmkc,bcji,adml->kd', L2, I.ooov, T2, T2)
mom1_h_ov += -1.0*einsum('ijab,lmkc,bcli,admj->kd', L2, I.ooov, T2, T2)
mom1_h_ov += -0.125*einsum('ijab,lmkc,cdji,baml->kd', L2, I.ooov, T2, T2)
mom1_h_ov += -0.25*einsum('ijab,lbcd,aeji,dclk->ke', L2, I.ovvv, T2, T2)
mom1_h_ov += 0.5*einsum('ijab,lbcd,aeki,dclj->ke', L2, I.ovvv, T2, T2)
mom1_h_ov += -0.5*einsum('ijab,lbcd,aeli,dckj->ke', L2, I.ovvv, T2, T2)
mom1_h_ov += -0.5*einsum('ijab,lbcd,adji,celk->ke', L2, I.ovvv, T2, T2)
mom1_h_ov += 1.0*einsum('ijab,lbcd,adki,celj->ke', L2, I.ovvv, T2, T2)
mom1_h_ov += -1.0*einsum('ijab,lbcd,adli,cekj->ke', L2, I.ovvv, T2, T2)
mom1_h_ov += 0.5*einsum('ijab,lbcd,deji,aclk->ke', L2, I.ovvv, T2, T2)
mom1_h_ov += -0.25*einsum('ijab,lbcd,dcji,aelk->ke', L2, I.ovvv, T2, T2)
mom1_h_ov += 1.0*einsum('I,Jja,bi,J,Iaj->ib', LS1old, g.ov, T1, S1, U11)
mom1_h_ov += -1.0*einsum('I,Jja,bj,J,Iai->ib', LS1old, g.ov, T1, S1, U11)
mom1_h_ov += -1.0*einsum('I,Jja,ai,J,Ibj->ib', LS1old, g.ov, T1, S1, U11)
mom1_h_ov += 1.0*einsum('ia,kb,ci,ak,bj->jc', L1, F.ov, T1, T1, T1)
mom1_h_ov += 1.0*einsum('ia,kb,bi,aj,ck->jc', L1, F.ov, T1, T1, T1)
mom1_h_ov += -1.0*einsum('ia,kb,bi,ak,cj->jc', L1, F.ov, T1, T1, T1)
mom1_h_ov += 1.0*einsum('ia,Iab,bi,cj,I->jc', L1, g.vv, T1, T1, S1)
mom1_h_ov += -1.0*einsum('ia,Iab,ci,bj,I->jc', L1, g.vv, T1, T1, S1)
mom1_h_ov += 1.0*einsum('ia,Iki,aj,bk,I->jb', L1, g.oo, T1, T1, S1)
mom1_h_ov += -1.0*einsum('ia,Iki,ak,bj,I->jb', L1, g.oo, T1, T1, S1)
mom1_h_ov += 1.0*einsum('ia,Ikj,bi,ak,I->jb', L1, g.oo, T1, T1, S1)
mom1_h_ov += -1.0*einsum('Iia,IJ,bi,aj,J->jb', LU11old, w, T1, T1, S1)
mom1_h_ov += -1.0*einsum('I,jkab,ci,bj,Iak->ic', LS1old, I.oovv, T1, T1, U11)
mom1_h_ov += 1.0*einsum('I,jkab,bi,cj,Iak->ic', LS1old, I.oovv, T1, T1, U11)
mom1_h_ov += -1.0*einsum('I,jkab,bi,aj,Ick->ic', LS1old, I.oovv, T1, T1, U11)
mom1_h_ov += 1.0*einsum('I,jkab,bj,ck,Iai->ic', LS1old, I.oovv, T1, T1, U11)
mom1_h_ov += 1.0*einsum('ia,Ikb,aj,ck,Ibi->jc', L1, g.ov, T1, T1, U11)
mom1_h_ov += -1.0*einsum('ia,Ikb,aj,bk,Ici->jc', L1, g.ov, T1, T1, U11)
mom1_h_ov += -1.0*einsum('ia,Ikb,aj,bcki,I->jc', L1, g.ov, T1, T2, S1)
mom1_h_ov += -1.0*einsum('ia,Ikb,ak,cj,Ibi->jc', L1, g.ov, T1, T1, U11)
mom1_h_ov += 1.0*einsum('ia,Ikb,ak,bj,Ici->jc', L1, g.ov, T1, T1, U11)
mom1_h_ov += 1.0*einsum('ia,Ikb,ak,bcji,I->jc', L1, g.ov, T1, T2, S1)
mom1_h_ov += 1.0*einsum('ia,Ikb,ci,ak,Ibj->jc', L1, g.ov, T1, T1, U11)
mom1_h_ov += 1.0*einsum('ia,Ikb,ci,bj,Iak->jc', L1, g.ov, T1, T1, U11)
mom1_h_ov += -1.0*einsum('ia,Ikb,ci,bk,Iaj->jc', L1, g.ov, T1, T1, U11)
mom1_h_ov += 1.0*einsum('ia,Ikb,ci,abkj,I->jc', L1, g.ov, T1, T2, S1)
mom1_h_ov += 1.0*einsum('ia,Ikb,cj,bk,Iai->jc', L1, g.ov, T1, T1, U11)
mom1_h_ov += -1.0*einsum('ia,Ikb,cj,abki,I->jc', L1, g.ov, T1, T2, S1)
mom1_h_ov += 1.0*einsum('ia,Ikb,ck,abji,I->jc', L1, g.ov, T1, T2, S1)
mom1_h_ov += 1.0*einsum('ia,Ikb,bi,aj,Ick->jc', L1, g.ov, T1, T1, U11)
mom1_h_ov += -1.0*einsum('ia,Ikb,bi,ak,Icj->jc', L1, g.ov, T1, T1, U11)
mom1_h_ov += -1.0*einsum('ia,Ikb,bi,cj,Iak->jc', L1, g.ov, T1, T1, U11)
mom1_h_ov += 1.0*einsum('ia,Ikb,bi,ck,Iaj->jc', L1, g.ov, T1, T1, U11)
mom1_h_ov += -1.0*einsum('ia,Ikb,bi,ackj,I->jc', L1, g.ov, T1, T2, S1)
mom1_h_ov += -1.0*einsum('ia,Ikb,bj,ck,Iai->jc', L1, g.ov, T1, T1, U11)
mom1_h_ov += 1.0*einsum('ia,Ikb,bj,acki,I->jc', L1, g.ov, T1, T2, S1)
mom1_h_ov += -1.0*einsum('ia,klib,aj,bk,cl->jc', L1, I.ooov, T1, T1, T1)
mom1_h_ov += -1.0*einsum('ia,klib,ak,cj,bl->jc', L1, I.ooov, T1, T1, T1)
mom1_h_ov += 1.0*einsum('ia,klib,ak,bj,cl->jc', L1, I.ooov, T1, T1, T1)
mom1_h_ov += 1.0*einsum('ia,kljb,ci,ak,bl->jc', L1, I.ooov, T1, T1, T1)
mom1_h_ov += -1.0*einsum('ia,kljb,bi,ak,cl->jc', L1, I.ooov, T1, T1, T1)
mom1_h_ov += -1.0*einsum('ia,kabc,di,cj,bk->jd', L1, I.ovvv, T1, T1, T1)
mom1_h_ov += 1.0*einsum('ia,kabc,ci,dj,bk->jd', L1, I.ovvv, T1, T1, T1)
mom1_h_ov += -1.0*einsum('ia,kabc,ci,bj,dk->jd', L1, I.ovvv, T1, T1, T1)
mom1_h_ov += 1.0*einsum('Iia,kb,aj,ck,Ibi->jc', LU11old, F.ov, T1, T1, U11)
mom1_h_ov += -1.0*einsum('Iia,kb,ak,cj,Ibi->jc', LU11old, F.ov, T1, T1, U11)
mom1_h_ov += 1.0*einsum('Iia,kb,ak,bj,Ici->jc', LU11old, F.ov, T1, T1, U11)
mom1_h_ov += -1.0*einsum('Iia,kb,ci,aj,Ibk->jc', LU11old, F.ov, T1, T1, U11)
mom1_h_ov += 1.0*einsum('Iia,kb,ci,ak,Ibj->jc', LU11old, F.ov, T1, T1, U11)
mom1_h_ov += 1.0*einsum('Iia,kb,ci,bj,Iak->jc', LU11old, F.ov, T1, T1, U11)
mom1_h_ov += 1.0*einsum('Iia,kb,bi,aj,Ick->jc', LU11old, F.ov, T1, T1, U11)
mom1_h_ov += -1.0*einsum('Iia,kb,bi,ak,Icj->jc', LU11old, F.ov, T1, T1, U11)
mom1_h_ov += -1.0*einsum('Iia,kb,bi,cj,Iak->jc', LU11old, F.ov, T1, T1, U11)
mom1_h_ov += 1.0*einsum('Iia,kb,bi,ck,Iaj->jc', LU11old, F.ov, T1, T1, U11)
mom1_h_ov += 1.0*einsum('Iia,Jab,bi,J,Icj->jc', LU11old, g.vv, T1, S1, U11)
mom1_h_ov += -1.0*einsum('Iia,Jab,bj,J,Ici->jc', LU11old, g.vv, T1, S1, U11)
mom1_h_ov += -1.0*einsum('Iia,Jab,ci,J,Ibj->jc', LU11old, g.vv, T1, S1, U11)
mom1_h_ov += 1.0*einsum('Iia,Jab,cj,J,Ibi->jc', LU11old, g.vv, T1, S1, U11)
mom1_h_ov += 1.0*einsum('Iia,Jki,aj,J,Ibk->jb', LU11old, g.oo, T1, S1, U11)
mom1_h_ov += -1.0*einsum('Iia,Jki,ak,J,Ibj->jb', LU11old, g.oo, T1, S1, U11)
mom1_h_ov += -1.0*einsum('Iia,Jki,bj,J,Iak->jb', LU11old, g.oo, T1, S1, U11)
mom1_h_ov += 1.0*einsum('Iia,Jki,bk,J,Iaj->jb', LU11old, g.oo, T1, S1, U11)
mom1_h_ov += 1.0*einsum('Iia,Jkj,ak,J,Ibi->jb', LU11old, g.oo, T1, S1, U11)
mom1_h_ov += 1.0*einsum('Iia,Jkj,bi,J,Iak->jb', LU11old, g.oo, T1, S1, U11)
mom1_h_ov += -1.0*einsum('Iia,Ikb,ci,aj,bk->jc', LU11old, g_boscre.ov, T1, T1, T1)
mom1_h_ov += 1.0*einsum('Iia,Ikb,ci,ak,bj->jc', LU11old, g_boscre.ov, T1, T1, T1)
mom1_h_ov += 1.0*einsum('Iia,Ikb,bi,aj,ck->jc', LU11old, g_boscre.ov, T1, T1, T1)
mom1_h_ov += -1.0*einsum('Iia,Ikb,bi,ak,cj->jc', LU11old, g_boscre.ov, T1, T1, T1)
mom1_h_ov += 1.0*einsum('ijab,I,ci,bk,Iaj->kc', L2, G, T1, T1, U11)
mom1_h_ov += 1.0*einsum('ijab,li,cj,bk,al->kc', L2, F.oo, T1, T1, T1)
mom1_h_ov += 1.0*einsum('ijab,bc,ci,dj,ak->kd', L2, F.vv, T1, T1, T1)
mom1_h_ov += 1.0*einsum('ijab,Ibi,cj,ak,I->kc', L2, g.vo, T1, T1, S1)
mom1_h_ov += 0.5*einsum('ia,klbc,aj,dk,cbli->jd', L1, I.oovv, T1, T1, T2)
mom1_h_ov += 1.0*einsum('ia,klbc,aj,ck,bdli->jd', L1, I.oovv, T1, T1, T2)
mom1_h_ov += -0.5*einsum('ia,klbc,ak,dj,cbli->jd', L1, I.oovv, T1, T1, T2)
mom1_h_ov += 0.5*einsum('ia,klbc,ak,dl,cbji->jd', L1, I.oovv, T1, T1, T2)
mom1_h_ov += -1.0*einsum('ia,klbc,ak,cj,bdli->jd', L1, I.oovv, T1, T1, T2)
mom1_h_ov += 1.0*einsum('ia,klbc,ak,cl,bdji->jd', L1, I.oovv, T1, T1, T2)
mom1_h_ov += 0.5*einsum('ia,klbc,di,ak,cblj->jd', L1, I.oovv, T1, T1, T2)
mom1_h_ov += 0.5*einsum('ia,klbc,di,cj,ablk->jd', L1, I.oovv, T1, T1, T2)
mom1_h_ov += -1.0*einsum('ia,klbc,di,ck,ablj->jd', L1, I.oovv, T1, T1, T2)
mom1_h_ov += 1.0*einsum('ia,klbc,dj,ck,abli->jd', L1, I.oovv, T1, T1, T2)
mom1_h_ov += -0.5*einsum('ia,klbc,ci,aj,bdlk->jd', L1, I.oovv, T1, T1, T2)
mom1_h_ov += 1.0*einsum('ia,klbc,ci,ak,bdlj->jd', L1, I.oovv, T1, T1, T2)
mom1_h_ov += -0.5*einsum('ia,klbc,ci,dj,ablk->jd', L1, I.oovv, T1, T1, T2)
mom1_h_ov += 1.0*einsum('ia,klbc,ci,dk,ablj->jd', L1, I.oovv, T1, T1, T2)
mom1_h_ov += 0.5*einsum('ia,klbc,ci,bj,adlk->jd', L1, I.oovv, T1, T1, T2)
mom1_h_ov += -1.0*einsum('ia,klbc,ci,bk,adlj->jd', L1, I.oovv, T1, T1, T2)
mom1_h_ov += -1.0*einsum('ia,klbc,cj,dk,abli->jd', L1, I.oovv, T1, T1, T2)
mom1_h_ov += 1.0*einsum('ia,klbc,cj,bk,adli->jd', L1, I.oovv, T1, T1, T2)
mom1_h_ov += -1.0*einsum('ia,klbc,ck,dl,abji->jd', L1, I.oovv, T1, T1, T2)
mom1_h_ov += 1.0*einsum('Iia,Jkb,aj,Ick,Jbi->jc', LU11old, g.ov, T1, U11, U11)
mom1_h_ov += 1.0*einsum('Iia,Jkb,aj,Ibi,Jck->jc', LU11old, g.ov, T1, U11, U11)
mom1_h_ov += -1.0*einsum('Iia,Jkb,aj,Ibk,Jci->jc', LU11old, g.ov, T1, U11, U11)
mom1_h_ov += 1.0*einsum('Iia,Jkb,ak,Ici,Jbj->jc', LU11old, g.ov, T1, U11, U11)
mom1_h_ov += -1.0*einsum('Iia,Jkb,ak,Icj,Jbi->jc', LU11old, g.ov, T1, U11, U11)
mom1_h_ov += -1.0*einsum('Iia,Jkb,ak,Ibi,Jcj->jc', LU11old, g.ov, T1, U11, U11)
mom1_h_ov += 1.0*einsum('Iia,Jkb,ak,Ibj,Jci->jc', LU11old, g.ov, T1, U11, U11)
mom1_h_ov += 1.0*einsum('Iia,Jkb,ci,Iak,Jbj->jc', LU11old, g.ov, T1, U11, U11)
mom1_h_ov += 1.0*einsum('Iia,Jkb,ci,Ibj,Jak->jc', LU11old, g.ov, T1, U11, U11)
mom1_h_ov += -1.0*einsum('Iia,Jkb,ci,Ibk,Jaj->jc', LU11old, g.ov, T1, U11, U11)
mom1_h_ov += -1.0*einsum('Iia,Jkb,cj,Iak,Jbi->jc', LU11old, g.ov, T1, U11, U11)
mom1_h_ov += -1.0*einsum('Iia,Jkb,cj,Ibi,Jak->jc', LU11old, g.ov, T1, U11, U11)
mom1_h_ov += 1.0*einsum('Iia,Jkb,cj,Ibk,Jai->jc', LU11old, g.ov, T1, U11, U11)
mom1_h_ov += 1.0*einsum('Iia,Jkb,ck,Iaj,Jbi->jc', LU11old, g.ov, T1, U11, U11)
mom1_h_ov += 1.0*einsum('Iia,Jkb,ck,Ibi,Jaj->jc', LU11old, g.ov, T1, U11, U11)
mom1_h_ov += -1.0*einsum('Iia,Jkb,ck,Ibj,Jai->jc', LU11old, g.ov, T1, U11, U11)
mom1_h_ov += 1.0*einsum('Iia,Jkb,bi,Iaj,Jck->jc', LU11old, g.ov, T1, U11, U11)
mom1_h_ov += -1.0*einsum('Iia,Jkb,bi,Iak,Jcj->jc', LU11old, g.ov, T1, U11, U11)
mom1_h_ov += -1.0*einsum('Iia,Jkb,bi,Icj,Jak->jc', LU11old, g.ov, T1, U11, U11)
mom1_h_ov += 1.0*einsum('Iia,Jkb,bi,Ick,Jaj->jc', LU11old, g.ov, T1, U11, U11)
mom1_h_ov += 1.0*einsum('Iia,Jkb,bj,Iak,Jci->jc', LU11old, g.ov, T1, U11, U11)
mom1_h_ov += 1.0*einsum('Iia,Jkb,bj,Ici,Jak->jc', LU11old, g.ov, T1, U11, U11)
mom1_h_ov += -1.0*einsum('Iia,Jkb,bj,Ick,Jai->jc', LU11old, g.ov, T1, U11, U11)
mom1_h_ov += -1.0*einsum('Iia,Jkb,bk,Iaj,Jci->jc', LU11old, g.ov, T1, U11, U11)
mom1_h_ov += -1.0*einsum('Iia,Jkb,bk,Ici,Jaj->jc', LU11old, g.ov, T1, U11, U11)
mom1_h_ov += 1.0*einsum('Iia,Jkb,bk,Icj,Jai->jc', LU11old, g.ov, T1, U11, U11)
mom1_h_ov += -1.0*einsum('Iia,Jkb,acji,J,Ibk->jc', LU11old, g.ov, T2, S1, U11)
mom1_h_ov += 1.0*einsum('Iia,Jkb,acki,J,Ibj->jc', LU11old, g.ov, T2, S1, U11)
mom1_h_ov += -1.0*einsum('Iia,Jkb,ackj,J,Ibi->jc', LU11old, g.ov, T2, S1, U11)
mom1_h_ov += 1.0*einsum('Iia,Jkb,abji,J,Ick->jc', LU11old, g.ov, T2, S1, U11)
mom1_h_ov += -1.0*einsum('Iia,Jkb,abki,J,Icj->jc', LU11old, g.ov, T2, S1, U11)
mom1_h_ov += 1.0*einsum('Iia,Jkb,abkj,J,Ici->jc', LU11old, g.ov, T2, S1, U11)
mom1_h_ov += 1.0*einsum('Iia,Jkb,bcji,J,Iak->jc', LU11old, g.ov, T2, S1, U11)
mom1_h_ov += -1.0*einsum('Iia,Jkb,bcki,J,Iaj->jc', LU11old, g.ov, T2, S1, U11)
mom1_h_ov += 1.0*einsum('Iia,klib,aj,ck,Ibl->jc', LU11old, I.ooov, T1, T1, U11)
mom1_h_ov += -1.0*einsum('Iia,klib,aj,bk,Icl->jc', LU11old, I.ooov, T1, T1, U11)
mom1_h_ov += -1.0*einsum('Iia,klib,ak,cj,Ibl->jc', LU11old, I.ooov, T1, T1, U11)
mom1_h_ov += 1.0*einsum('Iia,klib,ak,cl,Ibj->jc', LU11old, I.ooov, T1, T1, U11)
mom1_h_ov += 1.0*einsum('Iia,klib,ak,bj,Icl->jc', LU11old, I.ooov, T1, T1, U11)
mom1_h_ov += -1.0*einsum('Iia,klib,ak,bl,Icj->jc', LU11old, I.ooov, T1, T1, U11)
mom1_h_ov += 1.0*einsum('Iia,klib,cj,bk,Ial->jc', LU11old, I.ooov, T1, T1, U11)
mom1_h_ov += -1.0*einsum('Iia,klib,bj,ck,Ial->jc', LU11old, I.ooov, T1, T1, U11)
mom1_h_ov += -1.0*einsum('Iia,klib,bk,cl,Iaj->jc', LU11old, I.ooov, T1, T1, U11)
mom1_h_ov += -1.0*einsum('Iia,kljb,ak,cl,Ibi->jc', LU11old, I.ooov, T1, T1, U11)
mom1_h_ov += 1.0*einsum('Iia,kljb,ak,bl,Ici->jc', LU11old, I.ooov, T1, T1, U11)
mom1_h_ov += 1.0*einsum('Iia,kljb,ci,ak,Ibl->jc', LU11old, I.ooov, T1, T1, U11)
mom1_h_ov += -1.0*einsum('Iia,kljb,ci,bk,Ial->jc', LU11old, I.ooov, T1, T1, U11)
mom1_h_ov += -1.0*einsum('Iia,kljb,bi,ak,Icl->jc', LU11old, I.ooov, T1, T1, U11)
mom1_h_ov += 1.0*einsum('Iia,kljb,bi,ck,Ial->jc', LU11old, I.ooov, T1, T1, U11)
mom1_h_ov += -1.0*einsum('Iia,kabc,di,cj,Ibk->jd', LU11old, I.ovvv, T1, T1, U11)
mom1_h_ov += 1.0*einsum('Iia,kabc,di,ck,Ibj->jd', LU11old, I.ovvv, T1, T1, U11)
mom1_h_ov += -1.0*einsum('Iia,kabc,dj,ck,Ibi->jd', LU11old, I.ovvv, T1, T1, U11)
mom1_h_ov += 1.0*einsum('Iia,kabc,ci,dj,Ibk->jd', LU11old, I.ovvv, T1, T1, U11)
mom1_h_ov += -1.0*einsum('Iia,kabc,ci,dk,Ibj->jd', LU11old, I.ovvv, T1, T1, U11)
mom1_h_ov += -1.0*einsum('Iia,kabc,ci,bj,Idk->jd', LU11old, I.ovvv, T1, T1, U11)
mom1_h_ov += 1.0*einsum('Iia,kabc,ci,bk,Idj->jd', LU11old, I.ovvv, T1, T1, U11)
mom1_h_ov += 1.0*einsum('Iia,kabc,cj,dk,Ibi->jd', LU11old, I.ovvv, T1, T1, U11)
mom1_h_ov += -1.0*einsum('Iia,kabc,cj,bk,Idi->jd', LU11old, I.ovvv, T1, T1, U11)
mom1_h_ov += -0.5*einsum('ijab,lc,bk,al,cdji->kd', L2, F.ov, T1, T1, T2)
mom1_h_ov += -0.5*einsum('ijab,lc,bk,dl,acji->kd', L2, F.ov, T1, T1, T2)
mom1_h_ov += 0.5*einsum('ijab,lc,bl,dk,acji->kd', L2, F.ov, T1, T1, T2)
mom1_h_ov += -0.5*einsum('ijab,lc,bl,ck,adji->kd', L2, F.ov, T1, T1, T2)
mom1_h_ov += -1.0*einsum('ijab,lc,di,bk,aclj->kd', L2, F.ov, T1, T1, T2)
mom1_h_ov += 1.0*einsum('ijab,lc,di,bl,ackj->kd', L2, F.ov, T1, T1, T2)
mom1_h_ov += -0.5*einsum('ijab,lc,di,ck,balj->kd', L2, F.ov, T1, T1, T2)
mom1_h_ov += 1.0*einsum('ijab,lc,ci,bk,adlj->kd', L2, F.ov, T1, T1, T2)
mom1_h_ov += -1.0*einsum('ijab,lc,ci,bl,adkj->kd', L2, F.ov, T1, T1, T2)
mom1_h_ov += -0.5*einsum('ijab,lc,ci,dj,balk->kd', L2, F.ov, T1, T1, T2)
mom1_h_ov += 0.5*einsum('ijab,lc,ci,dk,balj->kd', L2, F.ov, T1, T1, T2)
mom1_h_ov += -0.5*einsum('ijab,lc,ci,dl,bakj->kd', L2, F.ov, T1, T1, T2)
mom1_h_ov += -0.5*einsum('ijab,Ibc,ak,cdji,I->kd', L2, g.vv, T1, T2, S1)
mom1_h_ov += 1.0*einsum('ijab,Ibc,ci,ak,Idj->kd', L2, g.vv, T1, T1, U11)
mom1_h_ov += 1.0*einsum('ijab,Ibc,ci,dj,Iak->kd', L2, g.vv, T1, T1, U11)
mom1_h_ov += -1.0*einsum('ijab,Ibc,ci,dk,Iaj->kd', L2, g.vv, T1, T1, U11)
mom1_h_ov += 1.0*einsum('ijab,Ibc,ci,adkj,I->kd', L2, g.vv, T1, T2, S1)
mom1_h_ov += 0.5*einsum('ijab,Ibc,ck,adji,I->kd', L2, g.vv, T1, T2, S1)
mom1_h_ov += -1.0*einsum('ijab,Ibc,di,ak,Icj->kd', L2, g.vv, T1, T1, U11)
mom1_h_ov += 1.0*einsum('ijab,Ibc,di,ck,Iaj->kd', L2, g.vv, T1, T1, U11)
mom1_h_ov += -1.0*einsum('ijab,Ibc,di,ackj,I->kd', L2, g.vv, T1, T2, S1)
mom1_h_ov += -0.5*einsum('ijab,Ibc,dk,acji,I->kd', L2, g.vv, T1, T2, S1)
mom1_h_ov += 1.0*einsum('ijab,Ili,bk,al,Icj->kc', L2, g.oo, T1, T1, U11)
mom1_h_ov += -1.0*einsum('ijab,Ili,bk,cl,Iaj->kc', L2, g.oo, T1, T1, U11)
mom1_h_ov += 1.0*einsum('ijab,Ili,bk,aclj,I->kc', L2, g.oo, T1, T2, S1)
mom1_h_ov += 1.0*einsum('ijab,Ili,bl,ck,Iaj->kc', L2, g.oo, T1, T1, U11)
mom1_h_ov += -1.0*einsum('ijab,Ili,bl,ackj,I->kc', L2, g.oo, T1, T2, S1)
mom1_h_ov += 1.0*einsum('ijab,Ili,cj,bk,Ial->kc', L2, g.oo, T1, T1, U11)
mom1_h_ov += -1.0*einsum('ijab,Ili,cj,bl,Iak->kc', L2, g.oo, T1, T1, U11)
mom1_h_ov += -0.5*einsum('ijab,Ili,cj,balk,I->kc', L2, g.oo, T1, T2, S1)
mom1_h_ov += 0.5*einsum('ijab,Ili,ck,balj,I->kc', L2, g.oo, T1, T2, S1)
mom1_h_ov += -0.5*einsum('ijab,Ili,cl,bakj,I->kc', L2, g.oo, T1, T2, S1)
mom1_h_ov += -0.5*einsum('ijab,Ilk,bl,acji,I->kc', L2, g.oo, T1, T2, S1)
mom1_h_ov += -1.0*einsum('ijab,Ilk,ci,bl,Iaj->kc', L2, g.oo, T1, T1, U11)
mom1_h_ov += -0.5*einsum('ijab,Ilk,ci,balj,I->kc', L2, g.oo, T1, T2, S1)
mom1_h_ov += 0.5*einsum('ijab,lmji,bk,al,cm->kc', L2, I.oooo, T1, T1, T1)
mom1_h_ov += 0.25*einsum('ijab,lmji,bl,am,ck->kc', L2, I.oooo, T1, T1, T1)
mom1_h_ov += -0.5*einsum('ijab,lmki,cj,bl,am->kc', L2, I.oooo, T1, T1, T1)
mom1_h_ov += -1.0*einsum('ijab,lbic,dj,ak,cl->kd', L2, I.ovov, T1, T1, T1)
mom1_h_ov += 1.0*einsum('ijab,lbic,dj,al,ck->kd', L2, I.ovov, T1, T1, T1)
mom1_h_ov += 1.0*einsum('ijab,lbic,cj,ak,dl->kd', L2, I.ovov, T1, T1, T1)
mom1_h_ov += -1.0*einsum('ijab,lbic,cj,al,dk->kd', L2, I.ovov, T1, T1, T1)
mom1_h_ov += -1.0*einsum('ijab,lbkc,ci,dj,al->kd', L2, I.ovov, T1, T1, T1)
mom1_h_ov += 0.25*einsum('ijab,bacd,di,cj,ek->ke', L2, I.vvvv, T1, T1, T1)
mom1_h_ov += -0.5*einsum('ijab,bacd,di,ej,ck->ke', L2, I.vvvv, T1, T1, T1)
mom1_h_ov += 1.0*einsum('Iia,klbc,aj,cdki,Ibl->jd', LU11old, I.oovv, T1, T2, U11)
mom1_h_ov += 0.5*einsum('Iia,klbc,aj,cdlk,Ibi->jd', LU11old, I.oovv, T1, T2, U11)
mom1_h_ov += -0.5*einsum('Iia,klbc,aj,cbki,Idl->jd', LU11old, I.oovv, T1, T2, U11)
mom1_h_ov += -1.0*einsum('Iia,klbc,ak,cdji,Ibl->jd', LU11old, I.oovv, T1, T2, U11)
mom1_h_ov += 1.0*einsum('Iia,klbc,ak,cdli,Ibj->jd', LU11old, I.oovv, T1, T2, U11)
mom1_h_ov += -1.0*einsum('Iia,klbc,ak,cdlj,Ibi->jd', LU11old, I.oovv, T1, T2, U11)
mom1_h_ov += 0.5*einsum('Iia,klbc,ak,cbji,Idl->jd', LU11old, I.oovv, T1, T2, U11)
mom1_h_ov += -0.5*einsum('Iia,klbc,ak,cbli,Idj->jd', LU11old, I.oovv, T1, T2, U11)
mom1_h_ov += 0.5*einsum('Iia,klbc,ak,cblj,Idi->jd', LU11old, I.oovv, T1, T2, U11)
mom1_h_ov += -1.0*einsum('Iia,klbc,di,ackj,Ibl->jd', LU11old, I.oovv, T1, T2, U11)
mom1_h_ov += -0.5*einsum('Iia,klbc,di,aclk,Ibj->jd', LU11old, I.oovv, T1, T2, U11)
mom1_h_ov += -0.5*einsum('Iia,klbc,di,cbkj,Ial->jd', LU11old, I.oovv, T1, T2, U11)
mom1_h_ov += 1.0*einsum('Iia,klbc,dj,acki,Ibl->jd', LU11old, I.oovv, T1, T2, U11)
mom1_h_ov += 0.5*einsum('Iia,klbc,dj,aclk,Ibi->jd', LU11old, I.oovv, T1, T2, U11)
mom1_h_ov += 0.5*einsum('Iia,klbc,dj,cbki,Ial->jd', LU11old, I.oovv, T1, T2, U11)
mom1_h_ov += -1.0*einsum('Iia,klbc,dk,acji,Ibl->jd', LU11old, I.oovv, T1, T2, U11)
mom1_h_ov += 1.0*einsum('Iia,klbc,dk,acli,Ibj->jd', LU11old, I.oovv, T1, T2, U11)
mom1_h_ov += -1.0*einsum('Iia,klbc,dk,aclj,Ibi->jd', LU11old, I.oovv, T1, T2, U11)
mom1_h_ov += -0.5*einsum('Iia,klbc,dk,cbji,Ial->jd', LU11old, I.oovv, T1, T2, U11)
mom1_h_ov += 0.5*einsum('Iia,klbc,dk,cbli,Iaj->jd', LU11old, I.oovv, T1, T2, U11)
mom1_h_ov += 1.0*einsum('Iia,klbc,ci,adkj,Ibl->jd', LU11old, I.oovv, T1, T2, U11)
mom1_h_ov += 0.5*einsum('Iia,klbc,ci,adlk,Ibj->jd', LU11old, I.oovv, T1, T2, U11)
mom1_h_ov += -1.0*einsum('Iia,klbc,ci,abkj,Idl->jd', LU11old, I.oovv, T1, T2, U11)
mom1_h_ov += -0.5*einsum('Iia,klbc,ci,ablk,Idj->jd', LU11old, I.oovv, T1, T2, U11)
mom1_h_ov += -1.0*einsum('Iia,klbc,ci,bdkj,Ial->jd', LU11old, I.oovv, T1, T2, U11)
mom1_h_ov += -0.5*einsum('Iia,klbc,ci,bdlk,Iaj->jd', LU11old, I.oovv, T1, T2, U11)
mom1_h_ov += -1.0*einsum('Iia,klbc,cj,adki,Ibl->jd', LU11old, I.oovv, T1, T2, U11)
mom1_h_ov += -0.5*einsum('Iia,klbc,cj,adlk,Ibi->jd', LU11old, I.oovv, T1, T2, U11)
mom1_h_ov += 1.0*einsum('Iia,klbc,cj,abki,Idl->jd', LU11old, I.oovv, T1, T2, U11)
mom1_h_ov += 0.5*einsum('Iia,klbc,cj,ablk,Idi->jd', LU11old, I.oovv, T1, T2, U11)
mom1_h_ov += 1.0*einsum('Iia,klbc,cj,bdki,Ial->jd', LU11old, I.oovv, T1, T2, U11)
mom1_h_ov += 1.0*einsum('Iia,klbc,ck,adji,Ibl->jd', LU11old, I.oovv, T1, T2, U11)
mom1_h_ov += -1.0*einsum('Iia,klbc,ck,adli,Ibj->jd', LU11old, I.oovv, T1, T2, U11)
mom1_h_ov += 1.0*einsum('Iia,klbc,ck,adlj,Ibi->jd', LU11old, I.oovv, T1, T2, U11)
mom1_h_ov += -1.0*einsum('Iia,klbc,ck,abji,Idl->jd', LU11old, I.oovv, T1, T2, U11)
mom1_h_ov += 1.0*einsum('Iia,klbc,ck,abli,Idj->jd', LU11old, I.oovv, T1, T2, U11)
mom1_h_ov += -1.0*einsum('Iia,klbc,ck,ablj,Idi->jd', LU11old, I.oovv, T1, T2, U11)
mom1_h_ov += -1.0*einsum('Iia,klbc,ck,bdji,Ial->jd', LU11old, I.oovv, T1, T2, U11)
mom1_h_ov += 1.0*einsum('Iia,klbc,ck,bdli,Iaj->jd', LU11old, I.oovv, T1, T2, U11)
mom1_h_ov += -1.0*einsum('ijab,Ilc,bk,adli,Icj->kd', L2, g.ov, T1, T2, U11)
mom1_h_ov += -0.5*einsum('ijab,Ilc,bk,acji,Idl->kd', L2, g.ov, T1, T2, U11)
mom1_h_ov += 1.0*einsum('ijab,Ilc,bk,acli,Idj->kd', L2, g.ov, T1, T2, U11)
mom1_h_ov += -0.5*einsum('ijab,Ilc,bk,cdji,Ial->kd', L2, g.ov, T1, T2, U11)
mom1_h_ov += 1.0*einsum('ijab,Ilc,bk,cdli,Iaj->kd', L2, g.ov, T1, T2, U11)
mom1_h_ov += -0.5*einsum('ijab,Ilc,bl,adji,Ick->kd', L2, g.ov, T1, T2, U11)
mom1_h_ov += 1.0*einsum('ijab,Ilc,bl,adki,Icj->kd', L2, g.ov, T1, T2, U11)
mom1_h_ov += 0.5*einsum('ijab,Ilc,bl,acji,Idk->kd', L2, g.ov, T1, T2, U11)
mom1_h_ov += -1.0*einsum('ijab,Ilc,bl,acki,Idj->kd', L2, g.ov, T1, T2, U11)
mom1_h_ov += 0.5*einsum('ijab,Ilc,bl,cdji,Iak->kd', L2, g.ov, T1, T2, U11)
mom1_h_ov += -1.0*einsum('ijab,Ilc,bl,cdki,Iaj->kd', L2, g.ov, T1, T2, U11)
mom1_h_ov += -0.5*einsum('ijab,Ilc,di,balj,Ick->kd', L2, g.ov, T1, T2, U11)
mom1_h_ov += 0.5*einsum('ijab,Ilc,di,balk,Icj->kd', L2, g.ov, T1, T2, U11)
mom1_h_ov += -1.0*einsum('ijab,Ilc,di,bckj,Ial->kd', L2, g.ov, T1, T2, U11)
mom1_h_ov += 1.0*einsum('ijab,Ilc,di,bclj,Iak->kd', L2, g.ov, T1, T2, U11)
mom1_h_ov += -1.0*einsum('ijab,Ilc,di,bclk,Iaj->kd', L2, g.ov, T1, T2, U11)
mom1_h_ov += -0.5*einsum('ijab,Ilc,dk,bali,Icj->kd', L2, g.ov, T1, T2, U11)
mom1_h_ov += -0.5*einsum('ijab,Ilc,dk,bcji,Ial->kd', L2, g.ov, T1, T2, U11)
mom1_h_ov += 1.0*einsum('ijab,Ilc,dk,bcli,Iaj->kd', L2, g.ov, T1, T2, U11)
mom1_h_ov += 0.5*einsum('ijab,Ilc,dl,baki,Icj->kd', L2, g.ov, T1, T2, U11)
mom1_h_ov += 0.5*einsum('ijab,Ilc,dl,bcji,Iak->kd', L2, g.ov, T1, T2, U11)
mom1_h_ov += -1.0*einsum('ijab,Ilc,dl,bcki,Iaj->kd', L2, g.ov, T1, T2, U11)
mom1_h_ov += -0.5*einsum('ijab,Ilc,ci,bakj,Idl->kd', L2, g.ov, T1, T2, U11)
mom1_h_ov += 0.5*einsum('ijab,Ilc,ci,balj,Idk->kd', L2, g.ov, T1, T2, U11)
mom1_h_ov += -0.5*einsum('ijab,Ilc,ci,balk,Idj->kd', L2, g.ov, T1, T2, U11)
mom1_h_ov += 1.0*einsum('ijab,Ilc,ci,bdkj,Ial->kd', L2, g.ov, T1, T2, U11)
mom1_h_ov += -1.0*einsum('ijab,Ilc,ci,bdlj,Iak->kd', L2, g.ov, T1, T2, U11)
mom1_h_ov += 1.0*einsum('ijab,Ilc,ci,bdlk,Iaj->kd', L2, g.ov, T1, T2, U11)
mom1_h_ov += 0.5*einsum('ijab,Ilc,ck,bali,Idj->kd', L2, g.ov, T1, T2, U11)
mom1_h_ov += 0.5*einsum('ijab,Ilc,ck,bdji,Ial->kd', L2, g.ov, T1, T2, U11)
mom1_h_ov += -1.0*einsum('ijab,Ilc,ck,bdli,Iaj->kd', L2, g.ov, T1, T2, U11)
mom1_h_ov += -0.5*einsum('ijab,Ilc,cl,baki,Idj->kd', L2, g.ov, T1, T2, U11)
mom1_h_ov += -0.5*einsum('ijab,Ilc,cl,bdji,Iak->kd', L2, g.ov, T1, T2, U11)
mom1_h_ov += 1.0*einsum('ijab,Ilc,cl,bdki,Iaj->kd', L2, g.ov, T1, T2, U11)
mom1_h_ov += -0.5*einsum('ijab,Ilc,baki,cdlj,I->kd', L2, g.ov, T2, T2, S1)
mom1_h_ov += 0.5*einsum('ijab,Ilc,bali,cdkj,I->kd', L2, g.ov, T2, T2, S1)
mom1_h_ov += 0.5*einsum('ijab,Ilc,bdji,aclk,I->kd', L2, g.ov, T2, T2, S1)
mom1_h_ov += -1.0*einsum('ijab,Ilc,bdki,aclj,I->kd', L2, g.ov, T2, T2, S1)
mom1_h_ov += -0.5*einsum('ijab,Ilc,bcji,adlk,I->kd', L2, g.ov, T2, T2, S1)
mom1_h_ov += 1.0*einsum('ijab,Ilc,bcki,adlj,I->kd', L2, g.ov, T2, T2, S1)
mom1_h_ov += 0.25*einsum('ijab,Ilc,cdji,balk,I->kd', L2, g.ov, T2, T2, S1)
mom1_h_ov += 1.0*einsum('ijab,lmic,bk,al,cdmj->kd', L2, I.ooov, T1, T1, T2)
mom1_h_ov += 1.0*einsum('ijab,lmic,bk,dl,acmj->kd', L2, I.ooov, T1, T1, T2)
mom1_h_ov += -1.0*einsum('ijab,lmic,bk,cl,admj->kd', L2, I.ooov, T1, T1, T2)
mom1_h_ov += 0.5*einsum('ijab,lmic,bl,am,cdkj->kd', L2, I.ooov, T1, T1, T2)
mom1_h_ov += -1.0*einsum('ijab,lmic,bl,dk,acmj->kd', L2, I.ooov, T1, T1, T2)
mom1_h_ov += 1.0*einsum('ijab,lmic,bl,dm,ackj->kd', L2, I.ooov, T1, T1, T2)
mom1_h_ov += 1.0*einsum('ijab,lmic,bl,ck,admj->kd', L2, I.ooov, T1, T1, T2)
mom1_h_ov += -1.0*einsum('ijab,lmic,bl,cm,adkj->kd', L2, I.ooov, T1, T1, T2)
mom1_h_ov += -0.5*einsum('ijab,lmic,dj,bk,acml->kd', L2, I.ooov, T1, T1, T2)
mom1_h_ov += 1.0*einsum('ijab,lmic,dj,bl,acmk->kd', L2, I.ooov, T1, T1, T2)
mom1_h_ov += -0.25*einsum('ijab,lmic,dj,ck,baml->kd', L2, I.ooov, T1, T1, T2)
mom1_h_ov += 0.5*einsum('ijab,lmic,dj,cl,bamk->kd', L2, I.ooov, T1, T1, T2)
mom1_h_ov += -0.5*einsum('ijab,lmic,dk,cl,bamj->kd', L2, I.ooov, T1, T1, T2)
mom1_h_ov += 0.5*einsum('ijab,lmic,cj,bk,adml->kd', L2, I.ooov, T1, T1, T2)
mom1_h_ov += -1.0*einsum('ijab,lmic,cj,bl,admk->kd', L2, I.ooov, T1, T1, T2)
mom1_h_ov += 0.25*einsum('ijab,lmic,cj,dk,baml->kd', L2, I.ooov, T1, T1, T2)
mom1_h_ov += -0.5*einsum('ijab,lmic,cj,dl,bamk->kd', L2, I.ooov, T1, T1, T2)
mom1_h_ov += 0.5*einsum('ijab,lmic,ck,dl,bamj->kd', L2, I.ooov, T1, T1, T2)
mom1_h_ov += 0.5*einsum('ijab,lmic,cl,dm,bakj->kd', L2, I.ooov, T1, T1, T2)
mom1_h_ov += 0.25*einsum('ijab,lmkc,bl,am,cdji->kd', L2, I.ooov, T1, T1, T2)
mom1_h_ov += 0.5*einsum('ijab,lmkc,bl,dm,acji->kd', L2, I.ooov, T1, T1, T2)
mom1_h_ov += -0.5*einsum('ijab,lmkc,bl,cm,adji->kd', L2, I.ooov, T1, T1, T2)
mom1_h_ov += 1.0*einsum('ijab,lmkc,di,bl,acmj->kd', L2, I.ooov, T1, T1, T2)
mom1_h_ov += 0.5*einsum('ijab,lmkc,di,cl,bamj->kd', L2, I.ooov, T1, T1, T2)
mom1_h_ov += -1.0*einsum('ijab,lmkc,ci,bl,admj->kd', L2, I.ooov, T1, T1, T2)
mom1_h_ov += 0.25*einsum('ijab,lmkc,ci,dj,baml->kd', L2, I.ooov, T1, T1, T2)
mom1_h_ov += -0.5*einsum('ijab,lmkc,ci,dl,bamj->kd', L2, I.ooov, T1, T1, T2)
mom1_h_ov += 0.25*einsum('ijab,lbcd,ak,el,dcji->ke', L2, I.ovvv, T1, T1, T2)
mom1_h_ov += 0.5*einsum('ijab,lbcd,ak,dl,ceji->ke', L2, I.ovvv, T1, T1, T2)
mom1_h_ov += -0.25*einsum('ijab,lbcd,al,ek,dcji->ke', L2, I.ovvv, T1, T1, T2)
mom1_h_ov += -0.5*einsum('ijab,lbcd,al,dk,ceji->ke', L2, I.ovvv, T1, T1, T2)
mom1_h_ov += 0.5*einsum('ijab,lbcd,ei,ak,dclj->ke', L2, I.ovvv, T1, T1, T2)
mom1_h_ov += -0.5*einsum('ijab,lbcd,ei,al,dckj->ke', L2, I.ovvv, T1, T1, T2)
mom1_h_ov += -1.0*einsum('ijab,lbcd,ei,dk,aclj->ke', L2, I.ovvv, T1, T1, T2)
mom1_h_ov += 1.0*einsum('ijab,lbcd,ei,dl,ackj->ke', L2, I.ovvv, T1, T1, T2)
mom1_h_ov += 0.5*einsum('ijab,lbcd,ek,dl,acji->ke', L2, I.ovvv, T1, T1, T2)
mom1_h_ov += 1.0*einsum('ijab,lbcd,di,ak,celj->ke', L2, I.ovvv, T1, T1, T2)
mom1_h_ov += -1.0*einsum('ijab,lbcd,di,al,cekj->ke', L2, I.ovvv, T1, T1, T2)
mom1_h_ov += -1.0*einsum('ijab,lbcd,di,ej,aclk->ke', L2, I.ovvv, T1, T1, T2)
mom1_h_ov += 1.0*einsum('ijab,lbcd,di,ek,aclj->ke', L2, I.ovvv, T1, T1, T2)
mom1_h_ov += -1.0*einsum('ijab,lbcd,di,el,ackj->ke', L2, I.ovvv, T1, T1, T2)
mom1_h_ov += 0.5*einsum('ijab,lbcd,di,cj,aelk->ke', L2, I.ovvv, T1, T1, T2)
mom1_h_ov += -1.0*einsum('ijab,lbcd,di,ck,aelj->ke', L2, I.ovvv, T1, T1, T2)
mom1_h_ov += 1.0*einsum('ijab,lbcd,di,cl,aekj->ke', L2, I.ovvv, T1, T1, T2)
mom1_h_ov += -0.5*einsum('ijab,lbcd,dk,el,acji->ke', L2, I.ovvv, T1, T1, T2)
mom1_h_ov += 0.5*einsum('ijab,lbcd,dk,cl,aeji->ke', L2, I.ovvv, T1, T1, T2)
mom1_h_ov += -0.5*einsum('ijab,lmcd,bk,aeli,dcmj->ke', L2, I.oovv, T1, T2, T2)
mom1_h_ov += 0.25*einsum('ijab,lmcd,bk,adji,ceml->ke', L2, I.oovv, T1, T2, T2)
mom1_h_ov += -1.0*einsum('ijab,lmcd,bk,adli,cemj->ke', L2, I.oovv, T1, T2, T2)
mom1_h_ov += -0.25*einsum('ijab,lmcd,bk,deji,acml->ke', L2, I.oovv, T1, T2, T2)
mom1_h_ov += 0.125*einsum('ijab,lmcd,bk,dcji,aeml->ke', L2, I.oovv, T1, T2, T2)
mom1_h_ov += -0.25*einsum('ijab,lmcd,bl,aeji,dcmk->ke', L2, I.oovv, T1, T2, T2)
mom1_h_ov += 0.5*einsum('ijab,lmcd,bl,aeki,dcmj->ke', L2, I.oovv, T1, T2, T2)
mom1_h_ov += -0.5*einsum('ijab,lmcd,bl,aemi,dckj->ke', L2, I.oovv, T1, T2, T2)
mom1_h_ov += -0.5*einsum('ijab,lmcd,bl,adji,cemk->ke', L2, I.oovv, T1, T2, T2)
mom1_h_ov += 1.0*einsum('ijab,lmcd,bl,adki,cemj->ke', L2, I.oovv, T1, T2, T2)
mom1_h_ov += -1.0*einsum('ijab,lmcd,bl,admi,cekj->ke', L2, I.oovv, T1, T2, T2)
mom1_h_ov += 0.5*einsum('ijab,lmcd,bl,deji,acmk->ke', L2, I.oovv, T1, T2, T2)
mom1_h_ov += -0.25*einsum('ijab,lmcd,bl,dcji,aemk->ke', L2, I.oovv, T1, T2, T2)
mom1_h_ov += -0.25*einsum('ijab,lmcd,ei,balj,dcmk->ke', L2, I.oovv, T1, T2, T2)
mom1_h_ov += -0.5*einsum('ijab,lmcd,ei,bdkj,acml->ke', L2, I.oovv, T1, T2, T2)
mom1_h_ov += 1.0*einsum('ijab,lmcd,ei,bdlj,acmk->ke', L2, I.oovv, T1, T2, T2)
mom1_h_ov += 0.125*einsum('ijab,lmcd,ei,dckj,baml->ke', L2, I.oovv, T1, T2, T2)
mom1_h_ov += -0.25*einsum('ijab,lmcd,ei,dclj,bamk->ke', L2, I.oovv, T1, T2, T2)
mom1_h_ov += -0.25*einsum('ijab,lmcd,ek,bali,dcmj->ke', L2, I.oovv, T1, T2, T2)
mom1_h_ov += -0.25*einsum('ijab,lmcd,ek,bdji,acml->ke', L2, I.oovv, T1, T2, T2)
mom1_h_ov += 0.5*einsum('ijab,lmcd,ek,bdli,acmj->ke', L2, I.oovv, T1, T2, T2)
mom1_h_ov += 0.0625*einsum('ijab,lmcd,ek,dcji,baml->ke', L2, I.oovv, T1, T2, T2)
mom1_h_ov += 0.25*einsum('ijab,lmcd,el,baki,dcmj->ke', L2, I.oovv, T1, T2, T2)
mom1_h_ov += -0.25*einsum('ijab,lmcd,el,bami,dckj->ke', L2, I.oovv, T1, T2, T2)
mom1_h_ov += 0.5*einsum('ijab,lmcd,el,bdji,acmk->ke', L2, I.oovv, T1, T2, T2)
mom1_h_ov += -1.0*einsum('ijab,lmcd,el,bdki,acmj->ke', L2, I.oovv, T1, T2, T2)
mom1_h_ov += -0.125*einsum('ijab,lmcd,el,dcji,bamk->ke', L2, I.oovv, T1, T2, T2)
mom1_h_ov += 0.25*einsum('ijab,lmcd,di,bakj,ceml->ke', L2, I.oovv, T1, T2, T2)
mom1_h_ov += -0.5*einsum('ijab,lmcd,di,balj,cemk->ke', L2, I.oovv, T1, T2, T2)
mom1_h_ov += 0.5*einsum('ijab,lmcd,di,bekj,acml->ke', L2, I.oovv, T1, T2, T2)
mom1_h_ov += -1.0*einsum('ijab,lmcd,di,belj,acmk->ke', L2, I.oovv, T1, T2, T2)
mom1_h_ov += -0.5*einsum('ijab,lmcd,di,bckj,aeml->ke', L2, I.oovv, T1, T2, T2)
mom1_h_ov += 1.0*einsum('ijab,lmcd,di,bclj,aemk->ke', L2, I.oovv, T1, T2, T2)
mom1_h_ov += 0.25*einsum('ijab,lmcd,di,cekj,baml->ke', L2, I.oovv, T1, T2, T2)
mom1_h_ov += -0.5*einsum('ijab,lmcd,di,celj,bamk->ke', L2, I.oovv, T1, T2, T2)
mom1_h_ov += -0.5*einsum('ijab,lmcd,dk,bali,cemj->ke', L2, I.oovv, T1, T2, T2)
mom1_h_ov += 0.25*einsum('ijab,lmcd,dk,beji,acml->ke', L2, I.oovv, T1, T2, T2)
mom1_h_ov += -0.25*einsum('ijab,lmcd,dk,bcji,aeml->ke', L2, I.oovv, T1, T2, T2)
mom1_h_ov += 1.0*einsum('ijab,lmcd,dk,bcli,aemj->ke', L2, I.oovv, T1, T2, T2)
mom1_h_ov += 0.125*einsum('ijab,lmcd,dk,ceji,baml->ke', L2, I.oovv, T1, T2, T2)
mom1_h_ov += 0.5*einsum('ijab,lmcd,dl,baki,cemj->ke', L2, I.oovv, T1, T2, T2)
mom1_h_ov += -0.5*einsum('ijab,lmcd,dl,bami,cekj->ke', L2, I.oovv, T1, T2, T2)
mom1_h_ov += -0.5*einsum('ijab,lmcd,dl,beji,acmk->ke', L2, I.oovv, T1, T2, T2)
mom1_h_ov += 1.0*einsum('ijab,lmcd,dl,beki,acmj->ke', L2, I.oovv, T1, T2, T2)
mom1_h_ov += 0.5*einsum('ijab,lmcd,dl,bcji,aemk->ke', L2, I.oovv, T1, T2, T2)
mom1_h_ov += -1.0*einsum('ijab,lmcd,dl,bcki,aemj->ke', L2, I.oovv, T1, T2, T2)
mom1_h_ov += -0.25*einsum('ijab,lmcd,dl,ceji,bamk->ke', L2, I.oovv, T1, T2, T2)
mom1_h_ov += 1.0*einsum('ia,Ikb,ci,ak,bj,I->jc', L1, g.ov, T1, T1, T1, S1)
mom1_h_ov += 1.0*einsum('ia,Ikb,bi,aj,ck,I->jc', L1, g.ov, T1, T1, T1, S1)
mom1_h_ov += -1.0*einsum('ia,Ikb,bi,ak,cj,I->jc', L1, g.ov, T1, T1, T1, S1)
mom1_h_ov += -1.0*einsum('ia,klbc,di,ak,cj,bl->jd', L1, I.oovv, T1, T1, T1, T1)
mom1_h_ov += 1.0*einsum('ia,klbc,ci,aj,bk,dl->jd', L1, I.oovv, T1, T1, T1, T1)
mom1_h_ov += 1.0*einsum('ia,klbc,ci,ak,dj,bl->jd', L1, I.oovv, T1, T1, T1, T1)
mom1_h_ov += -1.0*einsum('ia,klbc,ci,ak,bj,dl->jd', L1, I.oovv, T1, T1, T1, T1)
mom1_h_ov += 1.0*einsum('Iia,Jkb,aj,ck,J,Ibi->jc', LU11old, g.ov, T1, T1, S1, U11)
mom1_h_ov += -1.0*einsum('Iia,Jkb,ak,cj,J,Ibi->jc', LU11old, g.ov, T1, T1, S1, U11)
mom1_h_ov += 1.0*einsum('Iia,Jkb,ak,bj,J,Ici->jc', LU11old, g.ov, T1, T1, S1, U11)
mom1_h_ov += -1.0*einsum('Iia,Jkb,ci,aj,J,Ibk->jc', LU11old, g.ov, T1, T1, S1, U11)
mom1_h_ov += 1.0*einsum('Iia,Jkb,ci,ak,J,Ibj->jc', LU11old, g.ov, T1, T1, S1, U11)
mom1_h_ov += 1.0*einsum('Iia,Jkb,ci,bj,J,Iak->jc', LU11old, g.ov, T1, T1, S1, U11)
mom1_h_ov += 1.0*einsum('Iia,Jkb,bi,aj,J,Ick->jc', LU11old, g.ov, T1, T1, S1, U11)
mom1_h_ov += -1.0*einsum('Iia,Jkb,bi,ak,J,Icj->jc', LU11old, g.ov, T1, T1, S1, U11)
mom1_h_ov += -1.0*einsum('Iia,Jkb,bi,cj,J,Iak->jc', LU11old, g.ov, T1, T1, S1, U11)
mom1_h_ov += 1.0*einsum('Iia,Jkb,bi,ck,J,Iaj->jc', LU11old, g.ov, T1, T1, S1, U11)
mom1_h_ov += 1.0*einsum('ijab,lc,ci,dj,bk,al->kd', L2, F.ov, T1, T1, T1, T1)
mom1_h_ov += 1.0*einsum('ijab,Ibc,ci,dj,ak,I->kd', L2, g.vv, T1, T1, T1, S1)
mom1_h_ov += 1.0*einsum('ijab,Ili,cj,bk,al,I->kc', L2, g.oo, T1, T1, T1, S1)
mom1_h_ov += -1.0*einsum('Iia,klbc,aj,ck,dl,Ibi->jd', LU11old, I.oovv, T1, T1, T1, U11)
mom1_h_ov += -1.0*einsum('Iia,klbc,ak,dj,cl,Ibi->jd', LU11old, I.oovv, T1, T1, T1, U11)
mom1_h_ov += 1.0*einsum('Iia,klbc,ak,cj,dl,Ibi->jd', LU11old, I.oovv, T1, T1, T1, U11)
mom1_h_ov += -1.0*einsum('Iia,klbc,ak,cj,bl,Idi->jd', LU11old, I.oovv, T1, T1, T1, U11)
mom1_h_ov += 1.0*einsum('Iia,klbc,di,aj,ck,Ibl->jd', LU11old, I.oovv, T1, T1, T1, U11)
mom1_h_ov += -1.0*einsum('Iia,klbc,di,ak,cj,Ibl->jd', LU11old, I.oovv, T1, T1, T1, U11)
mom1_h_ov += 1.0*einsum('Iia,klbc,di,ak,cl,Ibj->jd', LU11old, I.oovv, T1, T1, T1, U11)
mom1_h_ov += 1.0*einsum('Iia,klbc,di,cj,bk,Ial->jd', LU11old, I.oovv, T1, T1, T1, U11)
mom1_h_ov += -1.0*einsum('Iia,klbc,ci,aj,dk,Ibl->jd', LU11old, I.oovv, T1, T1, T1, U11)
mom1_h_ov += 1.0*einsum('Iia,klbc,ci,aj,bk,Idl->jd', LU11old, I.oovv, T1, T1, T1, U11)
mom1_h_ov += 1.0*einsum('Iia,klbc,ci,ak,dj,Ibl->jd', LU11old, I.oovv, T1, T1, T1, U11)
mom1_h_ov += -1.0*einsum('Iia,klbc,ci,ak,dl,Ibj->jd', LU11old, I.oovv, T1, T1, T1, U11)
mom1_h_ov += -1.0*einsum('Iia,klbc,ci,ak,bj,Idl->jd', LU11old, I.oovv, T1, T1, T1, U11)
mom1_h_ov += 1.0*einsum('Iia,klbc,ci,ak,bl,Idj->jd', LU11old, I.oovv, T1, T1, T1, U11)
mom1_h_ov += -1.0*einsum('Iia,klbc,ci,dj,bk,Ial->jd', LU11old, I.oovv, T1, T1, T1, U11)
mom1_h_ov += 1.0*einsum('Iia,klbc,ci,bj,dk,Ial->jd', LU11old, I.oovv, T1, T1, T1, U11)
mom1_h_ov += 1.0*einsum('Iia,klbc,ci,bk,dl,Iaj->jd', LU11old, I.oovv, T1, T1, T1, U11)
mom1_h_ov += -0.5*einsum('ijab,Ilc,bk,al,cdji,I->kd', L2, g.ov, T1, T1, T2, S1)
mom1_h_ov += -0.5*einsum('ijab,Ilc,bk,dl,acji,I->kd', L2, g.ov, T1, T1, T2, S1)
mom1_h_ov += 0.5*einsum('ijab,Ilc,bl,dk,acji,I->kd', L2, g.ov, T1, T1, T2, S1)
mom1_h_ov += -0.5*einsum('ijab,Ilc,bl,ck,adji,I->kd', L2, g.ov, T1, T1, T2, S1)
mom1_h_ov += -1.0*einsum('ijab,Ilc,di,bk,al,Icj->kd', L2, g.ov, T1, T1, T1, U11)
mom1_h_ov += 1.0*einsum('ijab,Ilc,di,bk,cl,Iaj->kd', L2, g.ov, T1, T1, T1, U11)
mom1_h_ov += -1.0*einsum('ijab,Ilc,di,bk,aclj,I->kd', L2, g.ov, T1, T1, T2, S1)
mom1_h_ov += -1.0*einsum('ijab,Ilc,di,bl,ck,Iaj->kd', L2, g.ov, T1, T1, T1, U11)
mom1_h_ov += 1.0*einsum('ijab,Ilc,di,bl,ackj,I->kd', L2, g.ov, T1, T1, T2, S1)
mom1_h_ov += -0.5*einsum('ijab,Ilc,di,ck,balj,I->kd', L2, g.ov, T1, T1, T2, S1)
mom1_h_ov += 1.0*einsum('ijab,Ilc,ci,bk,al,Idj->kd', L2, g.ov, T1, T1, T1, U11)
mom1_h_ov += -1.0*einsum('ijab,Ilc,ci,bk,dl,Iaj->kd', L2, g.ov, T1, T1, T1, U11)
mom1_h_ov += 1.0*einsum('ijab,Ilc,ci,bk,adlj,I->kd', L2, g.ov, T1, T1, T2, S1)
mom1_h_ov += 1.0*einsum('ijab,Ilc,ci,bl,dk,Iaj->kd', L2, g.ov, T1, T1, T1, U11)
mom1_h_ov += -1.0*einsum('ijab,Ilc,ci,bl,adkj,I->kd', L2, g.ov, T1, T1, T2, S1)
mom1_h_ov += 1.0*einsum('ijab,Ilc,ci,dj,bk,Ial->kd', L2, g.ov, T1, T1, T1, U11)
mom1_h_ov += -1.0*einsum('ijab,Ilc,ci,dj,bl,Iak->kd', L2, g.ov, T1, T1, T1, U11)
mom1_h_ov += -0.5*einsum('ijab,Ilc,ci,dj,balk,I->kd', L2, g.ov, T1, T1, T2, S1)
mom1_h_ov += 0.5*einsum('ijab,Ilc,ci,dk,balj,I->kd', L2, g.ov, T1, T1, T2, S1)
mom1_h_ov += -0.5*einsum('ijab,Ilc,ci,dl,bakj,I->kd', L2, g.ov, T1, T1, T2, S1)
mom1_h_ov += 1.0*einsum('ijab,lmic,dj,bk,al,cm->kd', L2, I.ooov, T1, T1, T1, T1)
mom1_h_ov += 0.5*einsum('ijab,lmic,dj,bl,am,ck->kd', L2, I.ooov, T1, T1, T1, T1)
mom1_h_ov += -1.0*einsum('ijab,lmic,cj,bk,al,dm->kd', L2, I.ooov, T1, T1, T1, T1)
mom1_h_ov += -0.5*einsum('ijab,lmic,cj,bl,am,dk->kd', L2, I.ooov, T1, T1, T1, T1)
mom1_h_ov += -0.5*einsum('ijab,lmkc,ci,dj,bl,am->kd', L2, I.ooov, T1, T1, T1, T1)
mom1_h_ov += 1.0*einsum('ijab,lbcd,di,ej,ak,cl->ke', L2, I.ovvv, T1, T1, T1, T1)
mom1_h_ov += -1.0*einsum('ijab,lbcd,di,ej,al,ck->ke', L2, I.ovvv, T1, T1, T1, T1)
mom1_h_ov += -0.5*einsum('ijab,lbcd,di,cj,ak,el->ke', L2, I.ovvv, T1, T1, T1, T1)
mom1_h_ov += 0.5*einsum('ijab,lbcd,di,cj,al,ek->ke', L2, I.ovvv, T1, T1, T1, T1)
mom1_h_ov += -0.25*einsum('ijab,lmcd,bk,al,em,dcji->ke', L2, I.oovv, T1, T1, T1, T2)
mom1_h_ov += -0.5*einsum('ijab,lmcd,bk,al,dm,ceji->ke', L2, I.oovv, T1, T1, T1, T2)
mom1_h_ov += 0.5*einsum('ijab,lmcd,bk,dl,em,acji->ke', L2, I.oovv, T1, T1, T1, T2)
mom1_h_ov += -0.125*einsum('ijab,lmcd,bl,am,ek,dcji->ke', L2, I.oovv, T1, T1, T1, T2)
mom1_h_ov += -0.25*einsum('ijab,lmcd,bl,am,dk,ceji->ke', L2, I.oovv, T1, T1, T1, T2)
mom1_h_ov += 0.5*einsum('ijab,lmcd,bl,ek,dm,acji->ke', L2, I.oovv, T1, T1, T1, T2)
mom1_h_ov += -0.5*einsum('ijab,lmcd,bl,dk,em,acji->ke', L2, I.oovv, T1, T1, T1, T2)
mom1_h_ov += 0.5*einsum('ijab,lmcd,bl,dk,cm,aeji->ke', L2, I.oovv, T1, T1, T1, T2)
mom1_h_ov += -0.5*einsum('ijab,lmcd,ei,bk,al,dcmj->ke', L2, I.oovv, T1, T1, T1, T2)
mom1_h_ov += 1.0*einsum('ijab,lmcd,ei,bk,dl,acmj->ke', L2, I.oovv, T1, T1, T1, T2)
mom1_h_ov += -0.25*einsum('ijab,lmcd,ei,bl,am,dckj->ke', L2, I.oovv, T1, T1, T1, T2)
mom1_h_ov += -1.0*einsum('ijab,lmcd,ei,bl,dk,acmj->ke', L2, I.oovv, T1, T1, T1, T2)
mom1_h_ov += 1.0*einsum('ijab,lmcd,ei,bl,dm,ackj->ke', L2, I.oovv, T1, T1, T1, T2)
mom1_h_ov += -0.5*einsum('ijab,lmcd,ei,dk,cl,bamj->ke', L2, I.oovv, T1, T1, T1, T2)
mom1_h_ov += -1.0*einsum('ijab,lmcd,di,bk,al,cemj->ke', L2, I.oovv, T1, T1, T1, T2)
mom1_h_ov += -1.0*einsum('ijab,lmcd,di,bk,el,acmj->ke', L2, I.oovv, T1, T1, T1, T2)
mom1_h_ov += 1.0*einsum('ijab,lmcd,di,bk,cl,aemj->ke', L2, I.oovv, T1, T1, T1, T2)
mom1_h_ov += -0.5*einsum('ijab,lmcd,di,bl,am,cekj->ke', L2, I.oovv, T1, T1, T1, T2)
mom1_h_ov += 1.0*einsum('ijab,lmcd,di,bl,ek,acmj->ke', L2, I.oovv, T1, T1, T1, T2)
mom1_h_ov += -1.0*einsum('ijab,lmcd,di,bl,em,ackj->ke', L2, I.oovv, T1, T1, T1, T2)
mom1_h_ov += -1.0*einsum('ijab,lmcd,di,bl,ck,aemj->ke', L2, I.oovv, T1, T1, T1, T2)
mom1_h_ov += 1.0*einsum('ijab,lmcd,di,bl,cm,aekj->ke', L2, I.oovv, T1, T1, T1, T2)
mom1_h_ov += 0.5*einsum('ijab,lmcd,di,ej,bk,acml->ke', L2, I.oovv, T1, T1, T1, T2)
mom1_h_ov += -1.0*einsum('ijab,lmcd,di,ej,bl,acmk->ke', L2, I.oovv, T1, T1, T1, T2)
mom1_h_ov += 0.25*einsum('ijab,lmcd,di,ej,ck,baml->ke', L2, I.oovv, T1, T1, T1, T2)
mom1_h_ov += -0.5*einsum('ijab,lmcd,di,ej,cl,bamk->ke', L2, I.oovv, T1, T1, T1, T2)
mom1_h_ov += 0.5*einsum('ijab,lmcd,di,ek,cl,bamj->ke', L2, I.oovv, T1, T1, T1, T2)
mom1_h_ov += -0.25*einsum('ijab,lmcd,di,cj,bk,aeml->ke', L2, I.oovv, T1, T1, T1, T2)
mom1_h_ov += 0.5*einsum('ijab,lmcd,di,cj,bl,aemk->ke', L2, I.oovv, T1, T1, T1, T2)
mom1_h_ov += -0.125*einsum('ijab,lmcd,di,cj,ek,baml->ke', L2, I.oovv, T1, T1, T1, T2)
mom1_h_ov += 0.25*einsum('ijab,lmcd,di,cj,el,bamk->ke', L2, I.oovv, T1, T1, T1, T2)
mom1_h_ov += -0.5*einsum('ijab,lmcd,di,ck,el,bamj->ke', L2, I.oovv, T1, T1, T1, T2)
mom1_h_ov += -0.5*einsum('ijab,lmcd,di,cl,em,bakj->ke', L2, I.oovv, T1, T1, T1, T2)
mom1_h_ov += 1.0*einsum('ijab,Ilc,ci,dj,bk,al,I->kd', L2, g.ov, T1, T1, T1, T1, S1)
mom1_h_ov += -1.0*einsum('ijab,lmcd,di,ej,bk,al,cm->ke', L2, I.oovv, T1, T1, T1, T1, T1)
mom1_h_ov += -0.5*einsum('ijab,lmcd,di,ej,bl,am,ck->ke', L2, I.oovv, T1, T1, T1, T1, T1)
mom1_h_ov += 0.5*einsum('ijab,lmcd,di,cj,bk,al,em->ke', L2, I.oovv, T1, T1, T1, T1, T1)
mom1_h_ov += 0.25*einsum('ijab,lmcd,di,cj,bl,am,ek->ke', L2, I.oovv, T1, T1, T1, T1, T1)

***
