P_{vo hole} = 
mom1_h_vo += -1.0*einsum('ia,ji->aj', L1, F.oo)
mom1_h_vo += 1.0*einsum('ijab,ai->bj', L2, F.vo)
mom1_h_vo += -0.5*einsum('ijab,kaji->bk', L2, I.ovoo)
mom1_h_vo += -1.0*einsum('ia,jb,bi->aj', L1, F.ov, T1)
mom1_h_vo += -1.0*einsum('ia,jkib,bk->aj', L1, I.ooov, T1)
mom1_h_vo += -1.0*einsum('ijab,ki,ak->bj', L2, F.oo, T1)
mom1_h_vo += -1.0*einsum('ijab,ac,cj->bi', L2, F.vv, T1)
mom1_h_vo += -0.5*einsum('ia,jkbc,cbki->aj', L1, I.oovv, T2)
mom1_h_vo += 0.5*einsum('ijab,kc,acji->bk', L2, F.ov, T2)
mom1_h_vo += 1.0*einsum('ijab,kaic,cj->bk', L2, I.ovov, T1)
mom1_h_vo += 0.5*einsum('ijab,klji,al->bk', L2, I.oooo, T1)
mom1_h_vo += -1.0*einsum('ijab,kaic,ck->bj', L2, I.ovov, T1)
mom1_h_vo += 1.0*einsum('ijab,kc,ackj->bi', L2, F.ov, T2)
mom1_h_vo += -1.0*einsum('ijab,klic,aclj->bk', L2, I.ooov, T2)
mom1_h_vo += 0.25*einsum('ijab,kacd,dcji->bk', L2, I.ovvv, T2)
mom1_h_vo += 0.5*einsum('ijab,klic,aclk->bj', L2, I.ooov, T2)
mom1_h_vo += 0.5*einsum('ijab,kacd,dckj->bi', L2, I.ovvv, T2)
mom1_h_vo += 1.0*einsum('ia,jkbc,ci,bk->aj', L1, I.oovv, T1, T1)
mom1_h_vo += 1.0*einsum('ijab,kc,cj,ak->bi', L2, F.ov, T1, T1)
mom1_h_vo += -1.0*einsum('ijab,klic,cj,al->bk', L2, I.ooov, T1, T1)
mom1_h_vo += -0.5*einsum('ijab,kacd,di,cj->bk', L2, I.ovvv, T1, T1)
mom1_h_vo += -1.0*einsum('ijab,klic,ak,cl->bj', L2, I.ooov, T1, T1)
mom1_h_vo += -1.0*einsum('ijab,kacd,dj,ck->bi', L2, I.ovvv, T1, T1)
mom1_h_vo += -0.25*einsum('ijab,klcd,al,dcji->bk', L2, I.oovv, T1, T2)
mom1_h_vo += 1.0*einsum('ijab,klcd,di,aclj->bk', L2, I.oovv, T1, T2)
mom1_h_vo += 0.5*einsum('ijab,klcd,dl,acji->bk', L2, I.oovv, T1, T2)
mom1_h_vo += 0.5*einsum('ijab,klcd,ak,dclj->bi', L2, I.oovv, T1, T2)
mom1_h_vo += 0.5*einsum('ijab,klcd,dj,aclk->bi', L2, I.oovv, T1, T2)
mom1_h_vo += -1.0*einsum('ijab,klcd,dk,aclj->bi', L2, I.oovv, T1, T2)
mom1_h_vo += 0.5*einsum('ijab,klcd,di,cj,al->bk', L2, I.oovv, T1, T1, T1)
mom1_h_vo += -1.0*einsum('ijab,klcd,dj,ak,cl->bi', L2, I.oovv, T1, T1, T1)

***
P_{vv hole} = 
mom1_h_vv += -1.0*einsum('ia,ji,bj->ab', L1, F.oo, T1)
mom1_h_vv += 1.0*einsum('ia,jb,bcji->ac', L1, F.ov, T2)
mom1_h_vv += 1.0*einsum('ijab,ai,cj->bc', L2, F.vo, T1)
mom1_h_vv += -0.5*einsum('ia,jkib,bckj->ac', L1, I.ooov, T2)
mom1_h_vv += -1.0*einsum('ijab,ki,ackj->bc', L2, F.oo, T2)
mom1_h_vv += -0.5*einsum('ijab,ac,cdji->bd', L2, F.vv, T2)
mom1_h_vv += -0.5*einsum('ijab,kaji,ck->bc', L2, I.ovoo, T1)
mom1_h_vv += 0.25*einsum('ijab,klji,aclk->bc', L2, I.oooo, T2)
mom1_h_vv += -1.0*einsum('ijab,kaic,cdkj->bd', L2, I.ovov, T2)
mom1_h_vv += -1.0*einsum('ia,jb,bi,cj->ac', L1, F.ov, T1, T1)
mom1_h_vv += 1.0*einsum('ia,jkib,bj,ck->ac', L1, I.ooov, T1, T1)
mom1_h_vv += -1.0*einsum('ijab,ki,cj,ak->bc', L2, F.oo, T1, T1)
mom1_h_vv += 1.0*einsum('ijab,ac,ci,dj->bd', L2, F.vv, T1, T1)
mom1_h_vv += 0.5*einsum('ia,jkbc,ci,bdkj->ad', L1, I.oovv, T1, T2)
mom1_h_vv += -1.0*einsum('ia,jkbc,cj,bdki->ad', L1, I.oovv, T1, T2)
mom1_h_vv += -0.5*einsum('ia,jkbc,dj,cbki->ad', L1, I.oovv, T1, T2)
mom1_h_vv += 0.5*einsum('ijab,kc,ak,cdji->bd', L2, F.ov, T1, T2)
mom1_h_vv += -1.0*einsum('ijab,kc,ci,adkj->bd', L2, F.ov, T1, T2)
mom1_h_vv += 1.0*einsum('ijab,kc,di,ackj->bd', L2, F.ov, T1, T2)
mom1_h_vv += 0.5*einsum('ijab,kc,dk,acji->bd', L2, F.ov, T1, T2)
mom1_h_vv += -0.5*einsum('ijab,klji,ak,cl->bc', L2, I.oooo, T1, T1)
mom1_h_vv += 1.0*einsum('ijab,kaic,cj,dk->bd', L2, I.ovov, T1, T1)
mom1_h_vv += -1.0*einsum('ijab,kaic,dj,ck->bd', L2, I.ovov, T1, T1)
mom1_h_vv += -1.0*einsum('ijab,klic,ak,cdlj->bd', L2, I.ooov, T1, T2)
mom1_h_vv += -0.5*einsum('ijab,klic,cj,adlk->bd', L2, I.ooov, T1, T2)
mom1_h_vv += 1.0*einsum('ijab,klic,ck,adlj->bd', L2, I.ooov, T1, T2)
mom1_h_vv += 0.5*einsum('ijab,klic,dj,aclk->bd', L2, I.ooov, T1, T2)
mom1_h_vv += -1.0*einsum('ijab,klic,dk,aclj->bd', L2, I.ooov, T1, T2)
mom1_h_vv += 1.0*einsum('ijab,kacd,di,cekj->be', L2, I.ovvv, T1, T2)
mom1_h_vv += 0.5*einsum('ijab,kacd,dk,ceji->be', L2, I.ovvv, T1, T2)
mom1_h_vv += 0.5*einsum('ijab,kacd,ei,dckj->be', L2, I.ovvv, T1, T2)
mom1_h_vv += 0.25*einsum('ijab,kacd,ek,dcji->be', L2, I.ovvv, T1, T2)
mom1_h_vv += -0.25*einsum('ijab,klcd,adji,celk->be', L2, I.oovv, T2, T2)
mom1_h_vv += 1.0*einsum('ijab,klcd,adki,celj->be', L2, I.oovv, T2, T2)
mom1_h_vv += 0.5*einsum('ijab,klcd,aeki,dclj->be', L2, I.oovv, T2, T2)
mom1_h_vv += -0.125*einsum('ijab,klcd,dcji,aelk->be', L2, I.oovv, T2, T2)
mom1_h_vv += 0.25*einsum('ijab,klcd,deji,aclk->be', L2, I.oovv, T2, T2)
mom1_h_vv += -1.0*einsum('ia,jkbc,ci,bj,dk->ad', L1, I.oovv, T1, T1, T1)
mom1_h_vv += -1.0*einsum('ijab,kc,ci,dj,ak->bd', L2, F.ov, T1, T1, T1)
mom1_h_vv += 1.0*einsum('ijab,klic,cj,ak,dl->bd', L2, I.ooov, T1, T1, T1)
mom1_h_vv += -1.0*einsum('ijab,klic,dj,ak,cl->bd', L2, I.ooov, T1, T1, T1)
mom1_h_vv += -0.5*einsum('ijab,kacd,di,cj,ek->be', L2, I.ovvv, T1, T1, T1)
mom1_h_vv += 1.0*einsum('ijab,kacd,di,ej,ck->be', L2, I.ovvv, T1, T1, T1)
mom1_h_vv += 0.5*einsum('ijab,klcd,ak,dl,ceji->be', L2, I.oovv, T1, T1, T2)
mom1_h_vv += 0.25*einsum('ijab,klcd,ak,el,dcji->be', L2, I.oovv, T1, T1, T2)
mom1_h_vv += 1.0*einsum('ijab,klcd,di,ak,celj->be', L2, I.oovv, T1, T1, T2)
mom1_h_vv += 0.25*einsum('ijab,klcd,di,cj,aelk->be', L2, I.oovv, T1, T1, T2)
mom1_h_vv += -1.0*einsum('ijab,klcd,di,ck,aelj->be', L2, I.oovv, T1, T1, T2)
mom1_h_vv += -0.5*einsum('ijab,klcd,di,ej,aclk->be', L2, I.oovv, T1, T1, T2)
mom1_h_vv += 1.0*einsum('ijab,klcd,di,ek,aclj->be', L2, I.oovv, T1, T1, T2)
mom1_h_vv += -0.5*einsum('ijab,klcd,dk,el,acji->be', L2, I.oovv, T1, T1, T2)
mom1_h_vv += 0.5*einsum('ijab,klcd,ei,ak,dclj->be', L2, I.oovv, T1, T1, T2)
mom1_h_vv += -1.0*einsum('ijab,klcd,ei,dk,aclj->be', L2, I.oovv, T1, T1, T2)
mom1_h_vv += -0.5*einsum('ijab,klcd,di,cj,ak,el->be', L2, I.oovv, T1, T1, T1, T1)
mom1_h_vv += 1.0*einsum('ijab,klcd,di,ej,ak,cl->be', L2, I.oovv, T1, T1, T1, T1)

***
P_{oo hole} = 
mom1_h_oo += -1.0*einsum('ji->ij', F.oo)
mom1_h_oo += -1.0*einsum('ja,ai->ij', F.ov, T1)
mom1_h_oo += -1.0*einsum('ia,aj->ji', L1, F.vo)
mom1_h_oo += -1.0*einsum('jkia,ak->ij', I.ooov, T1)
mom1_h_oo += -1.0*einsum('ia,kaji->jk', L1, I.ovoo)
mom1_h_oo += -0.5*einsum('jkab,baki->ij', I.oovv, T2)
mom1_h_oo += -0.5*einsum('ijab,baki->kj', L2, I.vvoo)
mom1_h_oo += 1.0*einsum('ia,ki,aj->jk', L1, F.oo, T1)
mom1_h_oo += 1.0*einsum('ia,ai,jk->jk', L1, F.vo, delta)
mom1_h_oo += -1.0*einsum('ia,ab,bj->ji', L1, F.vv, T1)
mom1_h_oo += 1.0*einsum('ia,kj,ak->ji', L1, F.oo, T1)
mom1_h_oo += 1.0*einsum('jkab,bi,ak->ij', I.oovv, T1, T1)
mom1_h_oo += 1.0*einsum('ia,kb,abji->jk', L1, F.ov, T2)
mom1_h_oo += 1.0*einsum('ia,kaib,bj->jk', L1, I.ovov, T1)
mom1_h_oo += -1.0*einsum('ia,kajb,bi->jk', L1, I.ovov, T1)
mom1_h_oo += 1.0*einsum('ia,klji,al->jk', L1, I.oooo, T1)
mom1_h_oo += 1.0*einsum('ia,kb,abkj->ji', L1, F.ov, T2)
mom1_h_oo += 1.0*einsum('ia,kajb,bk->ji', L1, I.ovov, T1)
mom1_h_oo += 1.0*einsum('ijab,bi,ak->kj', L2, F.vo, T1)
mom1_h_oo += -1.0*einsum('ia,klib,ablj->jk', L1, I.ooov, T2)
mom1_h_oo += 1.0*einsum('ia,kljb,abli->jk', L1, I.ooov, T2)
mom1_h_oo += 0.5*einsum('ia,kabc,cbji->jk', L1, I.ovvv, T2)
mom1_h_oo += -0.5*einsum('ia,kljb,ablk->ji', L1, I.ooov, T2)
mom1_h_oo += 0.5*einsum('ia,kabc,cbkj->ji', L1, I.ovvv, T2)
mom1_h_oo += -0.5*einsum('ijab,li,bakj->kl', L2, F.oo, T2)
mom1_h_oo += -0.5*einsum('ijab,lbji,ak->kl', L2, I.ovoo, T1)
mom1_h_oo += 0.25*einsum('ijab,baji,kl->kl', L2, I.vvoo, delta)
mom1_h_oo += -0.5*einsum('ijab,li,balk->kj', L2, F.oo, T2)
mom1_h_oo += -1.0*einsum('ijab,lbki,al->kj', L2, I.ovoo, T1)
mom1_h_oo += 0.5*einsum('ijab,baic,ck->kj', L2, I.vvov, T1)
mom1_h_oo += -1.0*einsum('ijab,bc,ackj->ki', L2, F.vv, T2)
mom1_h_oo += -0.5*einsum('ijab,lk,balj->ki', L2, F.oo, T2)
mom1_h_oo += 0.5*einsum('ijab,bakc,cj->ki', L2, I.vvov, T1)
mom1_h_oo += 1.0*einsum('ijab,lbic,ackj->kl', L2, I.ovov, T2)
mom1_h_oo += 0.5*einsum('ijab,lbkc,acji->kl', L2, I.ovov, T2)
mom1_h_oo += 0.25*einsum('ijab,lmji,bamk->kl', L2, I.oooo, T2)
mom1_h_oo += -0.5*einsum('ijab,lmki,bamj->kl', L2, I.oooo, T2)
mom1_h_oo += 1.0*einsum('ijab,lbic,aclk->kj', L2, I.ovov, T2)
mom1_h_oo += 0.25*einsum('ijab,lmki,baml->kj', L2, I.oooo, T2)
mom1_h_oo += -0.25*einsum('ijab,bacd,dckj->ki', L2, I.vvvv, T2)
mom1_h_oo += 1.0*einsum('ijab,lbkc,aclj->ki', L2, I.ovov, T2)
mom1_h_oo += -1.0*einsum('ia,ki,ak,jl->jl', L1, F.oo, T1, delta)
mom1_h_oo += 1.0*einsum('ia,kb,bi,aj->jk', L1, F.ov, T1, T1)
mom1_h_oo += 1.0*einsum('ia,ab,bi,jk->jk', L1, F.vv, T1, delta)
mom1_h_oo += 1.0*einsum('ia,kb,ak,bj->ji', L1, F.ov, T1, T1)
mom1_h_oo += -1.0*einsum('ia,kb,abki,jl->jl', L1, F.ov, T2, delta)
mom1_h_oo += -1.0*einsum('ia,kaib,bk,jl->jl', L1, I.ovov, T1, delta)
mom1_h_oo += 1.0*einsum('ia,klib,aj,bl->jk', L1, I.ooov, T1, T1)
mom1_h_oo += -1.0*einsum('ia,klib,al,bj->jk', L1, I.ooov, T1, T1)
mom1_h_oo += 1.0*einsum('ia,kljb,bi,al->jk', L1, I.ooov, T1, T1)
mom1_h_oo += -1.0*einsum('ia,kabc,ci,bj->jk', L1, I.ovvv, T1, T1)
mom1_h_oo += 1.0*einsum('ia,kljb,ak,bl->ji', L1, I.ooov, T1, T1)
mom1_h_oo += -1.0*einsum('ia,kabc,cj,bk->ji', L1, I.ovvv, T1, T1)
mom1_h_oo += 1.0*einsum('ijab,li,bk,al->kj', L2, F.oo, T1, T1)
mom1_h_oo += -1.0*einsum('ijab,bc,cj,ak->ki', L2, F.vv, T1, T1)
mom1_h_oo += 0.5*einsum('ia,klib,ablk,jm->jm', L1, I.ooov, T2, delta)
mom1_h_oo += -0.5*einsum('ia,kabc,cbki,jl->jl', L1, I.ovvv, T2, delta)
mom1_h_oo += 0.5*einsum('ia,klbc,aj,cbli->jk', L1, I.oovv, T1, T2)
mom1_h_oo += -0.5*einsum('ia,klbc,al,cbji->jk', L1, I.oovv, T1, T2)
mom1_h_oo += 1.0*einsum('ia,klbc,ci,ablj->jk', L1, I.oovv, T1, T2)
mom1_h_oo += -1.0*einsum('ia,klbc,cj,abli->jk', L1, I.oovv, T1, T2)
mom1_h_oo += 1.0*einsum('ia,klbc,cl,abji->jk', L1, I.oovv, T1, T2)
mom1_h_oo += 0.5*einsum('ia,klbc,ak,cblj->ji', L1, I.oovv, T1, T2)
mom1_h_oo += 0.5*einsum('ia,klbc,cj,ablk->ji', L1, I.oovv, T1, T2)
mom1_h_oo += -1.0*einsum('ia,klbc,ck,ablj->ji', L1, I.oovv, T1, T2)
mom1_h_oo += 0.5*einsum('ijab,li,balj,km->km', L2, F.oo, T2, delta)
mom1_h_oo += -0.5*einsum('ijab,lc,bk,acji->kl', L2, F.ov, T1, T2)
mom1_h_oo += -0.5*einsum('ijab,lc,ci,bakj->kl', L2, F.ov, T1, T2)
mom1_h_oo += -0.5*einsum('ijab,bc,acji,kl->kl', L2, F.vv, T2, delta)
mom1_h_oo += 0.5*einsum('ijab,lbji,al,km->km', L2, I.ovoo, T1, delta)
mom1_h_oo += 1.0*einsum('ijab,lbic,cj,ak->kl', L2, I.ovov, T1, T1)
mom1_h_oo += -0.5*einsum('ijab,lmji,bk,am->kl', L2, I.oooo, T1, T1)
mom1_h_oo += -0.5*einsum('ijab,baic,cj,kl->kl', L2, I.vvov, T1, delta)
mom1_h_oo += -1.0*einsum('ijab,lbic,ak,cl->kj', L2, I.ovov, T1, T1)
mom1_h_oo += 1.0*einsum('ijab,lbic,al,ck->kj', L2, I.ovov, T1, T1)
mom1_h_oo += -0.5*einsum('ijab,lmki,bl,am->kj', L2, I.oooo, T1, T1)
mom1_h_oo += 0.5*einsum('ijab,bacd,dj,ck->ki', L2, I.vvvv, T1, T1)
mom1_h_oo += -1.0*einsum('ijab,lc,bk,aclj->ki', L2, F.ov, T1, T2)
mom1_h_oo += 1.0*einsum('ijab,lc,bl,ackj->ki', L2, F.ov, T1, T2)
mom1_h_oo += 0.5*einsum('ijab,lc,cj,balk->ki', L2, F.ov, T1, T2)
mom1_h_oo += -0.5*einsum('ijab,lc,ck,balj->ki', L2, F.ov, T1, T2)
mom1_h_oo += 1.0*einsum('ijab,lbkc,cj,al->ki', L2, I.ovov, T1, T1)
mom1_h_oo += -0.125*einsum('ijab,lmji,baml,kn->kn', L2, I.oooo, T2, delta)
mom1_h_oo += -1.0*einsum('ijab,lbic,aclj,km->km', L2, I.ovov, T2, delta)
mom1_h_oo += 1.0*einsum('ijab,lmic,bk,acmj->kl', L2, I.ooov, T1, T2)
mom1_h_oo += -1.0*einsum('ijab,lmic,bm,ackj->kl', L2, I.ooov, T1, T2)
mom1_h_oo += -0.5*einsum('ijab,lmic,cj,bamk->kl', L2, I.ooov, T1, T2)
mom1_h_oo += 0.5*einsum('ijab,lmic,ck,bamj->kl', L2, I.ooov, T1, T2)
mom1_h_oo += -0.5*einsum('ijab,lmic,cm,bakj->kl', L2, I.ooov, T1, T2)
mom1_h_oo += -0.5*einsum('ijab,lmkc,bm,acji->kl', L2, I.ooov, T1, T2)
mom1_h_oo += -0.5*einsum('ijab,lmkc,ci,bamj->kl', L2, I.ooov, T1, T2)
mom1_h_oo += 0.25*einsum('ijab,lbcd,ak,dcji->kl', L2, I.ovvv, T1, T2)
mom1_h_oo += -1.0*einsum('ijab,lbcd,di,ackj->kl', L2, I.ovvv, T1, T2)
mom1_h_oo += -0.5*einsum('ijab,lbcd,dk,acji->kl', L2, I.ovvv, T1, T2)
mom1_h_oo += -0.125*einsum('ijab,bacd,dcji,kl->kl', L2, I.vvvv, T2, delta)
mom1_h_oo += -0.5*einsum('ijab,lmic,bk,acml->kj', L2, I.ooov, T1, T2)
mom1_h_oo += 1.0*einsum('ijab,lmic,bl,acmk->kj', L2, I.ooov, T1, T2)
mom1_h_oo += -0.25*einsum('ijab,lmic,ck,baml->kj', L2, I.ooov, T1, T2)
mom1_h_oo += 0.5*einsum('ijab,lmic,cl,bamk->kj', L2, I.ooov, T1, T2)
mom1_h_oo += 1.0*einsum('ijab,lmkc,bl,acmj->ki', L2, I.ooov, T1, T2)
mom1_h_oo += -0.25*einsum('ijab,lmkc,cj,baml->ki', L2, I.ooov, T1, T2)
mom1_h_oo += 0.5*einsum('ijab,lmkc,cl,bamj->ki', L2, I.ooov, T1, T2)
mom1_h_oo += 0.5*einsum('ijab,lbcd,ak,dclj->ki', L2, I.ovvv, T1, T2)
mom1_h_oo += -0.5*einsum('ijab,lbcd,al,dckj->ki', L2, I.ovvv, T1, T2)
mom1_h_oo += 1.0*einsum('ijab,lbcd,dj,aclk->ki', L2, I.ovvv, T1, T2)
mom1_h_oo += -1.0*einsum('ijab,lbcd,dk,aclj->ki', L2, I.ovvv, T1, T2)
mom1_h_oo += 1.0*einsum('ijab,lbcd,dl,ackj->ki', L2, I.ovvv, T1, T2)
mom1_h_oo += 0.25*einsum('ijab,lmcd,baki,dcmj->kl', L2, I.oovv, T2, T2)
mom1_h_oo += -0.25*einsum('ijab,lmcd,bami,dckj->kl', L2, I.oovv, T2, T2)
mom1_h_oo += 0.5*einsum('ijab,lmcd,bdji,acmk->kl', L2, I.oovv, T2, T2)
mom1_h_oo += -1.0*einsum('ijab,lmcd,bdki,acmj->kl', L2, I.oovv, T2, T2)
mom1_h_oo += -0.125*einsum('ijab,lmcd,dcji,bamk->kl', L2, I.oovv, T2, T2)
mom1_h_oo += -0.25*einsum('ijab,lmcd,balj,dcmk->ki', L2, I.oovv, T2, T2)
mom1_h_oo += -0.5*einsum('ijab,lmcd,bdkj,acml->ki', L2, I.oovv, T2, T2)
mom1_h_oo += 1.0*einsum('ijab,lmcd,bdlj,acmk->ki', L2, I.oovv, T2, T2)
mom1_h_oo += 0.125*einsum('ijab,lmcd,dckj,baml->ki', L2, I.oovv, T2, T2)
mom1_h_oo += -0.25*einsum('ijab,lmcd,dclj,bamk->ki', L2, I.oovv, T2, T2)
mom1_h_oo += -1.0*einsum('ia,kb,bi,ak,jl->jl', L1, F.ov, T1, T1, delta)
mom1_h_oo += -1.0*einsum('ia,klib,ak,bl,jm->jm', L1, I.ooov, T1, T1, delta)
mom1_h_oo += 1.0*einsum('ia,kabc,ci,bk,jl->jl', L1, I.ovvv, T1, T1, delta)
mom1_h_oo += -1.0*einsum('ia,klbc,ci,aj,bl->jk', L1, I.oovv, T1, T1, T1)
mom1_h_oo += 1.0*einsum('ia,klbc,ci,al,bj->jk', L1, I.oovv, T1, T1, T1)
mom1_h_oo += -1.0*einsum('ia,klbc,ak,cj,bl->ji', L1, I.oovv, T1, T1, T1)
mom1_h_oo += -1.0*einsum('ijab,lc,cj,bk,al->ki', L2, F.ov, T1, T1, T1)
mom1_h_oo += -0.5*einsum('ia,klbc,ak,cbli,jm->jm', L1, I.oovv, T1, T2, delta)
mom1_h_oo += -0.5*einsum('ia,klbc,ci,ablk,jm->jm', L1, I.oovv, T1, T2, delta)
mom1_h_oo += 1.0*einsum('ia,klbc,ck,abli,jm->jm', L1, I.oovv, T1, T2, delta)
mom1_h_oo += 0.5*einsum('ijab,lc,bl,acji,km->km', L2, F.ov, T1, T2, delta)
mom1_h_oo += 0.5*einsum('ijab,lc,ci,balj,km->km', L2, F.ov, T1, T2, delta)
mom1_h_oo += 0.25*einsum('ijab,lmji,bl,am,kn->kn', L2, I.oooo, T1, T1, delta)
mom1_h_oo += -1.0*einsum('ijab,lbic,cj,al,km->km', L2, I.ovov, T1, T1, delta)
mom1_h_oo += 1.0*einsum('ijab,lmic,cj,bk,am->kl', L2, I.ooov, T1, T1, T1)
mom1_h_oo += -0.5*einsum('ijab,lbcd,di,cj,ak->kl', L2, I.ovvv, T1, T1, T1)
mom1_h_oo += 0.25*einsum('ijab,bacd,di,cj,kl->kl', L2, I.vvvv, T1, T1, delta)
mom1_h_oo += 1.0*einsum('ijab,lmic,bk,al,cm->kj', L2, I.ooov, T1, T1, T1)
mom1_h_oo += 0.5*einsum('ijab,lmic,bl,am,ck->kj', L2, I.ooov, T1, T1, T1)
mom1_h_oo += 0.5*einsum('ijab,lmkc,cj,bl,am->ki', L2, I.ooov, T1, T1, T1)
mom1_h_oo += -1.0*einsum('ijab,lbcd,dj,ak,cl->ki', L2, I.ovvv, T1, T1, T1)
mom1_h_oo += 1.0*einsum('ijab,lbcd,dj,al,ck->ki', L2, I.ovvv, T1, T1, T1)
mom1_h_oo += -1.0*einsum('ijab,lmic,bl,acmj,kn->kn', L2, I.ooov, T1, T2, delta)
mom1_h_oo += 0.25*einsum('ijab,lmic,cj,baml,kn->kn', L2, I.ooov, T1, T2, delta)
mom1_h_oo += -0.5*einsum('ijab,lmic,cl,bamj,kn->kn', L2, I.ooov, T1, T2, delta)
mom1_h_oo += -0.25*einsum('ijab,lbcd,al,dcji,km->km', L2, I.ovvv, T1, T2, delta)
mom1_h_oo += 1.0*einsum('ijab,lbcd,di,aclj,km->km', L2, I.ovvv, T1, T2, delta)
mom1_h_oo += 0.5*einsum('ijab,lbcd,dl,acji,km->km', L2, I.ovvv, T1, T2, delta)
mom1_h_oo += 0.25*einsum('ijab,lmcd,bk,am,dcji->kl', L2, I.oovv, T1, T1, T2)
mom1_h_oo += -0.5*einsum('ijab,lmcd,bk,dm,acji->kl', L2, I.oovv, T1, T1, T2)
mom1_h_oo += 0.5*einsum('ijab,lmcd,bm,dk,acji->kl', L2, I.oovv, T1, T1, T2)
mom1_h_oo += -1.0*einsum('ijab,lmcd,di,bk,acmj->kl', L2, I.oovv, T1, T1, T2)
mom1_h_oo += 1.0*einsum('ijab,lmcd,di,bm,ackj->kl', L2, I.oovv, T1, T1, T2)
mom1_h_oo += 0.25*einsum('ijab,lmcd,di,cj,bamk->kl', L2, I.oovv, T1, T1, T2)
mom1_h_oo += -0.5*einsum('ijab,lmcd,di,ck,bamj->kl', L2, I.oovv, T1, T1, T2)
mom1_h_oo += 0.5*einsum('ijab,lmcd,di,cm,bakj->kl', L2, I.oovv, T1, T1, T2)
mom1_h_oo += -0.5*einsum('ijab,lmcd,bk,al,dcmj->ki', L2, I.oovv, T1, T1, T2)
mom1_h_oo += 1.0*einsum('ijab,lmcd,bk,dl,acmj->ki', L2, I.oovv, T1, T1, T2)
mom1_h_oo += -0.25*einsum('ijab,lmcd,bl,am,dckj->ki', L2, I.oovv, T1, T1, T2)
mom1_h_oo += -1.0*einsum('ijab,lmcd,bl,dk,acmj->ki', L2, I.oovv, T1, T1, T2)
mom1_h_oo += 1.0*einsum('ijab,lmcd,bl,dm,ackj->ki', L2, I.oovv, T1, T1, T2)
mom1_h_oo += -0.5*einsum('ijab,lmcd,dj,bk,acml->ki', L2, I.oovv, T1, T1, T2)
mom1_h_oo += 1.0*einsum('ijab,lmcd,dj,bl,acmk->ki', L2, I.oovv, T1, T1, T2)
mom1_h_oo += -0.25*einsum('ijab,lmcd,dj,ck,baml->ki', L2, I.oovv, T1, T1, T2)
mom1_h_oo += 0.5*einsum('ijab,lmcd,dj,cl,bamk->ki', L2, I.oovv, T1, T1, T2)
mom1_h_oo += -0.5*einsum('ijab,lmcd,dk,cl,bamj->ki', L2, I.oovv, T1, T1, T2)
mom1_h_oo += -0.25*einsum('ijab,lmcd,bali,dcmj,kn->kn', L2, I.oovv, T2, T2, delta)
mom1_h_oo += -0.25*einsum('ijab,lmcd,bdji,acml,kn->kn', L2, I.oovv, T2, T2, delta)
mom1_h_oo += 0.5*einsum('ijab,lmcd,bdli,acmj,kn->kn', L2, I.oovv, T2, T2, delta)
mom1_h_oo += 0.0625*einsum('ijab,lmcd,dcji,baml,kn->kn', L2, I.oovv, T2, T2, delta)
mom1_h_oo += 1.0*einsum('ia,klbc,ci,ak,bl,jm->jm', L1, I.oovv, T1, T1, T1, delta)
mom1_h_oo += -0.5*einsum('ijab,lmic,cj,bl,am,kn->kn', L2, I.ooov, T1, T1, T1, delta)
mom1_h_oo += 0.5*einsum('ijab,lbcd,di,cj,al,km->km', L2, I.ovvv, T1, T1, T1, delta)
mom1_h_oo += -0.5*einsum('ijab,lmcd,di,cj,bk,am->kl', L2, I.oovv, T1, T1, T1, T1)
mom1_h_oo += 1.0*einsum('ijab,lmcd,dj,bk,al,cm->ki', L2, I.oovv, T1, T1, T1, T1)
mom1_h_oo += 0.5*einsum('ijab,lmcd,dj,bl,am,ck->ki', L2, I.oovv, T1, T1, T1, T1)
mom1_h_oo += -0.125*einsum('ijab,lmcd,bl,am,dcji,kn->kn', L2, I.oovv, T1, T1, T2, delta)
mom1_h_oo += 0.5*einsum('ijab,lmcd,bl,dm,acji,kn->kn', L2, I.oovv, T1, T1, T2, delta)
mom1_h_oo += 1.0*einsum('ijab,lmcd,di,bl,acmj,kn->kn', L2, I.oovv, T1, T1, T2, delta)
mom1_h_oo += -0.125*einsum('ijab,lmcd,di,cj,baml,kn->kn', L2, I.oovv, T1, T1, T2, delta)
mom1_h_oo += 0.5*einsum('ijab,lmcd,di,cl,bamj,kn->kn', L2, I.oovv, T1, T1, T2, delta)
mom1_h_oo += 0.25*einsum('ijab,lmcd,di,cj,bl,am,kn->kn', L2, I.oovv, T1, T1, T1, T1, delta)

***
P_{ov hole} = 
mom1_h_ov += -1.0*einsum('ji,aj->ia', F.oo, T1)
mom1_h_ov += 1.0*einsum('ja,abji->ib', F.ov, T2)
mom1_h_ov += -0.5*einsum('jkia,abkj->ib', I.ooov, T2)
mom1_h_ov += -1.0*einsum('ja,ai,bj->ib', F.ov, T1, T1)
mom1_h_ov += 1.0*einsum('ia,ai,bj->jb', L1, F.vo, T1)
mom1_h_ov += -1.0*einsum('ia,aj,bi->jb', L1, F.vo, T1)
mom1_h_ov += 1.0*einsum('jkia,aj,bk->ib', I.ooov, T1, T1)
mom1_h_ov += -1.0*einsum('ia,ki,abkj->jb', L1, F.oo, T2)
mom1_h_ov += 1.0*einsum('ia,kj,abki->jb', L1, F.oo, T2)
mom1_h_ov += -1.0*einsum('ia,ab,bcji->jc', L1, F.vv, T2)
mom1_h_ov += -1.0*einsum('ia,kaji,bk->jb', L1, I.ovoo, T1)
mom1_h_ov += -0.5*einsum('jkab,cj,baki->ic', I.oovv, T1, T2)
mom1_h_ov += 0.5*einsum('jkab,bi,ackj->ic', I.oovv, T1, T2)
mom1_h_ov += -1.0*einsum('jkab,bj,acki->ic', I.oovv, T1, T2)
mom1_h_ov += 0.5*einsum('ia,klji,ablk->jb', L1, I.oooo, T2)
mom1_h_ov += -1.0*einsum('ia,kaib,bckj->jc', L1, I.ovov, T2)
mom1_h_ov += 1.0*einsum('ia,kajb,bcki->jc', L1, I.ovov, T2)
mom1_h_ov += 1.0*einsum('ijab,bi,ackj->kc', L2, F.vo, T2)
mom1_h_ov += 0.5*einsum('ijab,bk,acji->kc', L2, F.vo, T2)
mom1_h_ov += 0.25*einsum('ijab,baji,ck->kc', L2, I.vvoo, T1)
mom1_h_ov += -0.5*einsum('ijab,baki,cj->kc', L2, I.vvoo, T1)
mom1_h_ov += 0.5*einsum('ijab,lbji,aclk->kc', L2, I.ovoo, T2)
mom1_h_ov += -1.0*einsum('ijab,lbki,aclj->kc', L2, I.ovoo, T2)
mom1_h_ov += 0.5*einsum('ijab,baic,cdkj->kd', L2, I.vvov, T2)
mom1_h_ov += 0.25*einsum('ijab,bakc,cdji->kd', L2, I.vvov, T2)
mom1_h_ov += 1.0*einsum('ia,ki,aj,bk->jb', L1, F.oo, T1, T1)
mom1_h_ov += -1.0*einsum('ia,ki,ak,bj->jb', L1, F.oo, T1, T1)
mom1_h_ov += 1.0*einsum('ia,kj,bi,ak->jb', L1, F.oo, T1, T1)
mom1_h_ov += 1.0*einsum('ia,ab,bi,cj->jc', L1, F.vv, T1, T1)
mom1_h_ov += -1.0*einsum('ia,ab,ci,bj->jc', L1, F.vv, T1, T1)
mom1_h_ov += -1.0*einsum('jkab,bi,aj,ck->ic', I.oovv, T1, T1, T1)
mom1_h_ov += -1.0*einsum('ia,kb,aj,bcki->jc', L1, F.ov, T1, T2)
mom1_h_ov += 1.0*einsum('ia,kb,ak,bcji->jc', L1, F.ov, T1, T2)
mom1_h_ov += 1.0*einsum('ia,kb,ci,abkj->jc', L1, F.ov, T1, T2)
mom1_h_ov += -1.0*einsum('ia,kb,cj,abki->jc', L1, F.ov, T1, T2)
mom1_h_ov += 1.0*einsum('ia,kb,ck,abji->jc', L1, F.ov, T1, T2)
mom1_h_ov += -1.0*einsum('ia,kb,bi,ackj->jc', L1, F.ov, T1, T2)
mom1_h_ov += 1.0*einsum('ia,kb,bj,acki->jc', L1, F.ov, T1, T2)
mom1_h_ov += -1.0*einsum('ia,klji,ak,bl->jb', L1, I.oooo, T1, T1)
mom1_h_ov += -1.0*einsum('ia,kaib,cj,bk->jc', L1, I.ovov, T1, T1)
mom1_h_ov += 1.0*einsum('ia,kaib,bj,ck->jc', L1, I.ovov, T1, T1)
mom1_h_ov += 1.0*einsum('ia,kajb,ci,bk->jc', L1, I.ovov, T1, T1)
mom1_h_ov += -1.0*einsum('ia,kajb,bi,ck->jc', L1, I.ovov, T1, T1)
mom1_h_ov += 1.0*einsum('ijab,bi,cj,ak->kc', L2, F.vo, T1, T1)
mom1_h_ov += 0.5*einsum('ia,klib,aj,bclk->jc', L1, I.ooov, T1, T2)
mom1_h_ov += -1.0*einsum('ia,klib,ak,bclj->jc', L1, I.ooov, T1, T2)
mom1_h_ov += 0.5*einsum('ia,klib,cj,ablk->jc', L1, I.ooov, T1, T2)
mom1_h_ov += -1.0*einsum('ia,klib,ck,ablj->jc', L1, I.ooov, T1, T2)
mom1_h_ov += -0.5*einsum('ia,klib,bj,aclk->jc', L1, I.ooov, T1, T2)
mom1_h_ov += 1.0*einsum('ia,klib,bk,aclj->jc', L1, I.ooov, T1, T2)
mom1_h_ov += 1.0*einsum('ia,kljb,ak,bcli->jc', L1, I.ooov, T1, T2)
mom1_h_ov += -0.5*einsum('ia,kljb,ci,ablk->jc', L1, I.ooov, T1, T2)
mom1_h_ov += 1.0*einsum('ia,kljb,ck,abli->jc', L1, I.ooov, T1, T2)
mom1_h_ov += 0.5*einsum('ia,kljb,bi,aclk->jc', L1, I.ooov, T1, T2)
mom1_h_ov += -1.0*einsum('ia,kljb,bk,acli->jc', L1, I.ooov, T1, T2)
mom1_h_ov += 0.5*einsum('ia,kabc,di,cbkj->jd', L1, I.ovvv, T1, T2)
mom1_h_ov += -0.5*einsum('ia,kabc,dj,cbki->jd', L1, I.ovvv, T1, T2)
mom1_h_ov += 0.5*einsum('ia,kabc,dk,cbji->jd', L1, I.ovvv, T1, T2)
mom1_h_ov += 1.0*einsum('ia,kabc,ci,bdkj->jd', L1, I.ovvv, T1, T2)
mom1_h_ov += -1.0*einsum('ia,kabc,cj,bdki->jd', L1, I.ovvv, T1, T2)
mom1_h_ov += 1.0*einsum('ia,kabc,ck,bdji->jd', L1, I.ovvv, T1, T2)
mom1_h_ov += 1.0*einsum('ijab,li,bk,aclj->kc', L2, F.oo, T1, T2)
mom1_h_ov += -1.0*einsum('ijab,li,bl,ackj->kc', L2, F.oo, T1, T2)
mom1_h_ov += -0.5*einsum('ijab,li,cj,balk->kc', L2, F.oo, T1, T2)
mom1_h_ov += 0.5*einsum('ijab,li,ck,balj->kc', L2, F.oo, T1, T2)
mom1_h_ov += -0.5*einsum('ijab,li,cl,bakj->kc', L2, F.oo, T1, T2)
mom1_h_ov += -0.5*einsum('ijab,lk,bl,acji->kc', L2, F.oo, T1, T2)
mom1_h_ov += -0.5*einsum('ijab,lk,ci,balj->kc', L2, F.oo, T1, T2)
mom1_h_ov += -0.5*einsum('ijab,bc,ak,cdji->kd', L2, F.vv, T1, T2)
mom1_h_ov += 1.0*einsum('ijab,bc,ci,adkj->kd', L2, F.vv, T1, T2)
mom1_h_ov += 0.5*einsum('ijab,bc,ck,adji->kd', L2, F.vv, T1, T2)
mom1_h_ov += -1.0*einsum('ijab,bc,di,ackj->kd', L2, F.vv, T1, T2)
mom1_h_ov += -0.5*einsum('ijab,bc,dk,acji->kd', L2, F.vv, T1, T2)
mom1_h_ov += -0.5*einsum('ijab,lbji,ak,cl->kc', L2, I.ovoo, T1, T1)
mom1_h_ov += 0.5*einsum('ijab,lbji,al,ck->kc', L2, I.ovoo, T1, T1)
mom1_h_ov += -1.0*einsum('ijab,lbki,cj,al->kc', L2, I.ovoo, T1, T1)
mom1_h_ov += 0.5*einsum('ijab,baic,dj,ck->kd', L2, I.vvov, T1, T1)
mom1_h_ov += -0.5*einsum('ijab,baic,cj,dk->kd', L2, I.vvov, T1, T1)
mom1_h_ov += -0.5*einsum('ijab,bakc,ci,dj->kd', L2, I.vvov, T1, T1)
mom1_h_ov += 0.5*einsum('ia,klbc,adki,cblj->jd', L1, I.oovv, T2, T2)
mom1_h_ov += -0.5*einsum('ia,klbc,acji,bdlk->jd', L1, I.oovv, T2, T2)
mom1_h_ov += 1.0*einsum('ia,klbc,acki,bdlj->jd', L1, I.oovv, T2, T2)
mom1_h_ov += 0.5*einsum('ia,klbc,cdji,ablk->jd', L1, I.oovv, T2, T2)
mom1_h_ov += -1.0*einsum('ia,klbc,cdki,ablj->jd', L1, I.oovv, T2, T2)
mom1_h_ov += -0.25*einsum('ia,klbc,cbji,adlk->jd', L1, I.oovv, T2, T2)
mom1_h_ov += 0.5*einsum('ia,klbc,cbki,adlj->jd', L1, I.oovv, T2, T2)
mom1_h_ov += -0.5*einsum('ijab,lc,baki,cdlj->kd', L2, F.ov, T2, T2)
mom1_h_ov += 0.5*einsum('ijab,lc,bali,cdkj->kd', L2, F.ov, T2, T2)
mom1_h_ov += 0.5*einsum('ijab,lc,bdji,aclk->kd', L2, F.ov, T2, T2)
mom1_h_ov += -1.0*einsum('ijab,lc,bdki,aclj->kd', L2, F.ov, T2, T2)
mom1_h_ov += -0.5*einsum('ijab,lc,bcji,adlk->kd', L2, F.ov, T2, T2)
mom1_h_ov += 1.0*einsum('ijab,lc,bcki,adlj->kd', L2, F.ov, T2, T2)
mom1_h_ov += 0.25*einsum('ijab,lc,cdji,balk->kd', L2, F.ov, T2, T2)
mom1_h_ov += -0.25*einsum('ijab,lmji,bk,acml->kc', L2, I.oooo, T1, T2)
mom1_h_ov += 0.5*einsum('ijab,lmji,bl,acmk->kc', L2, I.oooo, T1, T2)
mom1_h_ov += -0.125*einsum('ijab,lmji,ck,baml->kc', L2, I.oooo, T1, T2)
mom1_h_ov += 0.25*einsum('ijab,lmji,cl,bamk->kc', L2, I.oooo, T1, T2)
mom1_h_ov += -1.0*einsum('ijab,lmki,bl,acmj->kc', L2, I.oooo, T1, T2)
mom1_h_ov += 0.25*einsum('ijab,lmki,cj,baml->kc', L2, I.oooo, T1, T2)
mom1_h_ov += -0.5*einsum('ijab,lmki,cl,bamj->kc', L2, I.oooo, T1, T2)
mom1_h_ov += -1.0*einsum('ijab,lbic,ak,cdlj->kd', L2, I.ovov, T1, T2)
mom1_h_ov += 1.0*einsum('ijab,lbic,al,cdkj->kd', L2, I.ovov, T1, T2)
mom1_h_ov += 1.0*einsum('ijab,lbic,dj,aclk->kd', L2, I.ovov, T1, T2)
mom1_h_ov += -1.0*einsum('ijab,lbic,dk,aclj->kd', L2, I.ovov, T1, T2)
mom1_h_ov += 1.0*einsum('ijab,lbic,dl,ackj->kd', L2, I.ovov, T1, T2)
mom1_h_ov += -1.0*einsum('ijab,lbic,cj,adlk->kd', L2, I.ovov, T1, T2)
mom1_h_ov += 1.0*einsum('ijab,lbic,ck,adlj->kd', L2, I.ovov, T1, T2)
mom1_h_ov += -1.0*einsum('ijab,lbic,cl,adkj->kd', L2, I.ovov, T1, T2)
mom1_h_ov += 0.5*einsum('ijab,lbkc,al,cdji->kd', L2, I.ovov, T1, T2)
mom1_h_ov += 1.0*einsum('ijab,lbkc,di,aclj->kd', L2, I.ovov, T1, T2)
mom1_h_ov += 0.5*einsum('ijab,lbkc,dl,acji->kd', L2, I.ovov, T1, T2)
mom1_h_ov += -1.0*einsum('ijab,lbkc,ci,adlj->kd', L2, I.ovov, T1, T2)
mom1_h_ov += -0.5*einsum('ijab,lbkc,cl,adji->kd', L2, I.ovov, T1, T2)
mom1_h_ov += -0.5*einsum('ijab,bacd,di,cekj->ke', L2, I.vvvv, T1, T2)
mom1_h_ov += -0.25*einsum('ijab,bacd,dk,ceji->ke', L2, I.vvvv, T1, T2)
mom1_h_ov += -0.25*einsum('ijab,bacd,ei,dckj->ke', L2, I.vvvv, T1, T2)
mom1_h_ov += -0.125*einsum('ijab,bacd,ek,dcji->ke', L2, I.vvvv, T1, T2)
mom1_h_ov += -0.25*einsum('ijab,lmic,bakj,cdml->kd', L2, I.ooov, T2, T2)
mom1_h_ov += 0.5*einsum('ijab,lmic,balj,cdmk->kd', L2, I.ooov, T2, T2)
mom1_h_ov += -0.5*einsum('ijab,lmic,bdkj,acml->kd', L2, I.ooov, T2, T2)
mom1_h_ov += 1.0*einsum('ijab,lmic,bdlj,acmk->kd', L2, I.ooov, T2, T2)
mom1_h_ov += 0.5*einsum('ijab,lmic,bckj,adml->kd', L2, I.ooov, T2, T2)
mom1_h_ov += -1.0*einsum('ijab,lmic,bclj,admk->kd', L2, I.ooov, T2, T2)
mom1_h_ov += -0.25*einsum('ijab,lmic,cdkj,baml->kd', L2, I.ooov, T2, T2)
mom1_h_ov += 0.5*einsum('ijab,lmic,cdlj,bamk->kd', L2, I.ooov, T2, T2)
mom1_h_ov += 0.5*einsum('ijab,lmkc,bali,cdmj->kd', L2, I.ooov, T2, T2)
mom1_h_ov += -0.25*einsum('ijab,lmkc,bdji,acml->kd', L2, I.ooov, T2, T2)
mom1_h_ov += 0.25*einsum('ijab,lmkc,bcji,adml->kd', L2, I.ooov, T2, T2)
mom1_h_ov += -1.0*einsum('ijab,lmkc,bcli,admj->kd', L2, I.ooov, T2, T2)
mom1_h_ov += -0.125*einsum('ijab,lmkc,cdji,baml->kd', L2, I.ooov, T2, T2)
mom1_h_ov += -0.25*einsum('ijab,lbcd,aeji,dclk->ke', L2, I.ovvv, T2, T2)
mom1_h_ov += 0.5*einsum('ijab,lbcd,aeki,dclj->ke', L2, I.ovvv, T2, T2)
mom1_h_ov += -0.5*einsum('ijab,lbcd,aeli,dckj->ke', L2, I.ovvv, T2, T2)
mom1_h_ov += -0.5*einsum('ijab,lbcd,adji,celk->ke', L2, I.ovvv, T2, T2)
mom1_h_ov += 1.0*einsum('ijab,lbcd,adki,celj->ke', L2, I.ovvv, T2, T2)
mom1_h_ov += -1.0*einsum('ijab,lbcd,adli,cekj->ke', L2, I.ovvv, T2, T2)
mom1_h_ov += 0.5*einsum('ijab,lbcd,deji,aclk->ke', L2, I.ovvv, T2, T2)
mom1_h_ov += -0.25*einsum('ijab,lbcd,dcji,aelk->ke', L2, I.ovvv, T2, T2)
mom1_h_ov += 1.0*einsum('ia,kb,ci,ak,bj->jc', L1, F.ov, T1, T1, T1)
mom1_h_ov += 1.0*einsum('ia,kb,bi,aj,ck->jc', L1, F.ov, T1, T1, T1)
mom1_h_ov += -1.0*einsum('ia,kb,bi,ak,cj->jc', L1, F.ov, T1, T1, T1)
mom1_h_ov += -1.0*einsum('ia,klib,aj,bk,cl->jc', L1, I.ooov, T1, T1, T1)
mom1_h_ov += -1.0*einsum('ia,klib,ak,cj,bl->jc', L1, I.ooov, T1, T1, T1)
mom1_h_ov += 1.0*einsum('ia,klib,ak,bj,cl->jc', L1, I.ooov, T1, T1, T1)
mom1_h_ov += 1.0*einsum('ia,kljb,ci,ak,bl->jc', L1, I.ooov, T1, T1, T1)
mom1_h_ov += -1.0*einsum('ia,kljb,bi,ak,cl->jc', L1, I.ooov, T1, T1, T1)
mom1_h_ov += -1.0*einsum('ia,kabc,di,cj,bk->jd', L1, I.ovvv, T1, T1, T1)
mom1_h_ov += 1.0*einsum('ia,kabc,ci,dj,bk->jd', L1, I.ovvv, T1, T1, T1)
mom1_h_ov += -1.0*einsum('ia,kabc,ci,bj,dk->jd', L1, I.ovvv, T1, T1, T1)
mom1_h_ov += 1.0*einsum('ijab,li,cj,bk,al->kc', L2, F.oo, T1, T1, T1)
mom1_h_ov += 1.0*einsum('ijab,bc,ci,dj,ak->kd', L2, F.vv, T1, T1, T1)
mom1_h_ov += 0.5*einsum('ia,klbc,aj,dk,cbli->jd', L1, I.oovv, T1, T1, T2)
mom1_h_ov += 1.0*einsum('ia,klbc,aj,ck,bdli->jd', L1, I.oovv, T1, T1, T2)
mom1_h_ov += -0.5*einsum('ia,klbc,ak,dj,cbli->jd', L1, I.oovv, T1, T1, T2)
mom1_h_ov += 0.5*einsum('ia,klbc,ak,dl,cbji->jd', L1, I.oovv, T1, T1, T2)
mom1_h_ov += -1.0*einsum('ia,klbc,ak,cj,bdli->jd', L1, I.oovv, T1, T1, T2)
mom1_h_ov += 1.0*einsum('ia,klbc,ak,cl,bdji->jd', L1, I.oovv, T1, T1, T2)
mom1_h_ov += 0.5*einsum('ia,klbc,di,ak,cblj->jd', L1, I.oovv, T1, T1, T2)
mom1_h_ov += 0.5*einsum('ia,klbc,di,cj,ablk->jd', L1, I.oovv, T1, T1, T2)
mom1_h_ov += -1.0*einsum('ia,klbc,di,ck,ablj->jd', L1, I.oovv, T1, T1, T2)
mom1_h_ov += 1.0*einsum('ia,klbc,dj,ck,abli->jd', L1, I.oovv, T1, T1, T2)
mom1_h_ov += -0.5*einsum('ia,klbc,ci,aj,bdlk->jd', L1, I.oovv, T1, T1, T2)
mom1_h_ov += 1.0*einsum('ia,klbc,ci,ak,bdlj->jd', L1, I.oovv, T1, T1, T2)
mom1_h_ov += -0.5*einsum('ia,klbc,ci,dj,ablk->jd', L1, I.oovv, T1, T1, T2)
mom1_h_ov += 1.0*einsum('ia,klbc,ci,dk,ablj->jd', L1, I.oovv, T1, T1, T2)
mom1_h_ov += 0.5*einsum('ia,klbc,ci,bj,adlk->jd', L1, I.oovv, T1, T1, T2)
mom1_h_ov += -1.0*einsum('ia,klbc,ci,bk,adlj->jd', L1, I.oovv, T1, T1, T2)
mom1_h_ov += -1.0*einsum('ia,klbc,cj,dk,abli->jd', L1, I.oovv, T1, T1, T2)
mom1_h_ov += 1.0*einsum('ia,klbc,cj,bk,adli->jd', L1, I.oovv, T1, T1, T2)
mom1_h_ov += -1.0*einsum('ia,klbc,ck,dl,abji->jd', L1, I.oovv, T1, T1, T2)
mom1_h_ov += -0.5*einsum('ijab,lc,bk,al,cdji->kd', L2, F.ov, T1, T1, T2)
mom1_h_ov += -0.5*einsum('ijab,lc,bk,dl,acji->kd', L2, F.ov, T1, T1, T2)
mom1_h_ov += 0.5*einsum('ijab,lc,bl,dk,acji->kd', L2, F.ov, T1, T1, T2)
mom1_h_ov += -0.5*einsum('ijab,lc,bl,ck,adji->kd', L2, F.ov, T1, T1, T2)
mom1_h_ov += -1.0*einsum('ijab,lc,di,bk,aclj->kd', L2, F.ov, T1, T1, T2)
mom1_h_ov += 1.0*einsum('ijab,lc,di,bl,ackj->kd', L2, F.ov, T1, T1, T2)
mom1_h_ov += -0.5*einsum('ijab,lc,di,ck,balj->kd', L2, F.ov, T1, T1, T2)
mom1_h_ov += 1.0*einsum('ijab,lc,ci,bk,adlj->kd', L2, F.ov, T1, T1, T2)
mom1_h_ov += -1.0*einsum('ijab,lc,ci,bl,adkj->kd', L2, F.ov, T1, T1, T2)
mom1_h_ov += -0.5*einsum('ijab,lc,ci,dj,balk->kd', L2, F.ov, T1, T1, T2)
mom1_h_ov += 0.5*einsum('ijab,lc,ci,dk,balj->kd', L2, F.ov, T1, T1, T2)
mom1_h_ov += -0.5*einsum('ijab,lc,ci,dl,bakj->kd', L2, F.ov, T1, T1, T2)
mom1_h_ov += 0.5*einsum('ijab,lmji,bk,al,cm->kc', L2, I.oooo, T1, T1, T1)
mom1_h_ov += 0.25*einsum('ijab,lmji,bl,am,ck->kc', L2, I.oooo, T1, T1, T1)
mom1_h_ov += -0.5*einsum('ijab,lmki,cj,bl,am->kc', L2, I.oooo, T1, T1, T1)
mom1_h_ov += -1.0*einsum('ijab,lbic,dj,ak,cl->kd', L2, I.ovov, T1, T1, T1)
mom1_h_ov += 1.0*einsum('ijab,lbic,dj,al,ck->kd', L2, I.ovov, T1, T1, T1)
mom1_h_ov += 1.0*einsum('ijab,lbic,cj,ak,dl->kd', L2, I.ovov, T1, T1, T1)
mom1_h_ov += -1.0*einsum('ijab,lbic,cj,al,dk->kd', L2, I.ovov, T1, T1, T1)
mom1_h_ov += -1.0*einsum('ijab,lbkc,ci,dj,al->kd', L2, I.ovov, T1, T1, T1)
mom1_h_ov += 0.25*einsum('ijab,bacd,di,cj,ek->ke', L2, I.vvvv, T1, T1, T1)
mom1_h_ov += -0.5*einsum('ijab,bacd,di,ej,ck->ke', L2, I.vvvv, T1, T1, T1)
mom1_h_ov += 1.0*einsum('ijab,lmic,bk,al,cdmj->kd', L2, I.ooov, T1, T1, T2)
mom1_h_ov += 1.0*einsum('ijab,lmic,bk,dl,acmj->kd', L2, I.ooov, T1, T1, T2)
mom1_h_ov += -1.0*einsum('ijab,lmic,bk,cl,admj->kd', L2, I.ooov, T1, T1, T2)
mom1_h_ov += 0.5*einsum('ijab,lmic,bl,am,cdkj->kd', L2, I.ooov, T1, T1, T2)
mom1_h_ov += -1.0*einsum('ijab,lmic,bl,dk,acmj->kd', L2, I.ooov, T1, T1, T2)
mom1_h_ov += 1.0*einsum('ijab,lmic,bl,dm,ackj->kd', L2, I.ooov, T1, T1, T2)
mom1_h_ov += 1.0*einsum('ijab,lmic,bl,ck,admj->kd', L2, I.ooov, T1, T1, T2)
mom1_h_ov += -1.0*einsum('ijab,lmic,bl,cm,adkj->kd', L2, I.ooov, T1, T1, T2)
mom1_h_ov += -0.5*einsum('ijab,lmic,dj,bk,acml->kd', L2, I.ooov, T1, T1, T2)
mom1_h_ov += 1.0*einsum('ijab,lmic,dj,bl,acmk->kd', L2, I.ooov, T1, T1, T2)
mom1_h_ov += -0.25*einsum('ijab,lmic,dj,ck,baml->kd', L2, I.ooov, T1, T1, T2)
mom1_h_ov += 0.5*einsum('ijab,lmic,dj,cl,bamk->kd', L2, I.ooov, T1, T1, T2)
mom1_h_ov += -0.5*einsum('ijab,lmic,dk,cl,bamj->kd', L2, I.ooov, T1, T1, T2)
mom1_h_ov += 0.5*einsum('ijab,lmic,cj,bk,adml->kd', L2, I.ooov, T1, T1, T2)
mom1_h_ov += -1.0*einsum('ijab,lmic,cj,bl,admk->kd', L2, I.ooov, T1, T1, T2)
mom1_h_ov += 0.25*einsum('ijab,lmic,cj,dk,baml->kd', L2, I.ooov, T1, T1, T2)
mom1_h_ov += -0.5*einsum('ijab,lmic,cj,dl,bamk->kd', L2, I.ooov, T1, T1, T2)
mom1_h_ov += 0.5*einsum('ijab,lmic,ck,dl,bamj->kd', L2, I.ooov, T1, T1, T2)
mom1_h_ov += 0.5*einsum('ijab,lmic,cl,dm,bakj->kd', L2, I.ooov, T1, T1, T2)
mom1_h_ov += 0.25*einsum('ijab,lmkc,bl,am,cdji->kd', L2, I.ooov, T1, T1, T2)
mom1_h_ov += 0.5*einsum('ijab,lmkc,bl,dm,acji->kd', L2, I.ooov, T1, T1, T2)
mom1_h_ov += -0.5*einsum('ijab,lmkc,bl,cm,adji->kd', L2, I.ooov, T1, T1, T2)
mom1_h_ov += 1.0*einsum('ijab,lmkc,di,bl,acmj->kd', L2, I.ooov, T1, T1, T2)
mom1_h_ov += 0.5*einsum('ijab,lmkc,di,cl,bamj->kd', L2, I.ooov, T1, T1, T2)
mom1_h_ov += -1.0*einsum('ijab,lmkc,ci,bl,admj->kd', L2, I.ooov, T1, T1, T2)
mom1_h_ov += 0.25*einsum('ijab,lmkc,ci,dj,baml->kd', L2, I.ooov, T1, T1, T2)
mom1_h_ov += -0.5*einsum('ijab,lmkc,ci,dl,bamj->kd', L2, I.ooov, T1, T1, T2)
mom1_h_ov += 0.25*einsum('ijab,lbcd,ak,el,dcji->ke', L2, I.ovvv, T1, T1, T2)
mom1_h_ov += 0.5*einsum('ijab,lbcd,ak,dl,ceji->ke', L2, I.ovvv, T1, T1, T2)
mom1_h_ov += -0.25*einsum('ijab,lbcd,al,ek,dcji->ke', L2, I.ovvv, T1, T1, T2)
mom1_h_ov += -0.5*einsum('ijab,lbcd,al,dk,ceji->ke', L2, I.ovvv, T1, T1, T2)
mom1_h_ov += 0.5*einsum('ijab,lbcd,ei,ak,dclj->ke', L2, I.ovvv, T1, T1, T2)
mom1_h_ov += -0.5*einsum('ijab,lbcd,ei,al,dckj->ke', L2, I.ovvv, T1, T1, T2)
mom1_h_ov += -1.0*einsum('ijab,lbcd,ei,dk,aclj->ke', L2, I.ovvv, T1, T1, T2)
mom1_h_ov += 1.0*einsum('ijab,lbcd,ei,dl,ackj->ke', L2, I.ovvv, T1, T1, T2)
mom1_h_ov += 0.5*einsum('ijab,lbcd,ek,dl,acji->ke', L2, I.ovvv, T1, T1, T2)
mom1_h_ov += 1.0*einsum('ijab,lbcd,di,ak,celj->ke', L2, I.ovvv, T1, T1, T2)
mom1_h_ov += -1.0*einsum('ijab,lbcd,di,al,cekj->ke', L2, I.ovvv, T1, T1, T2)
mom1_h_ov += -1.0*einsum('ijab,lbcd,di,ej,aclk->ke', L2, I.ovvv, T1, T1, T2)
mom1_h_ov += 1.0*einsum('ijab,lbcd,di,ek,aclj->ke', L2, I.ovvv, T1, T1, T2)
mom1_h_ov += -1.0*einsum('ijab,lbcd,di,el,ackj->ke', L2, I.ovvv, T1, T1, T2)
mom1_h_ov += 0.5*einsum('ijab,lbcd,di,cj,aelk->ke', L2, I.ovvv, T1, T1, T2)
mom1_h_ov += -1.0*einsum('ijab,lbcd,di,ck,aelj->ke', L2, I.ovvv, T1, T1, T2)
mom1_h_ov += 1.0*einsum('ijab,lbcd,di,cl,aekj->ke', L2, I.ovvv, T1, T1, T2)
mom1_h_ov += -0.5*einsum('ijab,lbcd,dk,el,acji->ke', L2, I.ovvv, T1, T1, T2)
mom1_h_ov += 0.5*einsum('ijab,lbcd,dk,cl,aeji->ke', L2, I.ovvv, T1, T1, T2)
mom1_h_ov += -0.5*einsum('ijab,lmcd,bk,aeli,dcmj->ke', L2, I.oovv, T1, T2, T2)
mom1_h_ov += 0.25*einsum('ijab,lmcd,bk,adji,ceml->ke', L2, I.oovv, T1, T2, T2)
mom1_h_ov += -1.0*einsum('ijab,lmcd,bk,adli,cemj->ke', L2, I.oovv, T1, T2, T2)
mom1_h_ov += -0.25*einsum('ijab,lmcd,bk,deji,acml->ke', L2, I.oovv, T1, T2, T2)
mom1_h_ov += 0.125*einsum('ijab,lmcd,bk,dcji,aeml->ke', L2, I.oovv, T1, T2, T2)
mom1_h_ov += -0.25*einsum('ijab,lmcd,bl,aeji,dcmk->ke', L2, I.oovv, T1, T2, T2)
mom1_h_ov += 0.5*einsum('ijab,lmcd,bl,aeki,dcmj->ke', L2, I.oovv, T1, T2, T2)
mom1_h_ov += -0.5*einsum('ijab,lmcd,bl,aemi,dckj->ke', L2, I.oovv, T1, T2, T2)
mom1_h_ov += -0.5*einsum('ijab,lmcd,bl,adji,cemk->ke', L2, I.oovv, T1, T2, T2)
mom1_h_ov += 1.0*einsum('ijab,lmcd,bl,adki,cemj->ke', L2, I.oovv, T1, T2, T2)
mom1_h_ov += -1.0*einsum('ijab,lmcd,bl,admi,cekj->ke', L2, I.oovv, T1, T2, T2)
mom1_h_ov += 0.5*einsum('ijab,lmcd,bl,deji,acmk->ke', L2, I.oovv, T1, T2, T2)
mom1_h_ov += -0.25*einsum('ijab,lmcd,bl,dcji,aemk->ke', L2, I.oovv, T1, T2, T2)
mom1_h_ov += -0.25*einsum('ijab,lmcd,ei,balj,dcmk->ke', L2, I.oovv, T1, T2, T2)
mom1_h_ov += -0.5*einsum('ijab,lmcd,ei,bdkj,acml->ke', L2, I.oovv, T1, T2, T2)
mom1_h_ov += 1.0*einsum('ijab,lmcd,ei,bdlj,acmk->ke', L2, I.oovv, T1, T2, T2)
mom1_h_ov += 0.125*einsum('ijab,lmcd,ei,dckj,baml->ke', L2, I.oovv, T1, T2, T2)
mom1_h_ov += -0.25*einsum('ijab,lmcd,ei,dclj,bamk->ke', L2, I.oovv, T1, T2, T2)
mom1_h_ov += -0.25*einsum('ijab,lmcd,ek,bali,dcmj->ke', L2, I.oovv, T1, T2, T2)
mom1_h_ov += -0.25*einsum('ijab,lmcd,ek,bdji,acml->ke', L2, I.oovv, T1, T2, T2)
mom1_h_ov += 0.5*einsum('ijab,lmcd,ek,bdli,acmj->ke', L2, I.oovv, T1, T2, T2)
mom1_h_ov += 0.0625*einsum('ijab,lmcd,ek,dcji,baml->ke', L2, I.oovv, T1, T2, T2)
mom1_h_ov += 0.25*einsum('ijab,lmcd,el,baki,dcmj->ke', L2, I.oovv, T1, T2, T2)
mom1_h_ov += -0.25*einsum('ijab,lmcd,el,bami,dckj->ke', L2, I.oovv, T1, T2, T2)
mom1_h_ov += 0.5*einsum('ijab,lmcd,el,bdji,acmk->ke', L2, I.oovv, T1, T2, T2)
mom1_h_ov += -1.0*einsum('ijab,lmcd,el,bdki,acmj->ke', L2, I.oovv, T1, T2, T2)
mom1_h_ov += -0.125*einsum('ijab,lmcd,el,dcji,bamk->ke', L2, I.oovv, T1, T2, T2)
mom1_h_ov += 0.25*einsum('ijab,lmcd,di,bakj,ceml->ke', L2, I.oovv, T1, T2, T2)
mom1_h_ov += -0.5*einsum('ijab,lmcd,di,balj,cemk->ke', L2, I.oovv, T1, T2, T2)
mom1_h_ov += 0.5*einsum('ijab,lmcd,di,bekj,acml->ke', L2, I.oovv, T1, T2, T2)
mom1_h_ov += -1.0*einsum('ijab,lmcd,di,belj,acmk->ke', L2, I.oovv, T1, T2, T2)
mom1_h_ov += -0.5*einsum('ijab,lmcd,di,bckj,aeml->ke', L2, I.oovv, T1, T2, T2)
mom1_h_ov += 1.0*einsum('ijab,lmcd,di,bclj,aemk->ke', L2, I.oovv, T1, T2, T2)
mom1_h_ov += 0.25*einsum('ijab,lmcd,di,cekj,baml->ke', L2, I.oovv, T1, T2, T2)
mom1_h_ov += -0.5*einsum('ijab,lmcd,di,celj,bamk->ke', L2, I.oovv, T1, T2, T2)
mom1_h_ov += -0.5*einsum('ijab,lmcd,dk,bali,cemj->ke', L2, I.oovv, T1, T2, T2)
mom1_h_ov += 0.25*einsum('ijab,lmcd,dk,beji,acml->ke', L2, I.oovv, T1, T2, T2)
mom1_h_ov += -0.25*einsum('ijab,lmcd,dk,bcji,aeml->ke', L2, I.oovv, T1, T2, T2)
mom1_h_ov += 1.0*einsum('ijab,lmcd,dk,bcli,aemj->ke', L2, I.oovv, T1, T2, T2)
mom1_h_ov += 0.125*einsum('ijab,lmcd,dk,ceji,baml->ke', L2, I.oovv, T1, T2, T2)
mom1_h_ov += 0.5*einsum('ijab,lmcd,dl,baki,cemj->ke', L2, I.oovv, T1, T2, T2)
mom1_h_ov += -0.5*einsum('ijab,lmcd,dl,bami,cekj->ke', L2, I.oovv, T1, T2, T2)
mom1_h_ov += -0.5*einsum('ijab,lmcd,dl,beji,acmk->ke', L2, I.oovv, T1, T2, T2)
mom1_h_ov += 1.0*einsum('ijab,lmcd,dl,beki,acmj->ke', L2, I.oovv, T1, T2, T2)
mom1_h_ov += 0.5*einsum('ijab,lmcd,dl,bcji,aemk->ke', L2, I.oovv, T1, T2, T2)
mom1_h_ov += -1.0*einsum('ijab,lmcd,dl,bcki,aemj->ke', L2, I.oovv, T1, T2, T2)
mom1_h_ov += -0.25*einsum('ijab,lmcd,dl,ceji,bamk->ke', L2, I.oovv, T1, T2, T2)
mom1_h_ov += -1.0*einsum('ia,klbc,di,ak,cj,bl->jd', L1, I.oovv, T1, T1, T1, T1)
mom1_h_ov += 1.0*einsum('ia,klbc,ci,aj,bk,dl->jd', L1, I.oovv, T1, T1, T1, T1)
mom1_h_ov += 1.0*einsum('ia,klbc,ci,ak,dj,bl->jd', L1, I.oovv, T1, T1, T1, T1)
mom1_h_ov += -1.0*einsum('ia,klbc,ci,ak,bj,dl->jd', L1, I.oovv, T1, T1, T1, T1)
mom1_h_ov += 1.0*einsum('ijab,lc,ci,dj,bk,al->kd', L2, F.ov, T1, T1, T1, T1)
mom1_h_ov += 1.0*einsum('ijab,lmic,dj,bk,al,cm->kd', L2, I.ooov, T1, T1, T1, T1)
mom1_h_ov += 0.5*einsum('ijab,lmic,dj,bl,am,ck->kd', L2, I.ooov, T1, T1, T1, T1)
mom1_h_ov += -1.0*einsum('ijab,lmic,cj,bk,al,dm->kd', L2, I.ooov, T1, T1, T1, T1)
mom1_h_ov += -0.5*einsum('ijab,lmic,cj,bl,am,dk->kd', L2, I.ooov, T1, T1, T1, T1)
mom1_h_ov += -0.5*einsum('ijab,lmkc,ci,dj,bl,am->kd', L2, I.ooov, T1, T1, T1, T1)
mom1_h_ov += 1.0*einsum('ijab,lbcd,di,ej,ak,cl->ke', L2, I.ovvv, T1, T1, T1, T1)
mom1_h_ov += -1.0*einsum('ijab,lbcd,di,ej,al,ck->ke', L2, I.ovvv, T1, T1, T1, T1)
mom1_h_ov += -0.5*einsum('ijab,lbcd,di,cj,ak,el->ke', L2, I.ovvv, T1, T1, T1, T1)
mom1_h_ov += 0.5*einsum('ijab,lbcd,di,cj,al,ek->ke', L2, I.ovvv, T1, T1, T1, T1)
mom1_h_ov += -0.25*einsum('ijab,lmcd,bk,al,em,dcji->ke', L2, I.oovv, T1, T1, T1, T2)
mom1_h_ov += -0.5*einsum('ijab,lmcd,bk,al,dm,ceji->ke', L2, I.oovv, T1, T1, T1, T2)
mom1_h_ov += 0.5*einsum('ijab,lmcd,bk,dl,em,acji->ke', L2, I.oovv, T1, T1, T1, T2)
mom1_h_ov += -0.125*einsum('ijab,lmcd,bl,am,ek,dcji->ke', L2, I.oovv, T1, T1, T1, T2)
mom1_h_ov += -0.25*einsum('ijab,lmcd,bl,am,dk,ceji->ke', L2, I.oovv, T1, T1, T1, T2)
mom1_h_ov += 0.5*einsum('ijab,lmcd,bl,ek,dm,acji->ke', L2, I.oovv, T1, T1, T1, T2)
mom1_h_ov += -0.5*einsum('ijab,lmcd,bl,dk,em,acji->ke', L2, I.oovv, T1, T1, T1, T2)
mom1_h_ov += 0.5*einsum('ijab,lmcd,bl,dk,cm,aeji->ke', L2, I.oovv, T1, T1, T1, T2)
mom1_h_ov += -0.5*einsum('ijab,lmcd,ei,bk,al,dcmj->ke', L2, I.oovv, T1, T1, T1, T2)
mom1_h_ov += 1.0*einsum('ijab,lmcd,ei,bk,dl,acmj->ke', L2, I.oovv, T1, T1, T1, T2)
mom1_h_ov += -0.25*einsum('ijab,lmcd,ei,bl,am,dckj->ke', L2, I.oovv, T1, T1, T1, T2)
mom1_h_ov += -1.0*einsum('ijab,lmcd,ei,bl,dk,acmj->ke', L2, I.oovv, T1, T1, T1, T2)
mom1_h_ov += 1.0*einsum('ijab,lmcd,ei,bl,dm,ackj->ke', L2, I.oovv, T1, T1, T1, T2)
mom1_h_ov += -0.5*einsum('ijab,lmcd,ei,dk,cl,bamj->ke', L2, I.oovv, T1, T1, T1, T2)
mom1_h_ov += -1.0*einsum('ijab,lmcd,di,bk,al,cemj->ke', L2, I.oovv, T1, T1, T1, T2)
mom1_h_ov += -1.0*einsum('ijab,lmcd,di,bk,el,acmj->ke', L2, I.oovv, T1, T1, T1, T2)
mom1_h_ov += 1.0*einsum('ijab,lmcd,di,bk,cl,aemj->ke', L2, I.oovv, T1, T1, T1, T2)
mom1_h_ov += -0.5*einsum('ijab,lmcd,di,bl,am,cekj->ke', L2, I.oovv, T1, T1, T1, T2)
mom1_h_ov += 1.0*einsum('ijab,lmcd,di,bl,ek,acmj->ke', L2, I.oovv, T1, T1, T1, T2)
mom1_h_ov += -1.0*einsum('ijab,lmcd,di,bl,em,ackj->ke', L2, I.oovv, T1, T1, T1, T2)
mom1_h_ov += -1.0*einsum('ijab,lmcd,di,bl,ck,aemj->ke', L2, I.oovv, T1, T1, T1, T2)
mom1_h_ov += 1.0*einsum('ijab,lmcd,di,bl,cm,aekj->ke', L2, I.oovv, T1, T1, T1, T2)
mom1_h_ov += 0.5*einsum('ijab,lmcd,di,ej,bk,acml->ke', L2, I.oovv, T1, T1, T1, T2)
mom1_h_ov += -1.0*einsum('ijab,lmcd,di,ej,bl,acmk->ke', L2, I.oovv, T1, T1, T1, T2)
mom1_h_ov += 0.25*einsum('ijab,lmcd,di,ej,ck,baml->ke', L2, I.oovv, T1, T1, T1, T2)
mom1_h_ov += -0.5*einsum('ijab,lmcd,di,ej,cl,bamk->ke', L2, I.oovv, T1, T1, T1, T2)
mom1_h_ov += 0.5*einsum('ijab,lmcd,di,ek,cl,bamj->ke', L2, I.oovv, T1, T1, T1, T2)
mom1_h_ov += -0.25*einsum('ijab,lmcd,di,cj,bk,aeml->ke', L2, I.oovv, T1, T1, T1, T2)
mom1_h_ov += 0.5*einsum('ijab,lmcd,di,cj,bl,aemk->ke', L2, I.oovv, T1, T1, T1, T2)
mom1_h_ov += -0.125*einsum('ijab,lmcd,di,cj,ek,baml->ke', L2, I.oovv, T1, T1, T1, T2)
mom1_h_ov += 0.25*einsum('ijab,lmcd,di,cj,el,bamk->ke', L2, I.oovv, T1, T1, T1, T2)
mom1_h_ov += -0.5*einsum('ijab,lmcd,di,ck,el,bamj->ke', L2, I.oovv, T1, T1, T1, T2)
mom1_h_ov += -0.5*einsum('ijab,lmcd,di,cl,em,bakj->ke', L2, I.oovv, T1, T1, T1, T2)
mom1_h_ov += -1.0*einsum('ijab,lmcd,di,ej,bk,al,cm->ke', L2, I.oovv, T1, T1, T1, T1, T1)
mom1_h_ov += -0.5*einsum('ijab,lmcd,di,ej,bl,am,ck->ke', L2, I.oovv, T1, T1, T1, T1, T1)
mom1_h_ov += 0.5*einsum('ijab,lmcd,di,cj,bk,al,em->ke', L2, I.oovv, T1, T1, T1, T1, T1)
mom1_h_ov += 0.25*einsum('ijab,lmcd,di,cj,bl,am,ek->ke', L2, I.oovv, T1, T1, T1, T1, T1)

***
