nohup: ignoring input
Finding sp moment expression for ov string:  ov
Rank of perturbation:  1
mom1_p_ov += -1.0*einsum('ia,ab->ib', L1, F.vv)
mom1_p_ov += -1.0*einsum('Iia,I->ia', LU11old, G)
mom1_p_ov += -1.0*einsum('Iia,Iab->ib', LU11old, g_boscre.vv)
mom1_p_ov += -1.0*einsum('ijab,bj->ia', L2, F.vo)
mom1_p_ov += -0.5*einsum('ijab,bajc->ic', L2, I.vvov)
mom1_p_ov += 1.0*einsum('ia,jb,aj->ib', L1, F.ov, T1)
mom1_p_ov += -1.0*einsum('ia,Iab,I->ib', L1, g.vv, S1)
mom1_p_ov += -1.0*einsum('Iia,IJ,J->ia', LU11old, w, S1)
mom1_p_ov += 1.0*einsum('ia,Ijb,Iaj->ib', L1, g.ov, U11)
mom1_p_ov += -1.0*einsum('ia,jabc,bj->ic', L1, I.ovvv, T1)
mom1_p_ov += 1.0*einsum('Iia,jb,Iaj->ib', LU11old, F.ov, U11)
mom1_p_ov += 1.0*einsum('Iia,Ijb,aj->ib', LU11old, g_boscre.ov, T1)
mom1_p_ov += -1.0*einsum('Iia,jb,Ibj->ia', LU11old, F.ov, U11)
mom1_p_ov += -1.0*einsum('Iia,Ijb,bj->ia', LU11old, g_boscre.ov, T1)
mom1_p_ov += 1.0*einsum('ijab,I,Iaj->ib', L2, G, U11)
mom1_p_ov += -1.0*einsum('ijab,kj,ak->ib', L2, F.oo, T1)
mom1_p_ov += -1.0*einsum('ijab,Ibj,I->ia', L2, g.vo, S1)
mom1_p_ov += -1.0*einsum('ijab,bc,cj->ia', L2, F.vv, T1)
mom1_p_ov += 0.5*einsum('ia,jkbc,abkj->ic', L1, I.oovv, T2)
mom1_p_ov += -1.0*einsum('Iia,jabc,Ibj->ic', LU11old, I.ovvv, U11)
mom1_p_ov += -0.5*einsum('ijab,kc,bakj->ic', L2, F.ov, T2)
mom1_p_ov += 1.0*einsum('ijab,Ibc,Iaj->ic', L2, g.vv, U11)
mom1_p_ov += -1.0*einsum('ijab,kbjc,ak->ic', L2, I.ovov, T1)
mom1_p_ov += -0.5*einsum('ijab,bacd,cj->id', L2, I.vvvv, T1)
mom1_p_ov += -1.0*einsum('ijab,kc,ackj->ib', L2, F.ov, T2)
mom1_p_ov += -1.0*einsum('ijab,Ikj,Iak->ib', L2, g.oo, U11)
mom1_p_ov += 1.0*einsum('ijab,kbjc,ck->ia', L2, I.ovov, T1)
mom1_p_ov += -1.0*einsum('ijab,Ibc,Icj->ia', L2, g.vv, U11)
mom1_p_ov += 0.25*einsum('ijab,kljc,balk->ic', L2, I.ooov, T2)
mom1_p_ov += -1.0*einsum('ijab,kbcd,ackj->id', L2, I.ovvv, T2)
mom1_p_ov += 0.5*einsum('ijab,kljc,aclk->ib', L2, I.ooov, T2)
mom1_p_ov += 0.5*einsum('ijab,kbcd,dckj->ia', L2, I.ovvv, T2)
mom1_p_ov += 1.0*einsum('ia,Ijb,aj,I->ib', L1, g.ov, T1, S1)
mom1_p_ov += -1.0*einsum('ia,jkbc,aj,bk->ic', L1, I.oovv, T1, T1)
mom1_p_ov += 1.0*einsum('Iia,Jjb,J,Iaj->ib', LU11old, g.ov, S1, U11)
mom1_p_ov += -1.0*einsum('Iia,Jjb,J,Ibj->ia', LU11old, g.ov, S1, U11)
mom1_p_ov += -1.0*einsum('ijab,kc,cj,ak->ib', L2, F.ov, T1, T1)
mom1_p_ov += -1.0*einsum('ijab,Ikj,ak,I->ib', L2, g.oo, T1, S1)
mom1_p_ov += -1.0*einsum('ijab,Ibc,cj,I->ia', L2, g.vv, T1, S1)
mom1_p_ov += -1.0*einsum('Iia,jkbc,aj,Ibk->ic', LU11old, I.oovv, T1, U11)
mom1_p_ov += 1.0*einsum('Iia,jkbc,bj,Iak->ic', LU11old, I.oovv, T1, U11)
mom1_p_ov += 1.0*einsum('Iia,jkbc,cj,Ibk->ia', LU11old, I.oovv, T1, U11)
mom1_p_ov += -1.0*einsum('ijab,Ikc,bk,Iaj->ic', L2, g.ov, T1, U11)
mom1_p_ov += -0.5*einsum('ijab,Ikc,bakj,I->ic', L2, g.ov, T2, S1)
mom1_p_ov += -0.5*einsum('ijab,kljc,bk,al->ic', L2, I.ooov, T1, T1)
mom1_p_ov += -1.0*einsum('ijab,kbcd,cj,ak->id', L2, I.ovvv, T1, T1)
mom1_p_ov += -1.0*einsum('ijab,Ikc,ak,Icj->ib', L2, g.ov, T1, U11)
mom1_p_ov += -1.0*einsum('ijab,Ikc,cj,Iak->ib', L2, g.ov, T1, U11)
mom1_p_ov += 1.0*einsum('ijab,Ikc,ck,Iaj->ib', L2, g.ov, T1, U11)
mom1_p_ov += -1.0*einsum('ijab,Ikc,ackj,I->ib', L2, g.ov, T2, S1)
mom1_p_ov += -1.0*einsum('ijab,kljc,ak,cl->ib', L2, I.ooov, T1, T1)
mom1_p_ov += -1.0*einsum('ijab,kbcd,dj,ck->ia', L2, I.ovvv, T1, T1)
mom1_p_ov += -1.0*einsum('ijab,klcd,bk,aclj->id', L2, I.oovv, T1, T2)
mom1_p_ov += 0.25*einsum('ijab,klcd,cj,balk->id', L2, I.oovv, T1, T2)
mom1_p_ov += -0.5*einsum('ijab,klcd,ck,balj->id', L2, I.oovv, T1, T2)
mom1_p_ov += -0.5*einsum('ijab,klcd,ak,dclj->ib', L2, I.oovv, T1, T2)
mom1_p_ov += -0.5*einsum('ijab,klcd,dj,aclk->ib', L2, I.oovv, T1, T2)
mom1_p_ov += 1.0*einsum('ijab,klcd,dk,aclj->ib', L2, I.oovv, T1, T2)
mom1_p_ov += -1.0*einsum('ijab,Ikc,cj,ak,I->ib', L2, g.ov, T1, T1, S1)
mom1_p_ov += -0.5*einsum('ijab,klcd,cj,bk,al->id', L2, I.oovv, T1, T1, T1)
mom1_p_ov += 1.0*einsum('ijab,klcd,dj,ak,cl->ib', L2, I.oovv, T1, T1, T1)

All terms computed and simplified separately. Max order of T was: 3
Finding sp moment expression for ov string:  vv
Rank of perturbation:  0
mom1_p_vv += 1.0*einsum('ab->ab', F.vv)
mom1_p_vv += -1.0*einsum('ib,ai->ab', F.ov, T1)
mom1_p_vv += 1.0*einsum('Iab,I->ab', g.vv, S1)
mom1_p_vv += 1.0*einsum('I,Iab->ab', LS1old, g_boscre.vv)
mom1_p_vv += -1.0*einsum('ia,bi->ba', L1, F.vo)
mom1_p_vv += -1.0*einsum('Iib,Iai->ab', g.ov, U11)
mom1_p_vv += 1.0*einsum('iabc,bi->ac', I.ovvv, T1)
mom1_p_vv += 1.0*einsum('ia,abic->bc', L1, I.vvov)
mom1_p_vv += -1.0*einsum('Iia,Ibi->ba', LU11old, g_boscre.vo)
mom1_p_vv += -0.5*einsum('ijbc,abji->ac', I.oovv, T2)
mom1_p_vv += -0.5*einsum('ijab,bcji->ca', L2, I.vvoo)
mom1_p_vv += 1.0*einsum('I,I,ab->ab', LS1old, G, delta)
mom1_p_vv += -1.0*einsum('Iib,ai,I->ab', g.ov, T1, S1)
mom1_p_vv += -1.0*einsum('I,ib,Iai->ab', LS1old, F.ov, U11)
mom1_p_vv += -1.0*einsum('I,Iib,ai->ab', LS1old, g_boscre.ov, T1)
mom1_p_vv += 1.0*einsum('ia,ai,bc->bc', L1, F.vo, delta)
mom1_p_vv += -1.0*einsum('ia,ac,bi->bc', L1, F.vv, T1)
mom1_p_vv += -1.0*einsum('ia,I,Ibi->ba', L1, G, U11)
mom1_p_vv += 1.0*einsum('ia,ji,bj->ba', L1, F.oo, T1)
mom1_p_vv += -1.0*einsum('ia,Ibi,I->ba', L1, g.vo, S1)
mom1_p_vv += -1.0*einsum('ia,bc,ci->ba', L1, F.vv, T1)
mom1_p_vv += -1.0*einsum('Iia,I,bi->ba', LU11old, G, T1)
mom1_p_vv += 1.0*einsum('ijbc,ai,bj->ac', I.oovv, T1, T1)
mom1_p_vv += 1.0*einsum('I,iabc,Ibi->ac', LS1old, I.ovvv, U11)
mom1_p_vv += 1.0*einsum('ia,jc,abji->bc', L1, F.ov, T2)
mom1_p_vv += -1.0*einsum('ia,Iac,Ibi->bc', L1, g.vv, U11)
mom1_p_vv += 1.0*einsum('ia,Ibc,Iai->bc', L1, g.vv, U11)
mom1_p_vv += 1.0*einsum('ia,jaic,bj->bc', L1, I.ovov, T1)
mom1_p_vv += -1.0*einsum('ia,jbic,aj->bc', L1, I.ovov, T1)
mom1_p_vv += 1.0*einsum('ia,abcd,ci->bd', L1, I.vvvv, T1)
mom1_p_vv += 1.0*einsum('ia,Iji,Ibj->ba', L1, g.oo, U11)
mom1_p_vv += 1.0*einsum('ia,jc,bcji->ba', L1, F.ov, T2)
mom1_p_vv += -1.0*einsum('ia,Ibc,Ici->ba', L1, g.vv, U11)
mom1_p_vv += 1.0*einsum('ia,jbic,cj->ba', L1, I.ovov, T1)
mom1_p_vv += -1.0*einsum('Iia,ac,Ibi->bc', LU11old, F.vv, U11)
mom1_p_vv += 1.0*einsum('Iia,Iai,bc->bc', LU11old, g_boscre.vo, delta)
mom1_p_vv += -1.0*einsum('Iia,Iac,bi->bc', LU11old, g_boscre.vv, T1)
mom1_p_vv += 1.0*einsum('Iia,ji,Ibj->ba', LU11old, F.oo, U11)
mom1_p_vv += -1.0*einsum('Iia,IJ,Jbi->ba', LU11old, w, U11)
mom1_p_vv += 1.0*einsum('Iia,Iji,bj->ba', LU11old, g_boscre.oo, T1)
mom1_p_vv += -1.0*einsum('Iia,bc,Ici->ba', LU11old, F.vv, U11)
mom1_p_vv += -1.0*einsum('Iia,Ibc,ci->ba', LU11old, g_boscre.vv, T1)
mom1_p_vv += 1.0*einsum('ijab,bi,cj->ca', L2, F.vo, T1)
mom1_p_vv += -0.5*einsum('ia,jkic,abkj->bc', L1, I.ooov, T2)
mom1_p_vv += 1.0*einsum('ia,jacd,bcji->bd', L1, I.ovvv, T2)
mom1_p_vv += -1.0*einsum('ia,jbcd,acji->bd', L1, I.ovvv, T2)
mom1_p_vv += -0.5*einsum('ia,jkic,bckj->ba', L1, I.ooov, T2)
mom1_p_vv += 0.5*einsum('ia,jbcd,dcji->ba', L1, I.ovvv, T2)
mom1_p_vv += 1.0*einsum('Iia,Ijc,abji->bc', LU11old, g_boscre.ov, T2)
mom1_p_vv += 1.0*einsum('Iia,jaic,Ibj->bc', LU11old, I.ovov, U11)
mom1_p_vv += -1.0*einsum('Iia,jbic,Iaj->bc', LU11old, I.ovov, U11)
mom1_p_vv += 1.0*einsum('Iia,abcd,Ici->bd', LU11old, I.vvvv, U11)
mom1_p_vv += 1.0*einsum('Iia,Ijc,bcji->ba', LU11old, g_boscre.ov, T2)
mom1_p_vv += 1.0*einsum('Iia,jbic,Icj->ba', LU11old, I.ovov, U11)
mom1_p_vv += 0.5*einsum('ijab,bd,acji->cd', L2, F.vv, T2)
mom1_p_vv += 0.5*einsum('ijab,baid,cj->cd', L2, I.vvov, T1)
mom1_p_vv += 0.25*einsum('ijab,baji,cd->cd', L2, I.vvoo, delta)
mom1_p_vv += 1.0*einsum('ijab,ki,ackj->cb', L2, F.oo, T2)
mom1_p_vv += 1.0*einsum('ijab,Ici,Iaj->cb', L2, g.vo, U11)
mom1_p_vv += 0.5*einsum('ijab,cd,adji->cb', L2, F.vv, T2)
mom1_p_vv += -0.5*einsum('ijab,kcji,ak->cb', L2, I.ovoo, T1)
mom1_p_vv += 1.0*einsum('ijab,Ibi,Icj->ca', L2, g.vo, U11)
mom1_p_vv += 0.5*einsum('ijab,bd,cdji->ca', L2, F.vv, T2)
mom1_p_vv += -0.5*einsum('ijab,kbji,ck->ca', L2, I.ovoo, T1)
mom1_p_vv += 1.0*einsum('ijab,bcid,dj->ca', L2, I.vvov, T1)
mom1_p_vv += 1.0*einsum('ijab,kbid,ackj->cd', L2, I.ovov, T2)
mom1_p_vv += 0.5*einsum('ijab,kcid,bakj->cd', L2, I.ovov, T2)
mom1_p_vv += 0.25*einsum('ijab,bade,cdji->ce', L2, I.vvvv, T2)
mom1_p_vv += -0.5*einsum('ijab,bcde,adji->ce', L2, I.vvvv, T2)
mom1_p_vv += -0.25*einsum('ijab,klji,aclk->cb', L2, I.oooo, T2)
mom1_p_vv += 1.0*einsum('ijab,kcid,adkj->cb', L2, I.ovov, T2)
mom1_p_vv += 1.0*einsum('ijab,kbid,cdkj->ca', L2, I.ovov, T2)
mom1_p_vv += 0.25*einsum('ijab,bcde,edji->ca', L2, I.vvvv, T2)
mom1_p_vv += 1.0*einsum('I,IJ,J,ab->ab', LS1old, w, S1, delta)
mom1_p_vv += 1.0*einsum('I,ib,Ibi,ac->ac', LS1old, F.ov, U11, delta)
mom1_p_vv += 1.0*einsum('I,Iib,bi,ac->ac', LS1old, g_boscre.ov, T1, delta)
mom1_p_vv += -1.0*einsum('I,Jib,J,Iai->ab', LS1old, g.ov, S1, U11)
mom1_p_vv += 1.0*einsum('ia,I,Iai,bc->bc', L1, G, U11, delta)
mom1_p_vv += -1.0*einsum('ia,ji,aj,bc->bc', L1, F.oo, T1, delta)
mom1_p_vv += 1.0*einsum('ia,jc,bi,aj->bc', L1, F.ov, T1, T1)
mom1_p_vv += 1.0*einsum('ia,ac,ci,bd->bd', L1, F.vv, T1, delta)
mom1_p_vv += 1.0*einsum('ia,Iai,I,bc->bc', L1, g.vo, S1, delta)
mom1_p_vv += -1.0*einsum('ia,Iac,bi,I->bc', L1, g.vv, T1, S1)
mom1_p_vv += 1.0*einsum('ia,Iji,bj,I->ba', L1, g.oo, T1, S1)
mom1_p_vv += 1.0*einsum('ia,jc,ci,bj->ba', L1, F.ov, T1, T1)
mom1_p_vv += -1.0*einsum('ia,Ibc,ci,I->ba', L1, g.vv, T1, S1)
mom1_p_vv += -1.0*einsum('Iia,IJ,bi,J->ba', LU11old, w, T1, S1)
mom1_p_vv += 1.0*einsum('I,ijbc,ai,Ibj->ac', LS1old, I.oovv, T1, U11)
mom1_p_vv += -1.0*einsum('I,ijbc,bi,Iaj->ac', LS1old, I.oovv, T1, U11)
mom1_p_vv += -1.0*einsum('ia,jc,acji,bd->bd', L1, F.ov, T2, delta)
mom1_p_vv += -1.0*einsum('ia,Iji,Iaj,bc->bc', L1, g.oo, U11, delta)
mom1_p_vv += 1.0*einsum('ia,Ijc,aj,Ibi->bc', L1, g.ov, T1, U11)
mom1_p_vv += 1.0*einsum('ia,Ijc,bi,Iaj->bc', L1, g.ov, T1, U11)
mom1_p_vv += -1.0*einsum('ia,Ijc,bj,Iai->bc', L1, g.ov, T1, U11)
mom1_p_vv += 1.0*einsum('ia,Ijc,abji,I->bc', L1, g.ov, T2, S1)
mom1_p_vv += 1.0*einsum('ia,Iac,Ici,bd->bd', L1, g.vv, U11, delta)
mom1_p_vv += 1.0*einsum('ia,jkic,aj,bk->bc', L1, I.ooov, T1, T1)
mom1_p_vv += -1.0*einsum('ia,jaic,cj,bd->bd', L1, I.ovov, T1, delta)
mom1_p_vv += -1.0*einsum('ia,jacd,bi,cj->bd', L1, I.ovvv, T1, T1)
mom1_p_vv += 1.0*einsum('ia,jacd,ci,bj->bd', L1, I.ovvv, T1, T1)
mom1_p_vv += -1.0*einsum('ia,jbcd,ci,aj->bd', L1, I.ovvv, T1, T1)
mom1_p_vv += 1.0*einsum('ia,Ijc,bj,Ici->ba', L1, g.ov, T1, U11)
mom1_p_vv += 1.0*einsum('ia,Ijc,ci,Ibj->ba', L1, g.ov, T1, U11)
mom1_p_vv += -1.0*einsum('ia,Ijc,cj,Ibi->ba', L1, g.ov, T1, U11)
mom1_p_vv += 1.0*einsum('ia,Ijc,bcji,I->ba', L1, g.ov, T2, S1)
mom1_p_vv += 1.0*einsum('ia,jkic,bj,ck->ba', L1, I.ooov, T1, T1)
mom1_p_vv += -1.0*einsum('ia,jbcd,di,cj->ba', L1, I.ovvv, T1, T1)
mom1_p_vv += -1.0*einsum('Iia,ji,Iaj,bc->bc', LU11old, F.oo, U11, delta)
mom1_p_vv += 1.0*einsum('Iia,jc,aj,Ibi->bc', LU11old, F.ov, T1, U11)
mom1_p_vv += 1.0*einsum('Iia,jc,bi,Iaj->bc', LU11old, F.ov, T1, U11)
mom1_p_vv += 1.0*einsum('Iia,ac,Ici,bd->bd', LU11old, F.vv, U11, delta)
mom1_p_vv += 1.0*einsum('Iia,IJ,Jai,bc->bc', LU11old, w, U11, delta)
mom1_p_vv += -1.0*einsum('Iia,Jac,J,Ibi->bc', LU11old, g.vv, S1, U11)
mom1_p_vv += -1.0*einsum('Iia,Iji,aj,bc->bc', LU11old, g_boscre.oo, T1, delta)
mom1_p_vv += 1.0*einsum('Iia,Ijc,bi,aj->bc', LU11old, g_boscre.ov, T1, T1)
mom1_p_vv += 1.0*einsum('Iia,Iac,ci,bd->bd', LU11old, g_boscre.vv, T1, delta)
mom1_p_vv += 1.0*einsum('Iia,Jji,J,Ibj->ba', LU11old, g.oo, S1, U11)
mom1_p_vv += -1.0*einsum('Iia,jc,bi,Icj->ba', LU11old, F.ov, T1, U11)
mom1_p_vv += 1.0*einsum('Iia,jc,bj,Ici->ba', LU11old, F.ov, T1, U11)
mom1_p_vv += 1.0*einsum('Iia,jc,ci,Ibj->ba', LU11old, F.ov, T1, U11)
mom1_p_vv += -1.0*einsum('Iia,Ijc,bi,cj->ba', LU11old, g_boscre.ov, T1, T1)
mom1_p_vv += 1.0*einsum('Iia,Ijc,ci,bj->ba', LU11old, g_boscre.ov, T1, T1)
mom1_p_vv += -1.0*einsum('Iia,Jbc,J,Ici->ba', LU11old, g.vv, S1, U11)
mom1_p_vv += 1.0*einsum('ijab,I,ci,Iaj->cb', L2, G, T1, U11)
mom1_p_vv += 1.0*einsum('ijab,ki,cj,ak->cb', L2, F.oo, T1, T1)
mom1_p_vv += 1.0*einsum('ijab,Ibi,cj,I->ca', L2, g.vo, T1, S1)
mom1_p_vv += -1.0*einsum('ijab,bd,ci,dj->ca', L2, F.vv, T1, T1)
mom1_p_vv += 0.5*einsum('ia,jkic,ackj,bd->bd', L1, I.ooov, T2, delta)
mom1_p_vv += 1.0*einsum('ia,jkcd,aj,bcki->bd', L1, I.oovv, T1, T2)
mom1_p_vv += 0.5*einsum('ia,jkcd,bi,ackj->bd', L1, I.oovv, T1, T2)
mom1_p_vv += -1.0*einsum('ia,jkcd,bj,acki->bd', L1, I.oovv, T1, T2)
mom1_p_vv += -0.5*einsum('ia,jkcd,ci,abkj->bd', L1, I.oovv, T1, T2)
mom1_p_vv += 1.0*einsum('ia,jkcd,cj,abki->bd', L1, I.oovv, T1, T2)
mom1_p_vv += -0.5*einsum('ia,jacd,dcji,be->be', L1, I.ovvv, T2, delta)
mom1_p_vv += 0.5*einsum('ia,jkcd,bj,dcki->ba', L1, I.oovv, T1, T2)
mom1_p_vv += 0.5*einsum('ia,jkcd,di,bckj->ba', L1, I.oovv, T1, T2)
mom1_p_vv += -1.0*einsum('ia,jkcd,dj,bcki->ba', L1, I.oovv, T1, T2)
mom1_p_vv += 1.0*einsum('Iia,Jjc,Iaj,Jbi->bc', LU11old, g.ov, U11, U11)
mom1_p_vv += 1.0*einsum('Iia,Jjc,Ibi,Jaj->bc', LU11old, g.ov, U11, U11)
mom1_p_vv += -1.0*einsum('Iia,Jjc,Ibj,Jai->bc', LU11old, g.ov, U11, U11)
mom1_p_vv += -1.0*einsum('Iia,Ijc,acji,bd->bd', LU11old, g_boscre.ov, T2, delta)
mom1_p_vv += 1.0*einsum('Iia,jkic,aj,Ibk->bc', LU11old, I.ooov, T1, U11)
mom1_p_vv += -1.0*einsum('Iia,jkic,bj,Iak->bc', LU11old, I.ooov, T1, U11)
mom1_p_vv += -1.0*einsum('Iia,jaic,Icj,bd->bd', LU11old, I.ovov, U11, delta)
mom1_p_vv += -1.0*einsum('Iia,jacd,bi,Icj->bd', LU11old, I.ovvv, T1, U11)
mom1_p_vv += 1.0*einsum('Iia,jacd,bj,Ici->bd', LU11old, I.ovvv, T1, U11)
mom1_p_vv += 1.0*einsum('Iia,jacd,ci,Ibj->bd', LU11old, I.ovvv, T1, U11)
mom1_p_vv += -1.0*einsum('Iia,jacd,cj,Ibi->bd', LU11old, I.ovvv, T1, U11)
mom1_p_vv += -1.0*einsum('Iia,jbcd,aj,Ici->bd', LU11old, I.ovvv, T1, U11)
mom1_p_vv += -1.0*einsum('Iia,jbcd,ci,Iaj->bd', LU11old, I.ovvv, T1, U11)
mom1_p_vv += 1.0*einsum('Iia,Jjc,Ibj,Jci->ba', LU11old, g.ov, U11, U11)
mom1_p_vv += 1.0*einsum('Iia,Jjc,Ici,Jbj->ba', LU11old, g.ov, U11, U11)
mom1_p_vv += -1.0*einsum('Iia,Jjc,Icj,Jbi->ba', LU11old, g.ov, U11, U11)
mom1_p_vv += 1.0*einsum('Iia,jkic,bj,Ick->ba', LU11old, I.ooov, T1, U11)
mom1_p_vv += -1.0*einsum('Iia,jkic,cj,Ibk->ba', LU11old, I.ooov, T1, U11)
mom1_p_vv += -1.0*einsum('Iia,jbcd,di,Icj->ba', LU11old, I.ovvv, T1, U11)
mom1_p_vv += 1.0*einsum('Iia,jbcd,dj,Ici->ba', LU11old, I.ovvv, T1, U11)
mom1_p_vv += 0.5*einsum('ijab,ki,bakj,cd->cd', L2, F.oo, T2, delta)
mom1_p_vv += -0.5*einsum('ijab,kd,bk,acji->cd', L2, F.ov, T1, T2)
mom1_p_vv += -0.5*einsum('ijab,kd,ci,bakj->cd', L2, F.ov, T1, T2)
mom1_p_vv += -0.5*einsum('ijab,bd,adji,ce->ce', L2, F.vv, T2, delta)
mom1_p_vv += -1.0*einsum('ijab,Ibi,Iaj,cd->cd', L2, g.vo, U11, delta)
mom1_p_vv += 1.0*einsum('ijab,Ibd,ci,Iaj->cd', L2, g.vv, T1, U11)
mom1_p_vv += 0.5*einsum('ijab,Ibd,acji,I->cd', L2, g.vv, T2, S1)
mom1_p_vv += 1.0*einsum('ijab,kbid,cj,ak->cd', L2, I.ovov, T1, T1)
mom1_p_vv += 0.5*einsum('ijab,kbji,ak,cd->cd', L2, I.ovoo, T1, delta)
mom1_p_vv += -0.5*einsum('ijab,baid,dj,ce->ce', L2, I.vvov, T1, delta)
mom1_p_vv += -0.5*einsum('ijab,bade,ci,dj->ce', L2, I.vvvv, T1, T1)
mom1_p_vv += 1.0*einsum('ijab,Iki,ak,Icj->cb', L2, g.oo, T1, U11)
mom1_p_vv += 1.0*einsum('ijab,Iki,cj,Iak->cb', L2, g.oo, T1, U11)
mom1_p_vv += -1.0*einsum('ijab,Iki,ck,Iaj->cb', L2, g.oo, T1, U11)
mom1_p_vv += 1.0*einsum('ijab,Iki,ackj,I->cb', L2, g.oo, T2, S1)
mom1_p_vv += 0.5*einsum('ijab,klji,ak,cl->cb', L2, I.oooo, T1, T1)
mom1_p_vv += 0.5*einsum('ijab,kd,ak,cdji->cb', L2, F.ov, T1, T2)
mom1_p_vv += -1.0*einsum('ijab,kd,ci,adkj->cb', L2, F.ov, T1, T2)
mom1_p_vv += -0.5*einsum('ijab,kd,ck,adji->cb', L2, F.ov, T1, T2)
mom1_p_vv += 1.0*einsum('ijab,kd,di,ackj->cb', L2, F.ov, T1, T2)
mom1_p_vv += 1.0*einsum('ijab,Icd,di,Iaj->cb', L2, g.vv, T1, U11)
mom1_p_vv += 0.5*einsum('ijab,Icd,adji,I->cb', L2, g.vv, T2, S1)
mom1_p_vv += 1.0*einsum('ijab,kcid,dj,ak->cb', L2, I.ovov, T1, T1)
mom1_p_vv += -1.0*einsum('ijab,Ibd,ci,Idj->ca', L2, g.vv, T1, U11)
mom1_p_vv += 1.0*einsum('ijab,Ibd,di,Icj->ca', L2, g.vv, T1, U11)
mom1_p_vv += 0.5*einsum('ijab,Ibd,cdji,I->ca', L2, g.vv, T2, S1)
mom1_p_vv += -1.0*einsum('ijab,kbid,cj,dk->ca', L2, I.ovov, T1, T1)
mom1_p_vv += 1.0*einsum('ijab,kbid,dj,ck->ca', L2, I.ovov, T1, T1)
mom1_p_vv += -0.5*einsum('ijab,bcde,ei,dj->ca', L2, I.vvvv, T1, T1)
mom1_p_vv += -1.0*einsum('Iia,jkcd,abji,Ick->bd', LU11old, I.oovv, T2, U11)
mom1_p_vv += -0.5*einsum('Iia,jkcd,abkj,Ici->bd', LU11old, I.oovv, T2, U11)
mom1_p_vv += 1.0*einsum('Iia,jkcd,acji,Ibk->bd', LU11old, I.oovv, T2, U11)
mom1_p_vv += 0.5*einsum('Iia,jkcd,ackj,Ibi->bd', LU11old, I.oovv, T2, U11)
mom1_p_vv += -1.0*einsum('Iia,jkcd,bcji,Iak->bd', LU11old, I.oovv, T2, U11)
mom1_p_vv += -1.0*einsum('Iia,jkcd,bdji,Ick->ba', LU11old, I.oovv, T2, U11)
mom1_p_vv += -0.5*einsum('Iia,jkcd,bdkj,Ici->ba', LU11old, I.oovv, T2, U11)
mom1_p_vv += -0.5*einsum('Iia,jkcd,dcji,Ibk->ba', LU11old, I.oovv, T2, U11)
mom1_p_vv += 0.5*einsum('ijab,Ikd,baki,Icj->cd', L2, g.ov, T2, U11)
mom1_p_vv += 0.5*einsum('ijab,Ikd,bcji,Iak->cd', L2, g.ov, T2, U11)
mom1_p_vv += -1.0*einsum('ijab,Ikd,bcki,Iaj->cd', L2, g.ov, T2, U11)
mom1_p_vv += -0.125*einsum('ijab,klji,balk,cd->cd', L2, I.oooo, T2, delta)
mom1_p_vv += 1.0*einsum('ijab,klid,bk,aclj->cd', L2, I.ooov, T1, T2)
mom1_p_vv += -0.25*einsum('ijab,klid,cj,balk->cd', L2, I.ooov, T1, T2)
mom1_p_vv += 0.5*einsum('ijab,klid,ck,balj->cd', L2, I.ooov, T1, T2)
mom1_p_vv += -1.0*einsum('ijab,kbid,adkj,ce->ce', L2, I.ovov, T2, delta)
mom1_p_vv += 0.5*einsum('ijab,kbde,ak,cdji->ce', L2, I.ovvv, T1, T2)
mom1_p_vv += -1.0*einsum('ijab,kbde,ci,adkj->ce', L2, I.ovvv, T1, T2)
mom1_p_vv += -0.5*einsum('ijab,kbde,ck,adji->ce', L2, I.ovvv, T1, T2)
mom1_p_vv += 1.0*einsum('ijab,kbde,di,ackj->ce', L2, I.ovvv, T1, T2)
mom1_p_vv += 0.5*einsum('ijab,kbde,dk,acji->ce', L2, I.ovvv, T1, T2)
mom1_p_vv += 0.5*einsum('ijab,kcde,bk,adji->ce', L2, I.ovvv, T1, T2)
mom1_p_vv += 0.5*einsum('ijab,kcde,di,bakj->ce', L2, I.ovvv, T1, T2)
mom1_p_vv += -0.125*einsum('ijab,bade,edji,cf->cf', L2, I.vvvv, T2, delta)
mom1_p_vv += -1.0*einsum('ijab,Ikd,acki,Idj->cb', L2, g.ov, T2, U11)
mom1_p_vv += -0.5*einsum('ijab,Ikd,adji,Ick->cb', L2, g.ov, T2, U11)
mom1_p_vv += 1.0*einsum('ijab,Ikd,adki,Icj->cb', L2, g.ov, T2, U11)
mom1_p_vv += 0.5*einsum('ijab,Ikd,cdji,Iak->cb', L2, g.ov, T2, U11)
mom1_p_vv += -1.0*einsum('ijab,Ikd,cdki,Iaj->cb', L2, g.ov, T2, U11)
mom1_p_vv += -1.0*einsum('ijab,klid,ak,cdlj->cb', L2, I.ooov, T1, T2)
mom1_p_vv += -0.5*einsum('ijab,klid,cj,adlk->cb', L2, I.ooov, T1, T2)
mom1_p_vv += 1.0*einsum('ijab,klid,ck,adlj->cb', L2, I.ooov, T1, T2)
mom1_p_vv += 0.5*einsum('ijab,klid,dj,aclk->cb', L2, I.ooov, T1, T2)
mom1_p_vv += -1.0*einsum('ijab,klid,dk,aclj->cb', L2, I.ooov, T1, T2)
mom1_p_vv += 0.25*einsum('ijab,kcde,ak,edji->cb', L2, I.ovvv, T1, T2)
mom1_p_vv += -1.0*einsum('ijab,kcde,ei,adkj->cb', L2, I.ovvv, T1, T2)
mom1_p_vv += -0.5*einsum('ijab,kcde,ek,adji->cb', L2, I.ovvv, T1, T2)
mom1_p_vv += 0.5*einsum('ijab,kbde,ci,edkj->ca', L2, I.ovvv, T1, T2)
mom1_p_vv += 0.25*einsum('ijab,kbde,ck,edji->ca', L2, I.ovvv, T1, T2)
mom1_p_vv += -1.0*einsum('ijab,kbde,ei,cdkj->ca', L2, I.ovvv, T1, T2)
mom1_p_vv += -0.5*einsum('ijab,kbde,ek,cdji->ca', L2, I.ovvv, T1, T2)
mom1_p_vv += 0.5*einsum('ijab,klde,baki,cdlj->ce', L2, I.oovv, T2, T2)
mom1_p_vv += 0.25*einsum('ijab,klde,bcji,adlk->ce', L2, I.oovv, T2, T2)
mom1_p_vv += -1.0*einsum('ijab,klde,bcki,adlj->ce', L2, I.oovv, T2, T2)
mom1_p_vv += -0.25*einsum('ijab,klde,bdji,aclk->ce', L2, I.oovv, T2, T2)
mom1_p_vv += -0.125*einsum('ijab,klde,cdji,balk->ce', L2, I.oovv, T2, T2)
mom1_p_vv += -0.5*einsum('ijab,klde,acki,edlj->cb', L2, I.oovv, T2, T2)
mom1_p_vv += -0.25*einsum('ijab,klde,aeji,cdlk->cb', L2, I.oovv, T2, T2)
mom1_p_vv += 1.0*einsum('ijab,klde,aeki,cdlj->cb', L2, I.oovv, T2, T2)
mom1_p_vv += 0.25*einsum('ijab,klde,ceji,adlk->cb', L2, I.oovv, T2, T2)
mom1_p_vv += 0.125*einsum('ijab,klde,edji,aclk->cb', L2, I.oovv, T2, T2)
mom1_p_vv += 1.0*einsum('I,Jib,J,Ibi,ac->ac', LS1old, g.ov, S1, U11, delta)
mom1_p_vv += -1.0*einsum('ia,jc,ci,aj,bd->bd', L1, F.ov, T1, T1, delta)
mom1_p_vv += -1.0*einsum('ia,Iji,aj,I,bc->bc', L1, g.oo, T1, S1, delta)
mom1_p_vv += 1.0*einsum('ia,Ijc,bi,aj,I->bc', L1, g.ov, T1, T1, S1)
mom1_p_vv += 1.0*einsum('ia,Iac,ci,I,bd->bd', L1, g.vv, T1, S1, delta)
mom1_p_vv += 1.0*einsum('ia,Ijc,ci,bj,I->ba', L1, g.ov, T1, T1, S1)
mom1_p_vv += -1.0*einsum('I,ijbc,ci,Ibj,ad->ad', LS1old, I.oovv, T1, U11, delta)
mom1_p_vv += -1.0*einsum('ia,Ijc,aj,Ici,bd->bd', L1, g.ov, T1, U11, delta)
mom1_p_vv += -1.0*einsum('ia,Ijc,ci,Iaj,bd->bd', L1, g.ov, T1, U11, delta)
mom1_p_vv += 1.0*einsum('ia,Ijc,cj,Iai,bd->bd', L1, g.ov, T1, U11, delta)
mom1_p_vv += -1.0*einsum('ia,Ijc,acji,I,bd->bd', L1, g.ov, T2, S1, delta)
mom1_p_vv += -1.0*einsum('ia,jkic,aj,ck,bd->bd', L1, I.ooov, T1, T1, delta)
mom1_p_vv += -1.0*einsum('ia,jkcd,bi,aj,ck->bd', L1, I.oovv, T1, T1, T1)
mom1_p_vv += 1.0*einsum('ia,jkcd,ci,aj,bk->bd', L1, I.oovv, T1, T1, T1)
mom1_p_vv += 1.0*einsum('ia,jacd,di,cj,be->be', L1, I.ovvv, T1, T1, delta)
mom1_p_vv += -1.0*einsum('ia,jkcd,di,bj,ck->ba', L1, I.oovv, T1, T1, T1)
mom1_p_vv += -1.0*einsum('Iia,jc,aj,Ici,bd->bd', LU11old, F.ov, T1, U11, delta)
mom1_p_vv += -1.0*einsum('Iia,jc,ci,Iaj,bd->bd', LU11old, F.ov, T1, U11, delta)
mom1_p_vv += -1.0*einsum('Iia,Jji,J,Iaj,bc->bc', LU11old, g.oo, S1, U11, delta)
mom1_p_vv += 1.0*einsum('Iia,Jjc,aj,J,Ibi->bc', LU11old, g.ov, T1, S1, U11)
mom1_p_vv += 1.0*einsum('Iia,Jjc,bi,J,Iaj->bc', LU11old, g.ov, T1, S1, U11)
mom1_p_vv += 1.0*einsum('Iia,Jac,J,Ici,bd->bd', LU11old, g.vv, S1, U11, delta)
mom1_p_vv += -1.0*einsum('Iia,Ijc,ci,aj,bd->bd', LU11old, g_boscre.ov, T1, T1, delta)
mom1_p_vv += -1.0*einsum('Iia,Jjc,bi,J,Icj->ba', LU11old, g.ov, T1, S1, U11)
mom1_p_vv += 1.0*einsum('Iia,Jjc,bj,J,Ici->ba', LU11old, g.ov, T1, S1, U11)
mom1_p_vv += 1.0*einsum('Iia,Jjc,ci,J,Ibj->ba', LU11old, g.ov, T1, S1, U11)
mom1_p_vv += 1.0*einsum('ijab,Iki,cj,ak,I->cb', L2, g.oo, T1, T1, S1)
mom1_p_vv += -1.0*einsum('ijab,kd,ci,dj,ak->cb', L2, F.ov, T1, T1, T1)
mom1_p_vv += -1.0*einsum('ijab,Ibd,ci,dj,I->ca', L2, g.vv, T1, T1, S1)
mom1_p_vv += -0.5*einsum('ia,jkcd,aj,dcki,be->be', L1, I.oovv, T1, T2, delta)
mom1_p_vv += -0.5*einsum('ia,jkcd,di,ackj,be->be', L1, I.oovv, T1, T2, delta)
mom1_p_vv += 1.0*einsum('ia,jkcd,dj,acki,be->be', L1, I.oovv, T1, T2, delta)
mom1_p_vv += -1.0*einsum('Iia,Jjc,Iaj,Jci,bd->bd', LU11old, g.ov, U11, U11, delta)
mom1_p_vv += -1.0*einsum('Iia,Jjc,Ici,Jaj,bd->bd', LU11old, g.ov, U11, U11, delta)
mom1_p_vv += 1.0*einsum('Iia,Jjc,Icj,Jai,bd->bd', LU11old, g.ov, U11, U11, delta)
mom1_p_vv += -1.0*einsum('Iia,jkic,aj,Ick,bd->bd', LU11old, I.ooov, T1, U11, delta)
mom1_p_vv += 1.0*einsum('Iia,jkic,cj,Iak,bd->bd', LU11old, I.ooov, T1, U11, delta)
mom1_p_vv += 1.0*einsum('Iia,jkcd,aj,bk,Ici->bd', LU11old, I.oovv, T1, T1, U11)
mom1_p_vv += -1.0*einsum('Iia,jkcd,aj,ck,Ibi->bd', LU11old, I.oovv, T1, T1, U11)
mom1_p_vv += -1.0*einsum('Iia,jkcd,bi,aj,Ick->bd', LU11old, I.oovv, T1, T1, U11)
mom1_p_vv += 1.0*einsum('Iia,jkcd,bi,cj,Iak->bd', LU11old, I.oovv, T1, T1, U11)
mom1_p_vv += 1.0*einsum('Iia,jkcd,ci,aj,Ibk->bd', LU11old, I.oovv, T1, T1, U11)
mom1_p_vv += -1.0*einsum('Iia,jkcd,ci,bj,Iak->bd', LU11old, I.oovv, T1, T1, U11)
mom1_p_vv += 1.0*einsum('Iia,jacd,di,Icj,be->be', LU11old, I.ovvv, T1, U11, delta)
mom1_p_vv += -1.0*einsum('Iia,jacd,dj,Ici,be->be', LU11old, I.ovvv, T1, U11, delta)
mom1_p_vv += 1.0*einsum('Iia,jkcd,bi,dj,Ick->ba', LU11old, I.oovv, T1, T1, U11)
mom1_p_vv += 1.0*einsum('Iia,jkcd,bj,dk,Ici->ba', LU11old, I.oovv, T1, T1, U11)
mom1_p_vv += -1.0*einsum('Iia,jkcd,di,bj,Ick->ba', LU11old, I.oovv, T1, T1, U11)
mom1_p_vv += 1.0*einsum('Iia,jkcd,di,cj,Ibk->ba', LU11old, I.oovv, T1, T1, U11)
mom1_p_vv += 0.5*einsum('ijab,kd,bk,adji,ce->ce', L2, F.ov, T1, T2, delta)
mom1_p_vv += 0.5*einsum('ijab,kd,di,bakj,ce->ce', L2, F.ov, T1, T2, delta)
mom1_p_vv += 1.0*einsum('ijab,Iki,bk,Iaj,cd->cd', L2, g.oo, T1, U11, delta)
mom1_p_vv += 0.5*einsum('ijab,Iki,bakj,I,cd->cd', L2, g.oo, T2, S1, delta)
mom1_p_vv += -0.5*einsum('ijab,Ikd,bk,acji,I->cd', L2, g.ov, T1, T2, S1)
mom1_p_vv += -1.0*einsum('ijab,Ikd,ci,bk,Iaj->cd', L2, g.ov, T1, T1, U11)
mom1_p_vv += -0.5*einsum('ijab,Ikd,ci,bakj,I->cd', L2, g.ov, T1, T2, S1)
mom1_p_vv += -1.0*einsum('ijab,Ibd,di,Iaj,ce->ce', L2, g.vv, T1, U11, delta)
mom1_p_vv += -0.5*einsum('ijab,Ibd,adji,I,ce->ce', L2, g.vv, T2, S1, delta)
mom1_p_vv += 0.25*einsum('ijab,klji,bk,al,cd->cd', L2, I.oooo, T1, T1, delta)
mom1_p_vv += 0.5*einsum('ijab,klid,cj,bk,al->cd', L2, I.ooov, T1, T1, T1)
mom1_p_vv += -1.0*einsum('ijab,kbid,dj,ak,ce->ce', L2, I.ovov, T1, T1, delta)
mom1_p_vv += -1.0*einsum('ijab,kbde,ci,dj,ak->ce', L2, I.ovvv, T1, T1, T1)
mom1_p_vv += 0.25*einsum('ijab,bade,ei,dj,cf->cf', L2, I.vvvv, T1, T1, delta)
mom1_p_vv += 0.5*einsum('ijab,Ikd,ak,cdji,I->cb', L2, g.ov, T1, T2, S1)
mom1_p_vv += -1.0*einsum('ijab,Ikd,ci,ak,Idj->cb', L2, g.ov, T1, T1, U11)
mom1_p_vv += -1.0*einsum('ijab,Ikd,ci,dj,Iak->cb', L2, g.ov, T1, T1, U11)
mom1_p_vv += 1.0*einsum('ijab,Ikd,ci,dk,Iaj->cb', L2, g.ov, T1, T1, U11)
mom1_p_vv += -1.0*einsum('ijab,Ikd,ci,adkj,I->cb', L2, g.ov, T1, T2, S1)
mom1_p_vv += -0.5*einsum('ijab,Ikd,ck,adji,I->cb', L2, g.ov, T1, T2, S1)
mom1_p_vv += 1.0*einsum('ijab,Ikd,di,ak,Icj->cb', L2, g.ov, T1, T1, U11)
mom1_p_vv += -1.0*einsum('ijab,Ikd,di,ck,Iaj->cb', L2, g.ov, T1, T1, U11)
mom1_p_vv += 1.0*einsum('ijab,Ikd,di,ackj,I->cb', L2, g.ov, T1, T2, S1)
mom1_p_vv += 1.0*einsum('ijab,klid,cj,ak,dl->cb', L2, I.ooov, T1, T1, T1)
mom1_p_vv += -1.0*einsum('ijab,klid,dj,ak,cl->cb', L2, I.ooov, T1, T1, T1)
mom1_p_vv += -0.5*einsum('ijab,kcde,ei,dj,ak->cb', L2, I.ovvv, T1, T1, T1)
mom1_p_vv += -1.0*einsum('ijab,kbde,ci,ej,dk->ca', L2, I.ovvv, T1, T1, T1)
mom1_p_vv += -0.5*einsum('ijab,kbde,ei,dj,ck->ca', L2, I.ovvv, T1, T1, T1)
mom1_p_vv += 1.0*einsum('Iia,jkcd,adji,Ick,be->be', LU11old, I.oovv, T2, U11, delta)
mom1_p_vv += 0.5*einsum('Iia,jkcd,adkj,Ici,be->be', LU11old, I.oovv, T2, U11, delta)
mom1_p_vv += 0.5*einsum('Iia,jkcd,dcji,Iak,be->be', LU11old, I.oovv, T2, U11, delta)
mom1_p_vv += -0.5*einsum('ijab,Ikd,baki,Idj,ce->ce', L2, g.ov, T2, U11, delta)
mom1_p_vv += -0.5*einsum('ijab,Ikd,bdji,Iak,ce->ce', L2, g.ov, T2, U11, delta)
mom1_p_vv += 1.0*einsum('ijab,Ikd,bdki,Iaj,ce->ce', L2, g.ov, T2, U11, delta)
mom1_p_vv += -1.0*einsum('ijab,klid,bk,adlj,ce->ce', L2, I.ooov, T1, T2, delta)
mom1_p_vv += 0.25*einsum('ijab,klid,dj,balk,ce->ce', L2, I.ooov, T1, T2, delta)
mom1_p_vv += -0.5*einsum('ijab,klid,dk,balj,ce->ce', L2, I.ooov, T1, T2, delta)
mom1_p_vv += 0.25*einsum('ijab,klde,bk,al,cdji->ce', L2, I.oovv, T1, T1, T2)
mom1_p_vv += -0.5*einsum('ijab,klde,bk,cl,adji->ce', L2, I.oovv, T1, T1, T2)
mom1_p_vv += 0.5*einsum('ijab,klde,bk,dl,acji->ce', L2, I.oovv, T1, T1, T2)
mom1_p_vv += -1.0*einsum('ijab,klde,ci,bk,adlj->ce', L2, I.oovv, T1, T1, T2)
mom1_p_vv += 0.25*einsum('ijab,klde,ci,dj,balk->ce', L2, I.oovv, T1, T1, T2)
mom1_p_vv += -0.5*einsum('ijab,klde,ci,dk,balj->ce', L2, I.oovv, T1, T1, T2)
mom1_p_vv += 1.0*einsum('ijab,klde,di,bk,aclj->ce', L2, I.oovv, T1, T1, T2)
mom1_p_vv += 0.5*einsum('ijab,klde,di,ck,balj->ce', L2, I.oovv, T1, T1, T2)
mom1_p_vv += -0.25*einsum('ijab,kbde,ak,edji,cf->cf', L2, I.ovvv, T1, T2, delta)
mom1_p_vv += 1.0*einsum('ijab,kbde,ei,adkj,cf->cf', L2, I.ovvv, T1, T2, delta)
mom1_p_vv += 0.5*einsum('ijab,kbde,ek,adji,cf->cf', L2, I.ovvv, T1, T2, delta)
mom1_p_vv += -0.25*einsum('ijab,klde,ak,cl,edji->cb', L2, I.oovv, T1, T1, T2)
mom1_p_vv += 0.5*einsum('ijab,klde,ak,el,cdji->cb', L2, I.oovv, T1, T1, T2)
mom1_p_vv += -0.5*einsum('ijab,klde,ci,ak,edlj->cb', L2, I.oovv, T1, T1, T2)
mom1_p_vv += -0.5*einsum('ijab,klde,ci,ej,adlk->cb', L2, I.oovv, T1, T1, T2)
mom1_p_vv += 1.0*einsum('ijab,klde,ci,ek,adlj->cb', L2, I.oovv, T1, T1, T2)
mom1_p_vv += -0.5*einsum('ijab,klde,ck,el,adji->cb', L2, I.oovv, T1, T1, T2)
mom1_p_vv += 1.0*einsum('ijab,klde,ei,ak,cdlj->cb', L2, I.oovv, T1, T1, T2)
mom1_p_vv += -1.0*einsum('ijab,klde,ei,ck,adlj->cb', L2, I.oovv, T1, T1, T2)
mom1_p_vv += -0.25*einsum('ijab,klde,ei,dj,aclk->cb', L2, I.oovv, T1, T1, T2)
mom1_p_vv += 1.0*einsum('ijab,klde,ei,dk,aclj->cb', L2, I.oovv, T1, T1, T2)
mom1_p_vv += -0.25*einsum('ijab,klde,baki,edlj,cf->cf', L2, I.oovv, T2, T2, delta)
mom1_p_vv += -0.25*einsum('ijab,klde,beji,adlk,cf->cf', L2, I.oovv, T2, T2, delta)
mom1_p_vv += 0.5*einsum('ijab,klde,beki,adlj,cf->cf', L2, I.oovv, T2, T2, delta)
mom1_p_vv += 0.0625*einsum('ijab,klde,edji,balk,cf->cf', L2, I.oovv, T2, T2, delta)
mom1_p_vv += -1.0*einsum('ia,Ijc,ci,aj,I,bd->bd', L1, g.ov, T1, T1, S1, delta)
mom1_p_vv += 1.0*einsum('ia,jkcd,di,aj,ck,be->be', L1, I.oovv, T1, T1, T1, delta)
mom1_p_vv += -1.0*einsum('Iia,Jjc,aj,J,Ici,bd->bd', LU11old, g.ov, T1, S1, U11, delta)
mom1_p_vv += -1.0*einsum('Iia,Jjc,ci,J,Iaj,bd->bd', LU11old, g.ov, T1, S1, U11, delta)
mom1_p_vv += -1.0*einsum('ijab,Ikd,ci,dj,ak,I->cb', L2, g.ov, T1, T1, T1, S1)
mom1_p_vv += -1.0*einsum('Iia,jkcd,aj,dk,Ici,be->be', LU11old, I.oovv, T1, T1, U11, delta)
mom1_p_vv += 1.0*einsum('Iia,jkcd,di,aj,Ick,be->be', LU11old, I.oovv, T1, T1, U11, delta)
mom1_p_vv += -1.0*einsum('Iia,jkcd,di,cj,Iak,be->be', LU11old, I.oovv, T1, T1, U11, delta)
mom1_p_vv += 0.5*einsum('ijab,Ikd,bk,adji,I,ce->ce', L2, g.ov, T1, T2, S1, delta)
mom1_p_vv += 1.0*einsum('ijab,Ikd,di,bk,Iaj,ce->ce', L2, g.ov, T1, T1, U11, delta)
mom1_p_vv += 0.5*einsum('ijab,Ikd,di,bakj,I,ce->ce', L2, g.ov, T1, T2, S1, delta)
mom1_p_vv += -0.5*einsum('ijab,klid,dj,bk,al,ce->ce', L2, I.ooov, T1, T1, T1, delta)
mom1_p_vv += -0.5*einsum('ijab,klde,ci,dj,bk,al->ce', L2, I.oovv, T1, T1, T1, T1)
mom1_p_vv += 0.5*einsum('ijab,kbde,ei,dj,ak,cf->cf', L2, I.ovvv, T1, T1, T1, delta)
mom1_p_vv += 1.0*einsum('ijab,klde,ci,ej,ak,dl->cb', L2, I.oovv, T1, T1, T1, T1)
mom1_p_vv += 0.5*einsum('ijab,klde,ei,dj,ak,cl->cb', L2, I.oovv, T1, T1, T1, T1)
mom1_p_vv += -0.125*einsum('ijab,klde,bk,al,edji,cf->cf', L2, I.oovv, T1, T1, T2, delta)
mom1_p_vv += 0.5*einsum('ijab,klde,bk,el,adji,cf->cf', L2, I.oovv, T1, T1, T2, delta)
mom1_p_vv += 1.0*einsum('ijab,klde,ei,bk,adlj,cf->cf', L2, I.oovv, T1, T1, T2, delta)
mom1_p_vv += -0.125*einsum('ijab,klde,ei,dj,balk,cf->cf', L2, I.oovv, T1, T1, T2, delta)
mom1_p_vv += 0.5*einsum('ijab,klde,ei,dk,balj,cf->cf', L2, I.oovv, T1, T1, T2, delta)
mom1_p_vv += 0.25*einsum('ijab,klde,ei,dj,bk,al,cf->cf', L2, I.oovv, T1, T1, T1, T1, delta)

All terms computed and simplified separately. Max order of T was: 4
Finding sp moment expression for ov string:  oo
Rank of perturbation:  0
mom1_p_oo += 1.0*einsum('ia,I,Iaj->ij', L1, G, U11)
mom1_p_oo += 1.0*einsum('ia,ab,bj->ij', L1, F.vv, T1)
mom1_p_oo += 1.0*einsum('Iia,I,aj->ij', LU11old, G, T1)
mom1_p_oo += 1.0*einsum('ia,jb,abkj->ik', L1, F.ov, T2)
mom1_p_oo += 1.0*einsum('ia,Iab,Ibj->ij', L1, g.vv, U11)
mom1_p_oo += 1.0*einsum('Iia,ab,Ibj->ij', LU11old, F.vv, U11)
mom1_p_oo += 1.0*einsum('Iia,IJ,Jaj->ij', LU11old, w, U11)
mom1_p_oo += 1.0*einsum('Iia,Iab,bj->ij', LU11old, g_boscre.vv, T1)
mom1_p_oo += 1.0*einsum('ijab,bj,ak->ik', L2, F.vo, T1)
mom1_p_oo += 0.5*einsum('ia,jabc,cbkj->ik', L1, I.ovvv, T2)
mom1_p_oo += 1.0*einsum('Iia,Ijb,abkj->ik', LU11old, g_boscre.ov, T2)
mom1_p_oo += 0.5*einsum('ijab,kj,balk->il', L2, F.oo, T2)
mom1_p_oo += 1.0*einsum('ijab,bc,ackj->ik', L2, F.vv, T2)
mom1_p_oo += 1.0*einsum('ijab,Ibj,Iak->ik', L2, g.vo, U11)
mom1_p_oo += 0.5*einsum('ijab,bajc,ck->ik', L2, I.vvov, T1)
mom1_p_oo += -1.0*einsum('ijab,kbjc,aclk->il', L2, I.ovov, T2)
mom1_p_oo += 0.25*einsum('ijab,bacd,dckj->ik', L2, I.vvvv, T2)
mom1_p_oo += -1.0*einsum('ia,jb,aj,bk->ik', L1, F.ov, T1, T1)
mom1_p_oo += 1.0*einsum('ia,Iab,bj,I->ij', L1, g.vv, T1, S1)
mom1_p_oo += 1.0*einsum('Iia,IJ,aj,J->ij', LU11old, w, T1, S1)
mom1_p_oo += -1.0*einsum('ia,Ijb,aj,Ibk->ik', L1, g.ov, T1, U11)
mom1_p_oo += 1.0*einsum('ia,Ijb,bj,Iak->ik', L1, g.ov, T1, U11)
mom1_p_oo += -1.0*einsum('ia,Ijb,bk,Iaj->ik', L1, g.ov, T1, U11)
mom1_p_oo += 1.0*einsum('ia,Ijb,abkj,I->ik', L1, g.ov, T2, S1)
mom1_p_oo += -1.0*einsum('ia,jabc,cj,bk->ik', L1, I.ovvv, T1, T1)
mom1_p_oo += -1.0*einsum('Iia,jb,aj,Ibk->ik', LU11old, F.ov, T1, U11)
mom1_p_oo += 1.0*einsum('Iia,jb,ak,Ibj->ik', LU11old, F.ov, T1, U11)
mom1_p_oo += -1.0*einsum('Iia,jb,bk,Iaj->ik', LU11old, F.ov, T1, U11)
mom1_p_oo += 1.0*einsum('Iia,Jab,J,Ibj->ij', LU11old, g.vv, S1, U11)
mom1_p_oo += -1.0*einsum('Iia,Ijb,aj,bk->ik', LU11old, g_boscre.ov, T1, T1)
mom1_p_oo += 1.0*einsum('Iia,Ijb,ak,bj->ik', LU11old, g_boscre.ov, T1, T1)
mom1_p_oo += -1.0*einsum('ijab,I,bk,Iaj->ik', L2, G, T1, U11)
mom1_p_oo += -1.0*einsum('ijab,kj,bk,al->il', L2, F.oo, T1, T1)
mom1_p_oo += 1.0*einsum('ijab,bc,cj,ak->ik', L2, F.vv, T1, T1)
mom1_p_oo += 1.0*einsum('ijab,Ibj,ak,I->ik', L2, g.vo, T1, S1)
mom1_p_oo += 0.5*einsum('ia,jkbc,aj,cblk->il', L1, I.oovv, T1, T2)
mom1_p_oo += -1.0*einsum('ia,jkbc,cj,ablk->il', L1, I.oovv, T1, T2)
mom1_p_oo += -0.5*einsum('ia,jkbc,cl,abkj->il', L1, I.oovv, T1, T2)
mom1_p_oo += -1.0*einsum('Iia,Jjb,Iaj,Jbk->ik', LU11old, g.ov, U11, U11)
mom1_p_oo += 1.0*einsum('Iia,Jjb,Ibj,Jak->ik', LU11old, g.ov, U11, U11)
mom1_p_oo += -1.0*einsum('Iia,Jjb,Ibk,Jaj->ik', LU11old, g.ov, U11, U11)
mom1_p_oo += -1.0*einsum('Iia,jabc,cj,Ibk->ik', LU11old, I.ovvv, T1, U11)
mom1_p_oo += 1.0*einsum('Iia,jabc,ck,Ibj->ik', LU11old, I.ovvv, T1, U11)
mom1_p_oo += -1.0*einsum('ijab,kc,bk,aclj->il', L2, F.ov, T1, T2)
mom1_p_oo += 1.0*einsum('ijab,kc,bl,ackj->il', L2, F.ov, T1, T2)
mom1_p_oo += 0.5*einsum('ijab,kc,cj,balk->il', L2, F.ov, T1, T2)
mom1_p_oo += 0.5*einsum('ijab,kc,cl,bakj->il', L2, F.ov, T1, T2)
mom1_p_oo += 1.0*einsum('ijab,Ibc,ak,Icj->ik', L2, g.vv, T1, U11)
mom1_p_oo += 1.0*einsum('ijab,Ibc,cj,Iak->ik', L2, g.vv, T1, U11)
mom1_p_oo += -1.0*einsum('ijab,Ibc,ck,Iaj->ik', L2, g.vv, T1, U11)
mom1_p_oo += 1.0*einsum('ijab,Ibc,ackj,I->ik', L2, g.vv, T2, S1)
mom1_p_oo += -1.0*einsum('ijab,Ikj,bk,Ial->il', L2, g.oo, T1, U11)
mom1_p_oo += 1.0*einsum('ijab,Ikj,bl,Iak->il', L2, g.oo, T1, U11)
mom1_p_oo += 0.5*einsum('ijab,Ikj,balk,I->il', L2, g.oo, T2, S1)
mom1_p_oo += 1.0*einsum('ijab,kbjc,ak,cl->il', L2, I.ovov, T1, T1)
mom1_p_oo += -1.0*einsum('ijab,kbjc,al,ck->il', L2, I.ovov, T1, T1)
mom1_p_oo += -0.5*einsum('ijab,bacd,dj,ck->ik', L2, I.vvvv, T1, T1)
mom1_p_oo += 0.5*einsum('Iia,jkbc,ackj,Ibl->il', LU11old, I.oovv, T2, U11)
mom1_p_oo += -1.0*einsum('Iia,jkbc,aclj,Ibk->il', LU11old, I.oovv, T2, U11)
mom1_p_oo += -0.5*einsum('Iia,jkbc,cblj,Iak->il', LU11old, I.oovv, T2, U11)
mom1_p_oo += 0.5*einsum('ijab,Ikc,bakj,Icl->il', L2, g.ov, T2, U11)
mom1_p_oo += 0.5*einsum('ijab,Ikc,balk,Icj->il', L2, g.ov, T2, U11)
mom1_p_oo += -1.0*einsum('ijab,Ikc,bckj,Ial->il', L2, g.ov, T2, U11)
mom1_p_oo += 1.0*einsum('ijab,Ikc,bclj,Iak->il', L2, g.ov, T2, U11)
mom1_p_oo += -1.0*einsum('ijab,Ikc,bclk,Iaj->il', L2, g.ov, T2, U11)
mom1_p_oo += -1.0*einsum('ijab,kljc,bk,acml->im', L2, I.ooov, T1, T2)
mom1_p_oo += -0.5*einsum('ijab,kljc,bm,aclk->im', L2, I.ooov, T1, T2)
mom1_p_oo += -0.5*einsum('ijab,kljc,ck,baml->im', L2, I.ooov, T1, T2)
mom1_p_oo += -0.25*einsum('ijab,kljc,cm,balk->im', L2, I.ooov, T1, T2)
mom1_p_oo += 0.5*einsum('ijab,kbcd,ak,dclj->il', L2, I.ovvv, T1, T2)
mom1_p_oo += -0.5*einsum('ijab,kbcd,al,dckj->il', L2, I.ovvv, T1, T2)
mom1_p_oo += 1.0*einsum('ijab,kbcd,dj,aclk->il', L2, I.ovvv, T1, T2)
mom1_p_oo += -1.0*einsum('ijab,kbcd,dk,aclj->il', L2, I.ovvv, T1, T2)
mom1_p_oo += 1.0*einsum('ijab,kbcd,dl,ackj->il', L2, I.ovvv, T1, T2)
mom1_p_oo += -0.25*einsum('ijab,klcd,bakj,dcml->im', L2, I.oovv, T2, T2)
mom1_p_oo += 1.0*einsum('ijab,klcd,bdkj,acml->im', L2, I.oovv, T2, T2)
mom1_p_oo += 0.5*einsum('ijab,klcd,bdmj,aclk->im', L2, I.oovv, T2, T2)
mom1_p_oo += -0.25*einsum('ijab,klcd,dckj,baml->im', L2, I.oovv, T2, T2)
mom1_p_oo += -0.125*einsum('ijab,klcd,dcmj,balk->im', L2, I.oovv, T2, T2)
mom1_p_oo += -1.0*einsum('ia,Ijb,aj,bk,I->ik', L1, g.ov, T1, T1, S1)
mom1_p_oo += -1.0*einsum('ia,jkbc,aj,ck,bl->il', L1, I.oovv, T1, T1, T1)
mom1_p_oo += -1.0*einsum('Iia,Jjb,aj,J,Ibk->ik', LU11old, g.ov, T1, S1, U11)
mom1_p_oo += 1.0*einsum('Iia,Jjb,ak,J,Ibj->ik', LU11old, g.ov, T1, S1, U11)
mom1_p_oo += -1.0*einsum('Iia,Jjb,bk,J,Iaj->ik', LU11old, g.ov, T1, S1, U11)
mom1_p_oo += -1.0*einsum('ijab,kc,cj,bk,al->il', L2, F.ov, T1, T1, T1)
mom1_p_oo += 1.0*einsum('ijab,Ibc,cj,ak,I->ik', L2, g.vv, T1, T1, S1)
mom1_p_oo += -1.0*einsum('ijab,Ikj,bk,al,I->il', L2, g.oo, T1, T1, S1)
mom1_p_oo += -1.0*einsum('Iia,jkbc,aj,ck,Ibl->il', LU11old, I.oovv, T1, T1, U11)
mom1_p_oo += 1.0*einsum('Iia,jkbc,aj,cl,Ibk->il', LU11old, I.oovv, T1, T1, U11)
mom1_p_oo += -1.0*einsum('Iia,jkbc,al,cj,Ibk->il', LU11old, I.oovv, T1, T1, U11)
mom1_p_oo += 1.0*einsum('Iia,jkbc,cj,bl,Iak->il', LU11old, I.oovv, T1, T1, U11)
mom1_p_oo += -1.0*einsum('ijab,Ikc,bk,al,Icj->il', L2, g.ov, T1, T1, U11)
mom1_p_oo += 1.0*einsum('ijab,Ikc,bk,cl,Iaj->il', L2, g.ov, T1, T1, U11)
mom1_p_oo += -1.0*einsum('ijab,Ikc,bk,aclj,I->il', L2, g.ov, T1, T2, S1)
mom1_p_oo += -1.0*einsum('ijab,Ikc,bl,ck,Iaj->il', L2, g.ov, T1, T1, U11)
mom1_p_oo += 1.0*einsum('ijab,Ikc,bl,ackj,I->il', L2, g.ov, T1, T2, S1)
mom1_p_oo += -1.0*einsum('ijab,Ikc,cj,bk,Ial->il', L2, g.ov, T1, T1, U11)
mom1_p_oo += 1.0*einsum('ijab,Ikc,cj,bl,Iak->il', L2, g.ov, T1, T1, U11)
mom1_p_oo += 0.5*einsum('ijab,Ikc,cj,balk,I->il', L2, g.ov, T1, T2, S1)
mom1_p_oo += 0.5*einsum('ijab,Ikc,cl,bakj,I->il', L2, g.ov, T1, T2, S1)
mom1_p_oo += 0.5*einsum('ijab,kljc,bk,al,cm->im', L2, I.ooov, T1, T1, T1)
mom1_p_oo += -1.0*einsum('ijab,kljc,bk,am,cl->im', L2, I.ooov, T1, T1, T1)
mom1_p_oo += -1.0*einsum('ijab,kbcd,dj,ak,cl->il', L2, I.ovvv, T1, T1, T1)
mom1_p_oo += 1.0*einsum('ijab,kbcd,dj,al,ck->il', L2, I.ovvv, T1, T1, T1)
mom1_p_oo += 0.25*einsum('ijab,klcd,bk,al,dcmj->im', L2, I.oovv, T1, T1, T2)
mom1_p_oo += -0.5*einsum('ijab,klcd,bk,am,dclj->im', L2, I.oovv, T1, T1, T2)
mom1_p_oo += -1.0*einsum('ijab,klcd,bk,dl,acmj->im', L2, I.oovv, T1, T1, T2)
mom1_p_oo += 1.0*einsum('ijab,klcd,bk,dm,aclj->im', L2, I.oovv, T1, T1, T2)
mom1_p_oo += -1.0*einsum('ijab,klcd,bm,dk,aclj->im', L2, I.oovv, T1, T1, T2)
mom1_p_oo += 1.0*einsum('ijab,klcd,dj,bk,acml->im', L2, I.oovv, T1, T1, T2)
mom1_p_oo += 0.5*einsum('ijab,klcd,dj,bm,aclk->im', L2, I.oovv, T1, T1, T2)
mom1_p_oo += 0.5*einsum('ijab,klcd,dj,ck,baml->im', L2, I.oovv, T1, T1, T2)
mom1_p_oo += 0.25*einsum('ijab,klcd,dj,cm,balk->im', L2, I.oovv, T1, T1, T2)
mom1_p_oo += -0.5*einsum('ijab,klcd,dk,cm,balj->im', L2, I.oovv, T1, T1, T2)
mom1_p_oo += -1.0*einsum('ijab,Ikc,cj,bk,al,I->il', L2, g.ov, T1, T1, T1, S1)
mom1_p_oo += -0.5*einsum('ijab,klcd,dj,bk,al,cm->im', L2, I.oovv, T1, T1, T1, T1)
mom1_p_oo += 1.0*einsum('ijab,klcd,dj,bk,am,cl->im', L2, I.oovv, T1, T1, T1, T1)

All terms computed and simplified separately. Max order of T was: 4
Finding sp moment expression for ov string:  vo
Rank of perturbation:  -1
mom1_p_vo += -1.0*einsum('I,Iai->ai', G, U11)
mom1_p_vo += -1.0*einsum('ab,bi->ai', F.vv, T1)
mom1_p_vo += -1.0*einsum('ib,abji->aj', F.ov, T2)
mom1_p_vo += -1.0*einsum('Iab,Ibi->ai', g.vv, U11)
mom1_p_vo += -0.5*einsum('iabc,cbji->aj', I.ovvv, T2)
mom1_p_vo += -1.0*einsum('I,I,ai->ai', LS1old, G, T1)
mom1_p_vo += 1.0*einsum('ib,ai,bj->aj', F.ov, T1, T1)
mom1_p_vo += -1.0*einsum('Iab,bi,I->ai', g.vv, T1, S1)
mom1_p_vo += -1.0*einsum('I,ab,Ibi->ai', LS1old, F.vv, U11)
mom1_p_vo += -1.0*einsum('I,Iab,bi->ai', LS1old, g_boscre.vv, T1)
mom1_p_vo += -1.0*einsum('I,IJ,Jai->ai', LS1old, w, U11)
mom1_p_vo += -1.0*einsum('ia,ai,bj->bj', L1, F.vo, T1)
mom1_p_vo += 1.0*einsum('ia,bi,aj->bj', L1, F.vo, T1)
mom1_p_vo += 1.0*einsum('Iib,ai,Ibj->aj', g.ov, T1, U11)
mom1_p_vo += 1.0*einsum('Iib,bj,Iai->aj', g.ov, T1, U11)
mom1_p_vo += -1.0*einsum('Iib,bi,Iaj->aj', g.ov, T1, U11)
mom1_p_vo += -1.0*einsum('Iib,abji,I->aj', g.ov, T2, S1)
mom1_p_vo += 1.0*einsum('iabc,ci,bj->aj', I.ovvv, T1, T1)
mom1_p_vo += -1.0*einsum('I,Iib,abji->aj', LS1old, g_boscre.ov, T2)
mom1_p_vo += -1.0*einsum('ia,ji,abkj->bk', L1, F.oo, T2)
mom1_p_vo += -1.0*einsum('ia,ac,bcji->bj', L1, F.vv, T2)
mom1_p_vo += 1.0*einsum('ia,bc,acji->bj', L1, F.vv, T2)
mom1_p_vo += -1.0*einsum('ia,Iai,Ibj->bj', L1, g.vo, U11)
mom1_p_vo += 1.0*einsum('ia,Ibi,Iaj->bj', L1, g.vo, U11)
mom1_p_vo += -1.0*einsum('ia,abic,cj->bj', L1, I.vvov, T1)
mom1_p_vo += 1.0*einsum('Iia,I,abji->bj', LU11old, G, T2)
mom1_p_vo += -1.0*einsum('Iia,ai,Ibj->bj', LU11old, F.vo, U11)
mom1_p_vo += 1.0*einsum('Iia,bi,Iaj->bj', LU11old, F.vo, U11)
mom1_p_vo += -1.0*einsum('Iia,Iai,bj->bj', LU11old, g_boscre.vo, T1)
mom1_p_vo += 1.0*einsum('Iia,Ibi,aj->bj', LU11old, g_boscre.vo, T1)
mom1_p_vo += -0.5*einsum('ijbc,ai,cbkj->ak', I.oovv, T1, T2)
mom1_p_vo += 0.5*einsum('ijbc,ck,abji->ak', I.oovv, T1, T2)
mom1_p_vo += 1.0*einsum('ijbc,ci,abkj->ak', I.oovv, T1, T2)
mom1_p_vo += 1.0*einsum('ia,jaic,bckj->bk', L1, I.ovov, T2)
mom1_p_vo += -1.0*einsum('ia,jbic,ackj->bk', L1, I.ovov, T2)
mom1_p_vo += -0.5*einsum('ia,abcd,dcji->bj', L1, I.vvvv, T2)
mom1_p_vo += -1.0*einsum('Iia,Iji,abkj->bk', LU11old, g_boscre.oo, T2)
mom1_p_vo += -1.0*einsum('Iia,Iac,bcji->bj', LU11old, g_boscre.vv, T2)
mom1_p_vo += 1.0*einsum('Iia,Ibc,acji->bj', LU11old, g_boscre.vv, T2)
mom1_p_vo += -1.0*einsum('Iia,abic,Icj->bj', LU11old, I.vvov, U11)
mom1_p_vo += -1.0*einsum('ijab,bi,ackj->ck', L2, F.vo, T2)
mom1_p_vo += -0.5*einsum('ijab,ci,bakj->ck', L2, F.vo, T2)
mom1_p_vo += -0.25*einsum('ijab,baji,ck->ck', L2, I.vvoo, T1)
mom1_p_vo += 0.5*einsum('ijab,bcji,ak->ck', L2, I.vvoo, T1)
mom1_p_vo += 0.5*einsum('ijab,kbji,aclk->cl', L2, I.ovoo, T2)
mom1_p_vo += 0.25*einsum('ijab,kcji,balk->cl', L2, I.ovoo, T2)
mom1_p_vo += 0.5*einsum('ijab,baid,cdkj->ck', L2, I.vvov, T2)
mom1_p_vo += -1.0*einsum('ijab,bcid,adkj->ck', L2, I.vvov, T2)
mom1_p_vo += -1.0*einsum('I,IJ,ai,J->ai', LS1old, w, T1, S1)
mom1_p_vo += 0.9999999999999999*einsum('Iib,ai,bj,I->aj', g.ov, T1, T1, S1)
mom1_p_vo += -1.0*einsum('I,ib,aj,Ibi->aj', LS1old, F.ov, T1, U11)
mom1_p_vo += 1.0*einsum('I,ib,ai,Ibj->aj', LS1old, F.ov, T1, U11)
mom1_p_vo += 1.0*einsum('I,ib,bj,Iai->aj', LS1old, F.ov, T1, U11)
mom1_p_vo += -1.0*einsum('I,Iib,aj,bi->aj', LS1old, g_boscre.ov, T1, T1)
mom1_p_vo += 1.0*einsum('I,Iib,ai,bj->aj', LS1old, g_boscre.ov, T1, T1)
mom1_p_vo += -1.0*einsum('I,Jab,J,Ibi->ai', LS1old, g.vv, S1, U11)
mom1_p_vo += 1.0*einsum('ia,I,aj,Ibi->bj', L1, G, T1, U11)
mom1_p_vo += 1.0*einsum('ia,I,bi,Iaj->bj', L1, G, T1, U11)
mom1_p_vo += -1.0*einsum('ia,I,bj,Iai->bj', L1, G, T1, U11)
mom1_p_vo += 1.0*einsum('ia,ji,aj,bk->bk', L1, F.oo, T1, T1)
mom1_p_vo += -1.0*einsum('ia,ji,ak,bj->bk', L1, F.oo, T1, T1)
mom1_p_vo += 1.0*einsum('ia,ac,bi,cj->bj', L1, F.vv, T1, T1)
mom1_p_vo += -1.0*einsum('ia,ac,ci,bj->bj', L1, F.vv, T1, T1)
mom1_p_vo += 1.0*einsum('ia,bc,ci,aj->bj', L1, F.vv, T1, T1)
mom1_p_vo += -1.0*einsum('ia,Iai,bj,I->bj', L1, g.vo, T1, S1)
mom1_p_vo += 1.0*einsum('ia,Ibi,aj,I->bj', L1, g.vo, T1, S1)
mom1_p_vo += 1.0*einsum('Iia,I,bi,aj->bj', LU11old, G, T1, T1)
mom1_p_vo += 0.9999999999999996*einsum('ijbc,ai,cj,bk->ak', I.oovv, T1, T1, T1)
mom1_p_vo += 1.0*einsum('I,Jib,Iai,Jbj->aj', LS1old, g.ov, U11, U11)
mom1_p_vo += 1.0*einsum('I,Jib,Ibj,Jai->aj', LS1old, g.ov, U11, U11)
mom1_p_vo += -1.0*einsum('I,Jib,Ibi,Jaj->aj', LS1old, g.ov, U11, U11)
mom1_p_vo += -1.0*einsum('I,iabc,cj,Ibi->aj', LS1old, I.ovvv, T1, U11)
mom1_p_vo += 1.0*einsum('I,iabc,ci,Ibj->aj', LS1old, I.ovvv, T1, U11)
mom1_p_vo += -1.0*einsum('ia,jc,ak,bcji->bk', L1, F.ov, T1, T2)
mom1_p_vo += 1.0*einsum('ia,jc,aj,bcki->bk', L1, F.ov, T1, T2)
mom1_p_vo += 1.0*einsum('ia,jc,bi,ackj->bk', L1, F.ov, T1, T2)
mom1_p_vo += 1.0*einsum('ia,jc,bk,acji->bk', L1, F.ov, T1, T2)
mom1_p_vo += -1.0*einsum('ia,jc,bj,acki->bk', L1, F.ov, T1, T2)
mom1_p_vo += -1.0*einsum('ia,jc,ci,abkj->bk', L1, F.ov, T1, T2)
mom1_p_vo += -1.0*einsum('ia,jc,ck,abji->bk', L1, F.ov, T1, T2)
mom1_p_vo += 1.0*einsum('ia,Iji,aj,Ibk->bk', L1, g.oo, T1, U11)
mom1_p_vo += -1.0*einsum('ia,Iji,ak,Ibj->bk', L1, g.oo, T1, U11)
mom1_p_vo += -1.0*einsum('ia,Iji,bj,Iak->bk', L1, g.oo, T1, U11)
mom1_p_vo += 1.0*einsum('ia,Iji,bk,Iaj->bk', L1, g.oo, T1, U11)
mom1_p_vo += -1.0*einsum('ia,Iji,abkj,I->bk', L1, g.oo, T2, S1)
mom1_p_vo += 1.0*einsum('ia,Iac,bi,Icj->bj', L1, g.vv, T1, U11)
mom1_p_vo += -1.0*einsum('ia,Iac,bj,Ici->bj', L1, g.vv, T1, U11)
mom1_p_vo += -1.0*einsum('ia,Iac,ci,Ibj->bj', L1, g.vv, T1, U11)
mom1_p_vo += 1.0*einsum('ia,Iac,cj,Ibi->bj', L1, g.vv, T1, U11)
mom1_p_vo += -1.0*einsum('ia,Iac,bcji,I->bj', L1, g.vv, T2, S1)
mom1_p_vo += 1.0*einsum('ia,Ibc,aj,Ici->bj', L1, g.vv, T1, U11)
mom1_p_vo += 1.0*einsum('ia,Ibc,ci,Iaj->bj', L1, g.vv, T1, U11)
mom1_p_vo += -1.0*einsum('ia,Ibc,cj,Iai->bj', L1, g.vv, T1, U11)
mom1_p_vo += 1.0*einsum('ia,Ibc,acji,I->bj', L1, g.vv, T2, S1)
mom1_p_vo += 1.0*einsum('ia,jaic,bk,cj->bk', L1, I.ovov, T1, T1)
mom1_p_vo += -1.0*einsum('ia,jaic,bj,ck->bk', L1, I.ovov, T1, T1)
mom1_p_vo += -1.0*einsum('ia,jbic,ak,cj->bk', L1, I.ovov, T1, T1)
mom1_p_vo += 1.0*einsum('ia,jbic,aj,ck->bk', L1, I.ovov, T1, T1)
mom1_p_vo += 1.0*einsum('ia,abcd,di,cj->bj', L1, I.vvvv, T1, T1)
mom1_p_vo += 1.0*einsum('Iia,J,Iaj,Jbi->bj', LU11old, G, U11, U11)
mom1_p_vo += 1.0*einsum('Iia,J,Ibi,Jaj->bj', LU11old, G, U11, U11)
mom1_p_vo += -1.0*einsum('Iia,J,Ibj,Jai->bj', LU11old, G, U11, U11)
mom1_p_vo += 1.0*einsum('Iia,ji,aj,Ibk->bk', LU11old, F.oo, T1, U11)
mom1_p_vo += -1.0*einsum('Iia,ji,ak,Ibj->bk', LU11old, F.oo, T1, U11)
mom1_p_vo += -1.0*einsum('Iia,ji,bj,Iak->bk', LU11old, F.oo, T1, U11)
mom1_p_vo += 1.0*einsum('Iia,ji,bk,Iaj->bk', LU11old, F.oo, T1, U11)
mom1_p_vo += 1.0*einsum('Iia,ac,bi,Icj->bj', LU11old, F.vv, T1, U11)
mom1_p_vo += -1.0*einsum('Iia,ac,bj,Ici->bj', LU11old, F.vv, T1, U11)
mom1_p_vo += -1.0*einsum('Iia,ac,ci,Ibj->bj', LU11old, F.vv, T1, U11)
mom1_p_vo += 1.0*einsum('Iia,ac,cj,Ibi->bj', LU11old, F.vv, T1, U11)
mom1_p_vo += 1.0*einsum('Iia,bc,aj,Ici->bj', LU11old, F.vv, T1, U11)
mom1_p_vo += 1.0*einsum('Iia,bc,ci,Iaj->bj', LU11old, F.vv, T1, U11)
mom1_p_vo += 1.0*einsum('Iia,IJ,aj,Jbi->bj', LU11old, w, T1, U11)
mom1_p_vo += 1.0*einsum('Iia,IJ,bi,Jaj->bj', LU11old, w, T1, U11)
mom1_p_vo += -1.0*einsum('Iia,IJ,bj,Jai->bj', LU11old, w, T1, U11)
mom1_p_vo += 1.0*einsum('Iia,IJ,abji,J->bj', LU11old, w, T2, S1)
mom1_p_vo += -1.0*einsum('Iia,Jai,J,Ibj->bj', LU11old, g.vo, S1, U11)
mom1_p_vo += 1.0*einsum('Iia,Jbi,J,Iaj->bj', LU11old, g.vo, S1, U11)
mom1_p_vo += 1.0*einsum('Iia,Iji,aj,bk->bk', LU11old, g_boscre.oo, T1, T1)
mom1_p_vo += -1.0*einsum('Iia,Iji,ak,bj->bk', LU11old, g_boscre.oo, T1, T1)
mom1_p_vo += 1.0*einsum('Iia,Iac,bi,cj->bj', LU11old, g_boscre.vv, T1, T1)
mom1_p_vo += -1.0*einsum('Iia,Iac,ci,bj->bj', LU11old, g_boscre.vv, T1, T1)
mom1_p_vo += 1.0*einsum('Iia,Ibc,ci,aj->bj', LU11old, g_boscre.vv, T1, T1)
mom1_p_vo += -1.0*einsum('ijab,bi,cj,ak->ck', L2, F.vo, T1, T1)
mom1_p_vo += 1.0*einsum('I,ijbc,acki,Ibj->ak', LS1old, I.oovv, T2, U11)
mom1_p_vo += -0.5*einsum('I,ijbc,acji,Ibk->ak', LS1old, I.oovv, T2, U11)
mom1_p_vo += 0.5*einsum('I,ijbc,cbki,Iaj->ak', LS1old, I.oovv, T2, U11)
mom1_p_vo += -1.0*einsum('ia,Ijc,abkj,Ici->bk', L1, g.ov, T2, U11)
mom1_p_vo += -1.0*einsum('ia,Ijc,abji,Ick->bk', L1, g.ov, T2, U11)
mom1_p_vo += -1.0*einsum('ia,Ijc,acki,Ibj->bk', L1, g.ov, T2, U11)
mom1_p_vo += 1.0*einsum('ia,Ijc,ackj,Ibi->bk', L1, g.ov, T2, U11)
mom1_p_vo += 1.0*einsum('ia,Ijc,acji,Ibk->bk', L1, g.ov, T2, U11)
mom1_p_vo += 1.0*einsum('ia,Ijc,bcki,Iaj->bk', L1, g.ov, T2, U11)
mom1_p_vo += -1.0*einsum('ia,Ijc,bckj,Iai->bk', L1, g.ov, T2, U11)
mom1_p_vo += -1.0*einsum('ia,Ijc,bcji,Iak->bk', L1, g.ov, T2, U11)
mom1_p_vo += 0.5*einsum('ia,jkic,al,bckj->bl', L1, I.ooov, T1, T2)
mom1_p_vo += 1.0*einsum('ia,jkic,aj,bclk->bl', L1, I.ooov, T1, T2)
mom1_p_vo += -0.5*einsum('ia,jkic,bl,ackj->bl', L1, I.ooov, T1, T2)
mom1_p_vo += -1.0*einsum('ia,jkic,bj,aclk->bl', L1, I.ooov, T1, T2)
mom1_p_vo += 0.5*einsum('ia,jkic,cl,abkj->bl', L1, I.ooov, T1, T2)
mom1_p_vo += 1.0*einsum('ia,jkic,cj,ablk->bl', L1, I.ooov, T1, T2)
mom1_p_vo += 0.5*einsum('ia,jacd,bi,dckj->bk', L1, I.ovvv, T1, T2)
mom1_p_vo += 0.5*einsum('ia,jacd,bk,dcji->bk', L1, I.ovvv, T1, T2)
mom1_p_vo += -0.5*einsum('ia,jacd,bj,dcki->bk', L1, I.ovvv, T1, T2)
mom1_p_vo += -1.0*einsum('ia,jacd,di,bckj->bk', L1, I.ovvv, T1, T2)
mom1_p_vo += -1.0*einsum('ia,jacd,dk,bcji->bk', L1, I.ovvv, T1, T2)
mom1_p_vo += 1.0*einsum('ia,jacd,dj,bcki->bk', L1, I.ovvv, T1, T2)
mom1_p_vo += -0.5*einsum('ia,jbcd,ak,dcji->bk', L1, I.ovvv, T1, T2)
mom1_p_vo += 0.5*einsum('ia,jbcd,aj,dcki->bk', L1, I.ovvv, T1, T2)
mom1_p_vo += 1.0*einsum('ia,jbcd,di,ackj->bk', L1, I.ovvv, T1, T2)
mom1_p_vo += 1.0*einsum('ia,jbcd,dk,acji->bk', L1, I.ovvv, T1, T2)
mom1_p_vo += -1.0*einsum('ia,jbcd,dj,acki->bk', L1, I.ovvv, T1, T2)
mom1_p_vo += 1.0*einsum('Iia,jc,abki,Icj->bk', LU11old, F.ov, T2, U11)
mom1_p_vo += -1.0*einsum('Iia,jc,abkj,Ici->bk', LU11old, F.ov, T2, U11)
mom1_p_vo += -1.0*einsum('Iia,jc,abji,Ick->bk', LU11old, F.ov, T2, U11)
mom1_p_vo += -1.0*einsum('Iia,jc,acki,Ibj->bk', LU11old, F.ov, T2, U11)
mom1_p_vo += 1.0*einsum('Iia,jc,ackj,Ibi->bk', LU11old, F.ov, T2, U11)
mom1_p_vo += 1.0*einsum('Iia,jc,acji,Ibk->bk', LU11old, F.ov, T2, U11)
mom1_p_vo += 1.0*einsum('Iia,jc,bcki,Iaj->bk', LU11old, F.ov, T2, U11)
mom1_p_vo += -1.0*einsum('Iia,jc,bcji,Iak->bk', LU11old, F.ov, T2, U11)
mom1_p_vo += 1.0*einsum('Iia,Jji,Iaj,Jbk->bk', LU11old, g.oo, U11, U11)
mom1_p_vo += -1.0*einsum('Iia,Jji,Iak,Jbj->bk', LU11old, g.oo, U11, U11)
mom1_p_vo += -1.0*einsum('Iia,Jji,Ibj,Jak->bk', LU11old, g.oo, U11, U11)
mom1_p_vo += 1.0*einsum('Iia,Jji,Ibk,Jaj->bk', LU11old, g.oo, U11, U11)
mom1_p_vo += 1.0*einsum('Iia,Jac,Ibi,Jcj->bj', LU11old, g.vv, U11, U11)
mom1_p_vo += -1.0*einsum('Iia,Jac,Ibj,Jci->bj', LU11old, g.vv, U11, U11)
mom1_p_vo += -1.0*einsum('Iia,Jac,Ici,Jbj->bj', LU11old, g.vv, U11, U11)
mom1_p_vo += 1.0*einsum('Iia,Jac,Icj,Jbi->bj', LU11old, g.vv, U11, U11)
mom1_p_vo += 1.0*einsum('Iia,Jbc,Iaj,Jci->bj', LU11old, g.vv, U11, U11)
mom1_p_vo += 1.0*einsum('Iia,Jbc,Ici,Jaj->bj', LU11old, g.vv, U11, U11)
mom1_p_vo += -1.0*einsum('Iia,Jbc,Icj,Jai->bj', LU11old, g.vv, U11, U11)
mom1_p_vo += -1.0*einsum('Iia,Ijc,ak,bcji->bk', LU11old, g_boscre.ov, T1, T2)
mom1_p_vo += 1.0*einsum('Iia,Ijc,aj,bcki->bk', LU11old, g_boscre.ov, T1, T2)
mom1_p_vo += 1.0*einsum('Iia,Ijc,bi,ackj->bk', LU11old, g_boscre.ov, T1, T2)
mom1_p_vo += 1.0*einsum('Iia,Ijc,bk,acji->bk', LU11old, g_boscre.ov, T1, T2)
mom1_p_vo += -1.0*einsum('Iia,Ijc,bj,acki->bk', LU11old, g_boscre.ov, T1, T2)
mom1_p_vo += -1.0*einsum('Iia,Ijc,ci,abkj->bk', LU11old, g_boscre.ov, T1, T2)
mom1_p_vo += -1.0*einsum('Iia,Ijc,ck,abji->bk', LU11old, g_boscre.ov, T1, T2)
mom1_p_vo += 1.0*einsum('Iia,Ijc,cj,abki->bk', LU11old, g_boscre.ov, T1, T2)
mom1_p_vo += 1.0*einsum('Iia,jaic,bk,Icj->bk', LU11old, I.ovov, T1, U11)
mom1_p_vo += -1.0*einsum('Iia,jaic,bj,Ick->bk', LU11old, I.ovov, T1, U11)
mom1_p_vo += -1.0*einsum('Iia,jaic,ck,Ibj->bk', LU11old, I.ovov, T1, U11)
mom1_p_vo += 1.0*einsum('Iia,jaic,cj,Ibk->bk', LU11old, I.ovov, T1, U11)
mom1_p_vo += -1.0*einsum('Iia,jbic,ak,Icj->bk', LU11old, I.ovov, T1, U11)
mom1_p_vo += 1.0*einsum('Iia,jbic,aj,Ick->bk', LU11old, I.ovov, T1, U11)
mom1_p_vo += 1.0*einsum('Iia,jbic,ck,Iaj->bk', LU11old, I.ovov, T1, U11)
mom1_p_vo += -1.0*einsum('Iia,jbic,cj,Iak->bk', LU11old, I.ovov, T1, U11)
mom1_p_vo += 1.0*einsum('Iia,abcd,di,Icj->bj', LU11old, I.vvvv, T1, U11)
mom1_p_vo += -1.0*einsum('Iia,abcd,dj,Ici->bj', LU11old, I.vvvv, T1, U11)
mom1_p_vo += 0.5*einsum('ijab,I,baki,Icj->ck', L2, G, T2, U11)
mom1_p_vo += 0.5*einsum('ijab,I,bcji,Iak->ck', L2, G, T2, U11)
mom1_p_vo += -1.0*einsum('ijab,I,bcki,Iaj->ck', L2, G, T2, U11)
mom1_p_vo += 1.0*einsum('ijab,ki,bk,aclj->cl', L2, F.oo, T1, T2)
mom1_p_vo += -1.0*einsum('ijab,ki,bl,ackj->cl', L2, F.oo, T1, T2)
mom1_p_vo += -0.5*einsum('ijab,ki,cj,balk->cl', L2, F.oo, T1, T2)
mom1_p_vo += 0.5*einsum('ijab,ki,ck,balj->cl', L2, F.oo, T1, T2)
mom1_p_vo += -0.5*einsum('ijab,ki,cl,bakj->cl', L2, F.oo, T1, T2)
mom1_p_vo += -0.5*einsum('ijab,bd,ak,cdji->ck', L2, F.vv, T1, T2)
mom1_p_vo += 1.0*einsum('ijab,bd,ci,adkj->ck', L2, F.vv, T1, T2)
mom1_p_vo += 0.5*einsum('ijab,bd,ck,adji->ck', L2, F.vv, T1, T2)
mom1_p_vo += -1.0*einsum('ijab,bd,di,ackj->ck', L2, F.vv, T1, T2)
mom1_p_vo += -0.5*einsum('ijab,bd,dk,acji->ck', L2, F.vv, T1, T2)
mom1_p_vo += -0.5*einsum('ijab,cd,bk,adji->ck', L2, F.vv, T1, T2)
mom1_p_vo += -0.5*einsum('ijab,cd,di,bakj->ck', L2, F.vv, T1, T2)
mom1_p_vo += -1.0*einsum('ijab,Ibi,ak,Icj->ck', L2, g.vo, T1, U11)
mom1_p_vo += -1.0*einsum('ijab,Ibi,cj,Iak->ck', L2, g.vo, T1, U11)
mom1_p_vo += 1.0*einsum('ijab,Ibi,ck,Iaj->ck', L2, g.vo, T1, U11)
mom1_p_vo += -1.0*einsum('ijab,Ibi,ackj,I->ck', L2, g.vo, T2, S1)
mom1_p_vo += -1.0*einsum('ijab,Ici,bk,Iaj->ck', L2, g.vo, T1, U11)
mom1_p_vo += -0.5*einsum('ijab,Ici,bakj,I->ck', L2, g.vo, T2, S1)
mom1_p_vo += 0.5*einsum('ijab,kbji,al,ck->cl', L2, I.ovoo, T1, T1)
mom1_p_vo += -0.5*einsum('ijab,kbji,ak,cl->cl', L2, I.ovoo, T1, T1)
mom1_p_vo += -0.5*einsum('ijab,kcji,bk,al->cl', L2, I.ovoo, T1, T1)
mom1_p_vo += -0.5*einsum('ijab,baid,cj,dk->ck', L2, I.vvov, T1, T1)
mom1_p_vo += 0.5*einsum('ijab,baid,dj,ck->ck', L2, I.vvov, T1, T1)
mom1_p_vo += -1.0*einsum('ijab,bcid,dj,ak->ck', L2, I.vvov, T1, T1)
mom1_p_vo += 0.5*einsum('ia,jkcd,abji,dclk->bl', L1, I.oovv, T2, T2)
mom1_p_vo += -0.5*einsum('ia,jkcd,adli,bckj->bl', L1, I.oovv, T2, T2)
mom1_p_vo += -1.0*einsum('ia,jkcd,adji,bclk->bl', L1, I.oovv, T2, T2)
mom1_p_vo += 0.5*einsum('ia,jkcd,bdli,ackj->bl', L1, I.oovv, T2, T2)
mom1_p_vo += 1.0*einsum('ia,jkcd,bdji,aclk->bl', L1, I.oovv, T2, T2)
mom1_p_vo += 0.25*einsum('ia,jkcd,dcli,abkj->bl', L1, I.oovv, T2, T2)
mom1_p_vo += 0.5*einsum('ia,jkcd,dcji,ablk->bl', L1, I.oovv, T2, T2)
mom1_p_vo += -1.0*einsum('Iia,jkic,ablj,Ick->bl', LU11old, I.ooov, T2, U11)
mom1_p_vo += 0.5*einsum('Iia,jkic,abkj,Icl->bl', LU11old, I.ooov, T2, U11)
mom1_p_vo += 1.0*einsum('Iia,jkic,aclj,Ibk->bl', LU11old, I.ooov, T2, U11)
mom1_p_vo += -0.5*einsum('Iia,jkic,ackj,Ibl->bl', LU11old, I.ooov, T2, U11)
mom1_p_vo += -1.0*einsum('Iia,jkic,bclj,Iak->bl', LU11old, I.ooov, T2, U11)
mom1_p_vo += 0.5*einsum('Iia,jkic,bckj,Ial->bl', LU11old, I.ooov, T2, U11)
mom1_p_vo += -1.0*einsum('Iia,jacd,bdki,Icj->bk', LU11old, I.ovvv, T2, U11)
mom1_p_vo += 1.0*einsum('Iia,jacd,bdkj,Ici->bk', LU11old, I.ovvv, T2, U11)
mom1_p_vo += 1.0*einsum('Iia,jacd,bdji,Ick->bk', LU11old, I.ovvv, T2, U11)
mom1_p_vo += -0.5*einsum('Iia,jacd,dcki,Ibj->bk', LU11old, I.ovvv, T2, U11)
mom1_p_vo += 0.5*einsum('Iia,jacd,dckj,Ibi->bk', LU11old, I.ovvv, T2, U11)
mom1_p_vo += 0.5*einsum('Iia,jacd,dcji,Ibk->bk', LU11old, I.ovvv, T2, U11)
mom1_p_vo += 1.0*einsum('Iia,jbcd,adki,Icj->bk', LU11old, I.ovvv, T2, U11)
mom1_p_vo += -1.0*einsum('Iia,jbcd,adkj,Ici->bk', LU11old, I.ovvv, T2, U11)
mom1_p_vo += -1.0*einsum('Iia,jbcd,adji,Ick->bk', LU11old, I.ovvv, T2, U11)
mom1_p_vo += 0.5*einsum('Iia,jbcd,dcki,Iaj->bk', LU11old, I.ovvv, T2, U11)
mom1_p_vo += -0.5*einsum('Iia,jbcd,dcji,Iak->bk', LU11old, I.ovvv, T2, U11)
mom1_p_vo += -0.5*einsum('ijab,kd,bali,cdkj->cl', L2, F.ov, T2, T2)
mom1_p_vo += 0.5*einsum('ijab,kd,baki,cdlj->cl', L2, F.ov, T2, T2)
mom1_p_vo += 0.5*einsum('ijab,kd,bcji,adlk->cl', L2, F.ov, T2, T2)
mom1_p_vo += 1.0*einsum('ijab,kd,bcli,adkj->cl', L2, F.ov, T2, T2)
mom1_p_vo += -1.0*einsum('ijab,kd,bcki,adlj->cl', L2, F.ov, T2, T2)
mom1_p_vo += -0.5*einsum('ijab,kd,bdji,aclk->cl', L2, F.ov, T2, T2)
mom1_p_vo += -0.25*einsum('ijab,kd,cdji,balk->cl', L2, F.ov, T2, T2)
mom1_p_vo += -0.5*einsum('ijab,Iki,bakj,Icl->cl', L2, g.oo, T2, U11)
mom1_p_vo += 0.5*einsum('ijab,Iki,balj,Ick->cl', L2, g.oo, T2, U11)
mom1_p_vo += -0.5*einsum('ijab,Iki,balk,Icj->cl', L2, g.oo, T2, U11)
mom1_p_vo += 1.0*einsum('ijab,Iki,bckj,Ial->cl', L2, g.oo, T2, U11)
mom1_p_vo += -1.0*einsum('ijab,Iki,bclj,Iak->cl', L2, g.oo, T2, U11)
mom1_p_vo += 1.0*einsum('ijab,Iki,bclk,Iaj->cl', L2, g.oo, T2, U11)
mom1_p_vo += -0.5*einsum('ijab,Ibd,acji,Idk->ck', L2, g.vv, T2, U11)
mom1_p_vo += 1.0*einsum('ijab,Ibd,acki,Idj->ck', L2, g.vv, T2, U11)
mom1_p_vo += 0.5*einsum('ijab,Ibd,adji,Ick->ck', L2, g.vv, T2, U11)
mom1_p_vo += -1.0*einsum('ijab,Ibd,adki,Icj->ck', L2, g.vv, T2, U11)
mom1_p_vo += -0.5*einsum('ijab,Ibd,cdji,Iak->ck', L2, g.vv, T2, U11)
mom1_p_vo += 1.0*einsum('ijab,Ibd,cdki,Iaj->ck', L2, g.vv, T2, U11)
mom1_p_vo += 0.5*einsum('ijab,Icd,baki,Idj->ck', L2, g.vv, T2, U11)
mom1_p_vo += 0.5*einsum('ijab,Icd,bdji,Iak->ck', L2, g.vv, T2, U11)
mom1_p_vo += -1.0*einsum('ijab,Icd,bdki,Iaj->ck', L2, g.vv, T2, U11)
mom1_p_vo += 0.5*einsum('ijab,klji,bk,acml->cm', L2, I.oooo, T1, T2)
mom1_p_vo += 0.25*einsum('ijab,klji,bm,aclk->cm', L2, I.oooo, T1, T2)
mom1_p_vo += 0.25*einsum('ijab,klji,ck,baml->cm', L2, I.oooo, T1, T2)
mom1_p_vo += 0.125*einsum('ijab,klji,cm,balk->cm', L2, I.oooo, T1, T2)
mom1_p_vo += -1.0*einsum('ijab,kbid,al,cdkj->cl', L2, I.ovov, T1, T2)
mom1_p_vo += 1.0*einsum('ijab,kbid,ak,cdlj->cl', L2, I.ovov, T1, T2)
mom1_p_vo += 1.0*einsum('ijab,kbid,cj,adlk->cl', L2, I.ovov, T1, T2)
mom1_p_vo += 1.0*einsum('ijab,kbid,cl,adkj->cl', L2, I.ovov, T1, T2)
mom1_p_vo += -1.0*einsum('ijab,kbid,ck,adlj->cl', L2, I.ovov, T1, T2)
mom1_p_vo += -1.0*einsum('ijab,kbid,dj,aclk->cl', L2, I.ovov, T1, T2)
mom1_p_vo += -1.0*einsum('ijab,kbid,dl,ackj->cl', L2, I.ovov, T1, T2)
mom1_p_vo += 1.0*einsum('ijab,kbid,dk,aclj->cl', L2, I.ovov, T1, T2)
mom1_p_vo += -1.0*einsum('ijab,kcid,bl,adkj->cl', L2, I.ovov, T1, T2)
mom1_p_vo += 1.0*einsum('ijab,kcid,bk,adlj->cl', L2, I.ovov, T1, T2)
mom1_p_vo += -0.5*einsum('ijab,kcid,dj,balk->cl', L2, I.ovov, T1, T2)
mom1_p_vo += -0.5*einsum('ijab,kcid,dl,bakj->cl', L2, I.ovov, T1, T2)
mom1_p_vo += 0.5*einsum('ijab,kcid,dk,balj->cl', L2, I.ovov, T1, T2)
mom1_p_vo += 0.25*einsum('ijab,bade,ci,edkj->ck', L2, I.vvvv, T1, T2)
mom1_p_vo += 0.125*einsum('ijab,bade,ck,edji->ck', L2, I.vvvv, T1, T2)
mom1_p_vo += -0.5*einsum('ijab,bade,ei,cdkj->ck', L2, I.vvvv, T1, T2)
mom1_p_vo += -0.25*einsum('ijab,bade,ek,cdji->ck', L2, I.vvvv, T1, T2)
mom1_p_vo += -0.25*einsum('ijab,bcde,ak,edji->ck', L2, I.vvvv, T1, T2)
mom1_p_vo += 1.0*einsum('ijab,bcde,ei,adkj->ck', L2, I.vvvv, T1, T2)
mom1_p_vo += 0.5*einsum('ijab,bcde,ek,adji->ck', L2, I.vvvv, T1, T2)
mom1_p_vo += -0.25*einsum('ijab,klid,bamj,cdlk->cm', L2, I.ooov, T2, T2)
mom1_p_vo += -0.5*einsum('ijab,klid,bakj,cdml->cm', L2, I.ooov, T2, T2)
mom1_p_vo += 0.5*einsum('ijab,klid,bcmj,adlk->cm', L2, I.ooov, T2, T2)
mom1_p_vo += 1.0*einsum('ijab,klid,bckj,adml->cm', L2, I.ooov, T2, T2)
mom1_p_vo += -0.5*einsum('ijab,klid,bdmj,aclk->cm', L2, I.ooov, T2, T2)
mom1_p_vo += -1.0*einsum('ijab,klid,bdkj,acml->cm', L2, I.ooov, T2, T2)
mom1_p_vo += -0.25*einsum('ijab,klid,cdmj,balk->cm', L2, I.ooov, T2, T2)
mom1_p_vo += -0.5*einsum('ijab,klid,cdkj,baml->cm', L2, I.ooov, T2, T2)
mom1_p_vo += -0.25*einsum('ijab,kbde,acji,edlk->cl', L2, I.ovvv, T2, T2)
mom1_p_vo += -0.5*einsum('ijab,kbde,acli,edkj->cl', L2, I.ovvv, T2, T2)
mom1_p_vo += 0.5*einsum('ijab,kbde,acki,edlj->cl', L2, I.ovvv, T2, T2)
mom1_p_vo += 0.5*einsum('ijab,kbde,aeji,cdlk->cl', L2, I.ovvv, T2, T2)
mom1_p_vo += 1.0*einsum('ijab,kbde,aeli,cdkj->cl', L2, I.ovvv, T2, T2)
mom1_p_vo += -1.0*einsum('ijab,kbde,aeki,cdlj->cl', L2, I.ovvv, T2, T2)
mom1_p_vo += -0.5*einsum('ijab,kbde,ceji,adlk->cl', L2, I.ovvv, T2, T2)
mom1_p_vo += -0.25*einsum('ijab,kbde,edji,aclk->cl', L2, I.ovvv, T2, T2)
mom1_p_vo += -0.25*einsum('ijab,kcde,bali,edkj->cl', L2, I.ovvv, T2, T2)
mom1_p_vo += 0.25*einsum('ijab,kcde,baki,edlj->cl', L2, I.ovvv, T2, T2)
mom1_p_vo += 0.5*einsum('ijab,kcde,beji,adlk->cl', L2, I.ovvv, T2, T2)
mom1_p_vo += -1.0*einsum('ijab,kcde,beki,adlj->cl', L2, I.ovvv, T2, T2)
mom1_p_vo += -0.125*einsum('ijab,kcde,edji,balk->cl', L2, I.ovvv, T2, T2)
mom1_p_vo += -1.0*einsum('I,Jib,aj,J,Ibi->aj', LS1old, g.ov, T1, S1, U11)
mom1_p_vo += 1.0*einsum('I,Jib,ai,J,Ibj->aj', LS1old, g.ov, T1, S1, U11)
mom1_p_vo += 1.0*einsum('I,Jib,bj,J,Iai->aj', LS1old, g.ov, T1, S1, U11)
mom1_p_vo += -1.0*einsum('ia,jc,bi,aj,ck->bk', L1, F.ov, T1, T1, T1)
mom1_p_vo += -1.0*einsum('ia,jc,ci,ak,bj->bk', L1, F.ov, T1, T1, T1)
mom1_p_vo += 1.0*einsum('ia,jc,ci,aj,bk->bk', L1, F.ov, T1, T1, T1)
mom1_p_vo += 1.0*einsum('ia,Iji,aj,bk,I->bk', L1, g.oo, T1, T1, S1)
mom1_p_vo += -1.0*einsum('ia,Iji,ak,bj,I->bk', L1, g.oo, T1, T1, S1)
mom1_p_vo += 1.0*einsum('ia,Iac,bi,cj,I->bj', L1, g.vv, T1, T1, S1)
mom1_p_vo += -1.0*einsum('ia,Iac,ci,bj,I->bj', L1, g.vv, T1, T1, S1)
mom1_p_vo += 1.0*einsum('ia,Ibc,ci,aj,I->bj', L1, g.vv, T1, T1, S1)
mom1_p_vo += 1.0*einsum('Iia,IJ,bi,aj,J->bj', LU11old, w, T1, T1, S1)
mom1_p_vo += 1.0*einsum('I,ijbc,ak,ci,Ibj->ak', LS1old, I.oovv, T1, T1, U11)
mom1_p_vo += -1.0*einsum('I,ijbc,ai,ck,Ibj->ak', LS1old, I.oovv, T1, T1, U11)
mom1_p_vo += 1.0*einsum('I,ijbc,ai,cj,Ibk->ak', LS1old, I.oovv, T1, T1, U11)
mom1_p_vo += -1.0*einsum('I,ijbc,ci,bk,Iaj->ak', LS1old, I.oovv, T1, T1, U11)
mom1_p_vo += -1.0*einsum('ia,Ijc,ak,bj,Ici->bk', L1, g.ov, T1, T1, U11)
mom1_p_vo += 1.0*einsum('ia,Ijc,ak,cj,Ibi->bk', L1, g.ov, T1, T1, U11)
mom1_p_vo += -1.0*einsum('ia,Ijc,ak,bcji,I->bk', L1, g.ov, T1, T2, S1)
mom1_p_vo += 1.0*einsum('ia,Ijc,aj,bk,Ici->bk', L1, g.ov, T1, T1, U11)
mom1_p_vo += -1.0*einsum('ia,Ijc,aj,ck,Ibi->bk', L1, g.ov, T1, T1, U11)
mom1_p_vo += 1.0*einsum('ia,Ijc,aj,bcki,I->bk', L1, g.ov, T1, T2, S1)
mom1_p_vo += -1.0*einsum('ia,Ijc,bi,aj,Ick->bk', L1, g.ov, T1, T1, U11)
mom1_p_vo += -1.0*einsum('ia,Ijc,bi,ck,Iaj->bk', L1, g.ov, T1, T1, U11)
mom1_p_vo += 1.0*einsum('ia,Ijc,bi,cj,Iak->bk', L1, g.ov, T1, T1, U11)
mom1_p_vo += 1.0*einsum('ia,Ijc,bi,ackj,I->bk', L1, g.ov, T1, T2, S1)
mom1_p_vo += -1.0*einsum('ia,Ijc,bk,cj,Iai->bk', L1, g.ov, T1, T1, U11)
mom1_p_vo += 1.0*einsum('ia,Ijc,bk,acji,I->bk', L1, g.ov, T1, T2, S1)
mom1_p_vo += 1.0*einsum('ia,Ijc,bj,ck,Iai->bk', L1, g.ov, T1, T1, U11)
mom1_p_vo += -1.0*einsum('ia,Ijc,bj,acki,I->bk', L1, g.ov, T1, T2, S1)
mom1_p_vo += -1.0*einsum('ia,Ijc,ci,ak,Ibj->bk', L1, g.ov, T1, T1, U11)
mom1_p_vo += 1.0*einsum('ia,Ijc,ci,aj,Ibk->bk', L1, g.ov, T1, T1, U11)
mom1_p_vo += 1.0*einsum('ia,Ijc,ci,bk,Iaj->bk', L1, g.ov, T1, T1, U11)
mom1_p_vo += -1.0*einsum('ia,Ijc,ci,bj,Iak->bk', L1, g.ov, T1, T1, U11)
mom1_p_vo += -1.0*einsum('ia,Ijc,ci,abkj,I->bk', L1, g.ov, T1, T2, S1)
mom1_p_vo += -1.0*einsum('ia,Ijc,ck,abji,I->bk', L1, g.ov, T1, T2, S1)
mom1_p_vo += -1.0*einsum('ia,jkic,al,bj,ck->bl', L1, I.ooov, T1, T1, T1)
mom1_p_vo += 1.0*einsum('ia,jkic,aj,bl,ck->bl', L1, I.ooov, T1, T1, T1)
mom1_p_vo += -1.0*einsum('ia,jkic,aj,bk,cl->bl', L1, I.ooov, T1, T1, T1)
mom1_p_vo += -1.0*einsum('ia,jacd,bi,dj,ck->bk', L1, I.ovvv, T1, T1, T1)
mom1_p_vo += -1.0*einsum('ia,jacd,di,bk,cj->bk', L1, I.ovvv, T1, T1, T1)
mom1_p_vo += 1.0*einsum('ia,jacd,di,bj,ck->bk', L1, I.ovvv, T1, T1, T1)
mom1_p_vo += 1.0*einsum('ia,jbcd,di,ak,cj->bk', L1, I.ovvv, T1, T1, T1)
mom1_p_vo += -1.0*einsum('ia,jbcd,di,aj,ck->bk', L1, I.ovvv, T1, T1, T1)
mom1_p_vo += -1.0*einsum('Iia,jc,ak,bj,Ici->bk', LU11old, F.ov, T1, T1, U11)
mom1_p_vo += 1.0*einsum('Iia,jc,aj,bk,Ici->bk', LU11old, F.ov, T1, T1, U11)
mom1_p_vo += -1.0*einsum('Iia,jc,aj,ck,Ibi->bk', LU11old, F.ov, T1, T1, U11)
mom1_p_vo += 1.0*einsum('Iia,jc,bi,ak,Icj->bk', LU11old, F.ov, T1, T1, U11)
mom1_p_vo += -1.0*einsum('Iia,jc,bi,aj,Ick->bk', LU11old, F.ov, T1, T1, U11)
mom1_p_vo += -1.0*einsum('Iia,jc,bi,ck,Iaj->bk', LU11old, F.ov, T1, T1, U11)
mom1_p_vo += -1.0*einsum('Iia,jc,ci,ak,Ibj->bk', LU11old, F.ov, T1, T1, U11)
mom1_p_vo += 1.0*einsum('Iia,jc,ci,aj,Ibk->bk', LU11old, F.ov, T1, T1, U11)
mom1_p_vo += 1.0*einsum('Iia,jc,ci,bk,Iaj->bk', LU11old, F.ov, T1, T1, U11)
mom1_p_vo += -1.0*einsum('Iia,jc,ci,bj,Iak->bk', LU11old, F.ov, T1, T1, U11)
mom1_p_vo += 1.0*einsum('Iia,Jji,aj,J,Ibk->bk', LU11old, g.oo, T1, S1, U11)
mom1_p_vo += -1.0*einsum('Iia,Jji,ak,J,Ibj->bk', LU11old, g.oo, T1, S1, U11)
mom1_p_vo += -1.0*einsum('Iia,Jji,bj,J,Iak->bk', LU11old, g.oo, T1, S1, U11)
mom1_p_vo += 1.0*einsum('Iia,Jji,bk,J,Iaj->bk', LU11old, g.oo, T1, S1, U11)
mom1_p_vo += 1.0*einsum('Iia,Jac,bi,J,Icj->bj', LU11old, g.vv, T1, S1, U11)
mom1_p_vo += -1.0*einsum('Iia,Jac,bj,J,Ici->bj', LU11old, g.vv, T1, S1, U11)
mom1_p_vo += -1.0*einsum('Iia,Jac,ci,J,Ibj->bj', LU11old, g.vv, T1, S1, U11)
mom1_p_vo += 1.0*einsum('Iia,Jac,cj,J,Ibi->bj', LU11old, g.vv, T1, S1, U11)
mom1_p_vo += 1.0*einsum('Iia,Jbc,aj,J,Ici->bj', LU11old, g.vv, T1, S1, U11)
mom1_p_vo += 1.0*einsum('Iia,Jbc,ci,J,Iaj->bj', LU11old, g.vv, T1, S1, U11)
mom1_p_vo += 1.0*einsum('Iia,Ijc,bi,ak,cj->bk', LU11old, g_boscre.ov, T1, T1, T1)
mom1_p_vo += -1.0*einsum('Iia,Ijc,bi,aj,ck->bk', LU11old, g_boscre.ov, T1, T1, T1)
mom1_p_vo += -1.0*einsum('Iia,Ijc,ci,ak,bj->bk', LU11old, g_boscre.ov, T1, T1, T1)
mom1_p_vo += 1.0*einsum('Iia,Ijc,ci,aj,bk->bk', LU11old, g_boscre.ov, T1, T1, T1)
mom1_p_vo += -1.0*einsum('ijab,I,ci,bk,Iaj->ck', L2, G, T1, T1, U11)
mom1_p_vo += 1.0*einsum('ijab,ki,cj,bk,al->cl', L2, F.oo, T1, T1, T1)
mom1_p_vo += 1.0*einsum('ijab,bd,ci,dj,ak->ck', L2, F.vv, T1, T1, T1)
mom1_p_vo += -1.0*einsum('ijab,Ibi,cj,ak,I->ck', L2, g.vo, T1, T1, S1)
mom1_p_vo += -0.5*einsum('ia,jkcd,al,bj,dcki->bl', L1, I.oovv, T1, T1, T2)
mom1_p_vo += 1.0*einsum('ia,jkcd,al,dj,bcki->bl', L1, I.oovv, T1, T1, T2)
mom1_p_vo += 0.5*einsum('ia,jkcd,aj,bl,dcki->bl', L1, I.oovv, T1, T1, T2)
mom1_p_vo += -0.5*einsum('ia,jkcd,aj,bk,dcli->bl', L1, I.oovv, T1, T1, T2)
mom1_p_vo += -1.0*einsum('ia,jkcd,aj,dl,bcki->bl', L1, I.oovv, T1, T1, T2)
mom1_p_vo += 1.0*einsum('ia,jkcd,aj,dk,bcli->bl', L1, I.oovv, T1, T1, T2)
mom1_p_vo += 0.5*einsum('ia,jkcd,bi,aj,dclk->bl', L1, I.oovv, T1, T1, T2)
mom1_p_vo += -0.5*einsum('ia,jkcd,bi,dl,ackj->bl', L1, I.oovv, T1, T1, T2)
mom1_p_vo += -1.0*einsum('ia,jkcd,bi,dj,aclk->bl', L1, I.oovv, T1, T1, T2)
mom1_p_vo += -1.0*einsum('ia,jkcd,bl,dj,acki->bl', L1, I.oovv, T1, T1, T2)
mom1_p_vo += 1.0*einsum('ia,jkcd,bj,dl,acki->bl', L1, I.oovv, T1, T1, T2)
mom1_p_vo += -1.0*einsum('ia,jkcd,bj,dk,acli->bl', L1, I.oovv, T1, T1, T2)
mom1_p_vo += -0.5*einsum('ia,jkcd,di,al,bckj->bl', L1, I.oovv, T1, T1, T2)
mom1_p_vo += -1.0*einsum('ia,jkcd,di,aj,bclk->bl', L1, I.oovv, T1, T1, T2)
mom1_p_vo += 0.5*einsum('ia,jkcd,di,bl,ackj->bl', L1, I.oovv, T1, T1, T2)
mom1_p_vo += 1.0*einsum('ia,jkcd,di,bj,aclk->bl', L1, I.oovv, T1, T1, T2)
mom1_p_vo += -0.5*einsum('ia,jkcd,di,cl,abkj->bl', L1, I.oovv, T1, T1, T2)
mom1_p_vo += -1.0*einsum('ia,jkcd,di,cj,ablk->bl', L1, I.oovv, T1, T1, T2)
mom1_p_vo += 1.0*einsum('ia,jkcd,dj,cl,abki->bl', L1, I.oovv, T1, T1, T2)
mom1_p_vo += -1.0*einsum('Iia,Jjc,ak,Ibj,Jci->bk', LU11old, g.ov, T1, U11, U11)
mom1_p_vo += -1.0*einsum('Iia,Jjc,ak,Ici,Jbj->bk', LU11old, g.ov, T1, U11, U11)
mom1_p_vo += 1.0*einsum('Iia,Jjc,ak,Icj,Jbi->bk', LU11old, g.ov, T1, U11, U11)
mom1_p_vo += -1.0*einsum('Iia,Jjc,aj,Ibi,Jck->bk', LU11old, g.ov, T1, U11, U11)
mom1_p_vo += 1.0*einsum('Iia,Jjc,aj,Ibk,Jci->bk', LU11old, g.ov, T1, U11, U11)
mom1_p_vo += 1.0*einsum('Iia,Jjc,aj,Ici,Jbk->bk', LU11old, g.ov, T1, U11, U11)
mom1_p_vo += -1.0*einsum('Iia,Jjc,aj,Ick,Jbi->bk', LU11old, g.ov, T1, U11, U11)
mom1_p_vo += -1.0*einsum('Iia,Jjc,bi,Iaj,Jck->bk', LU11old, g.ov, T1, U11, U11)
mom1_p_vo += -1.0*einsum('Iia,Jjc,bi,Ick,Jaj->bk', LU11old, g.ov, T1, U11, U11)
mom1_p_vo += 1.0*einsum('Iia,Jjc,bi,Icj,Jak->bk', LU11old, g.ov, T1, U11, U11)
mom1_p_vo += 1.0*einsum('Iia,Jjc,bk,Iaj,Jci->bk', LU11old, g.ov, T1, U11, U11)
mom1_p_vo += 1.0*einsum('Iia,Jjc,bk,Ici,Jaj->bk', LU11old, g.ov, T1, U11, U11)
mom1_p_vo += -1.0*einsum('Iia,Jjc,bk,Icj,Jai->bk', LU11old, g.ov, T1, U11, U11)
mom1_p_vo += -1.0*einsum('Iia,Jjc,bj,Iak,Jci->bk', LU11old, g.ov, T1, U11, U11)
mom1_p_vo += -1.0*einsum('Iia,Jjc,bj,Ici,Jak->bk', LU11old, g.ov, T1, U11, U11)
mom1_p_vo += 1.0*einsum('Iia,Jjc,bj,Ick,Jai->bk', LU11old, g.ov, T1, U11, U11)
mom1_p_vo += -1.0*einsum('Iia,Jjc,ci,Iak,Jbj->bk', LU11old, g.ov, T1, U11, U11)
mom1_p_vo += 1.0*einsum('Iia,Jjc,ci,Iaj,Jbk->bk', LU11old, g.ov, T1, U11, U11)
mom1_p_vo += 1.0*einsum('Iia,Jjc,ci,Ibk,Jaj->bk', LU11old, g.ov, T1, U11, U11)
mom1_p_vo += -1.0*einsum('Iia,Jjc,ci,Ibj,Jak->bk', LU11old, g.ov, T1, U11, U11)
mom1_p_vo += -1.0*einsum('Iia,Jjc,ck,Iaj,Jbi->bk', LU11old, g.ov, T1, U11, U11)
mom1_p_vo += -1.0*einsum('Iia,Jjc,ck,Ibi,Jaj->bk', LU11old, g.ov, T1, U11, U11)
mom1_p_vo += 1.0*einsum('Iia,Jjc,ck,Ibj,Jai->bk', LU11old, g.ov, T1, U11, U11)
mom1_p_vo += 1.0*einsum('Iia,Jjc,cj,Iak,Jbi->bk', LU11old, g.ov, T1, U11, U11)
mom1_p_vo += 1.0*einsum('Iia,Jjc,cj,Ibi,Jak->bk', LU11old, g.ov, T1, U11, U11)
mom1_p_vo += -1.0*einsum('Iia,Jjc,cj,Ibk,Jai->bk', LU11old, g.ov, T1, U11, U11)
mom1_p_vo += 1.0*einsum('Iia,Jjc,abki,J,Icj->bk', LU11old, g.ov, T2, S1, U11)
mom1_p_vo += -1.0*einsum('Iia,Jjc,abkj,J,Ici->bk', LU11old, g.ov, T2, S1, U11)
mom1_p_vo += -1.0*einsum('Iia,Jjc,abji,J,Ick->bk', LU11old, g.ov, T2, S1, U11)
mom1_p_vo += -1.0*einsum('Iia,Jjc,acki,J,Ibj->bk', LU11old, g.ov, T2, S1, U11)
mom1_p_vo += 1.0*einsum('Iia,Jjc,ackj,J,Ibi->bk', LU11old, g.ov, T2, S1, U11)
mom1_p_vo += 1.0*einsum('Iia,Jjc,acji,J,Ibk->bk', LU11old, g.ov, T2, S1, U11)
mom1_p_vo += 1.0*einsum('Iia,Jjc,bcki,J,Iaj->bk', LU11old, g.ov, T2, S1, U11)
mom1_p_vo += -1.0*einsum('Iia,Jjc,bcji,J,Iak->bk', LU11old, g.ov, T2, S1, U11)
mom1_p_vo += -1.0*einsum('Iia,jkic,al,bj,Ick->bl', LU11old, I.ooov, T1, T1, U11)
mom1_p_vo += 1.0*einsum('Iia,jkic,al,cj,Ibk->bl', LU11old, I.ooov, T1, T1, U11)
mom1_p_vo += 1.0*einsum('Iia,jkic,aj,bl,Ick->bl', LU11old, I.ooov, T1, T1, U11)
mom1_p_vo += -1.0*einsum('Iia,jkic,aj,bk,Icl->bl', LU11old, I.ooov, T1, T1, U11)
mom1_p_vo += -1.0*einsum('Iia,jkic,aj,cl,Ibk->bl', LU11old, I.ooov, T1, T1, U11)
mom1_p_vo += 1.0*einsum('Iia,jkic,aj,ck,Ibl->bl', LU11old, I.ooov, T1, T1, U11)
mom1_p_vo += -1.0*einsum('Iia,jkic,bl,cj,Iak->bl', LU11old, I.ooov, T1, T1, U11)
mom1_p_vo += 1.0*einsum('Iia,jkic,bj,cl,Iak->bl', LU11old, I.ooov, T1, T1, U11)
mom1_p_vo += -1.0*einsum('Iia,jkic,bj,ck,Ial->bl', LU11old, I.ooov, T1, T1, U11)
mom1_p_vo += 1.0*einsum('Iia,jacd,bi,dk,Icj->bk', LU11old, I.ovvv, T1, T1, U11)
mom1_p_vo += -1.0*einsum('Iia,jacd,bi,dj,Ick->bk', LU11old, I.ovvv, T1, T1, U11)
mom1_p_vo += 1.0*einsum('Iia,jacd,bk,dj,Ici->bk', LU11old, I.ovvv, T1, T1, U11)
mom1_p_vo += -1.0*einsum('Iia,jacd,bj,dk,Ici->bk', LU11old, I.ovvv, T1, T1, U11)
mom1_p_vo += -1.0*einsum('Iia,jacd,di,bk,Icj->bk', LU11old, I.ovvv, T1, T1, U11)
mom1_p_vo += 1.0*einsum('Iia,jacd,di,bj,Ick->bk', LU11old, I.ovvv, T1, T1, U11)
mom1_p_vo += 1.0*einsum('Iia,jacd,di,ck,Ibj->bk', LU11old, I.ovvv, T1, T1, U11)
mom1_p_vo += -1.0*einsum('Iia,jacd,di,cj,Ibk->bk', LU11old, I.ovvv, T1, T1, U11)
mom1_p_vo += -1.0*einsum('Iia,jacd,dj,ck,Ibi->bk', LU11old, I.ovvv, T1, T1, U11)
mom1_p_vo += -1.0*einsum('Iia,jbcd,ak,dj,Ici->bk', LU11old, I.ovvv, T1, T1, U11)
mom1_p_vo += 1.0*einsum('Iia,jbcd,aj,dk,Ici->bk', LU11old, I.ovvv, T1, T1, U11)
mom1_p_vo += 1.0*einsum('Iia,jbcd,di,ak,Icj->bk', LU11old, I.ovvv, T1, T1, U11)
mom1_p_vo += -1.0*einsum('Iia,jbcd,di,aj,Ick->bk', LU11old, I.ovvv, T1, T1, U11)
mom1_p_vo += -1.0*einsum('Iia,jbcd,di,ck,Iaj->bk', LU11old, I.ovvv, T1, T1, U11)
mom1_p_vo += 1.0*einsum('Iia,jbcd,di,cj,Iak->bk', LU11old, I.ovvv, T1, T1, U11)
mom1_p_vo += 0.5*einsum('ijab,kd,bl,ck,adji->cl', L2, F.ov, T1, T1, T2)
mom1_p_vo += 0.5*einsum('ijab,kd,bk,al,cdji->cl', L2, F.ov, T1, T1, T2)
mom1_p_vo += -0.5*einsum('ijab,kd,bk,cl,adji->cl', L2, F.ov, T1, T1, T2)
mom1_p_vo += 0.5*einsum('ijab,kd,bk,dl,acji->cl', L2, F.ov, T1, T1, T2)
mom1_p_vo += 1.0*einsum('ijab,kd,ci,bl,adkj->cl', L2, F.ov, T1, T1, T2)
mom1_p_vo += -1.0*einsum('ijab,kd,ci,bk,adlj->cl', L2, F.ov, T1, T1, T2)
mom1_p_vo += 0.5*einsum('ijab,kd,ci,dj,balk->cl', L2, F.ov, T1, T1, T2)
mom1_p_vo += 0.5*einsum('ijab,kd,ci,dl,bakj->cl', L2, F.ov, T1, T1, T2)
mom1_p_vo += -1.0*einsum('ijab,kd,di,bl,ackj->cl', L2, F.ov, T1, T1, T2)
mom1_p_vo += 1.0*einsum('ijab,kd,di,bk,aclj->cl', L2, F.ov, T1, T1, T2)
mom1_p_vo += -0.5*einsum('ijab,kd,di,cl,bakj->cl', L2, F.ov, T1, T1, T2)
mom1_p_vo += 0.5*einsum('ijab,kd,di,ck,balj->cl', L2, F.ov, T1, T1, T2)
mom1_p_vo += 1.0*einsum('ijab,Iki,bk,al,Icj->cl', L2, g.oo, T1, T1, U11)
mom1_p_vo += -1.0*einsum('ijab,Iki,bk,cl,Iaj->cl', L2, g.oo, T1, T1, U11)
mom1_p_vo += 1.0*einsum('ijab,Iki,bk,aclj,I->cl', L2, g.oo, T1, T2, S1)
mom1_p_vo += 1.0*einsum('ijab,Iki,bl,ck,Iaj->cl', L2, g.oo, T1, T1, U11)
mom1_p_vo += -1.0*einsum('ijab,Iki,bl,ackj,I->cl', L2, g.oo, T1, T2, S1)
mom1_p_vo += 1.0*einsum('ijab,Iki,cj,bk,Ial->cl', L2, g.oo, T1, T1, U11)
mom1_p_vo += -1.0*einsum('ijab,Iki,cj,bl,Iak->cl', L2, g.oo, T1, T1, U11)
mom1_p_vo += -0.5*einsum('ijab,Iki,cj,balk,I->cl', L2, g.oo, T1, T2, S1)
mom1_p_vo += 0.5*einsum('ijab,Iki,ck,balj,I->cl', L2, g.oo, T1, T2, S1)
mom1_p_vo += -0.5*einsum('ijab,Iki,cl,bakj,I->cl', L2, g.oo, T1, T2, S1)
mom1_p_vo += -0.5*einsum('ijab,Ibd,ak,cdji,I->ck', L2, g.vv, T1, T2, S1)
mom1_p_vo += 1.0*einsum('ijab,Ibd,ci,ak,Idj->ck', L2, g.vv, T1, T1, U11)
mom1_p_vo += 1.0*einsum('ijab,Ibd,ci,dj,Iak->ck', L2, g.vv, T1, T1, U11)
mom1_p_vo += -1.0*einsum('ijab,Ibd,ci,dk,Iaj->ck', L2, g.vv, T1, T1, U11)
mom1_p_vo += 1.0*einsum('ijab,Ibd,ci,adkj,I->ck', L2, g.vv, T1, T2, S1)
mom1_p_vo += 0.5*einsum('ijab,Ibd,ck,adji,I->ck', L2, g.vv, T1, T2, S1)
mom1_p_vo += -1.0*einsum('ijab,Ibd,di,ak,Icj->ck', L2, g.vv, T1, T1, U11)
mom1_p_vo += 1.0*einsum('ijab,Ibd,di,ck,Iaj->ck', L2, g.vv, T1, T1, U11)
mom1_p_vo += -1.0*einsum('ijab,Ibd,di,ackj,I->ck', L2, g.vv, T1, T2, S1)
mom1_p_vo += -0.5*einsum('ijab,Ibd,dk,acji,I->ck', L2, g.vv, T1, T2, S1)
mom1_p_vo += -0.5*einsum('ijab,Icd,bk,adji,I->ck', L2, g.vv, T1, T2, S1)
mom1_p_vo += -1.0*einsum('ijab,Icd,di,bk,Iaj->ck', L2, g.vv, T1, T1, U11)
mom1_p_vo += -0.5*einsum('ijab,Icd,di,bakj,I->ck', L2, g.vv, T1, T2, S1)
mom1_p_vo += -0.25*einsum('ijab,klji,bk,al,cm->cm', L2, I.oooo, T1, T1, T1)
mom1_p_vo += 0.5*einsum('ijab,klji,bk,am,cl->cm', L2, I.oooo, T1, T1, T1)
mom1_p_vo += 1.0*einsum('ijab,kbid,cj,al,dk->cl', L2, I.ovov, T1, T1, T1)
mom1_p_vo += -1.0*einsum('ijab,kbid,cj,ak,dl->cl', L2, I.ovov, T1, T1, T1)
mom1_p_vo += -1.0*einsum('ijab,kbid,dj,al,ck->cl', L2, I.ovov, T1, T1, T1)
mom1_p_vo += 1.0*einsum('ijab,kbid,dj,ak,cl->cl', L2, I.ovov, T1, T1, T1)
mom1_p_vo += 1.0*einsum('ijab,kcid,dj,bk,al->cl', L2, I.ovov, T1, T1, T1)
mom1_p_vo += -0.5*einsum('ijab,bade,ci,ej,dk->ck', L2, I.vvvv, T1, T1, T1)
mom1_p_vo += -0.25*einsum('ijab,bade,ei,dj,ck->ck', L2, I.vvvv, T1, T1, T1)
mom1_p_vo += 0.5*einsum('ijab,bcde,ei,dj,ak->ck', L2, I.vvvv, T1, T1, T1)
mom1_p_vo += 1.0*einsum('Iia,jkcd,al,bdji,Ick->bl', LU11old, I.oovv, T1, T2, U11)
mom1_p_vo += 0.5*einsum('Iia,jkcd,al,bdkj,Ici->bl', LU11old, I.oovv, T1, T2, U11)
mom1_p_vo += 0.5*einsum('Iia,jkcd,al,dcji,Ibk->bl', LU11old, I.oovv, T1, T2, U11)
mom1_p_vo += -1.0*einsum('Iia,jkcd,aj,bdli,Ick->bl', LU11old, I.oovv, T1, T2, U11)
mom1_p_vo += 1.0*einsum('Iia,jkcd,aj,bdlk,Ici->bl', LU11old, I.oovv, T1, T2, U11)
mom1_p_vo += 1.0*einsum('Iia,jkcd,aj,bdki,Icl->bl', LU11old, I.oovv, T1, T2, U11)
mom1_p_vo += -0.5*einsum('Iia,jkcd,aj,dcli,Ibk->bl', LU11old, I.oovv, T1, T2, U11)
mom1_p_vo += 0.5*einsum('Iia,jkcd,aj,dclk,Ibi->bl', LU11old, I.oovv, T1, T2, U11)
mom1_p_vo += 0.5*einsum('Iia,jkcd,aj,dcki,Ibl->bl', LU11old, I.oovv, T1, T2, U11)
mom1_p_vo += -1.0*einsum('Iia,jkcd,bi,adlj,Ick->bl', LU11old, I.oovv, T1, T2, U11)
mom1_p_vo += 0.5*einsum('Iia,jkcd,bi,adkj,Icl->bl', LU11old, I.oovv, T1, T2, U11)
mom1_p_vo += -0.5*einsum('Iia,jkcd,bi,dclj,Iak->bl', LU11old, I.oovv, T1, T2, U11)
mom1_p_vo += -1.0*einsum('Iia,jkcd,bl,adji,Ick->bl', LU11old, I.oovv, T1, T2, U11)
mom1_p_vo += -0.5*einsum('Iia,jkcd,bl,adkj,Ici->bl', LU11old, I.oovv, T1, T2, U11)
mom1_p_vo += -0.5*einsum('Iia,jkcd,bl,dcji,Iak->bl', LU11old, I.oovv, T1, T2, U11)
mom1_p_vo += 1.0*einsum('Iia,jkcd,bj,adli,Ick->bl', LU11old, I.oovv, T1, T2, U11)
mom1_p_vo += -1.0*einsum('Iia,jkcd,bj,adlk,Ici->bl', LU11old, I.oovv, T1, T2, U11)
mom1_p_vo += -1.0*einsum('Iia,jkcd,bj,adki,Icl->bl', LU11old, I.oovv, T1, T2, U11)
mom1_p_vo += 0.5*einsum('Iia,jkcd,bj,dcli,Iak->bl', LU11old, I.oovv, T1, T2, U11)
mom1_p_vo += -0.5*einsum('Iia,jkcd,bj,dcki,Ial->bl', LU11old, I.oovv, T1, T2, U11)
mom1_p_vo += 1.0*einsum('Iia,jkcd,di,ablj,Ick->bl', LU11old, I.oovv, T1, T2, U11)
mom1_p_vo += -0.5*einsum('Iia,jkcd,di,abkj,Icl->bl', LU11old, I.oovv, T1, T2, U11)
mom1_p_vo += -1.0*einsum('Iia,jkcd,di,aclj,Ibk->bl', LU11old, I.oovv, T1, T2, U11)
mom1_p_vo += 0.5*einsum('Iia,jkcd,di,ackj,Ibl->bl', LU11old, I.oovv, T1, T2, U11)
mom1_p_vo += 1.0*einsum('Iia,jkcd,di,bclj,Iak->bl', LU11old, I.oovv, T1, T2, U11)
mom1_p_vo += -0.5*einsum('Iia,jkcd,di,bckj,Ial->bl', LU11old, I.oovv, T1, T2, U11)
mom1_p_vo += 1.0*einsum('Iia,jkcd,dl,abji,Ick->bl', LU11old, I.oovv, T1, T2, U11)
mom1_p_vo += 0.5*einsum('Iia,jkcd,dl,abkj,Ici->bl', LU11old, I.oovv, T1, T2, U11)
mom1_p_vo += -1.0*einsum('Iia,jkcd,dl,acji,Ibk->bl', LU11old, I.oovv, T1, T2, U11)
mom1_p_vo += -0.5*einsum('Iia,jkcd,dl,ackj,Ibi->bl', LU11old, I.oovv, T1, T2, U11)
mom1_p_vo += 1.0*einsum('Iia,jkcd,dl,bcji,Iak->bl', LU11old, I.oovv, T1, T2, U11)
mom1_p_vo += -1.0*einsum('Iia,jkcd,dj,abli,Ick->bl', LU11old, I.oovv, T1, T2, U11)
mom1_p_vo += 1.0*einsum('Iia,jkcd,dj,ablk,Ici->bl', LU11old, I.oovv, T1, T2, U11)
mom1_p_vo += 1.0*einsum('Iia,jkcd,dj,abki,Icl->bl', LU11old, I.oovv, T1, T2, U11)
mom1_p_vo += 1.0*einsum('Iia,jkcd,dj,acli,Ibk->bl', LU11old, I.oovv, T1, T2, U11)
mom1_p_vo += -1.0*einsum('Iia,jkcd,dj,aclk,Ibi->bl', LU11old, I.oovv, T1, T2, U11)
mom1_p_vo += -1.0*einsum('Iia,jkcd,dj,acki,Ibl->bl', LU11old, I.oovv, T1, T2, U11)
mom1_p_vo += -1.0*einsum('Iia,jkcd,dj,bcli,Iak->bl', LU11old, I.oovv, T1, T2, U11)
mom1_p_vo += 1.0*einsum('Iia,jkcd,dj,bcki,Ial->bl', LU11old, I.oovv, T1, T2, U11)
mom1_p_vo += 1.0*einsum('ijab,Ikd,bl,acki,Idj->cl', L2, g.ov, T1, T2, U11)
mom1_p_vo += 0.5*einsum('ijab,Ikd,bl,adji,Ick->cl', L2, g.ov, T1, T2, U11)
mom1_p_vo += -1.0*einsum('ijab,Ikd,bl,adki,Icj->cl', L2, g.ov, T1, T2, U11)
mom1_p_vo += -0.5*einsum('ijab,Ikd,bl,cdji,Iak->cl', L2, g.ov, T1, T2, U11)
mom1_p_vo += 1.0*einsum('ijab,Ikd,bl,cdki,Iaj->cl', L2, g.ov, T1, T2, U11)
mom1_p_vo += 0.5*einsum('ijab,Ikd,bk,acji,Idl->cl', L2, g.ov, T1, T2, U11)
mom1_p_vo += -1.0*einsum('ijab,Ikd,bk,acli,Idj->cl', L2, g.ov, T1, T2, U11)
mom1_p_vo += -0.5*einsum('ijab,Ikd,bk,adji,Icl->cl', L2, g.ov, T1, T2, U11)
mom1_p_vo += 1.0*einsum('ijab,Ikd,bk,adli,Icj->cl', L2, g.ov, T1, T2, U11)
mom1_p_vo += 0.5*einsum('ijab,Ikd,bk,cdji,Ial->cl', L2, g.ov, T1, T2, U11)
mom1_p_vo += -1.0*einsum('ijab,Ikd,bk,cdli,Iaj->cl', L2, g.ov, T1, T2, U11)
mom1_p_vo += 0.5*einsum('ijab,Ikd,ci,balk,Idj->cl', L2, g.ov, T1, T2, U11)
mom1_p_vo += 0.5*einsum('ijab,Ikd,ci,bakj,Idl->cl', L2, g.ov, T1, T2, U11)
mom1_p_vo += 1.0*einsum('ijab,Ikd,ci,bdlj,Iak->cl', L2, g.ov, T1, T2, U11)
mom1_p_vo += -1.0*einsum('ijab,Ikd,ci,bdlk,Iaj->cl', L2, g.ov, T1, T2, U11)
mom1_p_vo += -1.0*einsum('ijab,Ikd,ci,bdkj,Ial->cl', L2, g.ov, T1, T2, U11)
mom1_p_vo += 0.5*einsum('ijab,Ikd,cl,baki,Idj->cl', L2, g.ov, T1, T2, U11)
mom1_p_vo += 0.5*einsum('ijab,Ikd,cl,bdji,Iak->cl', L2, g.ov, T1, T2, U11)
mom1_p_vo += -1.0*einsum('ijab,Ikd,cl,bdki,Iaj->cl', L2, g.ov, T1, T2, U11)
mom1_p_vo += -0.5*einsum('ijab,Ikd,ck,bali,Idj->cl', L2, g.ov, T1, T2, U11)
mom1_p_vo += -0.5*einsum('ijab,Ikd,ck,bdji,Ial->cl', L2, g.ov, T1, T2, U11)
mom1_p_vo += 1.0*einsum('ijab,Ikd,ck,bdli,Iaj->cl', L2, g.ov, T1, T2, U11)
mom1_p_vo += 0.5*einsum('ijab,Ikd,di,balj,Ick->cl', L2, g.ov, T1, T2, U11)
mom1_p_vo += -0.5*einsum('ijab,Ikd,di,balk,Icj->cl', L2, g.ov, T1, T2, U11)
mom1_p_vo += -0.5*einsum('ijab,Ikd,di,bakj,Icl->cl', L2, g.ov, T1, T2, U11)
mom1_p_vo += -1.0*einsum('ijab,Ikd,di,bclj,Iak->cl', L2, g.ov, T1, T2, U11)
mom1_p_vo += 1.0*einsum('ijab,Ikd,di,bclk,Iaj->cl', L2, g.ov, T1, T2, U11)
mom1_p_vo += 1.0*einsum('ijab,Ikd,di,bckj,Ial->cl', L2, g.ov, T1, T2, U11)
mom1_p_vo += -0.5*einsum('ijab,Ikd,dl,baki,Icj->cl', L2, g.ov, T1, T2, U11)
mom1_p_vo += -0.5*einsum('ijab,Ikd,dl,bcji,Iak->cl', L2, g.ov, T1, T2, U11)
mom1_p_vo += 1.0*einsum('ijab,Ikd,dl,bcki,Iaj->cl', L2, g.ov, T1, T2, U11)
mom1_p_vo += 0.5*einsum('ijab,Ikd,dk,bali,Icj->cl', L2, g.ov, T1, T2, U11)
mom1_p_vo += 0.5*einsum('ijab,Ikd,dk,bcji,Ial->cl', L2, g.ov, T1, T2, U11)
mom1_p_vo += -1.0*einsum('ijab,Ikd,dk,bcli,Iaj->cl', L2, g.ov, T1, T2, U11)
mom1_p_vo += -0.5*einsum('ijab,Ikd,bali,cdkj,I->cl', L2, g.ov, T2, T2, S1)
mom1_p_vo += 0.5*einsum('ijab,Ikd,baki,cdlj,I->cl', L2, g.ov, T2, T2, S1)
mom1_p_vo += 0.5*einsum('ijab,Ikd,bcji,adlk,I->cl', L2, g.ov, T2, T2, S1)
mom1_p_vo += 1.0*einsum('ijab,Ikd,bcli,adkj,I->cl', L2, g.ov, T2, T2, S1)
mom1_p_vo += -1.0*einsum('ijab,Ikd,bcki,adlj,I->cl', L2, g.ov, T2, T2, S1)
mom1_p_vo += -0.5*einsum('ijab,Ikd,bdji,aclk,I->cl', L2, g.ov, T2, T2, S1)
mom1_p_vo += -0.25*einsum('ijab,Ikd,cdji,balk,I->cl', L2, g.ov, T2, T2, S1)
mom1_p_vo += -1.0*einsum('ijab,klid,bm,ck,adlj->cm', L2, I.ooov, T1, T1, T2)
mom1_p_vo += 1.0*einsum('ijab,klid,bm,dk,aclj->cm', L2, I.ooov, T1, T1, T2)
mom1_p_vo += -1.0*einsum('ijab,klid,bk,am,cdlj->cm', L2, I.ooov, T1, T1, T2)
mom1_p_vo += 0.5*einsum('ijab,klid,bk,al,cdmj->cm', L2, I.ooov, T1, T1, T2)
mom1_p_vo += 1.0*einsum('ijab,klid,bk,cm,adlj->cm', L2, I.ooov, T1, T1, T2)
mom1_p_vo += -1.0*einsum('ijab,klid,bk,cl,admj->cm', L2, I.ooov, T1, T1, T2)
mom1_p_vo += -1.0*einsum('ijab,klid,bk,dm,aclj->cm', L2, I.ooov, T1, T1, T2)
mom1_p_vo += 1.0*einsum('ijab,klid,bk,dl,acmj->cm', L2, I.ooov, T1, T1, T2)
mom1_p_vo += 0.5*einsum('ijab,klid,cj,bm,adlk->cm', L2, I.ooov, T1, T1, T2)
mom1_p_vo += 1.0*einsum('ijab,klid,cj,bk,adml->cm', L2, I.ooov, T1, T1, T2)
mom1_p_vo += 0.25*einsum('ijab,klid,cj,dm,balk->cm', L2, I.ooov, T1, T1, T2)
mom1_p_vo += 0.5*einsum('ijab,klid,cj,dk,baml->cm', L2, I.ooov, T1, T1, T2)
mom1_p_vo += 0.5*einsum('ijab,klid,cm,dk,balj->cm', L2, I.ooov, T1, T1, T2)
mom1_p_vo += -0.5*einsum('ijab,klid,ck,dm,balj->cm', L2, I.ooov, T1, T1, T2)
mom1_p_vo += 0.5*einsum('ijab,klid,ck,dl,bamj->cm', L2, I.ooov, T1, T1, T2)
mom1_p_vo += -0.5*einsum('ijab,klid,dj,bm,aclk->cm', L2, I.ooov, T1, T1, T2)
mom1_p_vo += -1.0*einsum('ijab,klid,dj,bk,acml->cm', L2, I.ooov, T1, T1, T2)
mom1_p_vo += -0.25*einsum('ijab,klid,dj,cm,balk->cm', L2, I.ooov, T1, T1, T2)
mom1_p_vo += -0.5*einsum('ijab,klid,dj,ck,baml->cm', L2, I.ooov, T1, T1, T2)
mom1_p_vo += -0.25*einsum('ijab,kbde,al,ck,edji->cl', L2, I.ovvv, T1, T1, T2)
mom1_p_vo += 0.5*einsum('ijab,kbde,al,ek,cdji->cl', L2, I.ovvv, T1, T1, T2)
mom1_p_vo += 0.25*einsum('ijab,kbde,ak,cl,edji->cl', L2, I.ovvv, T1, T1, T2)
mom1_p_vo += -0.5*einsum('ijab,kbde,ak,el,cdji->cl', L2, I.ovvv, T1, T1, T2)
mom1_p_vo += -0.5*einsum('ijab,kbde,ci,al,edkj->cl', L2, I.ovvv, T1, T1, T2)
mom1_p_vo += 0.5*einsum('ijab,kbde,ci,ak,edlj->cl', L2, I.ovvv, T1, T1, T2)
mom1_p_vo += 1.0*einsum('ijab,kbde,ci,ej,adlk->cl', L2, I.ovvv, T1, T1, T2)
mom1_p_vo += 1.0*einsum('ijab,kbde,ci,el,adkj->cl', L2, I.ovvv, T1, T1, T2)
mom1_p_vo += -1.0*einsum('ijab,kbde,ci,ek,adlj->cl', L2, I.ovvv, T1, T1, T2)
mom1_p_vo += -0.5*einsum('ijab,kbde,cl,ek,adji->cl', L2, I.ovvv, T1, T1, T2)
mom1_p_vo += 0.5*einsum('ijab,kbde,ck,el,adji->cl', L2, I.ovvv, T1, T1, T2)
mom1_p_vo += 1.0*einsum('ijab,kbde,ei,al,cdkj->cl', L2, I.ovvv, T1, T1, T2)
mom1_p_vo += -1.0*einsum('ijab,kbde,ei,ak,cdlj->cl', L2, I.ovvv, T1, T1, T2)
mom1_p_vo += -1.0*einsum('ijab,kbde,ei,cl,adkj->cl', L2, I.ovvv, T1, T1, T2)
mom1_p_vo += 1.0*einsum('ijab,kbde,ei,ck,adlj->cl', L2, I.ovvv, T1, T1, T2)
mom1_p_vo += 0.5*einsum('ijab,kbde,ei,dj,aclk->cl', L2, I.ovvv, T1, T1, T2)
mom1_p_vo += 1.0*einsum('ijab,kbde,ei,dl,ackj->cl', L2, I.ovvv, T1, T1, T2)
mom1_p_vo += -1.0*einsum('ijab,kbde,ei,dk,aclj->cl', L2, I.ovvv, T1, T1, T2)
mom1_p_vo += 0.5*einsum('ijab,kbde,ek,dl,acji->cl', L2, I.ovvv, T1, T1, T2)
mom1_p_vo += 0.5*einsum('ijab,kcde,bl,ek,adji->cl', L2, I.ovvv, T1, T1, T2)
mom1_p_vo += 0.25*einsum('ijab,kcde,bk,al,edji->cl', L2, I.ovvv, T1, T1, T2)
mom1_p_vo += -0.5*einsum('ijab,kcde,bk,el,adji->cl', L2, I.ovvv, T1, T1, T2)
mom1_p_vo += 1.0*einsum('ijab,kcde,ei,bl,adkj->cl', L2, I.ovvv, T1, T1, T2)
mom1_p_vo += -1.0*einsum('ijab,kcde,ei,bk,adlj->cl', L2, I.ovvv, T1, T1, T2)
mom1_p_vo += 0.25*einsum('ijab,kcde,ei,dj,balk->cl', L2, I.ovvv, T1, T1, T2)
mom1_p_vo += 0.5*einsum('ijab,kcde,ei,dl,bakj->cl', L2, I.ovvv, T1, T1, T2)
mom1_p_vo += -0.5*einsum('ijab,kcde,ei,dk,balj->cl', L2, I.ovvv, T1, T1, T2)
mom1_p_vo += 0.5*einsum('ijab,klde,bm,acki,edlj->cm', L2, I.oovv, T1, T2, T2)
mom1_p_vo += 0.25*einsum('ijab,klde,bm,aeji,cdlk->cm', L2, I.oovv, T1, T2, T2)
mom1_p_vo += -1.0*einsum('ijab,klde,bm,aeki,cdlj->cm', L2, I.oovv, T1, T2, T2)
mom1_p_vo += -0.25*einsum('ijab,klde,bm,ceji,adlk->cm', L2, I.oovv, T1, T2, T2)
mom1_p_vo += -0.125*einsum('ijab,klde,bm,edji,aclk->cm', L2, I.oovv, T1, T2, T2)
mom1_p_vo += -0.25*einsum('ijab,klde,bk,acji,edml->cm', L2, I.oovv, T1, T2, T2)
mom1_p_vo += -0.5*einsum('ijab,klde,bk,acmi,edlj->cm', L2, I.oovv, T1, T2, T2)
mom1_p_vo += 0.5*einsum('ijab,klde,bk,acli,edmj->cm', L2, I.oovv, T1, T2, T2)
mom1_p_vo += 0.5*einsum('ijab,klde,bk,aeji,cdml->cm', L2, I.oovv, T1, T2, T2)
mom1_p_vo += 1.0*einsum('ijab,klde,bk,aemi,cdlj->cm', L2, I.oovv, T1, T2, T2)
mom1_p_vo += -1.0*einsum('ijab,klde,bk,aeli,cdmj->cm', L2, I.oovv, T1, T2, T2)
mom1_p_vo += -0.5*einsum('ijab,klde,bk,ceji,adml->cm', L2, I.oovv, T1, T2, T2)
mom1_p_vo += -0.25*einsum('ijab,klde,bk,edji,acml->cm', L2, I.oovv, T1, T2, T2)
mom1_p_vo += -0.25*einsum('ijab,klde,ci,bakj,edml->cm', L2, I.oovv, T1, T2, T2)
mom1_p_vo += 0.5*einsum('ijab,klde,ci,bemj,adlk->cm', L2, I.oovv, T1, T2, T2)
mom1_p_vo += 1.0*einsum('ijab,klde,ci,bekj,adml->cm', L2, I.oovv, T1, T2, T2)
mom1_p_vo += -0.125*einsum('ijab,klde,ci,edmj,balk->cm', L2, I.oovv, T1, T2, T2)
mom1_p_vo += -0.25*einsum('ijab,klde,ci,edkj,baml->cm', L2, I.oovv, T1, T2, T2)
mom1_p_vo += 0.25*einsum('ijab,klde,cm,baki,edlj->cm', L2, I.oovv, T1, T2, T2)
mom1_p_vo += 0.25*einsum('ijab,klde,cm,beji,adlk->cm', L2, I.oovv, T1, T2, T2)
mom1_p_vo += -0.5*einsum('ijab,klde,cm,beki,adlj->cm', L2, I.oovv, T1, T2, T2)
mom1_p_vo += -0.0625*einsum('ijab,klde,cm,edji,balk->cm', L2, I.oovv, T1, T2, T2)
mom1_p_vo += -0.25*einsum('ijab,klde,ck,bami,edlj->cm', L2, I.oovv, T1, T2, T2)
mom1_p_vo += 0.25*einsum('ijab,klde,ck,bali,edmj->cm', L2, I.oovv, T1, T2, T2)
mom1_p_vo += 0.5*einsum('ijab,klde,ck,beji,adml->cm', L2, I.oovv, T1, T2, T2)
mom1_p_vo += -1.0*einsum('ijab,klde,ck,beli,admj->cm', L2, I.oovv, T1, T2, T2)
mom1_p_vo += -0.125*einsum('ijab,klde,ck,edji,baml->cm', L2, I.oovv, T1, T2, T2)
mom1_p_vo += 0.25*einsum('ijab,klde,ei,bamj,cdlk->cm', L2, I.oovv, T1, T2, T2)
mom1_p_vo += 0.5*einsum('ijab,klde,ei,bakj,cdml->cm', L2, I.oovv, T1, T2, T2)
mom1_p_vo += -0.5*einsum('ijab,klde,ei,bcmj,adlk->cm', L2, I.oovv, T1, T2, T2)
mom1_p_vo += -1.0*einsum('ijab,klde,ei,bckj,adml->cm', L2, I.oovv, T1, T2, T2)
mom1_p_vo += 0.5*einsum('ijab,klde,ei,bdmj,aclk->cm', L2, I.oovv, T1, T2, T2)
mom1_p_vo += 1.0*einsum('ijab,klde,ei,bdkj,acml->cm', L2, I.oovv, T1, T2, T2)
mom1_p_vo += 0.25*einsum('ijab,klde,ei,cdmj,balk->cm', L2, I.oovv, T1, T2, T2)
mom1_p_vo += 0.5*einsum('ijab,klde,ei,cdkj,baml->cm', L2, I.oovv, T1, T2, T2)
mom1_p_vo += -0.5*einsum('ijab,klde,em,baki,cdlj->cm', L2, I.oovv, T1, T2, T2)
mom1_p_vo += -0.25*einsum('ijab,klde,em,bcji,adlk->cm', L2, I.oovv, T1, T2, T2)
mom1_p_vo += 1.0*einsum('ijab,klde,em,bcki,adlj->cm', L2, I.oovv, T1, T2, T2)
mom1_p_vo += 0.25*einsum('ijab,klde,em,bdji,aclk->cm', L2, I.oovv, T1, T2, T2)
mom1_p_vo += 0.125*einsum('ijab,klde,em,cdji,balk->cm', L2, I.oovv, T1, T2, T2)
mom1_p_vo += 0.5*einsum('ijab,klde,ek,bami,cdlj->cm', L2, I.oovv, T1, T2, T2)
mom1_p_vo += -0.5*einsum('ijab,klde,ek,bali,cdmj->cm', L2, I.oovv, T1, T2, T2)
mom1_p_vo += -0.5*einsum('ijab,klde,ek,bcji,adml->cm', L2, I.oovv, T1, T2, T2)
mom1_p_vo += -1.0*einsum('ijab,klde,ek,bcmi,adlj->cm', L2, I.oovv, T1, T2, T2)
mom1_p_vo += 1.0*einsum('ijab,klde,ek,bcli,admj->cm', L2, I.oovv, T1, T2, T2)
mom1_p_vo += 0.5*einsum('ijab,klde,ek,bdji,acml->cm', L2, I.oovv, T1, T2, T2)
mom1_p_vo += 0.25*einsum('ijab,klde,ek,cdji,baml->cm', L2, I.oovv, T1, T2, T2)
mom1_p_vo += -1.0*einsum('ia,Ijc,bi,aj,ck,I->bk', L1, g.ov, T1, T1, T1, S1)
mom1_p_vo += -1.0*einsum('ia,Ijc,ci,ak,bj,I->bk', L1, g.ov, T1, T1, T1, S1)
mom1_p_vo += 1.0*einsum('ia,Ijc,ci,aj,bk,I->bk', L1, g.ov, T1, T1, T1, S1)
mom1_p_vo += -1.0*einsum('ia,jkcd,bi,aj,dk,cl->bl', L1, I.oovv, T1, T1, T1, T1)
mom1_p_vo += 1.0*einsum('ia,jkcd,di,al,bj,ck->bl', L1, I.oovv, T1, T1, T1, T1)
mom1_p_vo += -1.0*einsum('ia,jkcd,di,aj,bl,ck->bl', L1, I.oovv, T1, T1, T1, T1)
mom1_p_vo += 1.0*einsum('ia,jkcd,di,aj,bk,cl->bl', L1, I.oovv, T1, T1, T1, T1)
mom1_p_vo += -1.0*einsum('Iia,Jjc,ak,bj,J,Ici->bk', LU11old, g.ov, T1, T1, S1, U11)
mom1_p_vo += 1.0*einsum('Iia,Jjc,aj,bk,J,Ici->bk', LU11old, g.ov, T1, T1, S1, U11)
mom1_p_vo += -1.0*einsum('Iia,Jjc,aj,ck,J,Ibi->bk', LU11old, g.ov, T1, T1, S1, U11)
mom1_p_vo += 1.0*einsum('Iia,Jjc,bi,ak,J,Icj->bk', LU11old, g.ov, T1, T1, S1, U11)
mom1_p_vo += -1.0*einsum('Iia,Jjc,bi,aj,J,Ick->bk', LU11old, g.ov, T1, T1, S1, U11)
mom1_p_vo += -1.0*einsum('Iia,Jjc,bi,ck,J,Iaj->bk', LU11old, g.ov, T1, T1, S1, U11)
mom1_p_vo += -1.0*einsum('Iia,Jjc,ci,ak,J,Ibj->bk', LU11old, g.ov, T1, T1, S1, U11)
mom1_p_vo += 1.0*einsum('Iia,Jjc,ci,aj,J,Ibk->bk', LU11old, g.ov, T1, T1, S1, U11)
mom1_p_vo += 1.0*einsum('Iia,Jjc,ci,bk,J,Iaj->bk', LU11old, g.ov, T1, T1, S1, U11)
mom1_p_vo += -1.0*einsum('Iia,Jjc,ci,bj,J,Iak->bk', LU11old, g.ov, T1, T1, S1, U11)
mom1_p_vo += -1.0*einsum('ijab,kd,ci,dj,bk,al->cl', L2, F.ov, T1, T1, T1, T1)
mom1_p_vo += 1.0*einsum('ijab,Iki,cj,bk,al,I->cl', L2, g.oo, T1, T1, T1, S1)
mom1_p_vo += 1.0*einsum('ijab,Ibd,ci,dj,ak,I->ck', L2, g.vv, T1, T1, T1, S1)
mom1_p_vo += -1.0*einsum('Iia,jkcd,al,bj,dk,Ici->bl', LU11old, I.oovv, T1, T1, T1, U11)
mom1_p_vo += 1.0*einsum('Iia,jkcd,aj,bl,dk,Ici->bl', LU11old, I.oovv, T1, T1, T1, U11)
mom1_p_vo += -1.0*einsum('Iia,jkcd,aj,bk,dl,Ici->bl', LU11old, I.oovv, T1, T1, T1, U11)
mom1_p_vo += -1.0*einsum('Iia,jkcd,aj,dk,cl,Ibi->bl', LU11old, I.oovv, T1, T1, T1, U11)
mom1_p_vo += -1.0*einsum('Iia,jkcd,bi,al,dj,Ick->bl', LU11old, I.oovv, T1, T1, T1, U11)
mom1_p_vo += 1.0*einsum('Iia,jkcd,bi,aj,dl,Ick->bl', LU11old, I.oovv, T1, T1, T1, U11)
mom1_p_vo += -1.0*einsum('Iia,jkcd,bi,aj,dk,Icl->bl', LU11old, I.oovv, T1, T1, T1, U11)
mom1_p_vo += 1.0*einsum('Iia,jkcd,bi,dj,cl,Iak->bl', LU11old, I.oovv, T1, T1, T1, U11)
mom1_p_vo += 1.0*einsum('Iia,jkcd,di,al,bj,Ick->bl', LU11old, I.oovv, T1, T1, T1, U11)
mom1_p_vo += -1.0*einsum('Iia,jkcd,di,al,cj,Ibk->bl', LU11old, I.oovv, T1, T1, T1, U11)
mom1_p_vo += -1.0*einsum('Iia,jkcd,di,aj,bl,Ick->bl', LU11old, I.oovv, T1, T1, T1, U11)
mom1_p_vo += 1.0*einsum('Iia,jkcd,di,aj,bk,Icl->bl', LU11old, I.oovv, T1, T1, T1, U11)
mom1_p_vo += 1.0*einsum('Iia,jkcd,di,aj,cl,Ibk->bl', LU11old, I.oovv, T1, T1, T1, U11)
mom1_p_vo += -1.0*einsum('Iia,jkcd,di,aj,ck,Ibl->bl', LU11old, I.oovv, T1, T1, T1, U11)
mom1_p_vo += 1.0*einsum('Iia,jkcd,di,bl,cj,Iak->bl', LU11old, I.oovv, T1, T1, T1, U11)
mom1_p_vo += -1.0*einsum('Iia,jkcd,di,bj,cl,Iak->bl', LU11old, I.oovv, T1, T1, T1, U11)
mom1_p_vo += 1.0*einsum('Iia,jkcd,di,bj,ck,Ial->bl', LU11old, I.oovv, T1, T1, T1, U11)
mom1_p_vo += 0.5*einsum('ijab,Ikd,bl,ck,adji,I->cl', L2, g.ov, T1, T1, T2, S1)
mom1_p_vo += 0.5*einsum('ijab,Ikd,bk,al,cdji,I->cl', L2, g.ov, T1, T1, T2, S1)
mom1_p_vo += -0.5*einsum('ijab,Ikd,bk,cl,adji,I->cl', L2, g.ov, T1, T1, T2, S1)
mom1_p_vo += 0.5*einsum('ijab,Ikd,bk,dl,acji,I->cl', L2, g.ov, T1, T1, T2, S1)
mom1_p_vo += -1.0*einsum('ijab,Ikd,ci,bl,dk,Iaj->cl', L2, g.ov, T1, T1, T1, U11)
mom1_p_vo += 1.0*einsum('ijab,Ikd,ci,bl,adkj,I->cl', L2, g.ov, T1, T1, T2, S1)
mom1_p_vo += -1.0*einsum('ijab,Ikd,ci,bk,al,Idj->cl', L2, g.ov, T1, T1, T1, U11)
mom1_p_vo += 1.0*einsum('ijab,Ikd,ci,bk,dl,Iaj->cl', L2, g.ov, T1, T1, T1, U11)
mom1_p_vo += -1.0*einsum('ijab,Ikd,ci,bk,adlj,I->cl', L2, g.ov, T1, T1, T2, S1)
mom1_p_vo += 1.0*einsum('ijab,Ikd,ci,dj,bl,Iak->cl', L2, g.ov, T1, T1, T1, U11)
mom1_p_vo += -1.0*einsum('ijab,Ikd,ci,dj,bk,Ial->cl', L2, g.ov, T1, T1, T1, U11)
mom1_p_vo += 0.5*einsum('ijab,Ikd,ci,dj,balk,I->cl', L2, g.ov, T1, T1, T2, S1)
mom1_p_vo += 0.5*einsum('ijab,Ikd,ci,dl,bakj,I->cl', L2, g.ov, T1, T1, T2, S1)
mom1_p_vo += 1.0*einsum('ijab,Ikd,di,bl,ck,Iaj->cl', L2, g.ov, T1, T1, T1, U11)
mom1_p_vo += -1.0*einsum('ijab,Ikd,di,bl,ackj,I->cl', L2, g.ov, T1, T1, T2, S1)
mom1_p_vo += 1.0*einsum('ijab,Ikd,di,bk,al,Icj->cl', L2, g.ov, T1, T1, T1, U11)
mom1_p_vo += -1.0*einsum('ijab,Ikd,di,bk,cl,Iaj->cl', L2, g.ov, T1, T1, T1, U11)
mom1_p_vo += 1.0*einsum('ijab,Ikd,di,bk,aclj,I->cl', L2, g.ov, T1, T1, T2, S1)
mom1_p_vo += -0.5*einsum('ijab,Ikd,di,cl,bakj,I->cl', L2, g.ov, T1, T1, T2, S1)
mom1_p_vo += 0.5*einsum('ijab,Ikd,di,ck,balj,I->cl', L2, g.ov, T1, T1, T2, S1)
mom1_p_vo += 1.0*einsum('ijab,klid,cj,bk,am,dl->cm', L2, I.ooov, T1, T1, T1, T1)
mom1_p_vo += -0.5*einsum('ijab,klid,cj,bk,al,dm->cm', L2, I.ooov, T1, T1, T1, T1)
mom1_p_vo += -1.0*einsum('ijab,klid,dj,bk,am,cl->cm', L2, I.ooov, T1, T1, T1, T1)
mom1_p_vo += 0.5*einsum('ijab,klid,dj,bk,al,cm->cm', L2, I.ooov, T1, T1, T1, T1)
mom1_p_vo += 1.0*einsum('ijab,kbde,ci,ej,al,dk->cl', L2, I.ovvv, T1, T1, T1, T1)
mom1_p_vo += -1.0*einsum('ijab,kbde,ci,ej,ak,dl->cl', L2, I.ovvv, T1, T1, T1, T1)
mom1_p_vo += 0.5*einsum('ijab,kbde,ei,dj,al,ck->cl', L2, I.ovvv, T1, T1, T1, T1)
mom1_p_vo += -0.5*einsum('ijab,kbde,ei,dj,ak,cl->cl', L2, I.ovvv, T1, T1, T1, T1)
mom1_p_vo += -0.5*einsum('ijab,kcde,ei,dj,bk,al->cl', L2, I.ovvv, T1, T1, T1, T1)
mom1_p_vo += 0.5*einsum('ijab,klde,bm,ck,el,adji->cm', L2, I.oovv, T1, T1, T1, T2)
mom1_p_vo += -0.25*einsum('ijab,klde,bk,am,cl,edji->cm', L2, I.oovv, T1, T1, T1, T2)
mom1_p_vo += 0.5*einsum('ijab,klde,bk,am,el,cdji->cm', L2, I.oovv, T1, T1, T1, T2)
mom1_p_vo += 0.125*einsum('ijab,klde,bk,al,cm,edji->cm', L2, I.oovv, T1, T1, T1, T2)
mom1_p_vo += -0.25*einsum('ijab,klde,bk,al,em,cdji->cm', L2, I.oovv, T1, T1, T1, T2)
mom1_p_vo += -0.5*einsum('ijab,klde,bk,cm,el,adji->cm', L2, I.oovv, T1, T1, T1, T2)
mom1_p_vo += 0.5*einsum('ijab,klde,bk,cl,em,adji->cm', L2, I.oovv, T1, T1, T1, T2)
mom1_p_vo += 0.5*einsum('ijab,klde,bk,el,dm,acji->cm', L2, I.oovv, T1, T1, T1, T2)
mom1_p_vo += -1.0*einsum('ijab,klde,ci,bm,ek,adlj->cm', L2, I.oovv, T1, T1, T1, T2)
mom1_p_vo += -0.5*einsum('ijab,klde,ci,bk,am,edlj->cm', L2, I.oovv, T1, T1, T1, T2)
mom1_p_vo += 0.25*einsum('ijab,klde,ci,bk,al,edmj->cm', L2, I.oovv, T1, T1, T1, T2)
mom1_p_vo += 1.0*einsum('ijab,klde,ci,bk,em,adlj->cm', L2, I.oovv, T1, T1, T1, T2)
mom1_p_vo += -1.0*einsum('ijab,klde,ci,bk,el,admj->cm', L2, I.oovv, T1, T1, T1, T2)
mom1_p_vo += 0.5*einsum('ijab,klde,ci,ej,bm,adlk->cm', L2, I.oovv, T1, T1, T1, T2)
mom1_p_vo += 1.0*einsum('ijab,klde,ci,ej,bk,adml->cm', L2, I.oovv, T1, T1, T1, T2)
mom1_p_vo += 0.25*einsum('ijab,klde,ci,ej,dm,balk->cm', L2, I.oovv, T1, T1, T1, T2)
mom1_p_vo += 0.5*einsum('ijab,klde,ci,ej,dk,baml->cm', L2, I.oovv, T1, T1, T1, T2)
mom1_p_vo += -0.5*einsum('ijab,klde,ci,ek,dm,balj->cm', L2, I.oovv, T1, T1, T1, T2)
mom1_p_vo += 1.0*einsum('ijab,klde,ei,bm,ck,adlj->cm', L2, I.oovv, T1, T1, T1, T2)
mom1_p_vo += -1.0*einsum('ijab,klde,ei,bm,dk,aclj->cm', L2, I.oovv, T1, T1, T1, T2)
mom1_p_vo += 1.0*einsum('ijab,klde,ei,bk,am,cdlj->cm', L2, I.oovv, T1, T1, T1, T2)
mom1_p_vo += -0.5*einsum('ijab,klde,ei,bk,al,cdmj->cm', L2, I.oovv, T1, T1, T1, T2)
mom1_p_vo += -1.0*einsum('ijab,klde,ei,bk,cm,adlj->cm', L2, I.oovv, T1, T1, T1, T2)
mom1_p_vo += 1.0*einsum('ijab,klde,ei,bk,cl,admj->cm', L2, I.oovv, T1, T1, T1, T2)
mom1_p_vo += 1.0*einsum('ijab,klde,ei,bk,dm,aclj->cm', L2, I.oovv, T1, T1, T1, T2)
mom1_p_vo += -1.0*einsum('ijab,klde,ei,bk,dl,acmj->cm', L2, I.oovv, T1, T1, T1, T2)
mom1_p_vo += -0.5*einsum('ijab,klde,ei,cm,dk,balj->cm', L2, I.oovv, T1, T1, T1, T2)
mom1_p_vo += 0.5*einsum('ijab,klde,ei,ck,dm,balj->cm', L2, I.oovv, T1, T1, T1, T2)
mom1_p_vo += -0.5*einsum('ijab,klde,ei,ck,dl,bamj->cm', L2, I.oovv, T1, T1, T1, T2)
mom1_p_vo += 0.25*einsum('ijab,klde,ei,dj,bm,aclk->cm', L2, I.oovv, T1, T1, T1, T2)
mom1_p_vo += 0.5*einsum('ijab,klde,ei,dj,bk,acml->cm', L2, I.oovv, T1, T1, T1, T2)
mom1_p_vo += 0.125*einsum('ijab,klde,ei,dj,cm,balk->cm', L2, I.oovv, T1, T1, T1, T2)
mom1_p_vo += 0.25*einsum('ijab,klde,ei,dj,ck,baml->cm', L2, I.oovv, T1, T1, T1, T2)
mom1_p_vo += -1.0*einsum('ijab,Ikd,ci,dj,bk,al,I->cl', L2, g.ov, T1, T1, T1, T1, S1)
mom1_p_vo += 1.0*einsum('ijab,klde,ci,ej,bk,am,dl->cm', L2, I.oovv, T1, T1, T1, T1, T1)
mom1_p_vo += -0.5*einsum('ijab,klde,ci,ej,bk,al,dm->cm', L2, I.oovv, T1, T1, T1, T1, T1)
mom1_p_vo += 0.5*einsum('ijab,klde,ei,dj,bk,am,cl->cm', L2, I.oovv, T1, T1, T1, T1, T1)
mom1_p_vo += -0.25*einsum('ijab,klde,ei,dj,bk,al,cm->cm', L2, I.oovv, T1, T1, T1, T1, T1)

All terms computed and simplified separately. Max order of T was: 5
