Energy expression: 
E += 1.0*einsum('I,I->', G, S1old)
E += 1.0*einsum('ia,ai->', F.ov, T1old)
E += 1.0*einsum('Iia,Iai->', g.ov, U11old)
E += 0.25*einsum('ijab,baji->', I.oovv, T2old)
E += 1.0*einsum('Iia,ai,I->', g.ov, T1old, S1old)
E += -0.5*einsum('ijab,bi,aj->', I.oovv, T1old, T1old)

*******
T1 += 1.0*einsum('ai->ai', F.vo)
T1 += 1.0*einsum('I,Iai->ai', G, U11old)
T1 += -1.0*einsum('ji,aj->ai', F.oo, T1old)
T1 += 1.0*einsum('ab,bi->ai', F.vv, T1old)
T1 += 1.0*einsum('Iai,I->ai', g.vo, S1old)
T1 += -1.0*einsum('jb,abji->ai', F.ov, T2old)
T1 += -1.0*einsum('Iji,Iaj->ai', g.oo, U11old)
T1 += 1.0*einsum('Iab,Ibi->ai', g.vv, U11old)
T1 += -1.0*einsum('jaib,bj->ai', I.ovov, T1old)
T1 += 0.5*einsum('jkib,abkj->ai', I.ooov, T2old)
T1 += -0.5*einsum('jabc,cbji->ai', I.ovvv, T2old)
T1 += -1.0*einsum('jb,bi,aj->ai', F.ov, T1old, T1old)
T1 += -1.0*einsum('Iji,aj,I->ai', g.oo, T1old, S1old)
T1 += 1.0*einsum('Iab,bi,I->ai', g.vv, T1old, S1old)
T1 += -1.0*einsum('Ijb,aj,Ibi->ai', g.ov, T1old, U11old)
T1 += -1.0*einsum('Ijb,bi,Iaj->ai', g.ov, T1old, U11old)
T1 += 1.0*einsum('Ijb,bj,Iai->ai', g.ov, T1old, U11old)
T1 += -1.0*einsum('Ijb,abji,I->ai', g.ov, T2old, S1old)
T1 += -1.0*einsum('jkib,aj,bk->ai', I.ooov, T1old, T1old)
T1 += 1.0*einsum('jabc,ci,bj->ai', I.ovvv, T1old, T1old)
T1 += -0.5*einsum('jkbc,aj,cbki->ai', I.oovv, T1old, T2old)
T1 += -0.5*einsum('jkbc,ci,abkj->ai', I.oovv, T1old, T2old)
T1 += 1.0*einsum('jkbc,cj,abki->ai', I.oovv, T1old, T2old)
T1 += -1.0*einsum('Ijb,bi,aj,I->ai', g.ov, T1old, T1old, S1old)
T1 += 1.0*einsum('jkbc,ci,aj,bk->ai', I.oovv, T1old, T1old, T1old)

*******
T2 += 1.0*einsum('baji->abij', I.vvoo)
T2 += 1.0*einsum('ki,bakj->abij', F.oo, T2old)
T2 += -1.0*einsum('kj,baki->abij', F.oo, T2old)
T2 += 1.0*einsum('ac,bcji->abij', F.vv, T2old)
T2 += -1.0*einsum('bc,acji->abij', F.vv, T2old)
T2 += 1.0*einsum('Iai,Ibj->abij', g.vo, U11old)
T2 += -1.0*einsum('Iaj,Ibi->abij', g.vo, U11old)
T2 += -1.0*einsum('Ibi,Iaj->abij', g.vo, U11old)
T2 += 1.0*einsum('Ibj,Iai->abij', g.vo, U11old)
T2 += -1.0*einsum('kaji,bk->abij', I.ovoo, T1old)
T2 += 1.0*einsum('kbji,ak->abij', I.ovoo, T1old)
T2 += -1.0*einsum('baic,cj->abij', I.vvov, T1old)
T2 += 1.0*einsum('bajc,ci->abij', I.vvov, T1old)
T2 += -0.5*einsum('klji,balk->abij', I.oooo, T2old)
T2 += 1.0*einsum('kaic,bckj->abij', I.ovov, T2old)
T2 += -1.0*einsum('kajc,bcki->abij', I.ovov, T2old)
T2 += -1.0*einsum('kbic,ackj->abij', I.ovov, T2old)
T2 += 1.0*einsum('kbjc,acki->abij', I.ovov, T2old)
T2 += -0.5*einsum('bacd,dcji->abij', I.vvvv, T2old)
T2 += -1.0*einsum('kc,ak,bcji->abij', F.ov, T1old, T2old)
T2 += 1.0*einsum('kc,bk,acji->abij', F.ov, T1old, T2old)
T2 += 1.0*einsum('kc,ci,bakj->abij', F.ov, T1old, T2old)
T2 += -1.0*einsum('kc,cj,baki->abij', F.ov, T1old, T2old)
T2 += -1.0*einsum('Iki,ak,Ibj->abij', g.oo, T1old, U11old)
T2 += 1.0*einsum('Iki,bk,Iaj->abij', g.oo, T1old, U11old)
T2 += 1.0*einsum('Iki,bakj,I->abij', g.oo, T2old, S1old)
T2 += 1.0*einsum('Ikj,ak,Ibi->abij', g.oo, T1old, U11old)
T2 += -1.0*einsum('Ikj,bk,Iai->abij', g.oo, T1old, U11old)
T2 += -1.0*einsum('Ikj,baki,I->abij', g.oo, T2old, S1old)
T2 += 1.0*einsum('Iac,ci,Ibj->abij', g.vv, T1old, U11old)
T2 += -1.0*einsum('Iac,cj,Ibi->abij', g.vv, T1old, U11old)
T2 += 1.0*einsum('Iac,bcji,I->abij', g.vv, T2old, S1old)
T2 += -1.0*einsum('Ibc,ci,Iaj->abij', g.vv, T1old, U11old)
T2 += 1.0*einsum('Ibc,cj,Iai->abij', g.vv, T1old, U11old)
T2 += -1.0*einsum('Ibc,acji,I->abij', g.vv, T2old, S1old)
T2 += 1.0*einsum('klji,bk,al->abij', I.oooo, T1old, T1old)
T2 += 1.0*einsum('kaic,cj,bk->abij', I.ovov, T1old, T1old)
T2 += -1.0*einsum('kajc,ci,bk->abij', I.ovov, T1old, T1old)
T2 += -1.0*einsum('kbic,cj,ak->abij', I.ovov, T1old, T1old)
T2 += 1.0*einsum('kbjc,ci,ak->abij', I.ovov, T1old, T1old)
T2 += 1.0*einsum('bacd,di,cj->abij', I.vvvv, T1old, T1old)
T2 += 1.0*einsum('Ikc,acji,Ibk->abij', g.ov, T2old, U11old)
T2 += -1.0*einsum('Ikc,acki,Ibj->abij', g.ov, T2old, U11old)
T2 += 1.0*einsum('Ikc,ackj,Ibi->abij', g.ov, T2old, U11old)
T2 += -1.0*einsum('Ikc,baki,Icj->abij', g.ov, T2old, U11old)
T2 += 1.0*einsum('Ikc,bakj,Ici->abij', g.ov, T2old, U11old)
T2 += -1.0*einsum('Ikc,bcji,Iak->abij', g.ov, T2old, U11old)
T2 += 1.0*einsum('Ikc,bcki,Iaj->abij', g.ov, T2old, U11old)
T2 += -1.0*einsum('Ikc,bckj,Iai->abij', g.ov, T2old, U11old)
T2 += 1.0*einsum('klic,ak,bclj->abij', I.ooov, T1old, T2old)
T2 += -1.0*einsum('klic,bk,aclj->abij', I.ooov, T1old, T2old)
T2 += 0.5*einsum('klic,cj,balk->abij', I.ooov, T1old, T2old)
T2 += -1.0*einsum('klic,ck,balj->abij', I.ooov, T1old, T2old)
T2 += -1.0*einsum('kljc,ak,bcli->abij', I.ooov, T1old, T2old)
T2 += 1.0*einsum('kljc,bk,acli->abij', I.ooov, T1old, T2old)
T2 += -0.5*einsum('kljc,ci,balk->abij', I.ooov, T1old, T2old)
T2 += 1.0*einsum('kljc,ck,bali->abij', I.ooov, T1old, T2old)
T2 += 0.5*einsum('kacd,bk,dcji->abij', I.ovvv, T1old, T2old)
T2 += -1.0*einsum('kacd,di,bckj->abij', I.ovvv, T1old, T2old)
T2 += 1.0*einsum('kacd,dj,bcki->abij', I.ovvv, T1old, T2old)
T2 += -1.0*einsum('kacd,dk,bcji->abij', I.ovvv, T1old, T2old)
T2 += -0.5*einsum('kbcd,ak,dcji->abij', I.ovvv, T1old, T2old)
T2 += 1.0*einsum('kbcd,di,ackj->abij', I.ovvv, T1old, T2old)
T2 += -1.0*einsum('kbcd,dj,acki->abij', I.ovvv, T1old, T2old)
T2 += 1.0*einsum('kbcd,dk,acji->abij', I.ovvv, T1old, T2old)
T2 += 0.5*einsum('klcd,adji,bclk->abij', I.oovv, T2old, T2old)
T2 += -1.0*einsum('klcd,adki,bclj->abij', I.oovv, T2old, T2old)
T2 += -0.5*einsum('klcd,baki,dclj->abij', I.oovv, T2old, T2old)
T2 += -0.5*einsum('klcd,bdji,aclk->abij', I.oovv, T2old, T2old)
T2 += 1.0*einsum('klcd,bdki,aclj->abij', I.oovv, T2old, T2old)
T2 += 0.25*einsum('klcd,dcji,balk->abij', I.oovv, T2old, T2old)
T2 += -0.5*einsum('klcd,dcki,balj->abij', I.oovv, T2old, T2old)
T2 += -1.0*einsum('Ikc,ak,bcji,I->abij', g.ov, T1old, T2old, S1old)
T2 += 1.0*einsum('Ikc,bk,acji,I->abij', g.ov, T1old, T2old, S1old)
T2 += -1.0*einsum('Ikc,ci,ak,Ibj->abij', g.ov, T1old, T1old, U11old)
T2 += 1.0*einsum('Ikc,ci,bk,Iaj->abij', g.ov, T1old, T1old, U11old)
T2 += 1.0*einsum('Ikc,ci,bakj,I->abij', g.ov, T1old, T2old, S1old)
T2 += 1.0*einsum('Ikc,cj,ak,Ibi->abij', g.ov, T1old, T1old, U11old)
T2 += -1.0*einsum('Ikc,cj,bk,Iai->abij', g.ov, T1old, T1old, U11old)
T2 += -1.0*einsum('Ikc,cj,baki,I->abij', g.ov, T1old, T2old, S1old)
T2 += -1.0*einsum('klic,cj,bk,al->abij', I.ooov, T1old, T1old, T1old)
T2 += 1.0*einsum('kljc,ci,bk,al->abij', I.ooov, T1old, T1old, T1old)
T2 += -1.0*einsum('kacd,di,cj,bk->abij', I.ovvv, T1old, T1old, T1old)
T2 += 1.0*einsum('kbcd,di,cj,ak->abij', I.ovvv, T1old, T1old, T1old)
T2 += -1.0*einsum('klcd,ak,dl,bcji->abij', I.oovv, T1old, T1old, T2old)
T2 += -0.5*einsum('klcd,bk,al,dcji->abij', I.oovv, T1old, T1old, T2old)
T2 += 1.0*einsum('klcd,bk,dl,acji->abij', I.oovv, T1old, T1old, T2old)
T2 += -1.0*einsum('klcd,di,ak,bclj->abij', I.oovv, T1old, T1old, T2old)
T2 += 1.0*einsum('klcd,di,bk,aclj->abij', I.oovv, T1old, T1old, T2old)
T2 += -0.5*einsum('klcd,di,cj,balk->abij', I.oovv, T1old, T1old, T2old)
T2 += 1.0*einsum('klcd,di,ck,balj->abij', I.oovv, T1old, T1old, T2old)
T2 += 1.0*einsum('klcd,dj,ak,bcli->abij', I.oovv, T1old, T1old, T2old)
T2 += -1.0*einsum('klcd,dj,bk,acli->abij', I.oovv, T1old, T1old, T2old)
T2 += -1.0*einsum('klcd,dj,ck,bali->abij', I.oovv, T1old, T1old, T2old)
T2 += 1.0*einsum('klcd,di,cj,bk,al->abij', I.oovv, T1old, T1old, T1old, T1old)

*******
S1 += 1.0*einsum('I->I', G)
S1 += 1.0*einsum('IJ,J->I', w, S1old)
S1 += 1.0*einsum('ia,Iai->I', F.ov, U11old)
S1 += 1.0*einsum('Iia,ai->I', g_boscre.ov, T1old)
S1 += 1.0*einsum('Jia,J,Iai->I', g.ov, S1old, U11old)
S1 += -1.0*einsum('ijab,bi,Iaj->I', I.oovv, T1old, U11old)

*******
U11 += 1.0*einsum('Iai->Iai', g_boscre.vo)
U11 += -1.0*einsum('ji,Iaj->Iai', F.oo, U11old)
U11 += 1.0*einsum('ab,Ibi->Iai', F.vv, U11old)
U11 += 1.0*einsum('IJ,Jai->Iai', w, U11old)
U11 += -1.0*einsum('Iji,aj->Iai', g_boscre.oo, T1old)
U11 += 1.0*einsum('Iab,bi->Iai', g_boscre.vv, T1old)
U11 += -1.0*einsum('Ijb,abji->Iai', g_boscre.ov, T2old)
U11 += -1.0*einsum('jaib,Ibj->Iai', I.ovov, U11old)
U11 += -1.0*einsum('jb,aj,Ibi->Iai', F.ov, T1old, U11old)
U11 += -1.0*einsum('jb,bi,Iaj->Iai', F.ov, T1old, U11old)
U11 += -1.0*einsum('Jji,J,Iaj->Iai', g.oo, S1old, U11old)
U11 += 1.0*einsum('Jab,J,Ibi->Iai', g.vv, S1old, U11old)
U11 += -1.0*einsum('Ijb,bi,aj->Iai', g_boscre.ov, T1old, T1old)
U11 += -1.0*einsum('Jjb,Iaj,Jbi->Iai', g.ov, U11old, U11old)
U11 += -1.0*einsum('Jjb,Ibi,Jaj->Iai', g.ov, U11old, U11old)
U11 += 1.0*einsum('Jjb,Ibj,Jai->Iai', g.ov, U11old, U11old)
U11 += -1.0*einsum('jkib,aj,Ibk->Iai', I.ooov, T1old, U11old)
U11 += 1.0*einsum('jkib,bj,Iak->Iai', I.ooov, T1old, U11old)
U11 += 1.0*einsum('jabc,ci,Ibj->Iai', I.ovvv, T1old, U11old)
U11 += -1.0*einsum('jabc,cj,Ibi->Iai', I.ovvv, T1old, U11old)
U11 += 1.0*einsum('jkbc,acji,Ibk->Iai', I.oovv, T2old, U11old)
U11 += 0.5*einsum('jkbc,ackj,Ibi->Iai', I.oovv, T2old, U11old)
U11 += 0.5*einsum('jkbc,cbji,Iak->Iai', I.oovv, T2old, U11old)
U11 += -1.0*einsum('Jjb,aj,J,Ibi->Iai', g.ov, T1old, S1old, U11old)
U11 += -1.0*einsum('Jjb,bi,J,Iaj->Iai', g.ov, T1old, S1old, U11old)
U11 += -1.0*einsum('jkbc,aj,ck,Ibi->Iai', I.oovv, T1old, T1old, U11old)
U11 += 1.0*einsum('jkbc,ci,aj,Ibk->Iai', I.oovv, T1old, T1old, U11old)
U11 += -1.0*einsum('jkbc,ci,bj,Iak->Iai', I.oovv, T1old, T1old, U11old)

*******
