Lag += 1.0*einsum('I,I->', G, S1)
Lag += 1.0*einsum('I,I->', LS1, G)
Lag += 1.0*einsum('ia,ai->', F.ov, T1)
Lag += 1.0*einsum('ia,ai->', L1, F.vo)
Lag += 1.0*einsum('Iia,Iai->', LU11, g_boscre.vo)
Lag += 1.0*einsum('Iia,Iai->', g.ov, U11)
Lag += 0.25*einsum('ijab,baji->', I.oovv, T2)
Lag += 0.25*einsum('ijab,baji->', L2, I.vvoo)
Lag += 1.0*einsum('I,IJ,J->', LS1, w, S1)
Lag += 1.0*einsum('I,ia,Iai->', LS1, F.ov, U11)
Lag += 1.0*einsum('I,Iia,ai->', LS1, g_boscre.ov, T1)
Lag += 1.0*einsum('ia,I,Iai->', L1, G, U11)
Lag += -1.0*einsum('ia,ji,aj->', L1, F.oo, T1)
Lag += 1.0*einsum('ia,ab,bi->', L1, F.vv, T1)
Lag += 1.0*einsum('ia,Iai,I->', L1, g.vo, S1)
Lag += 1.0*einsum('Iia,ai,I->', g.ov, T1, S1)
Lag += -1.0*einsum('ia,jb,abji->', L1, F.ov, T2)
Lag += -1.0*einsum('ia,Iji,Iaj->', L1, g.oo, U11)
Lag += 1.0*einsum('ia,Iab,Ibi->', L1, g.vv, U11)
Lag += -1.0*einsum('ia,jaib,bj->', L1, I.ovov, T1)
Lag += -1.0*einsum('Iia,ji,Iaj->', LU11, F.oo, U11)
Lag += 1.0*einsum('Iia,ab,Ibi->', LU11, F.vv, U11)
Lag += 1.0*einsum('Iia,IJ,Jai->', LU11, w, U11)
Lag += -1.0*einsum('Iia,Iji,aj->', LU11, g_boscre.oo, T1)
Lag += 1.0*einsum('Iia,Iab,bi->', LU11, g_boscre.vv, T1)
Lag += -0.5*einsum('ijab,bi,aj->', I.oovv, T1, T1)
Lag += 0.5*einsum('ia,jkib,abkj->', L1, I.ooov, T2)
Lag += -0.5*einsum('ia,jabc,cbji->', L1, I.ovvv, T2)
Lag += -1.0*einsum('Iia,Ijb,abji->', LU11, g_boscre.ov, T2)
Lag += -1.0*einsum('Iia,jaib,Ibj->', LU11, I.ovov, U11)
Lag += 0.5*einsum('ijab,ki,bakj->', L2, F.oo, T2)
Lag += -0.5*einsum('ijab,bc,acji->', L2, F.vv, T2)
Lag += -1.0*einsum('ijab,Ibi,Iaj->', L2, g.vo, U11)
Lag += 0.5*einsum('ijab,kbji,ak->', L2, I.ovoo, T1)
Lag += -0.5*einsum('ijab,baic,cj->', L2, I.vvov, T1)
Lag += -0.125*einsum('ijab,klji,balk->', L2, I.oooo, T2)
Lag += -1.0*einsum('ijab,kbic,ackj->', L2, I.ovov, T2)
Lag += -0.125*einsum('ijab,bacd,dcji->', L2, I.vvvv, T2)
Lag += 1.0*einsum('I,Jia,J,Iai->', LS1, g.ov, S1, U11)
Lag += -1.0*einsum('ia,jb,bi,aj->', L1, F.ov, T1, T1)
Lag += -1.0*einsum('ia,Iji,aj,I->', L1, g.oo, T1, S1)
Lag += 1.0*einsum('ia,Iab,bi,I->', L1, g.vv, T1, S1)
Lag += -1.0*einsum('I,ijab,bi,Iaj->', LS1, I.oovv, T1, U11)
Lag += -1.0*einsum('ia,Ijb,aj,Ibi->', L1, g.ov, T1, U11)
Lag += -1.0*einsum('ia,Ijb,bi,Iaj->', L1, g.ov, T1, U11)
Lag += 1.0*einsum('ia,Ijb,bj,Iai->', L1, g.ov, T1, U11)
Lag += -1.0*einsum('ia,Ijb,abji,I->', L1, g.ov, T2, S1)
Lag += -1.0*einsum('ia,jkib,aj,bk->', L1, I.ooov, T1, T1)
Lag += 1.0*einsum('ia,jabc,ci,bj->', L1, I.ovvv, T1, T1)
Lag += -1.0*einsum('Iia,jb,aj,Ibi->', LU11, F.ov, T1, U11)
Lag += -1.0*einsum('Iia,jb,bi,Iaj->', LU11, F.ov, T1, U11)
Lag += -1.0*einsum('Iia,Jji,J,Iaj->', LU11, g.oo, S1, U11)
Lag += 1.0*einsum('Iia,Jab,J,Ibi->', LU11, g.vv, S1, U11)
Lag += -1.0*einsum('Iia,Ijb,bi,aj->', LU11, g_boscre.ov, T1, T1)
Lag += -0.5*einsum('ia,jkbc,aj,cbki->', L1, I.oovv, T1, T2)
Lag += -0.5*einsum('ia,jkbc,ci,abkj->', L1, I.oovv, T1, T2)
Lag += 1.0*einsum('ia,jkbc,cj,abki->', L1, I.oovv, T1, T2)
Lag += -1.0*einsum('Iia,Jjb,Iaj,Jbi->', LU11, g.ov, U11, U11)
Lag += -1.0*einsum('Iia,Jjb,Ibi,Jaj->', LU11, g.ov, U11, U11)
Lag += 1.0*einsum('Iia,Jjb,Ibj,Jai->', LU11, g.ov, U11, U11)
Lag += -1.0*einsum('Iia,jkib,aj,Ibk->', LU11, I.ooov, T1, U11)
Lag += 1.0*einsum('Iia,jkib,bj,Iak->', LU11, I.ooov, T1, U11)
Lag += 1.0*einsum('Iia,jabc,ci,Ibj->', LU11, I.ovvv, T1, U11)
Lag += -1.0*einsum('Iia,jabc,cj,Ibi->', LU11, I.ovvv, T1, U11)
Lag += 0.5*einsum('ijab,kc,bk,acji->', L2, F.ov, T1, T2)
Lag += 0.5*einsum('ijab,kc,ci,bakj->', L2, F.ov, T1, T2)
Lag += 1.0*einsum('ijab,Iki,bk,Iaj->', L2, g.oo, T1, U11)
Lag += 0.5*einsum('ijab,Iki,bakj,I->', L2, g.oo, T2, S1)
Lag += -1.0*einsum('ijab,Ibc,ci,Iaj->', L2, g.vv, T1, U11)
Lag += -0.5*einsum('ijab,Ibc,acji,I->', L2, g.vv, T2, S1)
Lag += 0.25*einsum('ijab,klji,bk,al->', L2, I.oooo, T1, T1)
Lag += -1.0*einsum('ijab,kbic,cj,ak->', L2, I.ovov, T1, T1)
Lag += 0.25*einsum('ijab,bacd,di,cj->', L2, I.vvvv, T1, T1)
Lag += 1.0*einsum('Iia,jkbc,acji,Ibk->', LU11, I.oovv, T2, U11)
Lag += 0.5*einsum('Iia,jkbc,ackj,Ibi->', LU11, I.oovv, T2, U11)
Lag += 0.5*einsum('Iia,jkbc,cbji,Iak->', LU11, I.oovv, T2, U11)
Lag += -0.5*einsum('ijab,Ikc,baki,Icj->', L2, g.ov, T2, U11)
Lag += -0.5*einsum('ijab,Ikc,bcji,Iak->', L2, g.ov, T2, U11)
Lag += 1.0*einsum('ijab,Ikc,bcki,Iaj->', L2, g.ov, T2, U11)
Lag += -1.0*einsum('ijab,klic,bk,aclj->', L2, I.ooov, T1, T2)
Lag += 0.25*einsum('ijab,klic,cj,balk->', L2, I.ooov, T1, T2)
Lag += -0.5*einsum('ijab,klic,ck,balj->', L2, I.ooov, T1, T2)
Lag += -0.25*einsum('ijab,kbcd,ak,dcji->', L2, I.ovvv, T1, T2)
Lag += 1.0*einsum('ijab,kbcd,di,ackj->', L2, I.ovvv, T1, T2)
Lag += 0.5*einsum('ijab,kbcd,dk,acji->', L2, I.ovvv, T1, T2)
Lag += -0.25*einsum('ijab,klcd,baki,dclj->', L2, I.oovv, T2, T2)
Lag += -0.25*einsum('ijab,klcd,bdji,aclk->', L2, I.oovv, T2, T2)
Lag += 0.5*einsum('ijab,klcd,bdki,aclj->', L2, I.oovv, T2, T2)
Lag += 0.0625*einsum('ijab,klcd,dcji,balk->', L2, I.oovv, T2, T2)
Lag += -1.0*einsum('ia,Ijb,bi,aj,I->', L1, g.ov, T1, T1, S1)
Lag += 1.0*einsum('ia,jkbc,ci,aj,bk->', L1, I.oovv, T1, T1, T1)
Lag += -1.0*einsum('Iia,Jjb,aj,J,Ibi->', LU11, g.ov, T1, S1, U11)
Lag += -1.0*einsum('Iia,Jjb,bi,J,Iaj->', LU11, g.ov, T1, S1, U11)
Lag += -1.0*einsum('Iia,jkbc,aj,ck,Ibi->', LU11, I.oovv, T1, T1, U11)
Lag += 1.0*einsum('Iia,jkbc,ci,aj,Ibk->', LU11, I.oovv, T1, T1, U11)
Lag += -1.0*einsum('Iia,jkbc,ci,bj,Iak->', LU11, I.oovv, T1, T1, U11)
Lag += 0.5*einsum('ijab,Ikc,bk,acji,I->', L2, g.ov, T1, T2, S1)
Lag += 1.0*einsum('ijab,Ikc,ci,bk,Iaj->', L2, g.ov, T1, T1, U11)
Lag += 0.5*einsum('ijab,Ikc,ci,bakj,I->', L2, g.ov, T1, T2, S1)
Lag += -0.5*einsum('ijab,klic,cj,bk,al->', L2, I.ooov, T1, T1, T1)
Lag += 0.5*einsum('ijab,kbcd,di,cj,ak->', L2, I.ovvv, T1, T1, T1)
Lag += -0.125*einsum('ijab,klcd,bk,al,dcji->', L2, I.oovv, T1, T1, T2)
Lag += 0.5*einsum('ijab,klcd,bk,dl,acji->', L2, I.oovv, T1, T1, T2)
Lag += 1.0*einsum('ijab,klcd,di,bk,aclj->', L2, I.oovv, T1, T1, T2)
Lag += -0.125*einsum('ijab,klcd,di,cj,balk->', L2, I.oovv, T1, T1, T2)
Lag += 0.5*einsum('ijab,klcd,di,ck,balj->', L2, I.oovv, T1, T1, T2)
Lag += 0.25*einsum('ijab,klcd,di,cj,bk,al->', L2, I.oovv, T1, T1, T1, T1)


