P_{ov} = 
dm1_ov += 1.0*einsum('ia->ia', L1)
P_{vv} = 
dm1_vv += 1.0*einsum('ib,ai->ab', L1, T1)
dm1_vv += -0.5*einsum('ijcb,caji->ab', L2, T2)
P_{oo} = 
dm1_oo += -1.0*einsum('ia,aj->ij', L1, T1)
dm1_oo += 0.5*einsum('ikab,bajk->ij', L2, T2)
P_{vo} = 
dm1_vo += 1.0*einsum('ai->ai', T1)
dm1_vo += -1.0*einsum('jb,baij->ai', L1, T2)
dm1_vo += -1.0*einsum('jb,aj,bi->ai', L1, T1, T1)
dm1_vo += 0.5*einsum('jkbc,ci,bakj->ai', L2, T1, T2)
dm1_vo += 0.5*einsum('jkbc,aj,cbik->ai', L2, T1, T2)
P_{oooo} = 
dm2_oooo += 1.0*einsum('jk,il->ijkl', delta, delta)
dm2_oooo += -1.0*einsum('jl,ik->ijkl', delta, delta)
dm2_oooo += -0.5*einsum('klab,baji->ijkl', L2, T2)
dm2_oooo += 1.0*einsum('ka,ai,jl->ijkl', L1, T1, delta)
dm2_oooo += -1.0*einsum('ka,aj,il->ijkl', L1, T1, delta)
dm2_oooo += -1.0*einsum('la,ai,jk->ijkl', L1, T1, delta)
dm2_oooo += 1.0*einsum('la,aj,ik->ijkl', L1, T1, delta)
dm2_oooo += 1.0*einsum('klab,bi,aj->ijkl', L2, T1, T1)
dm2_oooo += -0.5*einsum('kmab,baim,jl->ijkl', L2, T2, delta)
dm2_oooo += 0.5*einsum('kmab,bajm,il->ijkl', L2, T2, delta)
dm2_oooo += 0.5*einsum('lmab,baim,jk->ijkl', L2, T2, delta)
dm2_oooo += -0.5*einsum('lmab,bajm,ik->ijkl', L2, T2, delta)
P_{vvvv} = 
dm2_vvvv += -0.5*einsum('ijba,cdji->abcd', L2, T2)
dm2_vvvv += 1.0*einsum('ijba,ci,dj->abcd', L2, T1, T1)
P_{ovvv} = 
dm2_ovvv += -1.0*einsum('ja,bcij->iabc', L1, T2)
dm2_ovvv += 1.0*einsum('ja,bj,ci->iabc', L1, T1, T1)
dm2_ovvv += -1.0*einsum('ja,cj,bi->iabc', L1, T1, T1)
dm2_ovvv += -0.5*einsum('jkda,di,bckj->iabc', L2, T1, T2)
dm2_ovvv += 1.0*einsum('jkda,bj,dcik->iabc', L2, T1, T2)
dm2_ovvv += 0.5*einsum('jkda,bi,dckj->iabc', L2, T1, T2)
dm2_ovvv += -1.0*einsum('jkda,cj,dbik->iabc', L2, T1, T2)
dm2_ovvv += -0.5*einsum('jkda,ci,dbkj->iabc', L2, T1, T2)
dm2_ovvv += 1.0*einsum('jkda,bj,ck,di->iabc', L2, T1, T1, T1)
P_{vovv} = 
dm2_vovv += 1.0*einsum('ja,bcij->aibc', L1, T2)
dm2_vovv += -1.0*einsum('ja,bj,ci->aibc', L1, T1, T1)
dm2_vovv += 1.0*einsum('ja,cj,bi->aibc', L1, T1, T1)
dm2_vovv += 0.5*einsum('jkda,di,bckj->aibc', L2, T1, T2)
dm2_vovv += -1.0*einsum('jkda,bj,dcik->aibc', L2, T1, T2)
dm2_vovv += -0.5*einsum('jkda,bi,dckj->aibc', L2, T1, T2)
dm2_vovv += 1.0*einsum('jkda,cj,dbik->aibc', L2, T1, T2)
dm2_vovv += 0.5*einsum('jkda,ci,dbkj->aibc', L2, T1, T2)
dm2_vovv += -1.0*einsum('jkda,bj,ck,di->aibc', L2, T1, T1, T1)
P_{vvov} = 
dm2_vvov += 1.0*einsum('ijba,cj->abic', L2, T1)
P_{vvvo} = 
dm2_vvvo += -1.0*einsum('ijba,cj->abci', L2, T1)
P_{vooo} = 
dm2_vooo += -1.0*einsum('ja,ik->aijk', L1, delta)
dm2_vooo += 1.0*einsum('ka,ij->aijk', L1, delta)
dm2_vooo += -1.0*einsum('jkba,bi->aijk', L2, T1)
P_{ovoo} = 
dm2_ovoo += 1.0*einsum('ja,ik->iajk', L1, delta)
dm2_ovoo += -1.0*einsum('ka,ij->iajk', L1, delta)
dm2_ovoo += 1.0*einsum('jkba,bi->iajk', L2, T1)
P_{oovo} = 
dm2_oovo += -1.0*einsum('ai,jk->ijak', T1, delta)
dm2_oovo += 1.0*einsum('aj,ik->ijak', T1, delta)
dm2_oovo += 1.0*einsum('kb,baji->ijak', L1, T2)
dm2_oovo += -1.0*einsum('kb,bi,aj->ijak', L1, T1, T1)
dm2_oovo += 1.0*einsum('kb,bj,ai->ijak', L1, T1, T1)
dm2_oovo += 1.0*einsum('lb,bail,jk->ijak', L1, T2, delta)
dm2_oovo += -1.0*einsum('lb,bajl,ik->ijak', L1, T2, delta)
dm2_oovo += -1.0*einsum('klbc,ci,bajl->ijak', L2, T1, T2)
dm2_oovo += 1.0*einsum('klbc,cj,bail->ijak', L2, T1, T2)
dm2_oovo += 0.5*einsum('klbc,al,cbji->ijak', L2, T1, T2)
dm2_oovo += -0.5*einsum('klbc,ai,cbjl->ijak', L2, T1, T2)
dm2_oovo += 0.5*einsum('klbc,aj,cbil->ijak', L2, T1, T2)
dm2_oovo += 1.0*einsum('lb,al,bi,jk->ijak', L1, T1, T1, delta)
dm2_oovo += -1.0*einsum('lb,al,bj,ik->ijak', L1, T1, T1, delta)
dm2_oovo += -1.0*einsum('klbc,al,ci,bj->ijak', L2, T1, T1, T1)
dm2_oovo += -0.5*einsum('lmbc,ci,baml,jk->ijak', L2, T1, T2, delta)
dm2_oovo += 0.5*einsum('lmbc,cj,baml,ik->ijak', L2, T1, T2, delta)
dm2_oovo += -0.5*einsum('lmbc,al,cbim,jk->ijak', L2, T1, T2, delta)
dm2_oovo += 0.5*einsum('lmbc,al,cbjm,ik->ijak', L2, T1, T2, delta)
P_{ooov} = 
dm2_ooov += 1.0*einsum('ai,jk->ijka', T1, delta)
dm2_ooov += -1.0*einsum('aj,ik->ijka', T1, delta)
dm2_ooov += -1.0*einsum('kb,baji->ijka', L1, T2)
dm2_ooov += 1.0*einsum('kb,bi,aj->ijka', L1, T1, T1)
dm2_ooov += -1.0*einsum('kb,bj,ai->ijka', L1, T1, T1)
dm2_ooov += -1.0*einsum('lb,bail,jk->ijka', L1, T2, delta)
dm2_ooov += 1.0*einsum('lb,bajl,ik->ijka', L1, T2, delta)
dm2_ooov += 1.0*einsum('klbc,ci,bajl->ijka', L2, T1, T2)
dm2_ooov += -1.0*einsum('klbc,cj,bail->ijka', L2, T1, T2)
dm2_ooov += -0.5*einsum('klbc,al,cbji->ijka', L2, T1, T2)
dm2_ooov += 0.5*einsum('klbc,ai,cbjl->ijka', L2, T1, T2)
dm2_ooov += -0.5*einsum('klbc,aj,cbil->ijka', L2, T1, T2)
dm2_ooov += -1.0*einsum('lb,al,bi,jk->ijka', L1, T1, T1, delta)
dm2_ooov += 1.0*einsum('lb,al,bj,ik->ijka', L1, T1, T1, delta)
dm2_ooov += 1.0*einsum('klbc,al,ci,bj->ijka', L2, T1, T1, T1)
dm2_ooov += 0.5*einsum('lmbc,ci,baml,jk->ijka', L2, T1, T2, delta)
dm2_ooov += -0.5*einsum('lmbc,cj,baml,ik->ijka', L2, T1, T2, delta)
dm2_ooov += 0.5*einsum('lmbc,al,cbim,jk->ijka', L2, T1, T2, delta)
dm2_ooov += -0.5*einsum('lmbc,al,cbjm,ik->ijka', L2, T1, T2, delta)
P_{vvoo} = 
dm2_vvoo += 1.0*einsum('ijba->abij', L2)
P_{oovv} = 
dm2_oovv += 1.0*einsum('abji->ijab', T2)
dm2_oovv += -1.0*einsum('ai,bj->ijab', T1, T1)
dm2_oovv += 1.0*einsum('bi,aj->ijab', T1, T1)
dm2_oovv += -1.0*einsum('kc,ci,abjk->ijab', L1, T1, T2)
dm2_oovv += 1.0*einsum('kc,cj,abik->ijab', L1, T1, T2)
dm2_oovv += -1.0*einsum('kc,ak,cbji->ijab', L1, T1, T2)
dm2_oovv += 1.0*einsum('kc,ai,cbjk->ijab', L1, T1, T2)
dm2_oovv += -1.0*einsum('kc,aj,cbik->ijab', L1, T1, T2)
dm2_oovv += 1.0*einsum('kc,bk,caji->ijab', L1, T1, T2)
dm2_oovv += -1.0*einsum('kc,bi,cajk->ijab', L1, T1, T2)
dm2_oovv += 1.0*einsum('kc,bj,caik->ijab', L1, T1, T2)
dm2_oovv += -0.5*einsum('klcd,dcik,abjl->ijab', L2, T2, T2)
dm2_oovv += 0.5*einsum('klcd,dcjk,abil->ijab', L2, T2, T2)
dm2_oovv += -0.5*einsum('klcd,dalk,cbji->ijab', L2, T2, T2)
dm2_oovv += 1.0*einsum('klcd,daik,cbjl->ijab', L2, T2, T2)
dm2_oovv += 0.5*einsum('klcd,dblk,caji->ijab', L2, T2, T2)
dm2_oovv += -1.0*einsum('klcd,dbik,cajl->ijab', L2, T2, T2)
dm2_oovv += 0.25*einsum('klcd,ablk,dcji->ijab', L2, T2, T2)
dm2_oovv += 1.0*einsum('kc,ak,ci,bj->ijab', L1, T1, T1, T1)
dm2_oovv += -1.0*einsum('kc,ak,cj,bi->ijab', L1, T1, T1, T1)
dm2_oovv += -1.0*einsum('kc,bk,ci,aj->ijab', L1, T1, T1, T1)
dm2_oovv += 1.0*einsum('kc,bk,cj,ai->ijab', L1, T1, T1, T1)
dm2_oovv += -0.5*einsum('klcd,di,cj,ablk->ijab', L2, T1, T1, T2)
dm2_oovv += 0.5*einsum('klcd,di,aj,cblk->ijab', L2, T1, T1, T2)
dm2_oovv += -0.5*einsum('klcd,di,bj,calk->ijab', L2, T1, T1, T2)
dm2_oovv += -0.5*einsum('klcd,dj,ai,cblk->ijab', L2, T1, T1, T2)
dm2_oovv += 0.5*einsum('klcd,dj,bi,calk->ijab', L2, T1, T1, T2)
dm2_oovv += 1.0*einsum('klcd,ak,di,cbjl->ijab', L2, T1, T1, T2)
dm2_oovv += -1.0*einsum('klcd,ak,dj,cbil->ijab', L2, T1, T1, T2)
dm2_oovv += -0.5*einsum('klcd,ak,bl,dcji->ijab', L2, T1, T1, T2)
dm2_oovv += 0.5*einsum('klcd,ak,bi,dcjl->ijab', L2, T1, T1, T2)
dm2_oovv += -0.5*einsum('klcd,ak,bj,dcil->ijab', L2, T1, T1, T2)
dm2_oovv += -1.0*einsum('klcd,bk,di,cajl->ijab', L2, T1, T1, T2)
dm2_oovv += 1.0*einsum('klcd,bk,dj,cail->ijab', L2, T1, T1, T2)
dm2_oovv += -0.5*einsum('klcd,bk,ai,dcjl->ijab', L2, T1, T1, T2)
dm2_oovv += 0.5*einsum('klcd,bk,aj,dcil->ijab', L2, T1, T1, T2)
dm2_oovv += 1.0*einsum('klcd,ak,bl,di,cj->ijab', L2, T1, T1, T1, T1)
P_{vovo} = 
dm2_vovo += 1.0*einsum('ja,bi->aibj', L1, T1)
dm2_vovo += 1.0*einsum('jkca,cbik->aibj', L2, T2)
dm2_vovo += -1.0*einsum('ka,bk,ij->aibj', L1, T1, delta)
dm2_vovo += 1.0*einsum('jkca,bk,ci->aibj', L2, T1, T1)
dm2_vovo += 0.5*einsum('klca,cblk,ij->aibj', L2, T2, delta)
P_{voov} = 
dm2_voov += -1.0*einsum('ja,bi->aijb', L1, T1)
dm2_voov += -1.0*einsum('jkca,cbik->aijb', L2, T2)
dm2_voov += 1.0*einsum('ka,bk,ij->aijb', L1, T1, delta)
dm2_voov += -1.0*einsum('jkca,bk,ci->aijb', L2, T1, T1)
dm2_voov += -0.5*einsum('klca,cblk,ij->aijb', L2, T2, delta)
P_{ovov} = 
dm2_ovov += 1.0*einsum('ja,bi->iajb', L1, T1)
dm2_ovov += 1.0*einsum('jkca,cbik->iajb', L2, T2)
dm2_ovov += -1.0*einsum('ka,bk,ij->iajb', L1, T1, delta)
dm2_ovov += 1.0*einsum('jkca,bk,ci->iajb', L2, T1, T1)
dm2_ovov += 0.5*einsum('klca,cblk,ij->iajb', L2, T2, delta)
