P_{bb} = 
dm1_bb += 1.0*einsum('I,J->IJ', LS1, S1)
dm1_bb += 1.0*einsum('Iia,Jai->IJ', LU11, U11)
P_{bb}_permute = 
dm1_bb_perm += 1.0*einsum('IJ->IJ', delta)
dm1_bb_perm += 1.0*einsum('I,J->JI', LS1, S1)
dm1_bb_perm += 1.0*einsum('Iia,Jai->JI', LU11, U11)
P_{b_oo} = 
dm1_b_oo += 1.0*einsum('I,ij->Iij', LS1, delta)
dm1_b_oo += -1.0*einsum('Ija,ai->Iij', LU11, T1)
P_{b_vv} = 
dm1_b_vv += 1.0*einsum('Iia,bi->Iab', LU11, T1)
P_{b_vo} = 
dm1_b_vo += 1.0*einsum('Iia->Iai', LU11)
P_{b_ov} = 
dm1_b_ov += 1.0*einsum('I,ai->Iia', LS1, T1)
dm1_b_ov += -1.0*einsum('Ijb,baij->Iia', LU11, T2)
dm1_b_ov += -1.0*einsum('Ijb,aj,bi->Iia', LU11, T1, T1)
P_{boo} = 
dm1_boo += 1.0*einsum('I,ij->Iij', S1, delta)
dm1_boo += -1.0*einsum('ja,Iai->Iij', L1, U11)
dm1_boo += -1.0*einsum('ja,ai,I->Iij', L1, T1, S1)
dm1_boo += 1.0*einsum('ka,Iak,ij->Iij', L1, U11, delta)
dm1_boo += -1.0*einsum('Jja,I,Jai->Iij', LU11, S1, U11)
dm1_boo += 1.0*einsum('jkab,bi,Iak->Iij', L2, T1, U11)
dm1_boo += 0.5*einsum('jkab,baik,I->Iij', L2, T2, S1)
P_{bvv} = 
dm1_bvv += 1.0*einsum('ia,Ibi->Iab', L1, U11)
dm1_bvv += 1.0*einsum('ia,bi,I->Iab', L1, T1, S1)
dm1_bvv += 1.0*einsum('Jia,I,Jbi->Iab', LU11, S1, U11)
dm1_bvv += -1.0*einsum('ijca,bi,Icj->Iab', L2, T1, U11)
dm1_bvv += -0.5*einsum('ijca,cbji,I->Iab', L2, T2, S1)
P_{bvo} = 
dm1_bvo += 1.0*einsum('ia,I->Iai', L1, S1)
dm1_bvo += -1.0*einsum('ijba,Ibj->Iai', L2, U11)
P_{bov} = 
dm1_bov += 1.0*einsum('Iai->Iia', U11)
dm1_bov += 1.0*einsum('ai,I->Iia', T1, S1)
dm1_bov += 1.0*einsum('J,I,Jai->Iia', LS1, S1, U11)
dm1_bov += -1.0*einsum('jb,bi,Iaj->Iia', L1, T1, U11)
dm1_bov += -1.0*einsum('jb,aj,Ibi->Iia', L1, T1, U11)
dm1_bov += 1.0*einsum('jb,ai,Ibj->Iia', L1, T1, U11)
dm1_bov += -1.0*einsum('jb,baij,I->Iia', L1, T2, S1)
dm1_bov += -1.0*einsum('Jjb,Jbi,Iaj->Iia', LU11, U11, U11)
dm1_bov += -1.0*einsum('Jjb,Jaj,Ibi->Iia', LU11, U11, U11)
dm1_bov += 1.0*einsum('Jjb,Jai,Ibj->Iia', LU11, U11, U11)
dm1_bov += -0.5*einsum('jkbc,cbij,Iak->Iia', L2, T2, U11)
dm1_bov += -0.5*einsum('jkbc,cakj,Ibi->Iia', L2, T2, U11)
dm1_bov += 1.0*einsum('jkbc,caij,Ibk->Iia', L2, T2, U11)
dm1_bov += -1.0*einsum('jb,aj,bi,I->Iia', L1, T1, T1, S1)
dm1_bov += -1.0*einsum('Jjb,bi,I,Jaj->Iia', LU11, T1, S1, U11)
dm1_bov += -1.0*einsum('Jjb,aj,I,Jbi->Iia', LU11, T1, S1, U11)
dm1_bov += 0.5*einsum('jkbc,ci,bakj,I->Iia', L2, T1, T2, S1)
dm1_bov += 1.0*einsum('jkbc,aj,ci,Ibk->Iia', L2, T1, T1, U11)
dm1_bov += 0.5*einsum('jkbc,aj,cbik,I->Iia', L2, T1, T2, S1)
