Computing lambda residuals for 1 fermion deexcitation space...
Computing connected piece not proportional to Lambda...
L1 += 1.0*einsum('ia->ia', F.ov)
L1 += 1.0*einsum('I,Iia->ia', S1old, g.ov)
L1 += -1.0*einsum('bj,jiab->ia', T1old, I.oovv)


Computing connected piece proportional to Lambda...
L1 += 1.0*einsum('Iia,I->ia', g.ov, LS1old)
L1 += -1.0*einsum('ij,ja->ia', F.oo, L1old)
L1 += 1.0*einsum('ba,ib->ia', F.vv, L1old)
L1 += 1.0*einsum('I,Iia->ia', G, LU11old)
L1 += -1.0*einsum('ibja,jb->ia', I.ovov, L1old)
L1 += -1.0*einsum('Iij,Ija->ia', g.oo, LU11old)
L1 += 1.0*einsum('Iba,Iib->ia', g.vv, LU11old)
L1 += -1.0*einsum('bj,jiab->ia', F.vo, L2old)
L1 += 0.5*einsum('ibjk,kjab->ia', I.ovoo, L2old)
L1 += -0.5*einsum('bcja,jicb->ia', I.vvov, L2old)
L1 += -1.0*einsum('ib,bj,ja->ia', F.ov, T1old, L1old)
L1 += -1.0*einsum('Iij,I,ja->ia', g.oo, S1old, L1old)
L1 += -1.0*einsum('ja,bj,ib->ia', F.ov, T1old, L1old)
L1 += 1.0*einsum('Iba,I,ib->ia', g.vv, S1old, L1old)
L1 += 1.0*einsum('IJ,J,Iia->ia', w, S1old, LU11old)
L1 += -1.0*einsum('jiab,Ibj,I->ia', I.oovv, U11old, LS1old)
L1 += 1.0*einsum('Iia,Ibj,jb->ia', g.ov, U11old, L1old)
L1 += -1.0*einsum('jika,bj,kb->ia', I.ooov, T1old, L1old)
L1 += 1.0*einsum('ibac,cj,jb->ia', I.ovvv, T1old, L1old)
L1 += -1.0*einsum('Iib,Ibj,ja->ia', g.ov, U11old, L1old)
L1 += 1.0*einsum('jikb,bj,ka->ia', I.ooov, T1old, L1old)
L1 += -1.0*einsum('Ija,Ibj,ib->ia', g.ov, U11old, L1old)
L1 += -1.0*einsum('jbac,cj,ib->ia', I.ovvv, T1old, L1old)
L1 += -1.0*einsum('ib,Ibj,Ija->ia', F.ov, U11old, LU11old)
L1 += -1.0*einsum('Iib,bj,Ija->ia', g.ov, T1old, LU11old)
L1 += -1.0*einsum('ja,Ibj,Iib->ia', F.ov, U11old, LU11old)
L1 += -1.0*einsum('Ija,bj,Iib->ia', g.ov, T1old, LU11old)
L1 += 1.0*einsum('jb,Ibj,Iia->ia', F.ov, U11old, LU11old)
L1 += 1.0*einsum('Ijb,bj,Iia->ia', g.ov, T1old, LU11old)
L1 += -1.0*einsum('I,Ibj,jiab->ia', G, U11old, L2old)
L1 += -1.0*einsum('Ibj,I,jiab->ia', g.vo, S1old, L2old)
L1 += 1.0*einsum('jk,bj,kiab->ia', F.oo, T1old, L2old)
L1 += -1.0*einsum('bc,cj,jiab->ia', F.vv, T1old, L2old)
L1 += 1.0*einsum('jiab,cbjk,kc->ia', I.oovv, T2old, L1old)
L1 += 0.5*einsum('jibc,cbjk,ka->ia', I.oovv, T2old, L1old)
L1 += 0.5*einsum('jkab,cbkj,ic->ia', I.oovv, T2old, L1old)
L1 += -1.0*einsum('jika,Ibj,Ikb->ia', I.ooov, U11old, LU11old)
L1 += 1.0*einsum('ibac,Icj,Ijb->ia', I.ovvv, U11old, LU11old)
L1 += 1.0*einsum('jikb,Ibj,Ika->ia', I.ooov, U11old, LU11old)
L1 += -1.0*einsum('jbac,Icj,Iib->ia', I.ovvv, U11old, LU11old)
L1 += -0.5*einsum('ib,cbjk,kjac->ia', F.ov, T2old, L2old)
L1 += -1.0*einsum('Iij,Ibk,jkab->ia', g.oo, U11old, L2old)
L1 += -1.0*einsum('ibjc,ck,jkab->ia', I.ovov, T1old, L2old)
L1 += 0.5*einsum('jikl,bj,lkab->ia', I.oooo, T1old, L2old)
L1 += -0.5*einsum('ja,bcjk,kicb->ia', F.ov, T2old, L2old)
L1 += 1.0*einsum('Iba,Icj,jicb->ia', g.vv, U11old, L2old)
L1 += -1.0*einsum('jbka,cj,kicb->ia', I.ovov, T1old, L2old)
L1 += 1.0*einsum('jb,cbjk,kiac->ia', F.ov, T2old, L2old)
L1 += 1.0*einsum('Ijk,Ibj,kiab->ia', g.oo, U11old, L2old)
L1 += -1.0*einsum('Ibc,Icj,jiab->ia', g.vv, U11old, L2old)
L1 += 1.0*einsum('jbkc,cj,kiab->ia', I.ovov, T1old, L2old)
L1 += 0.5*einsum('bcad,dj,jicb->ia', I.vvvv, T1old, L2old)
L1 += 0.5*einsum('jika,bcjl,klcb->ia', I.ooov, T2old, L2old)
L1 += -0.5*einsum('ibac,dcjk,kjdb->ia', I.ovvv, T2old, L2old)
L1 += -1.0*einsum('jikb,cbjl,klac->ia', I.ooov, T2old, L2old)
L1 += -0.25*einsum('ibcd,dcjk,kjab->ia', I.ovvv, T2old, L2old)
L1 += 0.25*einsum('jkla,bckj,licb->ia', I.ooov, T2old, L2old)
L1 += 1.0*einsum('jbac,dcjk,kidb->ia', I.ovvv, T2old, L2old)
L1 += -0.5*einsum('jklb,cbkj,liac->ia', I.ooov, T2old, L2old)
L1 += 0.5*einsum('jbcd,dcjk,kiab->ia', I.ovvv, T2old, L2old)
L1 += -1.0*einsum('Iib,bj,I,ja->ia', g.ov, T1old, S1old, L1old)
L1 += -1.0*einsum('Ija,bj,I,ib->ia', g.ov, T1old, S1old, L1old)
L1 += 1.0*einsum('jiab,bk,cj,kc->ia', I.oovv, T1old, T1old, L1old)
L1 += -1.0*einsum('jibc,ck,bj,ka->ia', I.oovv, T1old, T1old, L1old)
L1 += -1.0*einsum('jkab,cj,bk,ic->ia', I.oovv, T1old, T1old, L1old)
L1 += -1.0*einsum('Iib,I,Jbj,Jja->ia', g.ov, S1old, U11old, LU11old)
L1 += -1.0*einsum('Ija,I,Jbj,Jib->ia', g.ov, S1old, U11old, LU11old)
L1 += 1.0*einsum('Ijb,I,Jbj,Jia->ia', g.ov, S1old, U11old, LU11old)
L1 += 1.0*einsum('jb,bk,cj,kiac->ia', F.ov, T1old, T1old, L2old)
L1 += 1.0*einsum('Ijk,bj,I,kiab->ia', g.oo, T1old, S1old, L2old)
L1 += -1.0*einsum('Ibc,cj,I,jiab->ia', g.vv, T1old, S1old, L2old)
L1 += 1.0*einsum('jiab,cj,Ibk,Ikc->ia', I.oovv, T1old, U11old, LU11old)
L1 += 1.0*einsum('jiab,bk,Icj,Ikc->ia', I.oovv, T1old, U11old, LU11old)
L1 += -1.0*einsum('jibc,ck,Ibj,Ika->ia', I.oovv, T1old, U11old, LU11old)
L1 += 1.0*einsum('jibc,cj,Ibk,Ika->ia', I.oovv, T1old, U11old, LU11old)
L1 += -1.0*einsum('jkab,cj,Ibk,Iic->ia', I.oovv, T1old, U11old, LU11old)
L1 += 1.0*einsum('jkab,bj,Ick,Iic->ia', I.oovv, T1old, U11old, LU11old)
L1 += -1.0*einsum('jkbc,cj,Ibk,Iia->ia', I.oovv, T1old, U11old, LU11old)
L1 += -1.0*einsum('Iib,bj,Ick,jkac->ia', g.ov, T1old, U11old, L2old)
L1 += -0.5*einsum('Iib,cbjk,I,kjac->ia', g.ov, T2old, S1old, L2old)
L1 += -1.0*einsum('jikb,bl,cj,klac->ia', I.ooov, T1old, T1old, L2old)
L1 += 0.5*einsum('ibcd,dj,ck,jkab->ia', I.ovvv, T1old, T1old, L2old)
L1 += -1.0*einsum('Ija,bj,Ick,kicb->ia', g.ov, T1old, U11old, L2old)
L1 += 1.0*einsum('Ijb,cj,Ibk,kiac->ia', g.ov, T1old, U11old, L2old)
L1 += 1.0*einsum('Ijb,bk,Icj,kiac->ia', g.ov, T1old, U11old, L2old)
L1 += -1.0*einsum('Ijb,bj,Ick,kiac->ia', g.ov, T1old, U11old, L2old)
L1 += -0.5*einsum('Ija,bcjk,I,kicb->ia', g.ov, T2old, S1old, L2old)
L1 += 1.0*einsum('Ijb,cbjk,I,kiac->ia', g.ov, T2old, S1old, L2old)
L1 += -0.5*einsum('jkla,bj,ck,licb->ia', I.ooov, T1old, T1old, L2old)
L1 += 1.0*einsum('jbac,ck,dj,kidb->ia', I.ovvv, T1old, T1old, L2old)
L1 += 1.0*einsum('jklb,cj,bk,liac->ia', I.ooov, T1old, T1old, L2old)
L1 += -1.0*einsum('jbcd,dk,cj,kiab->ia', I.ovvv, T1old, T1old, L2old)
L1 += -0.5*einsum('jiab,cj,dbkl,lkdc->ia', I.oovv, T1old, T2old, L2old)
L1 += -0.5*einsum('jiab,bk,cdjl,kldc->ia', I.oovv, T1old, T2old, L2old)
L1 += -0.25*einsum('jibc,dj,cbkl,lkad->ia', I.oovv, T1old, T2old, L2old)
L1 += 1.0*einsum('jibc,ck,dbjl,klad->ia', I.oovv, T1old, T2old, L2old)
L1 += 0.5*einsum('jibc,cj,dbkl,lkad->ia', I.oovv, T1old, T2old, L2old)
L1 += 1.0*einsum('jkab,cj,dbkl,lidc->ia', I.oovv, T1old, T2old, L2old)
L1 += -0.25*einsum('jkab,bl,cdkj,lidc->ia', I.oovv, T1old, T2old, L2old)
L1 += 0.5*einsum('jkab,bj,cdkl,lidc->ia', I.oovv, T1old, T2old, L2old)
L1 += 0.5*einsum('jkbc,dj,cbkl,liad->ia', I.oovv, T1old, T2old, L2old)
L1 += 0.5*einsum('jkbc,cl,dbkj,liad->ia', I.oovv, T1old, T2old, L2old)
L1 += -1.0*einsum('jkbc,cj,dbkl,liad->ia', I.oovv, T1old, T2old, L2old)
L1 += 1.0*einsum('Ijb,bk,cj,I,kiac->ia', g.ov, T1old, T1old, S1old, L2old)
L1 += 0.5*einsum('jibc,ck,bl,dj,klad->ia', I.oovv, T1old, T1old, T1old, L2old)
L1 += 0.5*einsum('jkab,bl,cj,dk,lidc->ia', I.oovv, T1old, T1old, T1old, L2old)
L1 += -1.0*einsum('jkbc,cl,dj,bk,liad->ia', I.oovv, T1old, T1old, T1old, L2old)

*****
Computing lambda residuals for 2 fermion deexcitation space...
Computing connected piece not proportional to Lambda...
L2 += 1.0*einsum('jiba->ijab', I.oovv)


Computing connected piece proportional to Lambda...
L2 += 1.0*einsum('jikb,ka->ijab', I.ooov, L1old)
L2 += -1.0*einsum('jika,kb->ijab', I.ooov, L1old)
L2 += 1.0*einsum('jcba,ic->ijab', I.ovvv, L1old)
L2 += -1.0*einsum('icba,jc->ijab', I.ovvv, L1old)
L2 += 1.0*einsum('Ijb,Iia->ijab', g.ov, LU11old)
L2 += -1.0*einsum('Ija,Iib->ijab', g.ov, LU11old)
L2 += -1.0*einsum('Iib,Ija->ijab', g.ov, LU11old)
L2 += 1.0*einsum('Iia,Ijb->ijab', g.ov, LU11old)
L2 += -1.0*einsum('jk,kiba->ijab', F.oo, L2old)
L2 += 1.0*einsum('ik,kjba->ijab', F.oo, L2old)
L2 += -1.0*einsum('cb,jiac->ijab', F.vv, L2old)
L2 += 1.0*einsum('ca,jibc->ijab', F.vv, L2old)
L2 += -0.5*einsum('jikl,lkba->ijab', I.oooo, L2old)
L2 += 1.0*einsum('jckb,kiac->ijab', I.ovov, L2old)
L2 += -1.0*einsum('jcka,kibc->ijab', I.ovov, L2old)
L2 += -1.0*einsum('ickb,kjac->ijab', I.ovov, L2old)
L2 += 1.0*einsum('icka,kjbc->ijab', I.ovov, L2old)
L2 += -0.5*einsum('cdba,jidc->ijab', I.vvvv, L2old)
L2 += -1.0*einsum('jibc,ck,ka->ijab', I.oovv, T1old, L1old)
L2 += 1.0*einsum('jiac,ck,kb->ijab', I.oovv, T1old, L1old)
L2 += 1.0*einsum('kjba,ck,ic->ijab', I.oovv, T1old, L1old)
L2 += -1.0*einsum('kiba,ck,jc->ijab', I.oovv, T1old, L1old)
L2 += -1.0*einsum('jc,ck,kiba->ijab', F.ov, T1old, L2old)
L2 += 1.0*einsum('ic,ck,kjba->ijab', F.ov, T1old, L2old)
L2 += -1.0*einsum('Ijk,I,kiba->ijab', g.oo, S1old, L2old)
L2 += 1.0*einsum('Iik,I,kjba->ijab', g.oo, S1old, L2old)
L2 += 1.0*einsum('kb,ck,jiac->ijab', F.ov, T1old, L2old)
L2 += -1.0*einsum('ka,ck,jibc->ijab', F.ov, T1old, L2old)
L2 += -1.0*einsum('Icb,I,jiac->ijab', g.vv, S1old, L2old)
L2 += 1.0*einsum('Ica,I,jibc->ijab', g.vv, S1old, L2old)
L2 += -1.0*einsum('jibc,Ick,Ika->ijab', I.oovv, U11old, LU11old)
L2 += 1.0*einsum('jiac,Ick,Ikb->ijab', I.oovv, U11old, LU11old)
L2 += 1.0*einsum('kjba,Ick,Iic->ijab', I.oovv, U11old, LU11old)
L2 += -1.0*einsum('kjbc,Ick,Iia->ijab', I.oovv, U11old, LU11old)
L2 += 1.0*einsum('kjac,Ick,Iib->ijab', I.oovv, U11old, LU11old)
L2 += -1.0*einsum('kiba,Ick,Ijc->ijab', I.oovv, U11old, LU11old)
L2 += 1.0*einsum('kibc,Ick,Ija->ijab', I.oovv, U11old, LU11old)
L2 += -1.0*einsum('kiac,Ick,Ijb->ijab', I.oovv, U11old, LU11old)
L2 += 1.0*einsum('jikc,cl,klba->ijab', I.ooov, T1old, L2old)
L2 += -1.0*einsum('Ijb,Ick,kiac->ijab', g.ov, U11old, L2old)
L2 += 1.0*einsum('Ija,Ick,kibc->ijab', g.ov, U11old, L2old)
L2 += -1.0*einsum('Ijc,Ick,kiba->ijab', g.ov, U11old, L2old)
L2 += 1.0*einsum('Iib,Ick,kjac->ijab', g.ov, U11old, L2old)
L2 += -1.0*einsum('Iia,Ick,kjbc->ijab', g.ov, U11old, L2old)
L2 += 1.0*einsum('Iic,Ick,kjba->ijab', g.ov, U11old, L2old)
L2 += 1.0*einsum('kjlb,ck,liac->ijab', I.ooov, T1old, L2old)
L2 += -1.0*einsum('jcbd,dk,kiac->ijab', I.ovvv, T1old, L2old)
L2 += -1.0*einsum('kjla,ck,libc->ijab', I.ooov, T1old, L2old)
L2 += 1.0*einsum('jcad,dk,kibc->ijab', I.ovvv, T1old, L2old)
L2 += 1.0*einsum('kjlc,ck,liba->ijab', I.ooov, T1old, L2old)
L2 += -1.0*einsum('kilb,ck,ljac->ijab', I.ooov, T1old, L2old)
L2 += 1.0*einsum('icbd,dk,kjac->ijab', I.ovvv, T1old, L2old)
L2 += 1.0*einsum('kila,ck,ljbc->ijab', I.ooov, T1old, L2old)
L2 += -1.0*einsum('icad,dk,kjbc->ijab', I.ovvv, T1old, L2old)
L2 += -1.0*einsum('kilc,ck,ljba->ijab', I.ooov, T1old, L2old)
L2 += 1.0*einsum('Ikb,Ick,jiac->ijab', g.ov, U11old, L2old)
L2 += -1.0*einsum('Ika,Ick,jibc->ijab', g.ov, U11old, L2old)
L2 += -1.0*einsum('kcba,dk,jidc->ijab', I.ovvv, T1old, L2old)
L2 += 1.0*einsum('kcbd,dk,jiac->ijab', I.ovvv, T1old, L2old)
L2 += -1.0*einsum('kcad,dk,jibc->ijab', I.ovvv, T1old, L2old)
L2 += -0.5*einsum('jibc,dckl,lkad->ijab', I.oovv, T2old, L2old)
L2 += 0.5*einsum('jiac,dckl,lkbd->ijab', I.oovv, T2old, L2old)
L2 += 0.25*einsum('jicd,dckl,lkba->ijab', I.oovv, T2old, L2old)
L2 += 0.5*einsum('kjba,cdkl,lidc->ijab', I.oovv, T2old, L2old)
L2 += -1.0*einsum('kjbc,dckl,liad->ijab', I.oovv, T2old, L2old)
L2 += 1.0*einsum('kjac,dckl,libd->ijab', I.oovv, T2old, L2old)
L2 += 0.5*einsum('kjcd,dckl,liba->ijab', I.oovv, T2old, L2old)
L2 += -0.5*einsum('kiba,cdkl,ljdc->ijab', I.oovv, T2old, L2old)
L2 += 1.0*einsum('kibc,dckl,ljad->ijab', I.oovv, T2old, L2old)
L2 += -1.0*einsum('kiac,dckl,ljbd->ijab', I.oovv, T2old, L2old)
L2 += -0.5*einsum('kicd,dckl,ljba->ijab', I.oovv, T2old, L2old)
L2 += 0.25*einsum('klba,cdlk,jidc->ijab', I.oovv, T2old, L2old)
L2 += -0.5*einsum('klbc,dclk,jiad->ijab', I.oovv, T2old, L2old)
L2 += 0.5*einsum('klac,dclk,jibd->ijab', I.oovv, T2old, L2old)
L2 += -1.0*einsum('Ijc,ck,I,kiba->ijab', g.ov, T1old, S1old, L2old)
L2 += 1.0*einsum('Iic,ck,I,kjba->ijab', g.ov, T1old, S1old, L2old)
L2 += 1.0*einsum('Ikb,ck,I,jiac->ijab', g.ov, T1old, S1old, L2old)
L2 += -1.0*einsum('Ika,ck,I,jibc->ijab', g.ov, T1old, S1old, L2old)
L2 += -0.5*einsum('jicd,dk,cl,klba->ijab', I.oovv, T1old, T1old, L2old)
L2 += -1.0*einsum('kjbc,cl,dk,liad->ijab', I.oovv, T1old, T1old, L2old)
L2 += 1.0*einsum('kjac,cl,dk,libd->ijab', I.oovv, T1old, T1old, L2old)
L2 += -1.0*einsum('kjcd,dl,ck,liba->ijab', I.oovv, T1old, T1old, L2old)
L2 += 1.0*einsum('kibc,cl,dk,ljad->ijab', I.oovv, T1old, T1old, L2old)
L2 += -1.0*einsum('kiac,cl,dk,ljbd->ijab', I.oovv, T1old, T1old, L2old)
L2 += 1.0*einsum('kicd,dl,ck,ljba->ijab', I.oovv, T1old, T1old, L2old)
L2 += -0.5*einsum('klba,ck,dl,jidc->ijab', I.oovv, T1old, T1old, L2old)
L2 += 1.0*einsum('klbc,dk,cl,jiad->ijab', I.oovv, T1old, T1old, L2old)
L2 += -1.0*einsum('klac,dk,cl,jibd->ijab', I.oovv, T1old, T1old, L2old)


Computing disconnected piece projecting onto single fermionic excitations...
L2 += 1.0*einsum('jb,ia->ijab', L1old, F.ov)
L2 += -1.0*einsum('ja,ib->ijab', L1old, F.ov)
L2 += -1.0*einsum('ib,ja->ijab', L1old, F.ov)
L2 += 1.0*einsum('ia,jb->ijab', L1old, F.ov)
L2 += 1.0*einsum('I,jb,Iia->ijab', S1old, L1old, g.ov)
L2 += -1.0*einsum('I,ja,Iib->ijab', S1old, L1old, g.ov)
L2 += -1.0*einsum('I,ib,Ija->ijab', S1old, L1old, g.ov)
L2 += 1.0*einsum('I,ia,Ijb->ijab', S1old, L1old, g.ov)
L2 += -1.0*einsum('ck,jb,kiac->ijab', T1old, L1old, I.oovv)
L2 += 1.0*einsum('ck,ja,kibc->ijab', T1old, L1old, I.oovv)
L2 += 1.0*einsum('ck,ib,kjac->ijab', T1old, L1old, I.oovv)
L2 += -1.0*einsum('ck,ia,kjbc->ijab', T1old, L1old, I.oovv)

****
Computing lambda residuals for 1 boson deexcitation space...
Computing connected piece not proportional to Lambda...
LS1 += 1.0*einsum('I->I', G)
LS1 += 1.0*einsum('ai,Iia->I', T1old, g.ov)


Computing connected piece proportional to Lambda...
LS1 += 1.0*einsum('JI,J->I', w, LS1old)
LS1 += 1.0*einsum('Iai,ia->I', g.vo, L1old)
LS1 += 1.0*einsum('ai,Iia->I', F.vo, LU11old)
LS1 += 1.0*einsum('Iia,Jai,J->I', g.ov, U11old, LS1old)
LS1 += -1.0*einsum('Iij,ai,ja->I', g.oo, T1old, L1old)
LS1 += 1.0*einsum('Iab,bi,ia->I', g.vv, T1old, L1old)
LS1 += 1.0*einsum('J,Jai,Iia->I', G, U11old, LU11old)
LS1 += 1.0*einsum('Jai,J,Iia->I', g.vo, S1old, LU11old)
LS1 += -1.0*einsum('ij,ai,Ija->I', F.oo, T1old, LU11old)
LS1 += 1.0*einsum('ab,bi,Iia->I', F.vv, T1old, LU11old)
LS1 += -1.0*einsum('Iia,baij,jb->I', g.ov, T2old, L1old)
LS1 += -1.0*einsum('Iij,Jai,Jja->I', g.oo, U11old, LU11old)
LS1 += 1.0*einsum('Iab,Jbi,Jia->I', g.vv, U11old, LU11old)
LS1 += -1.0*einsum('ia,baij,Ijb->I', F.ov, T2old, LU11old)
LS1 += -1.0*einsum('Jij,Jai,Ija->I', g.oo, U11old, LU11old)
LS1 += 1.0*einsum('Jab,Jbi,Iia->I', g.vv, U11old, LU11old)
LS1 += -1.0*einsum('iajb,bi,Ija->I', I.ovov, T1old, LU11old)
LS1 += 0.5*einsum('ijka,baji,Ikb->I', I.ooov, T2old, LU11old)
LS1 += -0.5*einsum('iabc,cbij,Ija->I', I.ovvv, T2old, LU11old)
LS1 += 0.5*einsum('Iij,abik,jkba->I', g.oo, T2old, L2old)
LS1 += -0.5*einsum('Iab,cbij,jica->I', g.vv, T2old, L2old)
LS1 += -1.0*einsum('Iia,aj,bi,jb->I', g.ov, T1old, T1old, L1old)
LS1 += -1.0*einsum('ia,aj,bi,Ijb->I', F.ov, T1old, T1old, LU11old)
LS1 += -1.0*einsum('Jij,ai,J,Ija->I', g.oo, T1old, S1old, LU11old)
LS1 += 1.0*einsum('Jab,bi,J,Iia->I', g.vv, T1old, S1old, LU11old)
LS1 += -1.0*einsum('Iia,bi,Jaj,Jjb->I', g.ov, T1old, U11old, LU11old)
LS1 += -1.0*einsum('Iia,aj,Jbi,Jjb->I', g.ov, T1old, U11old, LU11old)
LS1 += -1.0*einsum('Jia,bi,Jaj,Ijb->I', g.ov, T1old, U11old, LU11old)
LS1 += -1.0*einsum('Jia,aj,Jbi,Ijb->I', g.ov, T1old, U11old, LU11old)
LS1 += 1.0*einsum('Jia,ai,Jbj,Ijb->I', g.ov, T1old, U11old, LU11old)
LS1 += -1.0*einsum('Jia,baij,J,Ijb->I', g.ov, T2old, S1old, LU11old)
LS1 += -1.0*einsum('ijka,bi,aj,Ikb->I', I.ooov, T1old, T1old, LU11old)
LS1 += 1.0*einsum('iabc,cj,bi,Ija->I', I.ovvv, T1old, T1old, LU11old)
LS1 += -0.5*einsum('ijab,ci,bajk,Ikc->I', I.oovv, T1old, T2old, LU11old)
LS1 += -0.5*einsum('ijab,bk,caji,Ikc->I', I.oovv, T1old, T2old, LU11old)
LS1 += 1.0*einsum('ijab,bi,cajk,Ikc->I', I.oovv, T1old, T2old, LU11old)
LS1 += 0.5*einsum('Iia,bi,cajk,kjcb->I', g.ov, T1old, T2old, L2old)
LS1 += 0.5*einsum('Iia,aj,bcik,jkcb->I', g.ov, T1old, T2old, L2old)
LS1 += -1.0*einsum('Jia,aj,bi,J,Ijb->I', g.ov, T1old, T1old, S1old, LU11old)
LS1 += 1.0*einsum('ijab,bk,ci,aj,Ikc->I', I.oovv, T1old, T1old, T1old, LU11old)

*****
Computing lambda residuals for 1 boson + 1 fermion deexcitation space...
Computing connected piece not proportional to Lambda...
LU11 += 1.0*einsum('Iia->Iia', g.ov)


Computing connected piece proportional to Lambda...
LU11 += -1.0*einsum('Iij,ja->Iia', g.oo, L1old)
LU11 += 1.0*einsum('Iba,ib->Iia', g.vv, L1old)
LU11 += 1.0*einsum('JI,Jia->Iia', w, LU11old)
LU11 += -1.0*einsum('ij,Ija->Iia', F.oo, LU11old)
LU11 += 1.0*einsum('ba,Iib->Iia', F.vv, LU11old)
LU11 += -1.0*einsum('ibja,Ijb->Iia', I.ovov, LU11old)
LU11 += -1.0*einsum('Ibj,jiab->Iia', g.vo, L2old)
LU11 += -1.0*einsum('Iib,bj,ja->Iia', g.ov, T1old, L1old)
LU11 += -1.0*einsum('Ija,bj,ib->Iia', g.ov, T1old, L1old)
LU11 += -1.0*einsum('ib,bj,Ija->Iia', F.ov, T1old, LU11old)
LU11 += -1.0*einsum('ja,bj,Iib->Iia', F.ov, T1old, LU11old)
LU11 += -1.0*einsum('Jij,J,Ija->Iia', g.oo, S1old, LU11old)
LU11 += 1.0*einsum('Jba,J,Iib->Iia', g.vv, S1old, LU11old)
LU11 += -1.0*einsum('Iib,Jbj,Jja->Iia', g.ov, U11old, LU11old)
LU11 += -1.0*einsum('Ija,Jbj,Jib->Iia', g.ov, U11old, LU11old)
LU11 += 1.0*einsum('Ijb,Jbj,Jia->Iia', g.ov, U11old, LU11old)
LU11 += 1.0*einsum('Jia,Jbj,Ijb->Iia', g.ov, U11old, LU11old)
LU11 += -1.0*einsum('Jib,Jbj,Ija->Iia', g.ov, U11old, LU11old)
LU11 += -1.0*einsum('Jja,Jbj,Iib->Iia', g.ov, U11old, LU11old)
LU11 += -1.0*einsum('jika,bj,Ikb->Iia', I.ooov, T1old, LU11old)
LU11 += 1.0*einsum('ibac,cj,Ijb->Iia', I.ovvv, T1old, LU11old)
LU11 += 1.0*einsum('jikb,bj,Ika->Iia', I.ooov, T1old, LU11old)
LU11 += -1.0*einsum('jbac,cj,Iib->Iia', I.ovvv, T1old, LU11old)
LU11 += 1.0*einsum('Ijk,bj,kiab->Iia', g.oo, T1old, L2old)
LU11 += -1.0*einsum('Ibc,cj,jiab->Iia', g.vv, T1old, L2old)
LU11 += 1.0*einsum('jiab,cbjk,Ikc->Iia', I.oovv, T2old, LU11old)
LU11 += 0.5*einsum('jibc,cbjk,Ika->Iia', I.oovv, T2old, LU11old)
LU11 += 0.5*einsum('jkab,cbkj,Iic->Iia', I.oovv, T2old, LU11old)
LU11 += -0.5*einsum('Iib,cbjk,kjac->Iia', g.ov, T2old, L2old)
LU11 += -0.5*einsum('Ija,bcjk,kicb->Iia', g.ov, T2old, L2old)
LU11 += 1.0*einsum('Ijb,cbjk,kiac->Iia', g.ov, T2old, L2old)
LU11 += -1.0*einsum('Jib,bj,J,Ija->Iia', g.ov, T1old, S1old, LU11old)
LU11 += -1.0*einsum('Jja,bj,J,Iib->Iia', g.ov, T1old, S1old, LU11old)
LU11 += 1.0*einsum('jiab,bk,cj,Ikc->Iia', I.oovv, T1old, T1old, LU11old)
LU11 += -1.0*einsum('jibc,ck,bj,Ika->Iia', I.oovv, T1old, T1old, LU11old)
LU11 += -1.0*einsum('jkab,cj,bk,Iic->Iia', I.oovv, T1old, T1old, LU11old)
LU11 += 1.0*einsum('Ijb,bk,cj,kiac->Iia', g.ov, T1old, T1old, L2old)


Computing disconnected piece projecting onto single fermionic excitations...
LU11 += 1.0*einsum('I,ia->Iia', LS1old, F.ov)
LU11 += 1.0*einsum('J,I,Jia->Iia', S1old, LS1old, g.ov)
LU11 += -1.0*einsum('bj,I,jiab->Iia', T1old, LS1old, I.oovv)


Computing disconnected piece projecting onto single bosonic excitations...
LU11 += 1.0*einsum('I,ia->Iia', LS1old, F.ov)
LU11 += 1.0*einsum('J,I,Jia->Iia', S1old, LS1old, g.ov)
LU11 += -1.0*einsum('bj,I,jiab->Iia', T1old, LS1old, I.oovv)


****
